nohup: ignoring input

> detection-platform-frontend@1.0.0 dev
> vite


  VITE v4.5.14  ready in 550 ms

  ➜  Local:   http://localhost:3000/
  ➜  Network: http://103.246.246.4:3000/
  ➜  Network: http://172.18.0.1:3000/
DEPRECATION WARNING [legacy-js-api]: The legacy JS API is deprecated and will be removed in Dart Sass 2.0.0.

More info: https://sass-lang.com/d/legacy-js-api

DEPRECATION WARNING [legacy-js-api]: The legacy JS API is deprecated and will be removed in Dart Sass 2.0.0.

More info: https://sass-lang.com/d/legacy-js-api

[Proxy Request] GET /template/page?current=1&size=10 -> /template/page?current=1&size=10
[Proxy Response] 200 /template/page?current=1&size=10
[Proxy Request] GET /template/2 -> /template/2
[Proxy Response] 200 /template/2
[Proxy Request] GET /business/draft/list?pageNum=1&pageSize=100 -> /business/draft/list?pageNum=1&pageSize=100
[Proxy Request] GET /business/register/list?taskName=&pageNum=1&pageSize=10 -> /business/register/list?taskName=&pageNum=1&pageSize=10
[Proxy Request] GET /proxy/pool/list -> /proxy/pool/list
[Proxy Request] GET /business/register/template/list -> /business/register/template/list
[Proxy Response] 200 /business/register/template/list
[Proxy Response] 200 /business/register/list?taskName=&pageNum=1&pageSize=10
[Proxy Response] 500 /business/draft/list?pageNum=1&pageSize=100
[Proxy Response] 200 /proxy/pool/list
[Proxy Request] GET /business/register/list?taskName=&pageNum=1&pageSize=10 -> /business/register/list?taskName=&pageNum=1&pageSize=10
[Proxy Response] 200 /business/register/list?taskName=&pageNum=1&pageSize=10
[Proxy Request] GET /business/register/template/1 -> /business/register/template/1
[Proxy Response] 200 /business/register/template/1
[Proxy Request] GET /business/register/list?taskName=&pageNum=1&pageSize=10 -> /business/register/list?taskName=&pageNum=1&pageSize=10
[Proxy Response] 200 /business/register/list?taskName=&pageNum=1&pageSize=10
[Proxy Request] POST /business/register/create -> /business/register/create
[Proxy Response] 200 /business/register/create
[Proxy Request] GET /business/register/list?taskName=&pageNum=1&pageSize=10 -> /business/register/list?taskName=&pageNum=1&pageSize=10
[Proxy Response] 200 /business/register/list?taskName=&pageNum=1&pageSize=10
[Proxy Request] POST /business/register/start/14 -> /business/register/start/14
[Proxy Response] 200 /business/register/start/14
[Proxy Request] GET /business/register/list?taskName=&pageNum=1&pageSize=10 -> /business/register/list?taskName=&pageNum=1&pageSize=10
[Proxy Response] 200 /business/register/list?taskName=&pageNum=1&pageSize=10
[Proxy Request] GET /business/register/list?taskName=&pageNum=1&pageSize=10 -> /business/register/list?taskName=&pageNum=1&pageSize=10
[Proxy Response] 200 /business/register/list?taskName=&pageNum=1&pageSize=10
[Proxy Request] GET /business/register/list?taskName=&pageNum=1&pageSize=10 -> /business/register/list?taskName=&pageNum=1&pageSize=10
[Proxy Response] 200 /business/register/list?taskName=&pageNum=1&pageSize=10
[Proxy Request] GET /business/register/14 -> /business/register/14
[Proxy Response] 200 /business/register/14
[Proxy Request] GET /business/register/results/14 -> /business/register/results/14
[Proxy Response] 200 /business/register/results/14
[Proxy Request] GET /business/register/list?taskName=&pageNum=1&pageSize=10 -> /business/register/list?taskName=&pageNum=1&pageSize=10
[Proxy Response] 200 /business/register/list?taskName=&pageNum=1&pageSize=10
[Proxy Request] GET /business/register/list?taskName=&pageNum=1&pageSize=10 -> /business/register/list?taskName=&pageNum=1&pageSize=10
[Proxy Response] 200 /business/register/list?taskName=&pageNum=1&pageSize=10
[Proxy Request] GET /template/page?current=1&size=10 -> /template/page?current=1&size=10
[Proxy Response] 200 /template/page?current=1&size=10
[Proxy Request] POST /template/detect/probe -> /template/detect/probe
[Proxy Request] POST /template/detect/start -> /template/detect/start
[Proxy Response] 200 /template/detect/start
[Proxy Request] GET /template/detect/status/d6aacad4-399e-49a5-9f57-d9f9b17d9341 -> /template/detect/status/d6aacad4-399e-49a5-9f57-d9f9b17d9341
[Proxy Response] 200 /template/detect/status/d6aacad4-399e-49a5-9f57-d9f9b17d9341
[Proxy Request] GET /template/detect/status/d6aacad4-399e-49a5-9f57-d9f9b17d9341 -> /template/detect/status/d6aacad4-399e-49a5-9f57-d9f9b17d9341
[Proxy Response] 200 /template/detect/status/d6aacad4-399e-49a5-9f57-d9f9b17d9341
[Proxy Request] GET /template/detect/status/d6aacad4-399e-49a5-9f57-d9f9b17d9341 -> /template/detect/status/d6aacad4-399e-49a5-9f57-d9f9b17d9341
[Proxy Response] 200 /template/detect/status/d6aacad4-399e-49a5-9f57-d9f9b17d9341
[Proxy Response] 200 /template/detect/probe
[Proxy Request] GET /template/detect/status/d6aacad4-399e-49a5-9f57-d9f9b17d9341 -> /template/detect/status/d6aacad4-399e-49a5-9f57-d9f9b17d9341
[Proxy Response] 200 /template/detect/status/d6aacad4-399e-49a5-9f57-d9f9b17d9341
[Proxy Request] GET /template/detect/status/d6aacad4-399e-49a5-9f57-d9f9b17d9341 -> /template/detect/status/d6aacad4-399e-49a5-9f57-d9f9b17d9341
[Proxy Response] 200 /template/detect/status/d6aacad4-399e-49a5-9f57-d9f9b17d9341
[Proxy Request] GET /template/detect/status/d6aacad4-399e-49a5-9f57-d9f9b17d9341 -> /template/detect/status/d6aacad4-399e-49a5-9f57-d9f9b17d9341
[Proxy Response] 200 /template/detect/status/d6aacad4-399e-49a5-9f57-d9f9b17d9341
[Proxy Request] GET /template/detect/status/d6aacad4-399e-49a5-9f57-d9f9b17d9341 -> /template/detect/status/d6aacad4-399e-49a5-9f57-d9f9b17d9341
[Proxy Response] 200 /template/detect/status/d6aacad4-399e-49a5-9f57-d9f9b17d9341
[Proxy Request] GET /template/detect/status/d6aacad4-399e-49a5-9f57-d9f9b17d9341 -> /template/detect/status/d6aacad4-399e-49a5-9f57-d9f9b17d9341
[Proxy Response] 200 /template/detect/status/d6aacad4-399e-49a5-9f57-d9f9b17d9341
[Proxy Request] GET /template/detect/status/d6aacad4-399e-49a5-9f57-d9f9b17d9341 -> /template/detect/status/d6aacad4-399e-49a5-9f57-d9f9b17d9341
[Proxy Response] 200 /template/detect/status/d6aacad4-399e-49a5-9f57-d9f9b17d9341
[Proxy Request] GET /template/detect/status/d6aacad4-399e-49a5-9f57-d9f9b17d9341 -> /template/detect/status/d6aacad4-399e-49a5-9f57-d9f9b17d9341
[Proxy Response] 200 /template/detect/status/d6aacad4-399e-49a5-9f57-d9f9b17d9341
[Proxy Request] GET /template/detect/status/d6aacad4-399e-49a5-9f57-d9f9b17d9341 -> /template/detect/status/d6aacad4-399e-49a5-9f57-d9f9b17d9341
[Proxy Response] 200 /template/detect/status/d6aacad4-399e-49a5-9f57-d9f9b17d9341
[Proxy Request] GET /template/detect/status/d6aacad4-399e-49a5-9f57-d9f9b17d9341 -> /template/detect/status/d6aacad4-399e-49a5-9f57-d9f9b17d9341
[Proxy Response] 200 /template/detect/status/d6aacad4-399e-49a5-9f57-d9f9b17d9341
[Proxy Request] GET /template/detect/status/d6aacad4-399e-49a5-9f57-d9f9b17d9341 -> /template/detect/status/d6aacad4-399e-49a5-9f57-d9f9b17d9341
[Proxy Response] 200 /template/detect/status/d6aacad4-399e-49a5-9f57-d9f9b17d9341
[Proxy Request] GET /template/detect/status/d6aacad4-399e-49a5-9f57-d9f9b17d9341 -> /template/detect/status/d6aacad4-399e-49a5-9f57-d9f9b17d9341
[Proxy Response] 200 /template/detect/status/d6aacad4-399e-49a5-9f57-d9f9b17d9341
[Proxy Request] GET /template/detect/status/d6aacad4-399e-49a5-9f57-d9f9b17d9341 -> /template/detect/status/d6aacad4-399e-49a5-9f57-d9f9b17d9341
[Proxy Response] 200 /template/detect/status/d6aacad4-399e-49a5-9f57-d9f9b17d9341
[Proxy Request] GET /template/detect/status/d6aacad4-399e-49a5-9f57-d9f9b17d9341 -> /template/detect/status/d6aacad4-399e-49a5-9f57-d9f9b17d9341
[Proxy Response] 200 /template/detect/status/d6aacad4-399e-49a5-9f57-d9f9b17d9341
[Proxy Request] GET /template/detect/status/d6aacad4-399e-49a5-9f57-d9f9b17d9341 -> /template/detect/status/d6aacad4-399e-49a5-9f57-d9f9b17d9341
[Proxy Response] 200 /template/detect/status/d6aacad4-399e-49a5-9f57-d9f9b17d9341
[Proxy Request] GET /template/detect/status/d6aacad4-399e-49a5-9f57-d9f9b17d9341 -> /template/detect/status/d6aacad4-399e-49a5-9f57-d9f9b17d9341
[Proxy Response] 200 /template/detect/status/d6aacad4-399e-49a5-9f57-d9f9b17d9341
[Proxy Request] GET /template/detect/status/d6aacad4-399e-49a5-9f57-d9f9b17d9341 -> /template/detect/status/d6aacad4-399e-49a5-9f57-d9f9b17d9341
[Proxy Response] 200 /template/detect/status/d6aacad4-399e-49a5-9f57-d9f9b17d9341
[Proxy Request] GET /template/detect/status/d6aacad4-399e-49a5-9f57-d9f9b17d9341 -> /template/detect/status/d6aacad4-399e-49a5-9f57-d9f9b17d9341
[Proxy Response] 200 /template/detect/status/d6aacad4-399e-49a5-9f57-d9f9b17d9341
[Proxy Request] GET /template/detect/status/d6aacad4-399e-49a5-9f57-d9f9b17d9341 -> /template/detect/status/d6aacad4-399e-49a5-9f57-d9f9b17d9341
[Proxy Response] 200 /template/detect/status/d6aacad4-399e-49a5-9f57-d9f9b17d9341
[Proxy Request] GET /template/detect/status/d6aacad4-399e-49a5-9f57-d9f9b17d9341 -> /template/detect/status/d6aacad4-399e-49a5-9f57-d9f9b17d9341
[Proxy Response] 200 /template/detect/status/d6aacad4-399e-49a5-9f57-d9f9b17d9341
[Proxy Request] GET /template/detect/status/d6aacad4-399e-49a5-9f57-d9f9b17d9341 -> /template/detect/status/d6aacad4-399e-49a5-9f57-d9f9b17d9341
[Proxy Response] 200 /template/detect/status/d6aacad4-399e-49a5-9f57-d9f9b17d9341
[Proxy Request] GET /template/detect/status/d6aacad4-399e-49a5-9f57-d9f9b17d9341 -> /template/detect/status/d6aacad4-399e-49a5-9f57-d9f9b17d9341
[Proxy Response] 200 /template/detect/status/d6aacad4-399e-49a5-9f57-d9f9b17d9341
[Proxy Request] GET /template/detect/status/d6aacad4-399e-49a5-9f57-d9f9b17d9341 -> /template/detect/status/d6aacad4-399e-49a5-9f57-d9f9b17d9341
[Proxy Response] 200 /template/detect/status/d6aacad4-399e-49a5-9f57-d9f9b17d9341
[Proxy Request] GET /template/detect/status/d6aacad4-399e-49a5-9f57-d9f9b17d9341 -> /template/detect/status/d6aacad4-399e-49a5-9f57-d9f9b17d9341
[Proxy Response] 200 /template/detect/status/d6aacad4-399e-49a5-9f57-d9f9b17d9341
[Proxy Request] GET /template/detect/status/d6aacad4-399e-49a5-9f57-d9f9b17d9341 -> /template/detect/status/d6aacad4-399e-49a5-9f57-d9f9b17d9341
[Proxy Response] 200 /template/detect/status/d6aacad4-399e-49a5-9f57-d9f9b17d9341
[Proxy Request] GET /template/detect/status/d6aacad4-399e-49a5-9f57-d9f9b17d9341 -> /template/detect/status/d6aacad4-399e-49a5-9f57-d9f9b17d9341
[Proxy Response] 200 /template/detect/status/d6aacad4-399e-49a5-9f57-d9f9b17d9341
[Proxy Request] GET /template/detect/status/d6aacad4-399e-49a5-9f57-d9f9b17d9341 -> /template/detect/status/d6aacad4-399e-49a5-9f57-d9f9b17d9341
[Proxy Response] 200 /template/detect/status/d6aacad4-399e-49a5-9f57-d9f9b17d9341
[Proxy Request] GET /template/detect/status/d6aacad4-399e-49a5-9f57-d9f9b17d9341 -> /template/detect/status/d6aacad4-399e-49a5-9f57-d9f9b17d9341
[Proxy Response] 200 /template/detect/status/d6aacad4-399e-49a5-9f57-d9f9b17d9341
[Proxy Request] GET /template/detect/status/d6aacad4-399e-49a5-9f57-d9f9b17d9341 -> /template/detect/status/d6aacad4-399e-49a5-9f57-d9f9b17d9341
[Proxy Response] 200 /template/detect/status/d6aacad4-399e-49a5-9f57-d9f9b17d9341
[Proxy Request] GET /template/detect/status/d6aacad4-399e-49a5-9f57-d9f9b17d9341 -> /template/detect/status/d6aacad4-399e-49a5-9f57-d9f9b17d9341
[Proxy Response] 200 /template/detect/status/d6aacad4-399e-49a5-9f57-d9f9b17d9341
[Proxy Request] GET /template/detect/status/d6aacad4-399e-49a5-9f57-d9f9b17d9341 -> /template/detect/status/d6aacad4-399e-49a5-9f57-d9f9b17d9341
[Proxy Response] 200 /template/detect/status/d6aacad4-399e-49a5-9f57-d9f9b17d9341
[Proxy Request] GET /template/detect/status/d6aacad4-399e-49a5-9f57-d9f9b17d9341 -> /template/detect/status/d6aacad4-399e-49a5-9f57-d9f9b17d9341
[Proxy Response] 200 /template/detect/status/d6aacad4-399e-49a5-9f57-d9f9b17d9341
[Proxy Request] GET /template/detect/status/d6aacad4-399e-49a5-9f57-d9f9b17d9341 -> /template/detect/status/d6aacad4-399e-49a5-9f57-d9f9b17d9341
[Proxy Response] 200 /template/detect/status/d6aacad4-399e-49a5-9f57-d9f9b17d9341
[Proxy Request] GET /template/detect/status/d6aacad4-399e-49a5-9f57-d9f9b17d9341 -> /template/detect/status/d6aacad4-399e-49a5-9f57-d9f9b17d9341
[Proxy Response] 200 /template/detect/status/d6aacad4-399e-49a5-9f57-d9f9b17d9341
[Proxy Request] GET /template/detect/status/d6aacad4-399e-49a5-9f57-d9f9b17d9341 -> /template/detect/status/d6aacad4-399e-49a5-9f57-d9f9b17d9341
[Proxy Response] 200 /template/detect/status/d6aacad4-399e-49a5-9f57-d9f9b17d9341
[Proxy Request] GET /template/detect/status/d6aacad4-399e-49a5-9f57-d9f9b17d9341 -> /template/detect/status/d6aacad4-399e-49a5-9f57-d9f9b17d9341
[Proxy Response] 200 /template/detect/status/d6aacad4-399e-49a5-9f57-d9f9b17d9341
[Proxy Request] GET /template/detect/status/d6aacad4-399e-49a5-9f57-d9f9b17d9341 -> /template/detect/status/d6aacad4-399e-49a5-9f57-d9f9b17d9341
[Proxy Response] 200 /template/detect/status/d6aacad4-399e-49a5-9f57-d9f9b17d9341
[Proxy Request] GET /template/detect/status/d6aacad4-399e-49a5-9f57-d9f9b17d9341 -> /template/detect/status/d6aacad4-399e-49a5-9f57-d9f9b17d9341
[Proxy Response] 200 /template/detect/status/d6aacad4-399e-49a5-9f57-d9f9b17d9341
[Proxy Request] GET /template/detect/status/d6aacad4-399e-49a5-9f57-d9f9b17d9341 -> /template/detect/status/d6aacad4-399e-49a5-9f57-d9f9b17d9341
[Proxy Response] 200 /template/detect/status/d6aacad4-399e-49a5-9f57-d9f9b17d9341
[Proxy Request] GET /template/detect/status/d6aacad4-399e-49a5-9f57-d9f9b17d9341 -> /template/detect/status/d6aacad4-399e-49a5-9f57-d9f9b17d9341
[Proxy Response] 200 /template/detect/status/d6aacad4-399e-49a5-9f57-d9f9b17d9341
[Proxy Request] GET /template/detect/status/d6aacad4-399e-49a5-9f57-d9f9b17d9341 -> /template/detect/status/d6aacad4-399e-49a5-9f57-d9f9b17d9341
[Proxy Response] 200 /template/detect/status/d6aacad4-399e-49a5-9f57-d9f9b17d9341
[Proxy Request] GET /template/detect/status/d6aacad4-399e-49a5-9f57-d9f9b17d9341 -> /template/detect/status/d6aacad4-399e-49a5-9f57-d9f9b17d9341
[Proxy Response] 200 /template/detect/status/d6aacad4-399e-49a5-9f57-d9f9b17d9341
[Proxy Request] GET /template/detect/status/d6aacad4-399e-49a5-9f57-d9f9b17d9341 -> /template/detect/status/d6aacad4-399e-49a5-9f57-d9f9b17d9341
[Proxy Response] 200 /template/detect/status/d6aacad4-399e-49a5-9f57-d9f9b17d9341
[Proxy Request] GET /template/detect/status/d6aacad4-399e-49a5-9f57-d9f9b17d9341 -> /template/detect/status/d6aacad4-399e-49a5-9f57-d9f9b17d9341
[Proxy Response] 200 /template/detect/status/d6aacad4-399e-49a5-9f57-d9f9b17d9341
[Proxy Request] GET /template/detect/status/d6aacad4-399e-49a5-9f57-d9f9b17d9341 -> /template/detect/status/d6aacad4-399e-49a5-9f57-d9f9b17d9341
[Proxy Response] 200 /template/detect/status/d6aacad4-399e-49a5-9f57-d9f9b17d9341
[Proxy Request] GET /template/detect/status/d6aacad4-399e-49a5-9f57-d9f9b17d9341 -> /template/detect/status/d6aacad4-399e-49a5-9f57-d9f9b17d9341
[Proxy Response] 200 /template/detect/status/d6aacad4-399e-49a5-9f57-d9f9b17d9341
[Proxy Request] GET /template/detect/status/d6aacad4-399e-49a5-9f57-d9f9b17d9341 -> /template/detect/status/d6aacad4-399e-49a5-9f57-d9f9b17d9341
[Proxy Response] 200 /template/detect/status/d6aacad4-399e-49a5-9f57-d9f9b17d9341
[Proxy Request] GET /template/detect/status/d6aacad4-399e-49a5-9f57-d9f9b17d9341 -> /template/detect/status/d6aacad4-399e-49a5-9f57-d9f9b17d9341
[Proxy Response] 200 /template/detect/status/d6aacad4-399e-49a5-9f57-d9f9b17d9341
[Proxy Request] GET /template/detect/status/d6aacad4-399e-49a5-9f57-d9f9b17d9341 -> /template/detect/status/d6aacad4-399e-49a5-9f57-d9f9b17d9341
[Proxy Response] 200 /template/detect/status/d6aacad4-399e-49a5-9f57-d9f9b17d9341
[Proxy Request] GET /template/detect/status/d6aacad4-399e-49a5-9f57-d9f9b17d9341 -> /template/detect/status/d6aacad4-399e-49a5-9f57-d9f9b17d9341
[Proxy Response] 200 /template/detect/status/d6aacad4-399e-49a5-9f57-d9f9b17d9341
[Proxy Request] GET /template/detect/status/d6aacad4-399e-49a5-9f57-d9f9b17d9341 -> /template/detect/status/d6aacad4-399e-49a5-9f57-d9f9b17d9341
[Proxy Response] 200 /template/detect/status/d6aacad4-399e-49a5-9f57-d9f9b17d9341
[Proxy Request] GET /template/detect/status/d6aacad4-399e-49a5-9f57-d9f9b17d9341 -> /template/detect/status/d6aacad4-399e-49a5-9f57-d9f9b17d9341
[Proxy Response] 200 /template/detect/status/d6aacad4-399e-49a5-9f57-d9f9b17d9341
[Proxy Request] GET /template/detect/status/d6aacad4-399e-49a5-9f57-d9f9b17d9341 -> /template/detect/status/d6aacad4-399e-49a5-9f57-d9f9b17d9341
[Proxy Response] 200 /template/detect/status/d6aacad4-399e-49a5-9f57-d9f9b17d9341
[Proxy Request] GET /template/detect/status/d6aacad4-399e-49a5-9f57-d9f9b17d9341 -> /template/detect/status/d6aacad4-399e-49a5-9f57-d9f9b17d9341
[Proxy Response] 200 /template/detect/status/d6aacad4-399e-49a5-9f57-d9f9b17d9341
[Proxy Request] GET /template/detect/status/d6aacad4-399e-49a5-9f57-d9f9b17d9341 -> /template/detect/status/d6aacad4-399e-49a5-9f57-d9f9b17d9341
[Proxy Response] 200 /template/detect/status/d6aacad4-399e-49a5-9f57-d9f9b17d9341
[Proxy Request] GET /template/detect/status/d6aacad4-399e-49a5-9f57-d9f9b17d9341 -> /template/detect/status/d6aacad4-399e-49a5-9f57-d9f9b17d9341
[Proxy Response] 200 /template/detect/status/d6aacad4-399e-49a5-9f57-d9f9b17d9341
[Proxy Request] GET /template/detect/status/d6aacad4-399e-49a5-9f57-d9f9b17d9341 -> /template/detect/status/d6aacad4-399e-49a5-9f57-d9f9b17d9341
[Proxy Response] 200 /template/detect/status/d6aacad4-399e-49a5-9f57-d9f9b17d9341
[Proxy Request] GET /template/detect/status/d6aacad4-399e-49a5-9f57-d9f9b17d9341 -> /template/detect/status/d6aacad4-399e-49a5-9f57-d9f9b17d9341
[Proxy Response] 200 /template/detect/status/d6aacad4-399e-49a5-9f57-d9f9b17d9341
[Proxy Request] GET /template/detect/status/d6aacad4-399e-49a5-9f57-d9f9b17d9341 -> /template/detect/status/d6aacad4-399e-49a5-9f57-d9f9b17d9341
[Proxy Response] 200 /template/detect/status/d6aacad4-399e-49a5-9f57-d9f9b17d9341
[Proxy Request] GET /template/detect/status/d6aacad4-399e-49a5-9f57-d9f9b17d9341 -> /template/detect/status/d6aacad4-399e-49a5-9f57-d9f9b17d9341
[Proxy Response] 200 /template/detect/status/d6aacad4-399e-49a5-9f57-d9f9b17d9341
[Proxy Request] GET /template/detect/status/d6aacad4-399e-49a5-9f57-d9f9b17d9341 -> /template/detect/status/d6aacad4-399e-49a5-9f57-d9f9b17d9341
[Proxy Response] 200 /template/detect/status/d6aacad4-399e-49a5-9f57-d9f9b17d9341
[Proxy Request] GET /template/detect/status/d6aacad4-399e-49a5-9f57-d9f9b17d9341 -> /template/detect/status/d6aacad4-399e-49a5-9f57-d9f9b17d9341
[Proxy Response] 200 /template/detect/status/d6aacad4-399e-49a5-9f57-d9f9b17d9341
[Proxy Request] GET /template/detect/status/d6aacad4-399e-49a5-9f57-d9f9b17d9341 -> /template/detect/status/d6aacad4-399e-49a5-9f57-d9f9b17d9341
[Proxy Response] 200 /template/detect/status/d6aacad4-399e-49a5-9f57-d9f9b17d9341
[Proxy Request] GET /template/detect/status/d6aacad4-399e-49a5-9f57-d9f9b17d9341 -> /template/detect/status/d6aacad4-399e-49a5-9f57-d9f9b17d9341
[Proxy Response] 200 /template/detect/status/d6aacad4-399e-49a5-9f57-d9f9b17d9341
[Proxy Request] GET /template/detect/status/d6aacad4-399e-49a5-9f57-d9f9b17d9341 -> /template/detect/status/d6aacad4-399e-49a5-9f57-d9f9b17d9341
[Proxy Response] 200 /template/detect/status/d6aacad4-399e-49a5-9f57-d9f9b17d9341
[Proxy Request] GET /template/detect/status/d6aacad4-399e-49a5-9f57-d9f9b17d9341 -> /template/detect/status/d6aacad4-399e-49a5-9f57-d9f9b17d9341
[Proxy Response] 200 /template/detect/status/d6aacad4-399e-49a5-9f57-d9f9b17d9341
[Proxy Request] GET /template/detect/status/d6aacad4-399e-49a5-9f57-d9f9b17d9341 -> /template/detect/status/d6aacad4-399e-49a5-9f57-d9f9b17d9341
[Proxy Response] 200 /template/detect/status/d6aacad4-399e-49a5-9f57-d9f9b17d9341
[Proxy Request] GET /template/detect/status/d6aacad4-399e-49a5-9f57-d9f9b17d9341 -> /template/detect/status/d6aacad4-399e-49a5-9f57-d9f9b17d9341
[Proxy Response] 200 /template/detect/status/d6aacad4-399e-49a5-9f57-d9f9b17d9341
[Proxy Request] GET /template/detect/status/d6aacad4-399e-49a5-9f57-d9f9b17d9341 -> /template/detect/status/d6aacad4-399e-49a5-9f57-d9f9b17d9341
[Proxy Response] 200 /template/detect/status/d6aacad4-399e-49a5-9f57-d9f9b17d9341
[Proxy Request] GET /template/detect/status/d6aacad4-399e-49a5-9f57-d9f9b17d9341 -> /template/detect/status/d6aacad4-399e-49a5-9f57-d9f9b17d9341
[Proxy Response] 200 /template/detect/status/d6aacad4-399e-49a5-9f57-d9f9b17d9341
[Proxy Request] GET /template/detect/status/d6aacad4-399e-49a5-9f57-d9f9b17d9341 -> /template/detect/status/d6aacad4-399e-49a5-9f57-d9f9b17d9341
[Proxy Response] 200 /template/detect/status/d6aacad4-399e-49a5-9f57-d9f9b17d9341
[Proxy Request] GET /template/detect/status/d6aacad4-399e-49a5-9f57-d9f9b17d9341 -> /template/detect/status/d6aacad4-399e-49a5-9f57-d9f9b17d9341
[Proxy Response] 200 /template/detect/status/d6aacad4-399e-49a5-9f57-d9f9b17d9341
[Proxy Request] GET /template/detect/status/d6aacad4-399e-49a5-9f57-d9f9b17d9341 -> /template/detect/status/d6aacad4-399e-49a5-9f57-d9f9b17d9341
[Proxy Response] 200 /template/detect/status/d6aacad4-399e-49a5-9f57-d9f9b17d9341
[Proxy Request] GET /template/detect/status/d6aacad4-399e-49a5-9f57-d9f9b17d9341 -> /template/detect/status/d6aacad4-399e-49a5-9f57-d9f9b17d9341
[Proxy Response] 200 /template/detect/status/d6aacad4-399e-49a5-9f57-d9f9b17d9341
[Proxy Request] GET /template/detect/status/d6aacad4-399e-49a5-9f57-d9f9b17d9341 -> /template/detect/status/d6aacad4-399e-49a5-9f57-d9f9b17d9341
[Proxy Response] 200 /template/detect/status/d6aacad4-399e-49a5-9f57-d9f9b17d9341
[Proxy Request] GET /template/detect/status/d6aacad4-399e-49a5-9f57-d9f9b17d9341 -> /template/detect/status/d6aacad4-399e-49a5-9f57-d9f9b17d9341
[Proxy Response] 200 /template/detect/status/d6aacad4-399e-49a5-9f57-d9f9b17d9341
[Proxy Request] GET /template/detect/status/d6aacad4-399e-49a5-9f57-d9f9b17d9341 -> /template/detect/status/d6aacad4-399e-49a5-9f57-d9f9b17d9341
[Proxy Response] 200 /template/detect/status/d6aacad4-399e-49a5-9f57-d9f9b17d9341
[Proxy Request] GET /template/detect/status/d6aacad4-399e-49a5-9f57-d9f9b17d9341 -> /template/detect/status/d6aacad4-399e-49a5-9f57-d9f9b17d9341
[Proxy Response] 200 /template/detect/status/d6aacad4-399e-49a5-9f57-d9f9b17d9341
[Proxy Request] GET /template/detect/status/d6aacad4-399e-49a5-9f57-d9f9b17d9341 -> /template/detect/status/d6aacad4-399e-49a5-9f57-d9f9b17d9341
[Proxy Response] 200 /template/detect/status/d6aacad4-399e-49a5-9f57-d9f9b17d9341
[Proxy Request] GET /template/detect/status/d6aacad4-399e-49a5-9f57-d9f9b17d9341 -> /template/detect/status/d6aacad4-399e-49a5-9f57-d9f9b17d9341
[Proxy Response] 200 /template/detect/status/d6aacad4-399e-49a5-9f57-d9f9b17d9341
[Proxy Request] GET /template/detect/status/d6aacad4-399e-49a5-9f57-d9f9b17d9341 -> /template/detect/status/d6aacad4-399e-49a5-9f57-d9f9b17d9341
[Proxy Response] 200 /template/detect/status/d6aacad4-399e-49a5-9f57-d9f9b17d9341
[Proxy Request] GET /template/detect/status/d6aacad4-399e-49a5-9f57-d9f9b17d9341 -> /template/detect/status/d6aacad4-399e-49a5-9f57-d9f9b17d9341
[Proxy Response] 200 /template/detect/status/d6aacad4-399e-49a5-9f57-d9f9b17d9341
[Proxy Request] GET /template/detect/status/d6aacad4-399e-49a5-9f57-d9f9b17d9341 -> /template/detect/status/d6aacad4-399e-49a5-9f57-d9f9b17d9341
[Proxy Response] 200 /template/detect/status/d6aacad4-399e-49a5-9f57-d9f9b17d9341
[Proxy Request] GET /template/detect/status/d6aacad4-399e-49a5-9f57-d9f9b17d9341 -> /template/detect/status/d6aacad4-399e-49a5-9f57-d9f9b17d9341
[Proxy Response] 200 /template/detect/status/d6aacad4-399e-49a5-9f57-d9f9b17d9341
[Proxy Request] GET /template/detect/status/d6aacad4-399e-49a5-9f57-d9f9b17d9341 -> /template/detect/status/d6aacad4-399e-49a5-9f57-d9f9b17d9341
[Proxy Response] 200 /template/detect/status/d6aacad4-399e-49a5-9f57-d9f9b17d9341
[Proxy Request] GET /template/detect/status/d6aacad4-399e-49a5-9f57-d9f9b17d9341 -> /template/detect/status/d6aacad4-399e-49a5-9f57-d9f9b17d9341
[Proxy Response] 200 /template/detect/status/d6aacad4-399e-49a5-9f57-d9f9b17d9341
[Proxy Request] GET /template/detect/status/d6aacad4-399e-49a5-9f57-d9f9b17d9341 -> /template/detect/status/d6aacad4-399e-49a5-9f57-d9f9b17d9341
[Proxy Response] 200 /template/detect/status/d6aacad4-399e-49a5-9f57-d9f9b17d9341
[Proxy Request] GET /template/detect/status/d6aacad4-399e-49a5-9f57-d9f9b17d9341 -> /template/detect/status/d6aacad4-399e-49a5-9f57-d9f9b17d9341
[Proxy Response] 200 /template/detect/status/d6aacad4-399e-49a5-9f57-d9f9b17d9341
[Proxy Request] GET /template/detect/status/d6aacad4-399e-49a5-9f57-d9f9b17d9341 -> /template/detect/status/d6aacad4-399e-49a5-9f57-d9f9b17d9341
[Proxy Response] 200 /template/detect/status/d6aacad4-399e-49a5-9f57-d9f9b17d9341
[Proxy Request] GET /template/detect/status/d6aacad4-399e-49a5-9f57-d9f9b17d9341 -> /template/detect/status/d6aacad4-399e-49a5-9f57-d9f9b17d9341
[Proxy Response] 200 /template/detect/status/d6aacad4-399e-49a5-9f57-d9f9b17d9341
[Proxy Request] GET /template/detect/status/d6aacad4-399e-49a5-9f57-d9f9b17d9341 -> /template/detect/status/d6aacad4-399e-49a5-9f57-d9f9b17d9341
[Proxy Response] 200 /template/detect/status/d6aacad4-399e-49a5-9f57-d9f9b17d9341
[Proxy Request] GET /template/detect/status/d6aacad4-399e-49a5-9f57-d9f9b17d9341 -> /template/detect/status/d6aacad4-399e-49a5-9f57-d9f9b17d9341
[Proxy Response] 200 /template/detect/status/d6aacad4-399e-49a5-9f57-d9f9b17d9341
[Proxy Request] GET /template/detect/status/d6aacad4-399e-49a5-9f57-d9f9b17d9341 -> /template/detect/status/d6aacad4-399e-49a5-9f57-d9f9b17d9341
[Proxy Response] 200 /template/detect/status/d6aacad4-399e-49a5-9f57-d9f9b17d9341
[Proxy Request] GET /template/detect/status/d6aacad4-399e-49a5-9f57-d9f9b17d9341 -> /template/detect/status/d6aacad4-399e-49a5-9f57-d9f9b17d9341
[Proxy Response] 200 /template/detect/status/d6aacad4-399e-49a5-9f57-d9f9b17d9341
[Proxy Request] GET /template/detect/status/d6aacad4-399e-49a5-9f57-d9f9b17d9341 -> /template/detect/status/d6aacad4-399e-49a5-9f57-d9f9b17d9341
[Proxy Response] 200 /template/detect/status/d6aacad4-399e-49a5-9f57-d9f9b17d9341
[Proxy Request] GET /template/detect/status/d6aacad4-399e-49a5-9f57-d9f9b17d9341 -> /template/detect/status/d6aacad4-399e-49a5-9f57-d9f9b17d9341
[Proxy Response] 200 /template/detect/status/d6aacad4-399e-49a5-9f57-d9f9b17d9341
[Proxy Request] GET /template/detect/status/d6aacad4-399e-49a5-9f57-d9f9b17d9341 -> /template/detect/status/d6aacad4-399e-49a5-9f57-d9f9b17d9341
[Proxy Response] 200 /template/detect/status/d6aacad4-399e-49a5-9f57-d9f9b17d9341
[Proxy Request] GET /template/detect/status/d6aacad4-399e-49a5-9f57-d9f9b17d9341 -> /template/detect/status/d6aacad4-399e-49a5-9f57-d9f9b17d9341
[Proxy Response] 200 /template/detect/status/d6aacad4-399e-49a5-9f57-d9f9b17d9341
[Proxy Request] GET /template/detect/status/d6aacad4-399e-49a5-9f57-d9f9b17d9341 -> /template/detect/status/d6aacad4-399e-49a5-9f57-d9f9b17d9341
[Proxy Response] 200 /template/detect/status/d6aacad4-399e-49a5-9f57-d9f9b17d9341
[Proxy Request] GET /template/detect/status/d6aacad4-399e-49a5-9f57-d9f9b17d9341 -> /template/detect/status/d6aacad4-399e-49a5-9f57-d9f9b17d9341
[Proxy Response] 200 /template/detect/status/d6aacad4-399e-49a5-9f57-d9f9b17d9341
[Proxy Request] GET /template/detect/status/d6aacad4-399e-49a5-9f57-d9f9b17d9341 -> /template/detect/status/d6aacad4-399e-49a5-9f57-d9f9b17d9341
[Proxy Response] 200 /template/detect/status/d6aacad4-399e-49a5-9f57-d9f9b17d9341
[Proxy Request] GET /template/detect/status/d6aacad4-399e-49a5-9f57-d9f9b17d9341 -> /template/detect/status/d6aacad4-399e-49a5-9f57-d9f9b17d9341
[Proxy Response] 200 /template/detect/status/d6aacad4-399e-49a5-9f57-d9f9b17d9341
[Proxy Request] GET /template/detect/status/d6aacad4-399e-49a5-9f57-d9f9b17d9341 -> /template/detect/status/d6aacad4-399e-49a5-9f57-d9f9b17d9341
[Proxy Response] 200 /template/detect/status/d6aacad4-399e-49a5-9f57-d9f9b17d9341
[Proxy Request] GET /template/detect/status/d6aacad4-399e-49a5-9f57-d9f9b17d9341 -> /template/detect/status/d6aacad4-399e-49a5-9f57-d9f9b17d9341
[Proxy Response] 200 /template/detect/status/d6aacad4-399e-49a5-9f57-d9f9b17d9341
[Proxy Request] GET /template/detect/status/d6aacad4-399e-49a5-9f57-d9f9b17d9341 -> /template/detect/status/d6aacad4-399e-49a5-9f57-d9f9b17d9341
[Proxy Response] 200 /template/detect/status/d6aacad4-399e-49a5-9f57-d9f9b17d9341
[Proxy Request] GET /template/detect/status/d6aacad4-399e-49a5-9f57-d9f9b17d9341 -> /template/detect/status/d6aacad4-399e-49a5-9f57-d9f9b17d9341
[Proxy Response] 200 /template/detect/status/d6aacad4-399e-49a5-9f57-d9f9b17d9341
[Proxy Request] GET /template/detect/status/d6aacad4-399e-49a5-9f57-d9f9b17d9341 -> /template/detect/status/d6aacad4-399e-49a5-9f57-d9f9b17d9341
[Proxy Response] 200 /template/detect/status/d6aacad4-399e-49a5-9f57-d9f9b17d9341
[Proxy Request] GET /template/detect/status/d6aacad4-399e-49a5-9f57-d9f9b17d9341 -> /template/detect/status/d6aacad4-399e-49a5-9f57-d9f9b17d9341
[Proxy Response] 200 /template/detect/status/d6aacad4-399e-49a5-9f57-d9f9b17d9341
[Proxy Request] GET /template/detect/status/d6aacad4-399e-49a5-9f57-d9f9b17d9341 -> /template/detect/status/d6aacad4-399e-49a5-9f57-d9f9b17d9341
[Proxy Response] 200 /template/detect/status/d6aacad4-399e-49a5-9f57-d9f9b17d9341
[Proxy Request] GET /template/detect/status/d6aacad4-399e-49a5-9f57-d9f9b17d9341 -> /template/detect/status/d6aacad4-399e-49a5-9f57-d9f9b17d9341
[Proxy Response] 200 /template/detect/status/d6aacad4-399e-49a5-9f57-d9f9b17d9341
[Proxy Request] GET /template/detect/status/d6aacad4-399e-49a5-9f57-d9f9b17d9341 -> /template/detect/status/d6aacad4-399e-49a5-9f57-d9f9b17d9341
[Proxy Response] 200 /template/detect/status/d6aacad4-399e-49a5-9f57-d9f9b17d9341
[Proxy Request] GET /template/detect/status/d6aacad4-399e-49a5-9f57-d9f9b17d9341 -> /template/detect/status/d6aacad4-399e-49a5-9f57-d9f9b17d9341
[Proxy Response] 200 /template/detect/status/d6aacad4-399e-49a5-9f57-d9f9b17d9341
[Proxy Request] GET /template/detect/status/d6aacad4-399e-49a5-9f57-d9f9b17d9341 -> /template/detect/status/d6aacad4-399e-49a5-9f57-d9f9b17d9341
[Proxy Response] 200 /template/detect/status/d6aacad4-399e-49a5-9f57-d9f9b17d9341
[Proxy Request] GET /template/detect/status/d6aacad4-399e-49a5-9f57-d9f9b17d9341 -> /template/detect/status/d6aacad4-399e-49a5-9f57-d9f9b17d9341
[Proxy Response] 200 /template/detect/status/d6aacad4-399e-49a5-9f57-d9f9b17d9341
[Proxy Request] GET /template/detect/status/d6aacad4-399e-49a5-9f57-d9f9b17d9341 -> /template/detect/status/d6aacad4-399e-49a5-9f57-d9f9b17d9341
[Proxy Response] 200 /template/detect/status/d6aacad4-399e-49a5-9f57-d9f9b17d9341
[Proxy Request] GET /template/detect/status/d6aacad4-399e-49a5-9f57-d9f9b17d9341 -> /template/detect/status/d6aacad4-399e-49a5-9f57-d9f9b17d9341
[Proxy Response] 200 /template/detect/status/d6aacad4-399e-49a5-9f57-d9f9b17d9341
[Proxy Request] GET /template/detect/status/d6aacad4-399e-49a5-9f57-d9f9b17d9341 -> /template/detect/status/d6aacad4-399e-49a5-9f57-d9f9b17d9341
[Proxy Response] 200 /template/detect/status/d6aacad4-399e-49a5-9f57-d9f9b17d9341
[Proxy Request] GET /template/detect/status/d6aacad4-399e-49a5-9f57-d9f9b17d9341 -> /template/detect/status/d6aacad4-399e-49a5-9f57-d9f9b17d9341
[Proxy Response] 200 /template/detect/status/d6aacad4-399e-49a5-9f57-d9f9b17d9341
[Proxy Request] GET /template/detect/status/d6aacad4-399e-49a5-9f57-d9f9b17d9341 -> /template/detect/status/d6aacad4-399e-49a5-9f57-d9f9b17d9341
[Proxy Response] 200 /template/detect/status/d6aacad4-399e-49a5-9f57-d9f9b17d9341
[Proxy Request] GET /template/detect/status/d6aacad4-399e-49a5-9f57-d9f9b17d9341 -> /template/detect/status/d6aacad4-399e-49a5-9f57-d9f9b17d9341
[Proxy Response] 200 /template/detect/status/d6aacad4-399e-49a5-9f57-d9f9b17d9341
[Proxy Request] GET /template/detect/status/d6aacad4-399e-49a5-9f57-d9f9b17d9341 -> /template/detect/status/d6aacad4-399e-49a5-9f57-d9f9b17d9341
[Proxy Response] 200 /template/detect/status/d6aacad4-399e-49a5-9f57-d9f9b17d9341
[Proxy Request] GET /template/detect/status/d6aacad4-399e-49a5-9f57-d9f9b17d9341 -> /template/detect/status/d6aacad4-399e-49a5-9f57-d9f9b17d9341
[Proxy Response] 200 /template/detect/status/d6aacad4-399e-49a5-9f57-d9f9b17d9341
[Proxy Request] GET /template/detect/status/d6aacad4-399e-49a5-9f57-d9f9b17d9341 -> /template/detect/status/d6aacad4-399e-49a5-9f57-d9f9b17d9341
[Proxy Response] 200 /template/detect/status/d6aacad4-399e-49a5-9f57-d9f9b17d9341
[Proxy Request] GET /template/detect/status/d6aacad4-399e-49a5-9f57-d9f9b17d9341 -> /template/detect/status/d6aacad4-399e-49a5-9f57-d9f9b17d9341
[Proxy Response] 200 /template/detect/status/d6aacad4-399e-49a5-9f57-d9f9b17d9341
[Proxy Request] GET /template/detect/status/d6aacad4-399e-49a5-9f57-d9f9b17d9341 -> /template/detect/status/d6aacad4-399e-49a5-9f57-d9f9b17d9341
[Proxy Response] 200 /template/detect/status/d6aacad4-399e-49a5-9f57-d9f9b17d9341
[Proxy Request] GET /template/detect/status/d6aacad4-399e-49a5-9f57-d9f9b17d9341 -> /template/detect/status/d6aacad4-399e-49a5-9f57-d9f9b17d9341
[Proxy Response] 200 /template/detect/status/d6aacad4-399e-49a5-9f57-d9f9b17d9341
[Proxy Request] GET /template/detect/status/d6aacad4-399e-49a5-9f57-d9f9b17d9341 -> /template/detect/status/d6aacad4-399e-49a5-9f57-d9f9b17d9341
[Proxy Response] 200 /template/detect/status/d6aacad4-399e-49a5-9f57-d9f9b17d9341
[Proxy Request] GET /template/detect/status/d6aacad4-399e-49a5-9f57-d9f9b17d9341 -> /template/detect/status/d6aacad4-399e-49a5-9f57-d9f9b17d9341
[Proxy Response] 200 /template/detect/status/d6aacad4-399e-49a5-9f57-d9f9b17d9341
[Proxy Request] GET /template/detect/status/d6aacad4-399e-49a5-9f57-d9f9b17d9341 -> /template/detect/status/d6aacad4-399e-49a5-9f57-d9f9b17d9341
[Proxy Response] 200 /template/detect/status/d6aacad4-399e-49a5-9f57-d9f9b17d9341
[Proxy Request] GET /template/detect/status/d6aacad4-399e-49a5-9f57-d9f9b17d9341 -> /template/detect/status/d6aacad4-399e-49a5-9f57-d9f9b17d9341
[Proxy Response] 200 /template/detect/status/d6aacad4-399e-49a5-9f57-d9f9b17d9341
[Proxy Request] GET /template/detect/status/d6aacad4-399e-49a5-9f57-d9f9b17d9341 -> /template/detect/status/d6aacad4-399e-49a5-9f57-d9f9b17d9341
[Proxy Response] 200 /template/detect/status/d6aacad4-399e-49a5-9f57-d9f9b17d9341
[Proxy Request] GET /template/detect/status/d6aacad4-399e-49a5-9f57-d9f9b17d9341 -> /template/detect/status/d6aacad4-399e-49a5-9f57-d9f9b17d9341
[Proxy Response] 200 /template/detect/status/d6aacad4-399e-49a5-9f57-d9f9b17d9341
7:57:55 AM [vite] hmr update /src/views/business/Template.vue
[Proxy Request] GET /template/detect/status/d6aacad4-399e-49a5-9f57-d9f9b17d9341 -> /template/detect/status/d6aacad4-399e-49a5-9f57-d9f9b17d9341
[Proxy Response] 200 /template/detect/status/d6aacad4-399e-49a5-9f57-d9f9b17d9341
[Proxy Request] GET /template/page?current=1&size=10 -> /template/page?current=1&size=10
[Proxy Response] 200 /template/page?current=1&size=10
[Proxy Request] GET /template/detect/status/d6aacad4-399e-49a5-9f57-d9f9b17d9341 -> /template/detect/status/d6aacad4-399e-49a5-9f57-d9f9b17d9341
[Proxy Response] 200 /template/detect/status/d6aacad4-399e-49a5-9f57-d9f9b17d9341
[Proxy Request] GET /template/detect/status/d6aacad4-399e-49a5-9f57-d9f9b17d9341 -> /template/detect/status/d6aacad4-399e-49a5-9f57-d9f9b17d9341
[Proxy Response] 200 /template/detect/status/d6aacad4-399e-49a5-9f57-d9f9b17d9341
[Proxy Request] GET /template/detect/status/d6aacad4-399e-49a5-9f57-d9f9b17d9341 -> /template/detect/status/d6aacad4-399e-49a5-9f57-d9f9b17d9341
[Proxy Response] 200 /template/detect/status/d6aacad4-399e-49a5-9f57-d9f9b17d9341
[Proxy Request] GET /template/detect/status/d6aacad4-399e-49a5-9f57-d9f9b17d9341 -> /template/detect/status/d6aacad4-399e-49a5-9f57-d9f9b17d9341
[Proxy Response] 200 /template/detect/status/d6aacad4-399e-49a5-9f57-d9f9b17d9341
[Proxy Request] GET /template/detect/status/d6aacad4-399e-49a5-9f57-d9f9b17d9341 -> /template/detect/status/d6aacad4-399e-49a5-9f57-d9f9b17d9341
[Proxy Response] 200 /template/detect/status/d6aacad4-399e-49a5-9f57-d9f9b17d9341
[Proxy Request] GET /template/detect/status/d6aacad4-399e-49a5-9f57-d9f9b17d9341 -> /template/detect/status/d6aacad4-399e-49a5-9f57-d9f9b17d9341
[Proxy Response] 200 /template/detect/status/d6aacad4-399e-49a5-9f57-d9f9b17d9341
[Proxy Request] GET /template/detect/status/d6aacad4-399e-49a5-9f57-d9f9b17d9341 -> /template/detect/status/d6aacad4-399e-49a5-9f57-d9f9b17d9341
[Proxy Response] 200 /template/detect/status/d6aacad4-399e-49a5-9f57-d9f9b17d9341
[Proxy Request] GET /template/detect/status/d6aacad4-399e-49a5-9f57-d9f9b17d9341 -> /template/detect/status/d6aacad4-399e-49a5-9f57-d9f9b17d9341
[Proxy Response] 200 /template/detect/status/d6aacad4-399e-49a5-9f57-d9f9b17d9341
[Proxy Request] GET /template/detect/status/d6aacad4-399e-49a5-9f57-d9f9b17d9341 -> /template/detect/status/d6aacad4-399e-49a5-9f57-d9f9b17d9341
[Proxy Response] 200 /template/detect/status/d6aacad4-399e-49a5-9f57-d9f9b17d9341
[Proxy Request] GET /template/detect/status/d6aacad4-399e-49a5-9f57-d9f9b17d9341 -> /template/detect/status/d6aacad4-399e-49a5-9f57-d9f9b17d9341
[Proxy Response] 200 /template/detect/status/d6aacad4-399e-49a5-9f57-d9f9b17d9341
[Proxy Request] GET /template/detect/status/d6aacad4-399e-49a5-9f57-d9f9b17d9341 -> /template/detect/status/d6aacad4-399e-49a5-9f57-d9f9b17d9341
[Proxy Response] 200 /template/detect/status/d6aacad4-399e-49a5-9f57-d9f9b17d9341
[Proxy Request] GET /template/detect/status/d6aacad4-399e-49a5-9f57-d9f9b17d9341 -> /template/detect/status/d6aacad4-399e-49a5-9f57-d9f9b17d9341
[Proxy Response] 200 /template/detect/status/d6aacad4-399e-49a5-9f57-d9f9b17d9341
[Proxy Request] GET /template/detect/status/d6aacad4-399e-49a5-9f57-d9f9b17d9341 -> /template/detect/status/d6aacad4-399e-49a5-9f57-d9f9b17d9341
[Proxy Response] 200 /template/detect/status/d6aacad4-399e-49a5-9f57-d9f9b17d9341
[Proxy Request] GET /template/detect/status/d6aacad4-399e-49a5-9f57-d9f9b17d9341 -> /template/detect/status/d6aacad4-399e-49a5-9f57-d9f9b17d9341
[Proxy Response] 200 /template/detect/status/d6aacad4-399e-49a5-9f57-d9f9b17d9341
[Proxy Request] GET /template/detect/status/d6aacad4-399e-49a5-9f57-d9f9b17d9341 -> /template/detect/status/d6aacad4-399e-49a5-9f57-d9f9b17d9341
[Proxy Response] 200 /template/detect/status/d6aacad4-399e-49a5-9f57-d9f9b17d9341
[Proxy Request] GET /template/detect/status/d6aacad4-399e-49a5-9f57-d9f9b17d9341 -> /template/detect/status/d6aacad4-399e-49a5-9f57-d9f9b17d9341
[Proxy Response] 200 /template/detect/status/d6aacad4-399e-49a5-9f57-d9f9b17d9341
[Proxy Request] GET /template/detect/status/d6aacad4-399e-49a5-9f57-d9f9b17d9341 -> /template/detect/status/d6aacad4-399e-49a5-9f57-d9f9b17d9341
[Proxy Response] 200 /template/detect/status/d6aacad4-399e-49a5-9f57-d9f9b17d9341
[Proxy Request] GET /template/detect/status/d6aacad4-399e-49a5-9f57-d9f9b17d9341 -> /template/detect/status/d6aacad4-399e-49a5-9f57-d9f9b17d9341
[Proxy Response] 200 /template/detect/status/d6aacad4-399e-49a5-9f57-d9f9b17d9341
[Proxy Request] GET /template/detect/status/d6aacad4-399e-49a5-9f57-d9f9b17d9341 -> /template/detect/status/d6aacad4-399e-49a5-9f57-d9f9b17d9341
[Proxy Response] 200 /template/detect/status/d6aacad4-399e-49a5-9f57-d9f9b17d9341
[Proxy Request] GET /template/detect/status/d6aacad4-399e-49a5-9f57-d9f9b17d9341 -> /template/detect/status/d6aacad4-399e-49a5-9f57-d9f9b17d9341
[Proxy Response] 200 /template/detect/status/d6aacad4-399e-49a5-9f57-d9f9b17d9341
[Proxy Request] GET /template/detect/status/d6aacad4-399e-49a5-9f57-d9f9b17d9341 -> /template/detect/status/d6aacad4-399e-49a5-9f57-d9f9b17d9341
[Proxy Response] 200 /template/detect/status/d6aacad4-399e-49a5-9f57-d9f9b17d9341
[Proxy Request] GET /template/detect/status/d6aacad4-399e-49a5-9f57-d9f9b17d9341 -> /template/detect/status/d6aacad4-399e-49a5-9f57-d9f9b17d9341
[Proxy Response] 200 /template/detect/status/d6aacad4-399e-49a5-9f57-d9f9b17d9341
[Proxy Request] GET /template/detect/status/d6aacad4-399e-49a5-9f57-d9f9b17d9341 -> /template/detect/status/d6aacad4-399e-49a5-9f57-d9f9b17d9341
[Proxy Response] 200 /template/detect/status/d6aacad4-399e-49a5-9f57-d9f9b17d9341
[Proxy Request] GET /template/detect/status/d6aacad4-399e-49a5-9f57-d9f9b17d9341 -> /template/detect/status/d6aacad4-399e-49a5-9f57-d9f9b17d9341
[Proxy Response] 200 /template/detect/status/d6aacad4-399e-49a5-9f57-d9f9b17d9341
[Proxy Request] GET /template/detect/status/d6aacad4-399e-49a5-9f57-d9f9b17d9341 -> /template/detect/status/d6aacad4-399e-49a5-9f57-d9f9b17d9341
[Proxy Response] 200 /template/detect/status/d6aacad4-399e-49a5-9f57-d9f9b17d9341
[Proxy Request] GET /template/detect/status/d6aacad4-399e-49a5-9f57-d9f9b17d9341 -> /template/detect/status/d6aacad4-399e-49a5-9f57-d9f9b17d9341
[Proxy Response] 200 /template/detect/status/d6aacad4-399e-49a5-9f57-d9f9b17d9341
[Proxy Request] GET /template/detect/status/d6aacad4-399e-49a5-9f57-d9f9b17d9341 -> /template/detect/status/d6aacad4-399e-49a5-9f57-d9f9b17d9341
[Proxy Response] 200 /template/detect/status/d6aacad4-399e-49a5-9f57-d9f9b17d9341
[Proxy Request] GET /template/detect/status/d6aacad4-399e-49a5-9f57-d9f9b17d9341 -> /template/detect/status/d6aacad4-399e-49a5-9f57-d9f9b17d9341
[Proxy Response] 200 /template/detect/status/d6aacad4-399e-49a5-9f57-d9f9b17d9341
[Proxy Request] GET /template/detect/status/d6aacad4-399e-49a5-9f57-d9f9b17d9341 -> /template/detect/status/d6aacad4-399e-49a5-9f57-d9f9b17d9341
[Proxy Response] 200 /template/detect/status/d6aacad4-399e-49a5-9f57-d9f9b17d9341
[Proxy Request] GET /template/detect/status/d6aacad4-399e-49a5-9f57-d9f9b17d9341 -> /template/detect/status/d6aacad4-399e-49a5-9f57-d9f9b17d9341
[Proxy Response] 200 /template/detect/status/d6aacad4-399e-49a5-9f57-d9f9b17d9341
[Proxy Request] GET /template/detect/status/d6aacad4-399e-49a5-9f57-d9f9b17d9341 -> /template/detect/status/d6aacad4-399e-49a5-9f57-d9f9b17d9341
[Proxy Response] 200 /template/detect/status/d6aacad4-399e-49a5-9f57-d9f9b17d9341
[Proxy Request] GET /template/detect/status/d6aacad4-399e-49a5-9f57-d9f9b17d9341 -> /template/detect/status/d6aacad4-399e-49a5-9f57-d9f9b17d9341
[Proxy Response] 200 /template/detect/status/d6aacad4-399e-49a5-9f57-d9f9b17d9341
[Proxy Request] GET /template/detect/status/d6aacad4-399e-49a5-9f57-d9f9b17d9341 -> /template/detect/status/d6aacad4-399e-49a5-9f57-d9f9b17d9341
[Proxy Response] 200 /template/detect/status/d6aacad4-399e-49a5-9f57-d9f9b17d9341
[Proxy Request] GET /template/detect/status/d6aacad4-399e-49a5-9f57-d9f9b17d9341 -> /template/detect/status/d6aacad4-399e-49a5-9f57-d9f9b17d9341
[Proxy Response] 200 /template/detect/status/d6aacad4-399e-49a5-9f57-d9f9b17d9341
[Proxy Request] GET /template/detect/status/d6aacad4-399e-49a5-9f57-d9f9b17d9341 -> /template/detect/status/d6aacad4-399e-49a5-9f57-d9f9b17d9341
[Proxy Response] 200 /template/detect/status/d6aacad4-399e-49a5-9f57-d9f9b17d9341
[Proxy Request] GET /template/detect/status/d6aacad4-399e-49a5-9f57-d9f9b17d9341 -> /template/detect/status/d6aacad4-399e-49a5-9f57-d9f9b17d9341
[Proxy Response] 200 /template/detect/status/d6aacad4-399e-49a5-9f57-d9f9b17d9341
[Proxy Request] GET /template/detect/status/d6aacad4-399e-49a5-9f57-d9f9b17d9341 -> /template/detect/status/d6aacad4-399e-49a5-9f57-d9f9b17d9341
[Proxy Response] 200 /template/detect/status/d6aacad4-399e-49a5-9f57-d9f9b17d9341
[Proxy Request] GET /template/detect/status/d6aacad4-399e-49a5-9f57-d9f9b17d9341 -> /template/detect/status/d6aacad4-399e-49a5-9f57-d9f9b17d9341
[Proxy Response] 200 /template/detect/status/d6aacad4-399e-49a5-9f57-d9f9b17d9341
[Proxy Request] GET /template/detect/status/d6aacad4-399e-49a5-9f57-d9f9b17d9341 -> /template/detect/status/d6aacad4-399e-49a5-9f57-d9f9b17d9341
[Proxy Response] 200 /template/detect/status/d6aacad4-399e-49a5-9f57-d9f9b17d9341
[Proxy Request] GET /template/detect/status/d6aacad4-399e-49a5-9f57-d9f9b17d9341 -> /template/detect/status/d6aacad4-399e-49a5-9f57-d9f9b17d9341
[Proxy Response] 200 /template/detect/status/d6aacad4-399e-49a5-9f57-d9f9b17d9341
Killed
