
  .   ____          _            __ _ _
 /\\ / ___'_ __ _ _(_)_ __  __ _ \ \ \ \
( ( )\___ | '_ | '_| | '_ \/ _` | \ \ \ \
 \\/  ___)| |_)| | | | | || (_| |  ) ) ) )
  '  |____| .__|_| |_|_| |_\__, | / / / /
 =========|_|==============|___/=/_/_/_/
 :: Spring Boot ::                (v3.1.5)

2025-11-13 10:26:19 [main] INFO  c.detection.platform.DetectionPlatformApplication - Starting DetectionPlatformApplication v1.0.0 using Java 17.0.9 with PID 16521 (/root/jc-test/backend/target/detection-platform-1.0.0.jar started by root in /root/jc-test/backend)
2025-11-13 10:26:19 [main] DEBUG c.detection.platform.DetectionPlatformApplication - Running with Spring Boot v3.1.5, Spring v6.0.13
2025-11-13 10:26:19 [main] INFO  c.detection.platform.DetectionPlatformApplication - No active profile set, falling back to 1 default profile: "default"
2025-11-13 10:26:21 [main] INFO  o.s.d.r.config.RepositoryConfigurationDelegate - Multiple Spring Data modules found, entering strict repository configuration mode
2025-11-13 10:26:21 [main] INFO  o.s.d.r.config.RepositoryConfigurationDelegate - Bootstrapping Spring Data Redis repositories in DEFAULT mode.
2025-11-13 10:26:21 [main] INFO  o.s.d.r.config.RepositoryConfigurationDelegate - Finished Spring Data repository scanning in 32 ms. Found 0 Redis repository interfaces.
2025-11-13 10:26:22 [main] INFO  o.s.boot.web.embedded.tomcat.TomcatWebServer - Tomcat initialized with port(s): 8080 (http)
2025-11-13 10:26:22 [main] INFO  org.apache.catalina.core.StandardService - Starting service [Tomcat]
2025-11-13 10:26:22 [main] INFO  org.apache.catalina.core.StandardEngine - Starting Servlet engine: [Apache Tomcat/10.1.15]
2025-11-13 10:26:22 [main] INFO  o.a.c.core.ContainerBase.[Tomcat].[localhost].[/] - Initializing Spring embedded WebApplicationContext
2025-11-13 10:26:22 [main] INFO  o.s.b.w.s.c.ServletWebServerApplicationContext - Root WebApplicationContext: initialization completed in 3047 ms
 _ _   |_  _ _|_. ___ _ |    _ 
| | |\/|_)(_| | |_\  |_)||_|_\ 
     /               |         
                        3.5.5 
2025-11-13 10:26:26 [main] INFO  o.s.security.web.DefaultSecurityFilterChain - Will secure any request with [org.springframework.security.web.session.DisableEncodeUrlFilter@6d303498, org.springframework.security.web.context.request.async.WebAsyncManagerIntegrationFilter@6ba7383d, org.springframework.security.web.context.SecurityContextHolderFilter@150ede8b, org.springframework.security.web.header.HeaderWriterFilter@4b3fe06e, org.springframework.security.web.authentication.logout.LogoutFilter@84487f4, com.detection.platform.config.SecurityConfig$JwtAuthenticationFilter@3419e23b, org.springframework.security.web.savedrequest.RequestCacheAwareFilter@3e15bb06, org.springframework.security.web.servletapi.SecurityContextHolderAwareRequestFilter@4e1ce44, org.springframework.security.web.authentication.AnonymousAuthenticationFilter@710d89e2, org.springframework.security.web.session.SessionManagementFilter@3e17a0a1, org.springframework.security.web.access.ExceptionTranslationFilter@7139bd31, org.springframework.security.web.access.intercept.AuthorizationFilter@a518813]
2025-11-13 10:26:27 [main] INFO  org.quartz.impl.StdSchedulerFactory - Using default implementation for ThreadExecutor
2025-11-13 10:26:27 [main] INFO  org.quartz.core.SchedulerSignalerImpl - Initialized Scheduler Signaller of type: class org.quartz.core.SchedulerSignalerImpl
2025-11-13 10:26:27 [main] INFO  org.quartz.core.QuartzScheduler - Quartz Scheduler v.2.3.2 created.
2025-11-13 10:26:27 [main] INFO  org.quartz.simpl.RAMJobStore - RAMJobStore initialized.
2025-11-13 10:26:27 [main] INFO  org.quartz.core.QuartzScheduler - Scheduler meta-data: Quartz Scheduler (v2.3.2) 'quartzScheduler' with instanceId 'NON_CLUSTERED'
  Scheduler class: 'org.quartz.core.QuartzScheduler' - running locally.
  NOT STARTED.
  Currently in standby mode.
  Number of jobs executed: 0
  Using thread pool 'org.quartz.simpl.SimpleThreadPool' - with 10 threads.
  Using job-store 'org.quartz.simpl.RAMJobStore' - which does not support persistence. and is not clustered.

2025-11-13 10:26:27 [main] INFO  org.quartz.impl.StdSchedulerFactory - Quartz scheduler 'quartzScheduler' initialized from an externally provided properties instance.
2025-11-13 10:26:27 [main] INFO  org.quartz.impl.StdSchedulerFactory - Quartz scheduler version: 2.3.2
2025-11-13 10:26:27 [main] INFO  org.quartz.core.QuartzScheduler - JobFactory set to: org.springframework.scheduling.quartz.SpringBeanJobFactory@d7109be
2025-11-13 10:26:27 [main] INFO  o.s.boot.web.embedded.tomcat.TomcatWebServer - Tomcat started on port(s): 8080 (http) with context path ''
2025-11-13 10:26:27 [main] INFO  o.s.m.simp.broker.SimpleBrokerMessageHandler - Starting...
2025-11-13 10:26:27 [main] INFO  o.s.m.simp.broker.SimpleBrokerMessageHandler - BrokerAvailabilityEvent[available=true, SimpleBrokerMessageHandler [org.springframework.messaging.simp.broker.DefaultSubscriptionRegistry@5854a18]]
2025-11-13 10:26:27 [main] INFO  o.s.m.simp.broker.SimpleBrokerMessageHandler - Started.
2025-11-13 10:26:27 [main] INFO  o.s.a.rabbit.connection.CachingConnectionFactory - Attempting to connect to: [localhost:5672]
2025-11-13 10:26:27 [main] INFO  o.s.a.rabbit.connection.CachingConnectionFactory - Created new connection: rabbitConnectionFactory#ab20d7c:0/SimpleConnection@7b81616b [delegate=amqp://admin@127.0.0.1:5672/, localPort=42264]
2025-11-13 10:26:27 [main] INFO  o.s.scheduling.quartz.SchedulerFactoryBean - Starting Quartz Scheduler now
2025-11-13 10:26:27 [main] INFO  org.quartz.core.QuartzScheduler - Scheduler quartzScheduler_$_NON_CLUSTERED started.
2025-11-13 10:26:28 [MessageBroker-2] INFO  c.d.platform.scheduler.HealthCheckScheduler - 开始执行代理健康检查定时任务
2025-11-13 10:26:28 [MessageBroker-2] INFO  c.d.platform.scheduler.HealthCheckScheduler - 代理健康检查定时任务执行完成
2025-11-13 10:26:28 [MessageBroker-1] INFO  c.d.platform.scheduler.HealthCheckScheduler - 开始执行服务器健康检查定时任务
2025-11-13 10:26:28 [main] INFO  c.detection.platform.DetectionPlatformApplication - Started DetectionPlatformApplication in 9.405 seconds (process running for 10.269)

========================================
  自动化数据检测平台启动成功！
  API文档地址: http://localhost:8080/doc.html
========================================

2025-11-13 10:26:28 [MessageBroker-1] INFO  com.zaxxer.hikari.HikariDataSource - DetectionHikariPool - Starting...
2025-11-13 10:26:28 [MessageBroker-1] INFO  com.zaxxer.hikari.pool.HikariPool - DetectionHikariPool - Added connection com.mysql.cj.jdbc.ConnectionImpl@4d4becbb
2025-11-13 10:26:28 [MessageBroker-1] INFO  com.zaxxer.hikari.HikariDataSource - DetectionHikariPool - Start completed.
2025-11-13 10:26:28 [MessageBroker-1] DEBUG c.detection.platform.dao.ServerMapper.selectList - ==>  Preparing: SELECT id,server_name,ip_address,ssh_port,auth_type,auth_credential,docker_port,status,cpu_usage,memory_usage,max_concurrent,current_tasks,create_time,last_heartbeat_time,deleted FROM t_server WHERE deleted=0 ORDER BY create_time DESC
2025-11-13 10:26:28 [MessageBroker-1] DEBUG c.detection.platform.dao.ServerMapper.selectList - ==> Parameters: 
2025-11-13 10:26:28 [MessageBroker-1] DEBUG c.detection.platform.dao.ServerMapper.selectList - <==      Total: 0
2025-11-13 10:26:28 [MessageBroker-1] INFO  c.d.platform.scheduler.HealthCheckScheduler - 服务器健康检查定时任务执行完成
2025-11-13 10:26:32 [http-nio-8080-exec-1] INFO  o.a.c.core.ContainerBase.[Tomcat].[localhost].[/] - Initializing Spring DispatcherServlet 'dispatcherServlet'
2025-11-13 10:26:32 [http-nio-8080-exec-1] INFO  org.springframework.web.servlet.DispatcherServlet - Initializing Servlet 'dispatcherServlet'
2025-11-13 10:26:32 [http-nio-8080-exec-1] INFO  org.springframework.web.servlet.DispatcherServlet - Completed initialization in 2 ms
2025-11-13 10:26:32 [http-nio-8080-exec-1] DEBUG c.d.p.c.SecurityConfig$JwtAuthenticationFilter - JWT Filter - URI: /business/register/list
2025-11-13 10:26:32 [http-nio-8080-exec-1] DEBUG c.d.p.c.SecurityConfig$JwtAuthenticationFilter - Token 有效
2025-11-13 10:26:42 [http-nio-8080-exec-2] DEBUG c.d.p.c.SecurityConfig$JwtAuthenticationFilter - JWT Filter - URI: /business/register/list
2025-11-13 10:26:42 [http-nio-8080-exec-2] DEBUG c.d.p.c.SecurityConfig$JwtAuthenticationFilter - Token 有效
2025-11-13 10:26:52 [http-nio-8080-exec-3] DEBUG c.d.p.c.SecurityConfig$JwtAuthenticationFilter - JWT Filter - URI: /business/register/list
2025-11-13 10:26:52 [http-nio-8080-exec-3] DEBUG c.d.p.c.SecurityConfig$JwtAuthenticationFilter - Token 有效
2025-11-13 10:27:01 [http-nio-8080-exec-4] DEBUG c.d.p.c.SecurityConfig$JwtAuthenticationFilter - 公开路径，跳过JWT过滤器: /user/login
2025-11-13 10:27:02 [http-nio-8080-exec-4] DEBUG com.detection.platform.dao.UserMapper.selectList - ==>  Preparing: SELECT id,username,password,nickname,avatar,email,phone,status,create_time,update_time,last_login_time,deleted FROM t_user WHERE deleted=0 AND (username = ?)
2025-11-13 10:27:02 [http-nio-8080-exec-4] DEBUG com.detection.platform.dao.UserMapper.selectList - ==> Parameters: admin(String)
2025-11-13 10:27:02 [http-nio-8080-exec-4] DEBUG com.detection.platform.dao.UserMapper.selectList - <==      Total: 1
2025-11-13 10:27:02 [http-nio-8080-exec-5] DEBUG c.d.p.c.SecurityConfig$JwtAuthenticationFilter - JWT Filter - URI: /business/register/list
2025-11-13 10:27:02 [http-nio-8080-exec-5] DEBUG c.d.p.c.SecurityConfig$JwtAuthenticationFilter - Token 有效
2025-11-13 10:27:02 [http-nio-8080-exec-4] DEBUG com.detection.platform.dao.UserMapper.updateById - ==>  Preparing: UPDATE t_user SET update_time=?, last_login_time=? WHERE id=? AND deleted=0
2025-11-13 10:27:02 [http-nio-8080-exec-4] DEBUG com.detection.platform.dao.UserMapper.updateById - ==> Parameters: 2025-11-13T10:27:02.365111667(LocalDateTime), 2025-11-13T10:27:02.357870065(LocalDateTime), 1(Long)
2025-11-13 10:27:02 [http-nio-8080-exec-4] DEBUG com.detection.platform.dao.UserMapper.updateById - <==    Updates: 1
2025-11-13 10:27:02 [http-nio-8080-exec-6] DEBUG c.d.p.c.SecurityConfig$JwtAuthenticationFilter - JWT Filter - URI: /data/base/page
2025-11-13 10:27:02 [http-nio-8080-exec-6] DEBUG c.d.p.c.SecurityConfig$JwtAuthenticationFilter - Token 有效
2025-11-13 10:27:02 [http-nio-8080-exec-7] DEBUG c.d.p.c.SecurityConfig$JwtAuthenticationFilter - JWT Filter - URI: /data/result/page
2025-11-13 10:27:02 [http-nio-8080-exec-7] DEBUG c.d.p.c.SecurityConfig$JwtAuthenticationFilter - Token 有效
2025-11-13 10:27:02 [http-nio-8080-exec-8] DEBUG c.d.p.c.SecurityConfig$JwtAuthenticationFilter - JWT Filter - URI: /data/result/statistics
2025-11-13 10:27:02 [http-nio-8080-exec-8] DEBUG c.d.p.c.SecurityConfig$JwtAuthenticationFilter - Token 有效
2025-11-13 10:27:02 [http-nio-8080-exec-9] DEBUG c.d.p.c.SecurityConfig$JwtAuthenticationFilter - JWT Filter - URI: /data/result/page
2025-11-13 10:27:02 [http-nio-8080-exec-9] DEBUG c.d.p.c.SecurityConfig$JwtAuthenticationFilter - Token 有效
2025-11-13 10:27:02 [http-nio-8080-exec-10] DEBUG c.d.p.c.SecurityConfig$JwtAuthenticationFilter - JWT Filter - URI: /task/page
2025-11-13 10:27:02 [http-nio-8080-exec-10] DEBUG c.d.p.c.SecurityConfig$JwtAuthenticationFilter - Token 有效
2025-11-13 10:27:02 [http-nio-8080-exec-1] DEBUG c.d.p.c.SecurityConfig$JwtAuthenticationFilter - JWT Filter - URI: /task/page
2025-11-13 10:27:02 [http-nio-8080-exec-1] DEBUG c.d.p.c.SecurityConfig$JwtAuthenticationFilter - Token 有效
2025-11-13 10:27:03 [http-nio-8080-exec-2] DEBUG c.d.p.c.SecurityConfig$JwtAuthenticationFilter - JWT Filter - URI: /template/list
2025-11-13 10:27:03 [http-nio-8080-exec-2] DEBUG c.d.p.c.SecurityConfig$JwtAuthenticationFilter - Token 有效
2025-11-13 10:27:03 [http-nio-8080-exec-3] DEBUG c.d.p.c.SecurityConfig$JwtAuthenticationFilter - JWT Filter - URI: /proxy/pool/list
2025-11-13 10:27:03 [http-nio-8080-exec-3] DEBUG c.d.p.c.SecurityConfig$JwtAuthenticationFilter - Token 有效
2025-11-13 10:27:03 [http-nio-8080-exec-5] DEBUG c.d.p.c.SecurityConfig$JwtAuthenticationFilter - JWT Filter - URI: /server/list
2025-11-13 10:27:03 [http-nio-8080-exec-5] DEBUG c.d.p.c.SecurityConfig$JwtAuthenticationFilter - Token 有效
2025-11-13 10:27:03 [http-nio-8080-exec-4] DEBUG c.d.p.c.SecurityConfig$JwtAuthenticationFilter - JWT Filter - URI: /template/page
2025-11-13 10:27:03 [http-nio-8080-exec-4] DEBUG c.d.p.c.SecurityConfig$JwtAuthenticationFilter - Token 有效
2025-11-13 10:27:03 [http-nio-8080-exec-6] DEBUG c.d.p.c.SecurityConfig$JwtAuthenticationFilter - JWT Filter - URI: /business/register/list
2025-11-13 10:27:03 [http-nio-8080-exec-6] DEBUG c.d.p.c.SecurityConfig$JwtAuthenticationFilter - Token 有效
2025-11-13 10:27:03 [http-nio-8080-exec-7] DEBUG c.d.p.c.SecurityConfig$JwtAuthenticationFilter - JWT Filter - URI: /business/analysis/list
2025-11-13 10:27:03 [http-nio-8080-exec-7] DEBUG c.d.p.c.SecurityConfig$JwtAuthenticationFilter - Token 有效
2025-11-13 10:27:03 [http-nio-8080-exec-8] DEBUG c.d.p.c.SecurityConfig$JwtAuthenticationFilter - JWT Filter - URI: /proxy/pool/page
2025-11-13 10:27:03 [http-nio-8080-exec-8] DEBUG c.d.p.c.SecurityConfig$JwtAuthenticationFilter - Token 有效
2025-11-13 10:27:03 [http-nio-8080-exec-9] DEBUG c.d.p.c.SecurityConfig$JwtAuthenticationFilter - JWT Filter - URI: /server/page
2025-11-13 10:27:03 [http-nio-8080-exec-9] DEBUG c.d.p.c.SecurityConfig$JwtAuthenticationFilter - Token 有效
2025-11-13 10:27:12 [http-nio-8080-exec-10] DEBUG c.d.p.c.SecurityConfig$JwtAuthenticationFilter - JWT Filter - URI: /business/register/list
2025-11-13 10:27:12 [http-nio-8080-exec-10] DEBUG c.d.p.c.SecurityConfig$JwtAuthenticationFilter - Token 有效
2025-11-13 10:27:22 [http-nio-8080-exec-1] DEBUG c.d.p.c.SecurityConfig$JwtAuthenticationFilter - JWT Filter - URI: /business/register/list
2025-11-13 10:27:22 [http-nio-8080-exec-1] DEBUG c.d.p.c.SecurityConfig$JwtAuthenticationFilter - Token 有效
2025-11-13 10:27:26 [MessageBroker-3] INFO  o.s.web.socket.config.WebSocketMessageBrokerStats - WebSocketSession[0 current WS(0)-HttpStream(0)-HttpPoll(0), 0 total, 0 closed abnormally (0 connect failure, 0 send limit, 0 transport error)], stompSubProtocol[processed CONNECT(0)-CONNECTED(0)-DISCONNECT(0)], stompBrokerRelay[null], inboundChannel[pool size = 0, active threads = 0, queued tasks = 0, completed tasks = 0], outboundChannel[pool size = 0, active threads = 0, queued tasks = 0, completed tasks = 0], sockJsScheduler[pool size = 4, active threads = 1, queued tasks = 2, completed tasks = 2]
2025-11-13 10:27:32 [http-nio-8080-exec-2] DEBUG c.d.p.c.SecurityConfig$JwtAuthenticationFilter - JWT Filter - URI: /business/register/list
2025-11-13 10:27:32 [http-nio-8080-exec-2] DEBUG c.d.p.c.SecurityConfig$JwtAuthenticationFilter - Token 有效
2025-11-13 10:27:33 [http-nio-8080-exec-3] DEBUG c.d.p.c.SecurityConfig$JwtAuthenticationFilter - 公开路径，跳过JWT过滤器: /user/login
2025-11-13 10:27:33 [http-nio-8080-exec-3] DEBUG com.detection.platform.dao.UserMapper.selectList - ==>  Preparing: SELECT id,username,password,nickname,avatar,email,phone,status,create_time,update_time,last_login_time,deleted FROM t_user WHERE deleted=0 AND (username = ?)
2025-11-13 10:27:33 [http-nio-8080-exec-3] DEBUG com.detection.platform.dao.UserMapper.selectList - ==> Parameters: admin(String)
2025-11-13 10:27:33 [http-nio-8080-exec-3] DEBUG com.detection.platform.dao.UserMapper.selectList - <==      Total: 1
2025-11-13 10:27:33 [http-nio-8080-exec-3] DEBUG com.detection.platform.dao.UserMapper.updateById - ==>  Preparing: UPDATE t_user SET update_time=?, last_login_time=? WHERE id=? AND deleted=0
2025-11-13 10:27:33 [http-nio-8080-exec-3] DEBUG com.detection.platform.dao.UserMapper.updateById - ==> Parameters: 2025-11-13T10:27:33.625784886(LocalDateTime), 2025-11-13T10:27:33.624271209(LocalDateTime), 1(Long)
2025-11-13 10:27:33 [http-nio-8080-exec-3] DEBUG com.detection.platform.dao.UserMapper.updateById - <==    Updates: 1
2025-11-13 10:27:33 [http-nio-8080-exec-5] DEBUG c.d.p.c.SecurityConfig$JwtAuthenticationFilter - JWT Filter - URI: /data/base/page
2025-11-13 10:27:33 [http-nio-8080-exec-5] DEBUG c.d.p.c.SecurityConfig$JwtAuthenticationFilter - Token 有效
2025-11-13 10:27:42 [http-nio-8080-exec-4] DEBUG c.d.p.c.SecurityConfig$JwtAuthenticationFilter - JWT Filter - URI: /business/register/list
2025-11-13 10:27:42 [http-nio-8080-exec-4] DEBUG c.d.p.c.SecurityConfig$JwtAuthenticationFilter - Token 有效
2025-11-13 10:27:52 [http-nio-8080-exec-6] DEBUG c.d.p.c.SecurityConfig$JwtAuthenticationFilter - JWT Filter - URI: /business/register/list
2025-11-13 10:27:52 [http-nio-8080-exec-6] DEBUG c.d.p.c.SecurityConfig$JwtAuthenticationFilter - Token 有效
2025-11-13 10:28:02 [http-nio-8080-exec-7] DEBUG c.d.p.c.SecurityConfig$JwtAuthenticationFilter - JWT Filter - URI: /business/register/list
2025-11-13 10:28:02 [http-nio-8080-exec-7] DEBUG c.d.p.c.SecurityConfig$JwtAuthenticationFilter - Token 有效
2025-11-13 10:28:12 [http-nio-8080-exec-8] DEBUG c.d.p.c.SecurityConfig$JwtAuthenticationFilter - JWT Filter - URI: /business/register/list
2025-11-13 10:28:12 [http-nio-8080-exec-8] DEBUG c.d.p.c.SecurityConfig$JwtAuthenticationFilter - Token 有效
2025-11-13 10:28:22 [http-nio-8080-exec-9] DEBUG c.d.p.c.SecurityConfig$JwtAuthenticationFilter - JWT Filter - URI: /business/register/list
2025-11-13 10:28:22 [http-nio-8080-exec-9] DEBUG c.d.p.c.SecurityConfig$JwtAuthenticationFilter - Token 有效
2025-11-13 10:28:32 [http-nio-8080-exec-10] DEBUG c.d.p.c.SecurityConfig$JwtAuthenticationFilter - JWT Filter - URI: /business/register/list
2025-11-13 10:28:32 [http-nio-8080-exec-10] DEBUG c.d.p.c.SecurityConfig$JwtAuthenticationFilter - Token 有效
2025-11-13 10:29:06 [http-nio-8080-exec-1] DEBUG c.d.p.c.SecurityConfig$JwtAuthenticationFilter - 公开路径，跳过JWT过滤器: /user/login
2025-11-13 10:29:06 [http-nio-8080-exec-1] DEBUG com.detection.platform.dao.UserMapper.selectList - ==>  Preparing: SELECT id,username,password,nickname,avatar,email,phone,status,create_time,update_time,last_login_time,deleted FROM t_user WHERE deleted=0 AND (username = ?)
2025-11-13 10:29:06 [http-nio-8080-exec-1] DEBUG com.detection.platform.dao.UserMapper.selectList - ==> Parameters: admin(String)
2025-11-13 10:29:06 [http-nio-8080-exec-1] DEBUG com.detection.platform.dao.UserMapper.selectList - <==      Total: 1
2025-11-13 10:29:06 [http-nio-8080-exec-1] DEBUG com.detection.platform.dao.UserMapper.updateById - ==>  Preparing: UPDATE t_user SET update_time=?, last_login_time=? WHERE id=? AND deleted=0
2025-11-13 10:29:06 [http-nio-8080-exec-1] DEBUG com.detection.platform.dao.UserMapper.updateById - ==> Parameters: 2025-11-13T10:29:06.307278462(LocalDateTime), 2025-11-13T10:29:06.306221851(LocalDateTime), 1(Long)
2025-11-13 10:29:06 [http-nio-8080-exec-1] DEBUG com.detection.platform.dao.UserMapper.updateById - <==    Updates: 1
2025-11-13 10:29:35 [http-nio-8080-exec-3] DEBUG c.d.p.c.SecurityConfig$JwtAuthenticationFilter - JWT Filter - URI: /business/register/list
2025-11-13 10:29:35 [http-nio-8080-exec-3] DEBUG c.d.p.c.SecurityConfig$JwtAuthenticationFilter - Token 有效
2025-11-13 10:30:00 [http-nio-8080-exec-5] DEBUG c.d.p.c.SecurityConfig$JwtAuthenticationFilter - JWT Filter - URI: /data/base/page
2025-11-13 10:30:00 [http-nio-8080-exec-5] DEBUG c.d.p.c.SecurityConfig$JwtAuthenticationFilter - Token 有效
2025-11-13 10:30:35 [http-nio-8080-exec-4] DEBUG c.d.p.c.SecurityConfig$JwtAuthenticationFilter - JWT Filter - URI: /business/register/list
2025-11-13 10:30:35 [http-nio-8080-exec-4] DEBUG c.d.p.c.SecurityConfig$JwtAuthenticationFilter - Token 有效
2025-11-13 10:31:28 [MessageBroker-2] INFO  c.d.platform.scheduler.HealthCheckScheduler - 开始执行服务器健康检查定时任务
2025-11-13 10:31:28 [MessageBroker-2] DEBUG c.detection.platform.dao.ServerMapper.selectList - ==>  Preparing: SELECT id,server_name,ip_address,ssh_port,auth_type,auth_credential,docker_port,status,cpu_usage,memory_usage,max_concurrent,current_tasks,create_time,last_heartbeat_time,deleted FROM t_server WHERE deleted=0 ORDER BY create_time DESC
2025-11-13 10:31:28 [MessageBroker-2] DEBUG c.detection.platform.dao.ServerMapper.selectList - ==> Parameters: 
2025-11-13 10:31:28 [MessageBroker-2] DEBUG c.detection.platform.dao.ServerMapper.selectList - <==      Total: 0
2025-11-13 10:31:28 [MessageBroker-2] INFO  c.d.platform.scheduler.HealthCheckScheduler - 服务器健康检查定时任务执行完成
2025-11-13 10:31:35 [http-nio-8080-exec-6] DEBUG c.d.p.c.SecurityConfig$JwtAuthenticationFilter - JWT Filter - URI: /business/register/list
2025-11-13 10:31:35 [http-nio-8080-exec-6] DEBUG c.d.p.c.SecurityConfig$JwtAuthenticationFilter - Token 有效
2025-11-13 10:32:35 [http-nio-8080-exec-7] DEBUG c.d.p.c.SecurityConfig$JwtAuthenticationFilter - JWT Filter - URI: /business/register/list
2025-11-13 10:32:35 [http-nio-8080-exec-7] DEBUG c.d.p.c.SecurityConfig$JwtAuthenticationFilter - Token 有效
2025-11-13 10:33:35 [http-nio-8080-exec-8] DEBUG c.d.p.c.SecurityConfig$JwtAuthenticationFilter - JWT Filter - URI: /business/register/list
2025-11-13 10:33:35 [http-nio-8080-exec-8] DEBUG c.d.p.c.SecurityConfig$JwtAuthenticationFilter - Token 有效
