
  .   ____          _            __ _ _
 /\\ / ___'_ __ _ _(_)_ __  __ _ \ \ \ \
( ( )\___ | '_ | '_| | '_ \/ _` | \ \ \ \
 \\/  ___)| |_)| | | | | || (_| |  ) ) ) )
  '  |____| .__|_| |_|_| |_\__, | / / / /
 =========|_|==============|___/=/_/_/_/
 :: Spring Boot ::                (v3.1.5)

2025-11-13 10:33:21 [main] INFO  c.detection.platform.DetectionPlatformApplication - Starting DetectionPlatformApplication v1.0.0 using Java 17.0.9 with PID 18324 (/root/jc-test/backend/target/detection-platform-1.0.0.jar started by root in /root/jc-test/backend)
2025-11-13 10:33:21 [main] DEBUG c.detection.platform.DetectionPlatformApplication - Running with Spring Boot v3.1.5, Spring v6.0.13
2025-11-13 10:33:21 [main] INFO  c.detection.platform.DetectionPlatformApplication - No active profile set, falling back to 1 default profile: "default"
2025-11-13 10:33:23 [main] INFO  o.s.d.r.config.RepositoryConfigurationDelegate - Multiple Spring Data modules found, entering strict repository configuration mode
2025-11-13 10:33:23 [main] INFO  o.s.d.r.config.RepositoryConfigurationDelegate - Bootstrapping Spring Data Redis repositories in DEFAULT mode.
2025-11-13 10:33:23 [main] INFO  o.s.d.r.config.RepositoryConfigurationDelegate - Finished Spring Data repository scanning in 33 ms. Found 0 Redis repository interfaces.
2025-11-13 10:33:24 [main] INFO  o.s.boot.web.embedded.tomcat.TomcatWebServer - Tomcat initialized with port(s): 8080 (http)
2025-11-13 10:33:24 [main] INFO  org.apache.catalina.core.StandardService - Starting service [Tomcat]
2025-11-13 10:33:24 [main] INFO  org.apache.catalina.core.StandardEngine - Starting Servlet engine: [Apache Tomcat/10.1.15]
2025-11-13 10:33:25 [main] INFO  o.a.c.core.ContainerBase.[Tomcat].[localhost].[/] - Initializing Spring embedded WebApplicationContext
2025-11-13 10:33:25 [main] INFO  o.s.b.w.s.c.ServletWebServerApplicationContext - Root WebApplicationContext: initialization completed in 3356 ms
 _ _   |_  _ _|_. ___ _ |    _ 
| | |\/|_)(_| | |_\  |_)||_|_\ 
     /               |         
                        3.5.5 
2025-11-13 10:33:28 [main] INFO  o.s.security.web.DefaultSecurityFilterChain - Will secure any request with [org.springframework.security.web.session.DisableEncodeUrlFilter@79d9214d, org.springframework.security.web.context.request.async.WebAsyncManagerIntegrationFilter@3d5790ea, org.springframework.security.web.context.SecurityContextHolderFilter@332820f4, org.springframework.security.web.header.HeaderWriterFilter@69228e85, org.springframework.security.web.authentication.logout.LogoutFilter@6d303498, com.detection.platform.config.SecurityConfig$JwtAuthenticationFilter@1dd7796b, org.springframework.security.web.savedrequest.RequestCacheAwareFilter@72456279, org.springframework.security.web.servletapi.SecurityContextHolderAwareRequestFilter@21f459fc, org.springframework.security.web.authentication.AnonymousAuthenticationFilter@67a3bd51, org.springframework.security.web.session.SessionManagementFilter@5853495b, org.springframework.security.web.access.ExceptionTranslationFilter@6778aea6, org.springframework.security.web.access.intercept.AuthorizationFilter@29eda4f8]
2025-11-13 10:33:29 [main] INFO  org.quartz.impl.StdSchedulerFactory - Using default implementation for ThreadExecutor
2025-11-13 10:33:29 [main] INFO  org.quartz.core.SchedulerSignalerImpl - Initialized Scheduler Signaller of type: class org.quartz.core.SchedulerSignalerImpl
2025-11-13 10:33:29 [main] INFO  org.quartz.core.QuartzScheduler - Quartz Scheduler v.2.3.2 created.
2025-11-13 10:33:29 [main] INFO  org.quartz.simpl.RAMJobStore - RAMJobStore initialized.
2025-11-13 10:33:29 [main] INFO  org.quartz.core.QuartzScheduler - Scheduler meta-data: Quartz Scheduler (v2.3.2) 'quartzScheduler' with instanceId 'NON_CLUSTERED'
  Scheduler class: 'org.quartz.core.QuartzScheduler' - running locally.
  NOT STARTED.
  Currently in standby mode.
  Number of jobs executed: 0
  Using thread pool 'org.quartz.simpl.SimpleThreadPool' - with 10 threads.
  Using job-store 'org.quartz.simpl.RAMJobStore' - which does not support persistence. and is not clustered.

2025-11-13 10:33:29 [main] INFO  org.quartz.impl.StdSchedulerFactory - Quartz scheduler 'quartzScheduler' initialized from an externally provided properties instance.
2025-11-13 10:33:29 [main] INFO  org.quartz.impl.StdSchedulerFactory - Quartz scheduler version: 2.3.2
2025-11-13 10:33:29 [main] INFO  org.quartz.core.QuartzScheduler - JobFactory set to: org.springframework.scheduling.quartz.SpringBeanJobFactory@68ac9ec5
2025-11-13 10:33:29 [main] WARN  o.s.b.w.s.c.AnnotationConfigServletWebServerApplicationContext - Exception encountered during context initialization - cancelling refresh attempt: org.springframework.context.ApplicationContextException: Failed to start bean 'webServerStartStop'
2025-11-13 10:33:29 [main] INFO  o.s.scheduling.quartz.SchedulerFactoryBean - Shutting down Quartz Scheduler
2025-11-13 10:33:29 [main] INFO  org.quartz.core.QuartzScheduler - Scheduler quartzScheduler_$_NON_CLUSTERED shutting down.
2025-11-13 10:33:29 [main] INFO  org.quartz.core.QuartzScheduler - Scheduler quartzScheduler_$_NON_CLUSTERED paused.
2025-11-13 10:33:29 [main] INFO  org.quartz.core.QuartzScheduler - Scheduler quartzScheduler_$_NON_CLUSTERED shutdown complete.
2025-11-13 10:33:29 [main] INFO  org.apache.catalina.core.StandardService - Stopping service [Tomcat]
2025-11-13 10:33:29 [main] INFO  o.s.b.a.logging.ConditionEvaluationReportLogger - 

Error starting ApplicationContext. To display the condition evaluation report re-run your application with 'debug' enabled.
2025-11-13 10:33:29 [main] ERROR o.s.b.diagnostics.LoggingFailureAnalysisReporter - 

***************************
APPLICATION FAILED TO START
***************************

Description:

Web server failed to start. Port 8080 was already in use.

Action:

Identify and stop the process that's listening on port 8080 or configure this application to listen on another port.

