
  .   ____          _            __ _ _
 /\\ / ___'_ __ _ _(_)_ __  __ _ \ \ \ \
( ( )\___ | '_ | '_| | '_ \/ _` | \ \ \ \
 \\/  ___)| |_)| | | | | || (_| |  ) ) ) )
  '  |____| .__|_| |_|_| |_\__, | / / / /
 =========|_|==============|___/=/_/_/_/
 :: Spring Boot ::                (v3.1.5)

2025-11-13 11:11:33 [main] INFO  c.detection.platform.DetectionPlatformApplication - Starting DetectionPlatformApplication v1.0.0 using Java 17.0.9 with PID 13226 (/root/jc-test/backend/target/detection-platform-1.0.0.jar started by root in /root/jc-test/backend)
2025-11-13 11:11:33 [main] DEBUG c.detection.platform.DetectionPlatformApplication - Running with Spring Boot v3.1.5, Spring v6.0.13
2025-11-13 11:11:33 [main] INFO  c.detection.platform.DetectionPlatformApplication - No active profile set, falling back to 1 default profile: "default"
2025-11-13 11:11:35 [main] INFO  o.s.d.r.config.RepositoryConfigurationDelegate - Multiple Spring Data modules found, entering strict repository configuration mode
2025-11-13 11:11:35 [main] INFO  o.s.d.r.config.RepositoryConfigurationDelegate - Bootstrapping Spring Data Redis repositories in DEFAULT mode.
2025-11-13 11:11:35 [main] INFO  o.s.d.r.config.RepositoryConfigurationDelegate - Finished Spring Data repository scanning in 44 ms. Found 0 Redis repository interfaces.
2025-11-13 11:11:36 [main] INFO  o.s.boot.web.embedded.tomcat.TomcatWebServer - Tomcat initialized with port(s): 8080 (http)
2025-11-13 11:11:36 [main] INFO  org.apache.catalina.core.StandardService - Starting service [Tomcat]
2025-11-13 11:11:36 [main] INFO  org.apache.catalina.core.StandardEngine - Starting Servlet engine: [Apache Tomcat/10.1.15]
2025-11-13 11:11:36 [main] INFO  o.a.c.core.ContainerBase.[Tomcat].[localhost].[/] - Initializing Spring embedded WebApplicationContext
2025-11-13 11:11:36 [main] INFO  o.s.b.w.s.c.ServletWebServerApplicationContext - Root WebApplicationContext: initialization completed in 3100 ms
 _ _   |_  _ _|_. ___ _ |    _ 
| | |\/|_)(_| | |_\  |_)||_|_\ 
     /               |         
                        3.5.5 
2025-11-13 11:11:40 [main] INFO  o.s.security.web.DefaultSecurityFilterChain - Will secure any request with [org.springframework.security.web.session.DisableEncodeUrlFilter@34b27915, org.springframework.security.web.context.request.async.WebAsyncManagerIntegrationFilter@29eda4f8, org.springframework.security.web.context.SecurityContextHolderFilter@7a7cc52c, org.springframework.security.web.header.HeaderWriterFilter@161f6623, org.springframework.security.web.authentication.logout.LogoutFilter@55d9b8f0, com.detection.platform.config.SecurityConfig$JwtAuthenticationFilter@1b9776f5, org.springframework.security.web.savedrequest.RequestCacheAwareFilter@524a2ffb, org.springframework.security.web.servletapi.SecurityContextHolderAwareRequestFilter@332820f4, org.springframework.security.web.authentication.AnonymousAuthenticationFilter@5e048149, org.springframework.security.web.session.SessionManagementFilter@6778aea6, org.springframework.security.web.access.ExceptionTranslationFilter@4d8286c4, org.springframework.security.web.access.intercept.AuthorizationFilter@710d89e2]
2025-11-13 11:11:41 [main] INFO  org.quartz.impl.StdSchedulerFactory - Using default implementation for ThreadExecutor
2025-11-13 11:11:41 [main] INFO  org.quartz.core.SchedulerSignalerImpl - Initialized Scheduler Signaller of type: class org.quartz.core.SchedulerSignalerImpl
2025-11-13 11:11:41 [main] INFO  org.quartz.core.QuartzScheduler - Quartz Scheduler v.2.3.2 created.
2025-11-13 11:11:41 [main] INFO  org.quartz.simpl.RAMJobStore - RAMJobStore initialized.
2025-11-13 11:11:41 [main] INFO  org.quartz.core.QuartzScheduler - Scheduler meta-data: Quartz Scheduler (v2.3.2) 'quartzScheduler' with instanceId 'NON_CLUSTERED'
  Scheduler class: 'org.quartz.core.QuartzScheduler' - running locally.
  NOT STARTED.
  Currently in standby mode.
  Number of jobs executed: 0
  Using thread pool 'org.quartz.simpl.SimpleThreadPool' - with 10 threads.
  Using job-store 'org.quartz.simpl.RAMJobStore' - which does not support persistence. and is not clustered.

2025-11-13 11:11:41 [main] INFO  org.quartz.impl.StdSchedulerFactory - Quartz scheduler 'quartzScheduler' initialized from an externally provided properties instance.
2025-11-13 11:11:41 [main] INFO  org.quartz.impl.StdSchedulerFactory - Quartz scheduler version: 2.3.2
2025-11-13 11:11:41 [main] INFO  org.quartz.core.QuartzScheduler - JobFactory set to: org.springframework.scheduling.quartz.SpringBeanJobFactory@7b27e8f4
2025-11-13 11:11:41 [main] INFO  o.s.boot.web.embedded.tomcat.TomcatWebServer - Tomcat started on port(s): 8080 (http) with context path ''
2025-11-13 11:11:41 [main] INFO  o.s.m.simp.broker.SimpleBrokerMessageHandler - Starting...
2025-11-13 11:11:41 [main] INFO  o.s.m.simp.broker.SimpleBrokerMessageHandler - BrokerAvailabilityEvent[available=true, SimpleBrokerMessageHandler [org.springframework.messaging.simp.broker.DefaultSubscriptionRegistry@1abebef3]]
2025-11-13 11:11:41 [main] INFO  o.s.m.simp.broker.SimpleBrokerMessageHandler - Started.
2025-11-13 11:11:41 [main] INFO  o.s.a.rabbit.connection.CachingConnectionFactory - Attempting to connect to: [localhost:5672]
2025-11-13 11:11:41 [main] INFO  o.s.a.rabbit.connection.CachingConnectionFactory - Created new connection: rabbitConnectionFactory#d5ce97f:0/SimpleConnection@4b5a078a [delegate=amqp://admin@127.0.0.1:5672/, localPort=46672]
2025-11-13 11:11:41 [main] INFO  o.s.scheduling.quartz.SchedulerFactoryBean - Starting Quartz Scheduler now
2025-11-13 11:11:41 [main] INFO  org.quartz.core.QuartzScheduler - Scheduler quartzScheduler_$_NON_CLUSTERED started.
2025-11-13 11:11:41 [MessageBroker-1] INFO  c.d.platform.scheduler.HealthCheckScheduler - 开始执行服务器健康检查定时任务
2025-11-13 11:11:41 [MessageBroker-2] INFO  c.d.platform.scheduler.HealthCheckScheduler - 开始执行代理健康检查定时任务
2025-11-13 11:11:41 [MessageBroker-2] INFO  c.d.platform.scheduler.HealthCheckScheduler - 代理健康检查定时任务执行完成
2025-11-13 11:11:41 [main] INFO  c.detection.platform.DetectionPlatformApplication - Started DetectionPlatformApplication in 8.932 seconds (process running for 9.831)

========================================
  自动化数据检测平台启动成功！
  API文档地址: http://localhost:8080/doc.html
========================================

2025-11-13 11:11:41 [MessageBroker-1] INFO  com.zaxxer.hikari.HikariDataSource - DetectionHikariPool - Starting...
2025-11-13 11:11:42 [MessageBroker-1] INFO  com.zaxxer.hikari.pool.HikariPool - DetectionHikariPool - Added connection com.mysql.cj.jdbc.ConnectionImpl@34f3de90
2025-11-13 11:11:42 [MessageBroker-1] INFO  com.zaxxer.hikari.HikariDataSource - DetectionHikariPool - Start completed.
2025-11-13 11:11:42 [MessageBroker-1] DEBUG c.detection.platform.dao.ServerMapper.selectList - ==>  Preparing: SELECT id,server_name,ip_address,ssh_port,auth_type,auth_credential,docker_port,status,cpu_usage,memory_usage,max_concurrent,current_tasks,create_time,last_heartbeat_time,deleted FROM t_server WHERE deleted=0 ORDER BY create_time DESC
2025-11-13 11:11:42 [MessageBroker-1] DEBUG c.detection.platform.dao.ServerMapper.selectList - ==> Parameters: 
2025-11-13 11:11:42 [MessageBroker-1] DEBUG c.detection.platform.dao.ServerMapper.selectList - <==      Total: 0
2025-11-13 11:11:42 [MessageBroker-1] INFO  c.d.platform.scheduler.HealthCheckScheduler - 服务器健康检查定时任务执行完成
2025-11-13 11:12:16 [http-nio-8080-exec-1] INFO  o.a.c.core.ContainerBase.[Tomcat].[localhost].[/] - Initializing Spring DispatcherServlet 'dispatcherServlet'
2025-11-13 11:12:16 [http-nio-8080-exec-1] INFO  org.springframework.web.servlet.DispatcherServlet - Initializing Servlet 'dispatcherServlet'
2025-11-13 11:12:16 [http-nio-8080-exec-1] INFO  org.springframework.web.servlet.DispatcherServlet - Completed initialization in 2 ms
2025-11-13 11:12:16 [http-nio-8080-exec-1] DEBUG c.d.p.c.SecurityConfig$JwtAuthenticationFilter - 公开路径，跳过JWT过滤器: /user/login
2025-11-13 11:12:16 [http-nio-8080-exec-1] DEBUG com.detection.platform.dao.UserMapper.selectList - ==>  Preparing: SELECT id,username,password,nickname,avatar,email,phone,status,create_time,update_time,last_login_time,deleted FROM t_user WHERE deleted=0 AND (username = ?)
2025-11-13 11:12:16 [http-nio-8080-exec-1] DEBUG com.detection.platform.dao.UserMapper.selectList - ==> Parameters: admin(String)
2025-11-13 11:12:16 [http-nio-8080-exec-1] DEBUG com.detection.platform.dao.UserMapper.selectList - <==      Total: 1
2025-11-13 11:12:17 [http-nio-8080-exec-1] DEBUG com.detection.platform.dao.UserMapper.updateById - ==>  Preparing: UPDATE t_user SET update_time=?, last_login_time=? WHERE id=? AND deleted=0
2025-11-13 11:12:17 [http-nio-8080-exec-1] DEBUG com.detection.platform.dao.UserMapper.updateById - ==> Parameters: 2025-11-13T11:12:17.077214670(LocalDateTime), 2025-11-13T11:12:17.068525175(LocalDateTime), 1(Long)
2025-11-13 11:12:17 [http-nio-8080-exec-1] DEBUG com.detection.platform.dao.UserMapper.updateById - <==    Updates: 1
2025-11-13 11:12:17 [http-nio-8080-exec-2] DEBUG c.d.p.c.SecurityConfig$JwtAuthenticationFilter - JWT Filter - URI: /data/base/page
2025-11-13 11:12:17 [http-nio-8080-exec-2] DEBUG c.d.p.c.SecurityConfig$JwtAuthenticationFilter - Token 有效
2025-11-13 11:12:17 [http-nio-8080-exec-2] DEBUG c.d.p.c.SecurityConfig$JwtAuthenticationFilter - 设置Authentication: admin
2025-11-13 11:12:17 [http-nio-8080-exec-2] DEBUG c.d.platform.dao.BaseDataMapper.selectList_mpCount - ==>  Preparing: SELECT COUNT(*) AS total FROM t_base_data WHERE deleted = 0
2025-11-13 11:12:17 [http-nio-8080-exec-2] DEBUG c.d.platform.dao.BaseDataMapper.selectList_mpCount - ==> Parameters: 
2025-11-13 11:12:17 [http-nio-8080-exec-2] DEBUG c.d.platform.dao.BaseDataMapper.selectList_mpCount - <==      Total: 1
2025-11-13 11:12:17 [http-nio-8080-exec-3] DEBUG c.d.p.c.SecurityConfig$JwtAuthenticationFilter - JWT Filter - URI: /data/result/page
2025-11-13 11:12:17 [http-nio-8080-exec-3] DEBUG c.d.p.c.SecurityConfig$JwtAuthenticationFilter - Token 有效
2025-11-13 11:12:17 [http-nio-8080-exec-3] DEBUG c.d.p.c.SecurityConfig$JwtAuthenticationFilter - 设置Authentication: admin
2025-11-13 11:12:17 [http-nio-8080-exec-3] DEBUG c.d.p.dao.DetectionResultMapper.selectList_mpCount - ==>  Preparing: SELECT COUNT(*) AS total FROM t_detection_result
2025-11-13 11:12:17 [http-nio-8080-exec-3] DEBUG c.d.p.dao.DetectionResultMapper.selectList_mpCount - ==> Parameters: 
2025-11-13 11:12:17 [http-nio-8080-exec-3] DEBUG c.d.p.dao.DetectionResultMapper.selectList_mpCount - <==      Total: 1
2025-11-13 11:12:17 [http-nio-8080-exec-4] DEBUG c.d.p.c.SecurityConfig$JwtAuthenticationFilter - JWT Filter - URI: /data/result/statistics
2025-11-13 11:12:17 [http-nio-8080-exec-4] DEBUG c.d.p.c.SecurityConfig$JwtAuthenticationFilter - Token 有效
2025-11-13 11:12:17 [http-nio-8080-exec-4] DEBUG c.d.p.c.SecurityConfig$JwtAuthenticationFilter - 设置Authentication: admin
2025-11-13 11:12:17 [http-nio-8080-exec-4] DEBUG c.d.platform.dao.DetectionResultMapper.selectCount - ==>  Preparing: SELECT COUNT( * ) AS total FROM t_detection_result
2025-11-13 11:12:17 [http-nio-8080-exec-4] DEBUG c.d.platform.dao.DetectionResultMapper.selectCount - ==> Parameters: 
2025-11-13 11:12:17 [http-nio-8080-exec-4] DEBUG c.d.platform.dao.DetectionResultMapper.selectCount - <==      Total: 1
2025-11-13 11:12:17 [http-nio-8080-exec-4] DEBUG c.d.platform.dao.DetectionResultMapper.selectCount - ==>  Preparing: SELECT COUNT( * ) AS total FROM t_detection_result WHERE (detect_status = ?)
2025-11-13 11:12:17 [http-nio-8080-exec-4] DEBUG c.d.platform.dao.DetectionResultMapper.selectCount - ==> Parameters: 1(Integer)
2025-11-13 11:12:17 [http-nio-8080-exec-4] DEBUG c.d.platform.dao.DetectionResultMapper.selectCount - <==      Total: 1
2025-11-13 11:12:17 [http-nio-8080-exec-4] INFO  c.d.p.service.impl.DetectionResultServiceImpl - 全局统计完成, 总数: 0, 成功: 0, 失败: 0
2025-11-13 11:12:17 [http-nio-8080-exec-5] DEBUG c.d.p.c.SecurityConfig$JwtAuthenticationFilter - JWT Filter - URI: /data/result/page
2025-11-13 11:12:17 [http-nio-8080-exec-5] DEBUG c.d.p.c.SecurityConfig$JwtAuthenticationFilter - Token 有效
2025-11-13 11:12:17 [http-nio-8080-exec-5] DEBUG c.d.p.c.SecurityConfig$JwtAuthenticationFilter - 设置Authentication: admin
2025-11-13 11:12:17 [http-nio-8080-exec-5] DEBUG c.d.p.dao.DetectionResultMapper.selectList_mpCount - ==>  Preparing: SELECT COUNT(*) AS total FROM t_detection_result
2025-11-13 11:12:17 [http-nio-8080-exec-5] DEBUG c.d.p.dao.DetectionResultMapper.selectList_mpCount - ==> Parameters: 
2025-11-13 11:12:17 [http-nio-8080-exec-5] DEBUG c.d.p.dao.DetectionResultMapper.selectList_mpCount - <==      Total: 1
2025-11-13 11:12:17 [http-nio-8080-exec-6] DEBUG c.d.p.c.SecurityConfig$JwtAuthenticationFilter - JWT Filter - URI: /task/page
2025-11-13 11:12:17 [http-nio-8080-exec-6] DEBUG c.d.p.c.SecurityConfig$JwtAuthenticationFilter - Token 有效
2025-11-13 11:12:17 [http-nio-8080-exec-6] DEBUG c.d.p.c.SecurityConfig$JwtAuthenticationFilter - 设置Authentication: admin
2025-11-13 11:12:17 [http-nio-8080-exec-6] DEBUG c.d.p.dao.DetectionTaskMapper.selectList_mpCount - ==>  Preparing: SELECT COUNT(*) AS total FROM t_detection_task WHERE deleted = 0
2025-11-13 11:12:17 [http-nio-8080-exec-6] DEBUG c.d.p.dao.DetectionTaskMapper.selectList_mpCount - ==> Parameters: 
2025-11-13 11:12:17 [http-nio-8080-exec-6] DEBUG c.d.p.dao.DetectionTaskMapper.selectList_mpCount - <==      Total: 1
2025-11-13 11:12:18 [http-nio-8080-exec-7] DEBUG c.d.p.c.SecurityConfig$JwtAuthenticationFilter - JWT Filter - URI: /task/page
2025-11-13 11:12:18 [http-nio-8080-exec-7] DEBUG c.d.p.c.SecurityConfig$JwtAuthenticationFilter - Token 有效
2025-11-13 11:12:18 [http-nio-8080-exec-7] DEBUG c.d.p.c.SecurityConfig$JwtAuthenticationFilter - 设置Authentication: admin
2025-11-13 11:12:18 [http-nio-8080-exec-7] DEBUG c.d.p.dao.DetectionTaskMapper.selectList_mpCount - ==>  Preparing: SELECT COUNT(*) AS total FROM t_detection_task WHERE deleted = 0
2025-11-13 11:12:18 [http-nio-8080-exec-7] DEBUG c.d.p.dao.DetectionTaskMapper.selectList_mpCount - ==> Parameters: 
2025-11-13 11:12:18 [http-nio-8080-exec-7] DEBUG c.d.p.dao.DetectionTaskMapper.selectList_mpCount - <==      Total: 1
2025-11-13 11:12:18 [http-nio-8080-exec-8] DEBUG c.d.p.c.SecurityConfig$JwtAuthenticationFilter - JWT Filter - URI: /template/list
2025-11-13 11:12:18 [http-nio-8080-exec-8] DEBUG c.d.p.c.SecurityConfig$JwtAuthenticationFilter - Token 有效
2025-11-13 11:12:18 [http-nio-8080-exec-8] DEBUG c.d.p.c.SecurityConfig$JwtAuthenticationFilter - 设置Authentication: admin
2025-11-13 11:12:18 [http-nio-8080-exec-8] DEBUG c.d.platform.dao.PostTemplateMapper.selectList - ==>  Preparing: SELECT id,template_name,target_site,request_url,request_method,request_headers,request_body,success_rule,fail_rule,enable_proxy,timeout_seconds,retry_count,version,create_time,update_time,deleted FROM t_post_template WHERE deleted=0
2025-11-13 11:12:18 [http-nio-8080-exec-8] DEBUG c.d.platform.dao.PostTemplateMapper.selectList - ==> Parameters: 
2025-11-13 11:12:18 [http-nio-8080-exec-8] DEBUG c.d.platform.dao.PostTemplateMapper.selectList - <==      Total: 0
2025-11-13 11:12:18 [http-nio-8080-exec-9] DEBUG c.d.p.c.SecurityConfig$JwtAuthenticationFilter - JWT Filter - URI: /proxy/pool/list
2025-11-13 11:12:18 [http-nio-8080-exec-9] DEBUG c.d.p.c.SecurityConfig$JwtAuthenticationFilter - Token 有效
2025-11-13 11:12:18 [http-nio-8080-exec-9] DEBUG c.d.p.c.SecurityConfig$JwtAuthenticationFilter - 设置Authentication: admin
2025-11-13 11:12:18 [http-nio-8080-exec-9] DEBUG c.d.platform.dao.ProxyPoolMapper.selectList - ==>  Preparing: SELECT id,pool_name,proxy_type,description,total_nodes,available_nodes,health_score,create_time,deleted FROM t_proxy_pool WHERE deleted=0 ORDER BY create_time DESC
2025-11-13 11:12:18 [http-nio-8080-exec-9] DEBUG c.d.platform.dao.ProxyPoolMapper.selectList - ==> Parameters: 
2025-11-13 11:12:18 [http-nio-8080-exec-9] DEBUG c.d.platform.dao.ProxyPoolMapper.selectList - <==      Total: 0
2025-11-13 11:12:18 [http-nio-8080-exec-10] DEBUG c.d.p.c.SecurityConfig$JwtAuthenticationFilter - JWT Filter - URI: /server/list
2025-11-13 11:12:18 [http-nio-8080-exec-10] DEBUG c.d.p.c.SecurityConfig$JwtAuthenticationFilter - Token 有效
2025-11-13 11:12:18 [http-nio-8080-exec-10] DEBUG c.d.p.c.SecurityConfig$JwtAuthenticationFilter - 设置Authentication: admin
2025-11-13 11:12:18 [http-nio-8080-exec-10] DEBUG c.detection.platform.dao.ServerMapper.selectList - ==>  Preparing: SELECT id,server_name,ip_address,ssh_port,auth_type,auth_credential,docker_port,status,cpu_usage,memory_usage,max_concurrent,current_tasks,create_time,last_heartbeat_time,deleted FROM t_server WHERE deleted=0 ORDER BY create_time DESC
2025-11-13 11:12:18 [http-nio-8080-exec-10] DEBUG c.detection.platform.dao.ServerMapper.selectList - ==> Parameters: 
2025-11-13 11:12:18 [http-nio-8080-exec-10] DEBUG c.detection.platform.dao.ServerMapper.selectList - <==      Total: 0
2025-11-13 11:12:18 [http-nio-8080-exec-1] DEBUG c.d.p.c.SecurityConfig$JwtAuthenticationFilter - JWT Filter - URI: /template/page
2025-11-13 11:12:18 [http-nio-8080-exec-1] DEBUG c.d.p.c.SecurityConfig$JwtAuthenticationFilter - Token 有效
2025-11-13 11:12:18 [http-nio-8080-exec-1] DEBUG c.d.p.c.SecurityConfig$JwtAuthenticationFilter - 设置Authentication: admin
2025-11-13 11:12:18 [http-nio-8080-exec-1] DEBUG c.d.p.dao.PostTemplateMapper.selectList_mpCount - ==>  Preparing: SELECT COUNT(*) AS total FROM t_post_template WHERE deleted = 0
2025-11-13 11:12:18 [http-nio-8080-exec-1] DEBUG c.d.p.dao.PostTemplateMapper.selectList_mpCount - ==> Parameters: 
2025-11-13 11:12:18 [http-nio-8080-exec-1] DEBUG c.d.p.dao.PostTemplateMapper.selectList_mpCount - <==      Total: 1
2025-11-13 11:12:18 [http-nio-8080-exec-2] DEBUG c.d.p.c.SecurityConfig$JwtAuthenticationFilter - JWT Filter - URI: /business/register/list
2025-11-13 11:12:18 [http-nio-8080-exec-2] DEBUG c.d.p.c.SecurityConfig$JwtAuthenticationFilter - Token 有效
2025-11-13 11:12:18 [http-nio-8080-exec-2] DEBUG c.d.p.c.SecurityConfig$JwtAuthenticationFilter - 设置Authentication: admin
2025-11-13 11:12:18 [http-nio-8080-exec-2] DEBUG c.d.p.dao.RegisterTaskMapper.selectList_mpCount - ==>  Preparing: SELECT COUNT(*) AS total FROM t_register_task WHERE deleted = 0
2025-11-13 11:12:18 [http-nio-8080-exec-2] DEBUG c.d.p.dao.RegisterTaskMapper.selectList_mpCount - ==> Parameters: 
2025-11-13 11:12:18 [http-nio-8080-exec-2] DEBUG c.d.p.dao.RegisterTaskMapper.selectList_mpCount - <==      Total: 1
2025-11-13 11:12:18 [http-nio-8080-exec-3] DEBUG c.d.p.c.SecurityConfig$JwtAuthenticationFilter - JWT Filter - URI: /business/analysis/list
2025-11-13 11:12:18 [http-nio-8080-exec-3] DEBUG c.d.p.c.SecurityConfig$JwtAuthenticationFilter - Token 有效
2025-11-13 11:12:18 [http-nio-8080-exec-3] DEBUG c.d.p.c.SecurityConfig$JwtAuthenticationFilter - 设置Authentication: admin
2025-11-13 11:12:18 [http-nio-8080-exec-3] DEBUG c.d.p.dao.WebsiteAnalysisMapper.selectList_mpCount - ==>  Preparing: SELECT COUNT(*) AS total FROM t_website_analysis WHERE deleted = 0
2025-11-13 11:12:18 [http-nio-8080-exec-3] DEBUG c.d.p.dao.WebsiteAnalysisMapper.selectList_mpCount - ==> Parameters: 
2025-11-13 11:12:18 [http-nio-8080-exec-3] DEBUG c.d.p.dao.WebsiteAnalysisMapper.selectList_mpCount - <==      Total: 1
2025-11-13 11:12:18 [http-nio-8080-exec-4] DEBUG c.d.p.c.SecurityConfig$JwtAuthenticationFilter - JWT Filter - URI: /proxy/pool/page
2025-11-13 11:12:18 [http-nio-8080-exec-4] DEBUG c.d.p.c.SecurityConfig$JwtAuthenticationFilter - Token 有效
2025-11-13 11:12:18 [http-nio-8080-exec-4] DEBUG c.d.p.c.SecurityConfig$JwtAuthenticationFilter - 设置Authentication: admin
2025-11-13 11:12:18 [http-nio-8080-exec-4] DEBUG c.d.p.dao.ProxyPoolMapper.selectList_mpCount - ==>  Preparing: SELECT COUNT(*) AS total FROM t_proxy_pool WHERE deleted = 0
2025-11-13 11:12:18 [http-nio-8080-exec-4] DEBUG c.d.p.dao.ProxyPoolMapper.selectList_mpCount - ==> Parameters: 
2025-11-13 11:12:18 [http-nio-8080-exec-4] DEBUG c.d.p.dao.ProxyPoolMapper.selectList_mpCount - <==      Total: 1
2025-11-13 11:12:18 [http-nio-8080-exec-5] DEBUG c.d.p.c.SecurityConfig$JwtAuthenticationFilter - JWT Filter - URI: /server/page
2025-11-13 11:12:18 [http-nio-8080-exec-5] DEBUG c.d.p.c.SecurityConfig$JwtAuthenticationFilter - Token 有效
2025-11-13 11:12:18 [http-nio-8080-exec-5] DEBUG c.d.p.c.SecurityConfig$JwtAuthenticationFilter - 设置Authentication: admin
2025-11-13 11:12:18 [http-nio-8080-exec-5] DEBUG c.d.platform.dao.ServerMapper.selectList_mpCount - ==>  Preparing: SELECT COUNT(*) AS total FROM t_server WHERE deleted = 0
2025-11-13 11:12:18 [http-nio-8080-exec-5] DEBUG c.d.platform.dao.ServerMapper.selectList_mpCount - ==> Parameters: 
2025-11-13 11:12:18 [http-nio-8080-exec-5] DEBUG c.d.platform.dao.ServerMapper.selectList_mpCount - <==      Total: 1
2025-11-13 11:12:40 [MessageBroker-3] INFO  o.s.web.socket.config.WebSocketMessageBrokerStats - WebSocketSession[0 current WS(0)-HttpStream(0)-HttpPoll(0), 0 total, 0 closed abnormally (0 connect failure, 0 send limit, 0 transport error)], stompSubProtocol[processed CONNECT(0)-CONNECTED(0)-DISCONNECT(0)], stompBrokerRelay[null], inboundChannel[pool size = 0, active threads = 0, queued tasks = 0, completed tasks = 0], outboundChannel[pool size = 0, active threads = 0, queued tasks = 0, completed tasks = 0], sockJsScheduler[pool size = 4, active threads = 1, queued tasks = 2, completed tasks = 2]
2025-11-13 11:13:58 [http-nio-8080-exec-6] DEBUG c.d.p.c.SecurityConfig$JwtAuthenticationFilter - JWT Filter - URI: /data/base/page
2025-11-13 11:13:58 [http-nio-8080-exec-6] DEBUG c.d.p.c.SecurityConfig$JwtAuthenticationFilter - Token 有效
2025-11-13 11:13:58 [http-nio-8080-exec-6] DEBUG c.d.p.c.SecurityConfig$JwtAuthenticationFilter - 设置Authentication: admin
2025-11-13 11:13:58 [http-nio-8080-exec-6] DEBUG c.d.platform.dao.BaseDataMapper.selectList_mpCount - ==>  Preparing: SELECT COUNT(*) AS total FROM t_base_data WHERE deleted = 0
2025-11-13 11:13:58 [http-nio-8080-exec-6] DEBUG c.d.platform.dao.BaseDataMapper.selectList_mpCount - ==> Parameters: 
2025-11-13 11:13:58 [http-nio-8080-exec-6] DEBUG c.d.platform.dao.BaseDataMapper.selectList_mpCount - <==      Total: 1
2025-11-13 11:14:01 [http-nio-8080-exec-7] DEBUG c.d.p.c.SecurityConfig$JwtAuthenticationFilter - JWT Filter - URI: /data/result/page
2025-11-13 11:14:01 [http-nio-8080-exec-7] DEBUG c.d.p.c.SecurityConfig$JwtAuthenticationFilter - Token 有效
2025-11-13 11:14:01 [http-nio-8080-exec-7] DEBUG c.d.p.c.SecurityConfig$JwtAuthenticationFilter - 设置Authentication: admin
2025-11-13 11:14:01 [http-nio-8080-exec-7] DEBUG c.d.p.dao.DetectionResultMapper.selectList_mpCount - ==>  Preparing: SELECT COUNT(*) AS total FROM t_detection_result
2025-11-13 11:14:01 [http-nio-8080-exec-7] DEBUG c.d.p.dao.DetectionResultMapper.selectList_mpCount - ==> Parameters: 
2025-11-13 11:14:01 [http-nio-8080-exec-7] DEBUG c.d.p.dao.DetectionResultMapper.selectList_mpCount - <==      Total: 1
2025-11-13 11:14:04 [http-nio-8080-exec-8] DEBUG c.d.p.c.SecurityConfig$JwtAuthenticationFilter - JWT Filter - URI: /data/result/page
2025-11-13 11:14:04 [http-nio-8080-exec-8] DEBUG c.d.p.c.SecurityConfig$JwtAuthenticationFilter - Token 有效
2025-11-13 11:14:04 [http-nio-8080-exec-8] DEBUG c.d.p.c.SecurityConfig$JwtAuthenticationFilter - 设置Authentication: admin
2025-11-13 11:14:04 [http-nio-8080-exec-8] DEBUG c.d.p.dao.DetectionResultMapper.selectList_mpCount - ==>  Preparing: SELECT COUNT(*) AS total FROM t_detection_result
2025-11-13 11:14:04 [http-nio-8080-exec-8] DEBUG c.d.p.dao.DetectionResultMapper.selectList_mpCount - ==> Parameters: 
2025-11-13 11:14:04 [http-nio-8080-exec-8] DEBUG c.d.p.dao.DetectionResultMapper.selectList_mpCount - <==      Total: 1
2025-11-13 11:14:05 [http-nio-8080-exec-9] DEBUG c.d.p.c.SecurityConfig$JwtAuthenticationFilter - JWT Filter - URI: /data/result/statistics
2025-11-13 11:14:05 [http-nio-8080-exec-9] DEBUG c.d.p.c.SecurityConfig$JwtAuthenticationFilter - Token 有效
2025-11-13 11:14:05 [http-nio-8080-exec-9] DEBUG c.d.p.c.SecurityConfig$JwtAuthenticationFilter - 设置Authentication: admin
2025-11-13 11:14:05 [http-nio-8080-exec-9] DEBUG c.d.platform.dao.DetectionResultMapper.selectCount - ==>  Preparing: SELECT COUNT( * ) AS total FROM t_detection_result
2025-11-13 11:14:05 [http-nio-8080-exec-9] DEBUG c.d.platform.dao.DetectionResultMapper.selectCount - ==> Parameters: 
2025-11-13 11:14:05 [http-nio-8080-exec-9] DEBUG c.d.platform.dao.DetectionResultMapper.selectCount - <==      Total: 1
2025-11-13 11:14:05 [http-nio-8080-exec-9] DEBUG c.d.platform.dao.DetectionResultMapper.selectCount - ==>  Preparing: SELECT COUNT( * ) AS total FROM t_detection_result WHERE (detect_status = ?)
2025-11-13 11:14:05 [http-nio-8080-exec-9] DEBUG c.d.platform.dao.DetectionResultMapper.selectCount - ==> Parameters: 1(Integer)
2025-11-13 11:14:05 [http-nio-8080-exec-9] DEBUG c.d.platform.dao.DetectionResultMapper.selectCount - <==      Total: 1
2025-11-13 11:14:05 [http-nio-8080-exec-9] INFO  c.d.p.service.impl.DetectionResultServiceImpl - 全局统计完成, 总数: 0, 成功: 0, 失败: 0
2025-11-13 11:14:09 [http-nio-8080-exec-10] DEBUG c.d.p.c.SecurityConfig$JwtAuthenticationFilter - JWT Filter - URI: /business/analysis/list
2025-11-13 11:14:09 [http-nio-8080-exec-10] DEBUG c.d.p.c.SecurityConfig$JwtAuthenticationFilter - Token 有效
2025-11-13 11:14:09 [http-nio-8080-exec-1] DEBUG c.d.p.c.SecurityConfig$JwtAuthenticationFilter - JWT Filter - URI: /proxy/pool/list
2025-11-13 11:14:09 [http-nio-8080-exec-1] DEBUG c.d.p.c.SecurityConfig$JwtAuthenticationFilter - Token 有效
2025-11-13 11:14:09 [http-nio-8080-exec-10] DEBUG c.d.p.c.SecurityConfig$JwtAuthenticationFilter - 设置Authentication: admin
2025-11-13 11:14:09 [http-nio-8080-exec-1] DEBUG c.d.p.c.SecurityConfig$JwtAuthenticationFilter - 设置Authentication: admin
2025-11-13 11:14:09 [http-nio-8080-exec-1] DEBUG c.d.platform.dao.ProxyPoolMapper.selectList - ==>  Preparing: SELECT id,pool_name,proxy_type,description,total_nodes,available_nodes,health_score,create_time,deleted FROM t_proxy_pool WHERE deleted=0 ORDER BY create_time DESC
2025-11-13 11:14:09 [http-nio-8080-exec-1] DEBUG c.d.platform.dao.ProxyPoolMapper.selectList - ==> Parameters: 
2025-11-13 11:14:09 [http-nio-8080-exec-1] DEBUG c.d.platform.dao.ProxyPoolMapper.selectList - <==      Total: 0
2025-11-13 11:14:09 [http-nio-8080-exec-10] DEBUG c.d.p.dao.WebsiteAnalysisMapper.selectList_mpCount - ==>  Preparing: SELECT COUNT(*) AS total FROM t_website_analysis WHERE deleted = 0
2025-11-13 11:14:09 [http-nio-8080-exec-10] DEBUG c.d.p.dao.WebsiteAnalysisMapper.selectList_mpCount - ==> Parameters: 
2025-11-13 11:14:09 [http-nio-8080-exec-10] DEBUG c.d.p.dao.WebsiteAnalysisMapper.selectList_mpCount - <==      Total: 1
2025-11-13 11:14:12 [http-nio-8080-exec-2] DEBUG c.d.p.c.SecurityConfig$JwtAuthenticationFilter - JWT Filter - URI: /proxy/pool/list
2025-11-13 11:14:12 [http-nio-8080-exec-2] DEBUG c.d.p.c.SecurityConfig$JwtAuthenticationFilter - Token 有效
2025-11-13 11:14:12 [http-nio-8080-exec-2] DEBUG c.d.p.c.SecurityConfig$JwtAuthenticationFilter - 设置Authentication: admin
2025-11-13 11:14:12 [http-nio-8080-exec-2] DEBUG c.d.platform.dao.ProxyPoolMapper.selectList - ==>  Preparing: SELECT id,pool_name,proxy_type,description,total_nodes,available_nodes,health_score,create_time,deleted FROM t_proxy_pool WHERE deleted=0 ORDER BY create_time DESC
2025-11-13 11:14:12 [http-nio-8080-exec-2] DEBUG c.d.platform.dao.ProxyPoolMapper.selectList - ==> Parameters: 
2025-11-13 11:14:12 [http-nio-8080-exec-3] DEBUG c.d.p.c.SecurityConfig$JwtAuthenticationFilter - JWT Filter - URI: /business/register/list
2025-11-13 11:14:12 [http-nio-8080-exec-2] DEBUG c.d.platform.dao.ProxyPoolMapper.selectList - <==      Total: 0
2025-11-13 11:14:12 [http-nio-8080-exec-3] DEBUG c.d.p.c.SecurityConfig$JwtAuthenticationFilter - Token 有效
2025-11-13 11:14:12 [http-nio-8080-exec-3] DEBUG c.d.p.c.SecurityConfig$JwtAuthenticationFilter - 设置Authentication: admin
2025-11-13 11:14:12 [http-nio-8080-exec-3] DEBUG c.d.p.dao.RegisterTaskMapper.selectList_mpCount - ==>  Preparing: SELECT COUNT(*) AS total FROM t_register_task WHERE deleted = 0
2025-11-13 11:14:12 [http-nio-8080-exec-3] DEBUG c.d.p.dao.RegisterTaskMapper.selectList_mpCount - ==> Parameters: 
2025-11-13 11:14:12 [http-nio-8080-exec-3] DEBUG c.d.p.dao.RegisterTaskMapper.selectList_mpCount - <==      Total: 1
2025-11-13 11:14:16 [http-nio-8080-exec-4] DEBUG c.d.p.c.SecurityConfig$JwtAuthenticationFilter - JWT Filter - URI: /template/page
2025-11-13 11:14:16 [http-nio-8080-exec-4] DEBUG c.d.p.c.SecurityConfig$JwtAuthenticationFilter - Token 有效
2025-11-13 11:14:16 [http-nio-8080-exec-4] DEBUG c.d.p.c.SecurityConfig$JwtAuthenticationFilter - 设置Authentication: admin
2025-11-13 11:14:16 [http-nio-8080-exec-4] DEBUG c.d.p.dao.PostTemplateMapper.selectList_mpCount - ==>  Preparing: SELECT COUNT(*) AS total FROM t_post_template WHERE deleted = 0
2025-11-13 11:14:16 [http-nio-8080-exec-4] DEBUG c.d.p.dao.PostTemplateMapper.selectList_mpCount - ==> Parameters: 
2025-11-13 11:14:16 [http-nio-8080-exec-4] DEBUG c.d.p.dao.PostTemplateMapper.selectList_mpCount - <==      Total: 1
2025-11-13 11:16:41 [MessageBroker-2] INFO  c.d.platform.scheduler.HealthCheckScheduler - 开始执行服务器健康检查定时任务
2025-11-13 11:16:41 [MessageBroker-2] DEBUG c.detection.platform.dao.ServerMapper.selectList - ==>  Preparing: SELECT id,server_name,ip_address,ssh_port,auth_type,auth_credential,docker_port,status,cpu_usage,memory_usage,max_concurrent,current_tasks,create_time,last_heartbeat_time,deleted FROM t_server WHERE deleted=0 ORDER BY create_time DESC
2025-11-13 11:16:41 [MessageBroker-2] DEBUG c.detection.platform.dao.ServerMapper.selectList - ==> Parameters: 
2025-11-13 11:16:41 [MessageBroker-2] DEBUG c.detection.platform.dao.ServerMapper.selectList - <==      Total: 0
2025-11-13 11:16:41 [MessageBroker-2] INFO  c.d.platform.scheduler.HealthCheckScheduler - 服务器健康检查定时任务执行完成
2025-11-13 11:21:41 [MessageBroker-2] INFO  c.d.platform.scheduler.HealthCheckScheduler - 开始执行服务器健康检查定时任务
2025-11-13 11:21:41 [MessageBroker-2] DEBUG c.detection.platform.dao.ServerMapper.selectList - ==>  Preparing: SELECT id,server_name,ip_address,ssh_port,auth_type,auth_credential,docker_port,status,cpu_usage,memory_usage,max_concurrent,current_tasks,create_time,last_heartbeat_time,deleted FROM t_server WHERE deleted=0 ORDER BY create_time DESC
2025-11-13 11:21:41 [MessageBroker-2] DEBUG c.detection.platform.dao.ServerMapper.selectList - ==> Parameters: 
2025-11-13 11:21:41 [MessageBroker-2] DEBUG c.detection.platform.dao.ServerMapper.selectList - <==      Total: 0
2025-11-13 11:21:41 [MessageBroker-2] INFO  c.d.platform.scheduler.HealthCheckScheduler - 服务器健康检查定时任务执行完成
2025-11-13 11:21:41 [MessageBroker-3] INFO  c.d.platform.scheduler.HealthCheckScheduler - 开始执行代理健康检查定时任务
2025-11-13 11:21:41 [MessageBroker-3] INFO  c.d.platform.scheduler.HealthCheckScheduler - 代理健康检查定时任务执行完成
2025-11-13 11:26:41 [MessageBroker-4] INFO  c.d.platform.scheduler.HealthCheckScheduler - 开始执行服务器健康检查定时任务
2025-11-13 11:26:41 [MessageBroker-4] DEBUG c.detection.platform.dao.ServerMapper.selectList - ==>  Preparing: SELECT id,server_name,ip_address,ssh_port,auth_type,auth_credential,docker_port,status,cpu_usage,memory_usage,max_concurrent,current_tasks,create_time,last_heartbeat_time,deleted FROM t_server WHERE deleted=0 ORDER BY create_time DESC
2025-11-13 11:26:41 [MessageBroker-4] DEBUG c.detection.platform.dao.ServerMapper.selectList - ==> Parameters: 
2025-11-13 11:26:41 [MessageBroker-4] DEBUG c.detection.platform.dao.ServerMapper.selectList - <==      Total: 0
2025-11-13 11:26:41 [MessageBroker-4] INFO  c.d.platform.scheduler.HealthCheckScheduler - 服务器健康检查定时任务执行完成
2025-11-13 11:30:34 [http-nio-8080-exec-5] DEBUG c.d.p.c.SecurityConfig$JwtAuthenticationFilter - JWT Filter - URI: /proxy/pool/list
2025-11-13 11:30:34 [http-nio-8080-exec-6] DEBUG c.d.p.c.SecurityConfig$JwtAuthenticationFilter - JWT Filter - URI: /template/list
2025-11-13 11:30:34 [http-nio-8080-exec-5] DEBUG c.d.p.c.SecurityConfig$JwtAuthenticationFilter - Token 有效
2025-11-13 11:30:34 [http-nio-8080-exec-6] DEBUG c.d.p.c.SecurityConfig$JwtAuthenticationFilter - Token 有效
2025-11-13 11:30:34 [http-nio-8080-exec-6] DEBUG c.d.p.c.SecurityConfig$JwtAuthenticationFilter - 设置Authentication: admin
2025-11-13 11:30:34 [http-nio-8080-exec-5] DEBUG c.d.p.c.SecurityConfig$JwtAuthenticationFilter - 设置Authentication: admin
2025-11-13 11:30:34 [http-nio-8080-exec-5] DEBUG c.d.platform.dao.ProxyPoolMapper.selectList - ==>  Preparing: SELECT id,pool_name,proxy_type,description,total_nodes,available_nodes,health_score,create_time,deleted FROM t_proxy_pool WHERE deleted=0 ORDER BY create_time DESC
2025-11-13 11:30:34 [http-nio-8080-exec-6] DEBUG c.d.platform.dao.PostTemplateMapper.selectList - ==>  Preparing: SELECT id,template_name,target_site,request_url,request_method,request_headers,request_body,success_rule,fail_rule,enable_proxy,timeout_seconds,retry_count,version,create_time,update_time,deleted FROM t_post_template WHERE deleted=0
2025-11-13 11:30:34 [http-nio-8080-exec-5] DEBUG c.d.platform.dao.ProxyPoolMapper.selectList - ==> Parameters: 
2025-11-13 11:30:34 [http-nio-8080-exec-6] DEBUG c.d.platform.dao.PostTemplateMapper.selectList - ==> Parameters: 
2025-11-13 11:30:34 [http-nio-8080-exec-7] DEBUG c.d.p.c.SecurityConfig$JwtAuthenticationFilter - JWT Filter - URI: /data/base/page
2025-11-13 11:30:34 [http-nio-8080-exec-7] DEBUG c.d.p.c.SecurityConfig$JwtAuthenticationFilter - Token 有效
2025-11-13 11:30:34 [http-nio-8080-exec-6] DEBUG c.d.platform.dao.PostTemplateMapper.selectList - <==      Total: 0
2025-11-13 11:30:34 [http-nio-8080-exec-7] DEBUG c.d.p.c.SecurityConfig$JwtAuthenticationFilter - 设置Authentication: admin
2025-11-13 11:30:34 [http-nio-8080-exec-8] DEBUG c.d.p.c.SecurityConfig$JwtAuthenticationFilter - JWT Filter - URI: /server/list
2025-11-13 11:30:34 [http-nio-8080-exec-8] DEBUG c.d.p.c.SecurityConfig$JwtAuthenticationFilter - Token 有效
2025-11-13 11:30:34 [http-nio-8080-exec-5] DEBUG c.d.platform.dao.ProxyPoolMapper.selectList - <==      Total: 0
2025-11-13 11:30:34 [http-nio-8080-exec-8] DEBUG c.d.p.c.SecurityConfig$JwtAuthenticationFilter - 设置Authentication: admin
2025-11-13 11:30:34 [http-nio-8080-exec-8] DEBUG c.detection.platform.dao.ServerMapper.selectList - ==>  Preparing: SELECT id,server_name,ip_address,ssh_port,auth_type,auth_credential,docker_port,status,cpu_usage,memory_usage,max_concurrent,current_tasks,create_time,last_heartbeat_time,deleted FROM t_server WHERE deleted=0 ORDER BY create_time DESC
2025-11-13 11:30:34 [http-nio-8080-exec-8] DEBUG c.detection.platform.dao.ServerMapper.selectList - ==> Parameters: 
2025-11-13 11:30:34 [http-nio-8080-exec-8] DEBUG c.detection.platform.dao.ServerMapper.selectList - <==      Total: 0
2025-11-13 11:30:34 [http-nio-8080-exec-7] DEBUG c.d.platform.dao.BaseDataMapper.selectList_mpCount - ==>  Preparing: SELECT COUNT(*) AS total FROM t_base_data WHERE deleted = 0
2025-11-13 11:30:34 [http-nio-8080-exec-7] DEBUG c.d.platform.dao.BaseDataMapper.selectList_mpCount - ==> Parameters: 
2025-11-13 11:30:34 [http-nio-8080-exec-7] DEBUG c.d.platform.dao.BaseDataMapper.selectList_mpCount - <==      Total: 1
2025-11-13 11:30:49 [http-nio-8080-exec-9] DEBUG c.d.p.c.SecurityConfig$JwtAuthenticationFilter - JWT Filter - URI: /template/page
2025-11-13 11:30:49 [http-nio-8080-exec-9] DEBUG c.d.p.c.SecurityConfig$JwtAuthenticationFilter - Token 有效
2025-11-13 11:30:49 [http-nio-8080-exec-9] DEBUG c.d.p.c.SecurityConfig$JwtAuthenticationFilter - 设置Authentication: admin
2025-11-13 11:30:49 [http-nio-8080-exec-9] DEBUG c.d.p.dao.PostTemplateMapper.selectList_mpCount - ==>  Preparing: SELECT COUNT(*) AS total FROM t_post_template WHERE deleted = 0
2025-11-13 11:30:49 [http-nio-8080-exec-9] DEBUG c.d.p.dao.PostTemplateMapper.selectList_mpCount - ==> Parameters: 
2025-11-13 11:30:49 [http-nio-8080-exec-9] DEBUG c.d.p.dao.PostTemplateMapper.selectList_mpCount - <==      Total: 1
2025-11-13 11:30:57 [http-nio-8080-exec-1] DEBUG c.d.p.c.SecurityConfig$JwtAuthenticationFilter - JWT Filter - URI: /data/base/page
2025-11-13 11:30:57 [http-nio-8080-exec-1] DEBUG c.d.p.c.SecurityConfig$JwtAuthenticationFilter - Token 有效
2025-11-13 11:30:57 [http-nio-8080-exec-1] DEBUG c.d.p.c.SecurityConfig$JwtAuthenticationFilter - 设置Authentication: admin
2025-11-13 11:30:57 [http-nio-8080-exec-1] DEBUG c.d.platform.dao.BaseDataMapper.selectList_mpCount - ==>  Preparing: SELECT COUNT(*) AS total FROM t_base_data WHERE deleted = 0
2025-11-13 11:30:57 [http-nio-8080-exec-1] DEBUG c.d.platform.dao.BaseDataMapper.selectList_mpCount - ==> Parameters: 
2025-11-13 11:30:57 [http-nio-8080-exec-1] DEBUG c.d.platform.dao.BaseDataMapper.selectList_mpCount - <==      Total: 1
2025-11-13 11:31:41 [MessageBroker-4] INFO  c.d.platform.scheduler.HealthCheckScheduler - 开始执行服务器健康检查定时任务
2025-11-13 11:31:41 [MessageBroker-4] DEBUG c.detection.platform.dao.ServerMapper.selectList - ==>  Preparing: SELECT id,server_name,ip_address,ssh_port,auth_type,auth_credential,docker_port,status,cpu_usage,memory_usage,max_concurrent,current_tasks,create_time,last_heartbeat_time,deleted FROM t_server WHERE deleted=0 ORDER BY create_time DESC
2025-11-13 11:31:41 [MessageBroker-4] DEBUG c.detection.platform.dao.ServerMapper.selectList - ==> Parameters: 
2025-11-13 11:31:41 [MessageBroker-4] DEBUG c.detection.platform.dao.ServerMapper.selectList - <==      Total: 0
2025-11-13 11:31:41 [MessageBroker-4] INFO  c.d.platform.scheduler.HealthCheckScheduler - 服务器健康检查定时任务执行完成
2025-11-13 11:31:41 [MessageBroker-1] INFO  c.d.platform.scheduler.HealthCheckScheduler - 开始执行代理健康检查定时任务
2025-11-13 11:31:41 [MessageBroker-1] INFO  c.d.platform.scheduler.HealthCheckScheduler - 代理健康检查定时任务执行完成
2025-11-13 11:35:33 [SpringApplicationShutdownHook] INFO  o.s.m.simp.broker.SimpleBrokerMessageHandler - Stopping...
2025-11-13 11:35:33 [SpringApplicationShutdownHook] INFO  o.s.m.simp.broker.SimpleBrokerMessageHandler - BrokerAvailabilityEvent[available=false, SimpleBrokerMessageHandler [org.springframework.messaging.simp.broker.DefaultSubscriptionRegistry@1abebef3]]
2025-11-13 11:35:33 [SpringApplicationShutdownHook] INFO  o.s.m.simp.broker.SimpleBrokerMessageHandler - Stopped.
2025-11-13 11:35:33 [org.springframework.amqp.rabbit.RabbitListenerEndpointContainer#0-6] INFO  o.s.a.r.listener.SimpleMessageListenerContainer - Waiting for workers to finish.
2025-11-13 11:35:33 [SpringApplicationShutdownHook] INFO  org.quartz.core.QuartzScheduler - Scheduler quartzScheduler_$_NON_CLUSTERED paused.
2025-11-13 11:35:33 [org.springframework.amqp.rabbit.RabbitListenerEndpointContainer#1-6] INFO  o.s.a.r.listener.SimpleMessageListenerContainer - Waiting for workers to finish.
2025-11-13 11:35:33 [org.springframework.amqp.rabbit.RabbitListenerEndpointContainer#0-6] INFO  o.s.a.r.listener.SimpleMessageListenerContainer - Successfully waited for workers to finish.
2025-11-13 11:35:33 [org.springframework.amqp.rabbit.RabbitListenerEndpointContainer#1-6] INFO  o.s.a.r.listener.SimpleMessageListenerContainer - Successfully waited for workers to finish.
2025-11-13 11:35:33 [SpringApplicationShutdownHook] INFO  o.s.scheduling.quartz.SchedulerFactoryBean - Shutting down Quartz Scheduler
2025-11-13 11:35:33 [SpringApplicationShutdownHook] INFO  org.quartz.core.QuartzScheduler - Scheduler quartzScheduler_$_NON_CLUSTERED shutting down.
2025-11-13 11:35:33 [SpringApplicationShutdownHook] INFO  org.quartz.core.QuartzScheduler - Scheduler quartzScheduler_$_NON_CLUSTERED paused.
2025-11-13 11:35:33 [SpringApplicationShutdownHook] INFO  org.quartz.core.QuartzScheduler - Scheduler quartzScheduler_$_NON_CLUSTERED shutdown complete.
2025-11-13 11:35:33 [SpringApplicationShutdownHook] INFO  com.zaxxer.hikari.HikariDataSource - DetectionHikariPool - Shutdown initiated...
2025-11-13 11:35:33 [SpringApplicationShutdownHook] INFO  com.zaxxer.hikari.HikariDataSource - DetectionHikariPool - Shutdown completed.
