
  .   ____          _            __ _ _
 /\\ / ___'_ __ _ _(_)_ __  __ _ \ \ \ \
( ( )\___ | '_ | '_| | '_ \/ _` | \ \ \ \
 \\/  ___)| |_)| | | | | || (_| |  ) ) ) )
  '  |____| .__|_| |_|_| |_\__, | / / / /
 =========|_|==============|___/=/_/_/_/
 :: Spring Boot ::                (v3.1.5)

2025-11-13 10:59:44 [main] INFO  c.detection.platform.DetectionPlatformApplication - Starting DetectionPlatformApplication v1.0.0 using Java 17.0.9 with PID 9959 (/root/jc-test/backend/target/detection-platform-1.0.0.jar started by root in /root/jc-test/backend)
2025-11-13 10:59:44 [main] DEBUG c.detection.platform.DetectionPlatformApplication - Running with Spring Boot v3.1.5, Spring v6.0.13
2025-11-13 10:59:44 [main] INFO  c.detection.platform.DetectionPlatformApplication - No active profile set, falling back to 1 default profile: "default"
2025-11-13 10:59:45 [main] INFO  o.s.d.r.config.RepositoryConfigurationDelegate - Multiple Spring Data modules found, entering strict repository configuration mode
2025-11-13 10:59:45 [main] INFO  o.s.d.r.config.RepositoryConfigurationDelegate - Bootstrapping Spring Data Redis repositories in DEFAULT mode.
2025-11-13 10:59:45 [main] INFO  o.s.d.r.config.RepositoryConfigurationDelegate - Finished Spring Data repository scanning in 31 ms. Found 0 Redis repository interfaces.
2025-11-13 10:59:47 [main] INFO  o.s.boot.web.embedded.tomcat.TomcatWebServer - Tomcat initialized with port(s): 8080 (http)
2025-11-13 10:59:47 [main] INFO  org.apache.catalina.core.StandardService - Starting service [Tomcat]
2025-11-13 10:59:47 [main] INFO  org.apache.catalina.core.StandardEngine - Starting Servlet engine: [Apache Tomcat/10.1.15]
2025-11-13 10:59:47 [main] INFO  o.a.c.core.ContainerBase.[Tomcat].[localhost].[/] - Initializing Spring embedded WebApplicationContext
2025-11-13 10:59:47 [main] INFO  o.s.b.w.s.c.ServletWebServerApplicationContext - Root WebApplicationContext: initialization completed in 3010 ms
 _ _   |_  _ _|_. ___ _ |    _ 
| | |\/|_)(_| | |_\  |_)||_|_\ 
     /               |         
                        3.5.5 
2025-11-13 10:59:50 [main] INFO  o.s.security.web.DefaultSecurityFilterChain - Will secure any request with [org.springframework.security.web.session.DisableEncodeUrlFilter@5e048149, org.springframework.security.web.context.request.async.WebAsyncManagerIntegrationFilter@79d9214d, org.springframework.security.web.context.SecurityContextHolderFilter@2f61d591, org.springframework.security.web.header.HeaderWriterFilter@4e1ce44, org.springframework.security.web.authentication.logout.LogoutFilter@75361cf6, com.detection.platform.config.SecurityConfig$JwtAuthenticationFilter@3d5790ea, org.springframework.security.web.savedrequest.RequestCacheAwareFilter@7173ae5b, org.springframework.security.web.servletapi.SecurityContextHolderAwareRequestFilter@53a9fcfd, org.springframework.security.web.authentication.AnonymousAuthenticationFilter@1dd7796b, org.springframework.security.web.session.SessionManagementFilter@7a7cc52c, org.springframework.security.web.access.ExceptionTranslationFilter@3e15bb06, org.springframework.security.web.access.intercept.AuthorizationFilter@34b27915]
2025-11-13 10:59:51 [main] INFO  org.quartz.impl.StdSchedulerFactory - Using default implementation for ThreadExecutor
2025-11-13 10:59:51 [main] INFO  org.quartz.core.SchedulerSignalerImpl - Initialized Scheduler Signaller of type: class org.quartz.core.SchedulerSignalerImpl
2025-11-13 10:59:51 [main] INFO  org.quartz.core.QuartzScheduler - Quartz Scheduler v.2.3.2 created.
2025-11-13 10:59:51 [main] INFO  org.quartz.simpl.RAMJobStore - RAMJobStore initialized.
2025-11-13 10:59:51 [main] INFO  org.quartz.core.QuartzScheduler - Scheduler meta-data: Quartz Scheduler (v2.3.2) 'quartzScheduler' with instanceId 'NON_CLUSTERED'
  Scheduler class: 'org.quartz.core.QuartzScheduler' - running locally.
  NOT STARTED.
  Currently in standby mode.
  Number of jobs executed: 0
  Using thread pool 'org.quartz.simpl.SimpleThreadPool' - with 10 threads.
  Using job-store 'org.quartz.simpl.RAMJobStore' - which does not support persistence. and is not clustered.

2025-11-13 10:59:51 [main] INFO  org.quartz.impl.StdSchedulerFactory - Quartz scheduler 'quartzScheduler' initialized from an externally provided properties instance.
2025-11-13 10:59:51 [main] INFO  org.quartz.impl.StdSchedulerFactory - Quartz scheduler version: 2.3.2
2025-11-13 10:59:51 [main] INFO  org.quartz.core.QuartzScheduler - JobFactory set to: org.springframework.scheduling.quartz.SpringBeanJobFactory@2c88a3e8
2025-11-13 10:59:51 [main] INFO  o.s.boot.web.embedded.tomcat.TomcatWebServer - Tomcat started on port(s): 8080 (http) with context path ''
2025-11-13 10:59:51 [main] INFO  o.s.m.simp.broker.SimpleBrokerMessageHandler - Starting...
2025-11-13 10:59:51 [main] INFO  o.s.m.simp.broker.SimpleBrokerMessageHandler - BrokerAvailabilityEvent[available=true, SimpleBrokerMessageHandler [org.springframework.messaging.simp.broker.DefaultSubscriptionRegistry@5fbe155]]
2025-11-13 10:59:51 [main] INFO  o.s.m.simp.broker.SimpleBrokerMessageHandler - Started.
2025-11-13 10:59:51 [main] INFO  o.s.a.rabbit.connection.CachingConnectionFactory - Attempting to connect to: [localhost:5672]
2025-11-13 10:59:51 [main] INFO  o.s.a.rabbit.connection.CachingConnectionFactory - Created new connection: rabbitConnectionFactory#680d4a6a:0/SimpleConnection@4eb166a1 [delegate=amqp://admin@127.0.0.1:5672/, localPort=46334]
2025-11-13 10:59:52 [main] INFO  o.s.scheduling.quartz.SchedulerFactoryBean - Starting Quartz Scheduler now
2025-11-13 10:59:52 [main] INFO  org.quartz.core.QuartzScheduler - Scheduler quartzScheduler_$_NON_CLUSTERED started.
2025-11-13 10:59:52 [MessageBroker-1] INFO  c.d.platform.scheduler.HealthCheckScheduler - 开始执行代理健康检查定时任务
2025-11-13 10:59:52 [MessageBroker-1] INFO  c.d.platform.scheduler.HealthCheckScheduler - 代理健康检查定时任务执行完成
2025-11-13 10:59:52 [MessageBroker-2] INFO  c.d.platform.scheduler.HealthCheckScheduler - 开始执行服务器健康检查定时任务
2025-11-13 10:59:52 [main] INFO  c.detection.platform.DetectionPlatformApplication - Started DetectionPlatformApplication in 8.728 seconds (process running for 9.564)

========================================
  自动化数据检测平台启动成功！
  API文档地址: http://localhost:8080/doc.html
========================================

2025-11-13 10:59:52 [MessageBroker-2] INFO  com.zaxxer.hikari.HikariDataSource - DetectionHikariPool - Starting...
2025-11-13 10:59:52 [MessageBroker-2] INFO  com.zaxxer.hikari.pool.HikariPool - DetectionHikariPool - Added connection com.mysql.cj.jdbc.ConnectionImpl@6cd462ba
2025-11-13 10:59:52 [MessageBroker-2] INFO  com.zaxxer.hikari.HikariDataSource - DetectionHikariPool - Start completed.
2025-11-13 10:59:52 [MessageBroker-2] DEBUG c.detection.platform.dao.ServerMapper.selectList - ==>  Preparing: SELECT id,server_name,ip_address,ssh_port,auth_type,auth_credential,docker_port,status,cpu_usage,memory_usage,max_concurrent,current_tasks,create_time,last_heartbeat_time,deleted FROM t_server WHERE deleted=0 ORDER BY create_time DESC
2025-11-13 10:59:52 [MessageBroker-2] DEBUG c.detection.platform.dao.ServerMapper.selectList - ==> Parameters: 
2025-11-13 10:59:52 [MessageBroker-2] DEBUG c.detection.platform.dao.ServerMapper.selectList - <==      Total: 0
2025-11-13 10:59:52 [MessageBroker-2] INFO  c.d.platform.scheduler.HealthCheckScheduler - 服务器健康检查定时任务执行完成
2025-11-13 11:00:51 [MessageBroker-1] INFO  o.s.web.socket.config.WebSocketMessageBrokerStats - WebSocketSession[0 current WS(0)-HttpStream(0)-HttpPoll(0), 0 total, 0 closed abnormally (0 connect failure, 0 send limit, 0 transport error)], stompSubProtocol[processed CONNECT(0)-CONNECTED(0)-DISCONNECT(0)], stompBrokerRelay[null], inboundChannel[pool size = 0, active threads = 0, queued tasks = 0, completed tasks = 0], outboundChannel[pool size = 0, active threads = 0, queued tasks = 0, completed tasks = 0], sockJsScheduler[pool size = 4, active threads = 1, queued tasks = 2, completed tasks = 2]
2025-11-13 11:03:20 [http-nio-8080-exec-1] INFO  o.a.c.core.ContainerBase.[Tomcat].[localhost].[/] - Initializing Spring DispatcherServlet 'dispatcherServlet'
2025-11-13 11:03:20 [http-nio-8080-exec-1] INFO  org.springframework.web.servlet.DispatcherServlet - Initializing Servlet 'dispatcherServlet'
2025-11-13 11:03:20 [http-nio-8080-exec-1] INFO  org.springframework.web.servlet.DispatcherServlet - Completed initialization in 3 ms
2025-11-13 11:03:20 [http-nio-8080-exec-1] DEBUG c.d.p.c.SecurityConfig$JwtAuthenticationFilter - 公开路径，跳过JWT过滤器: /user/login
2025-11-13 11:03:20 [http-nio-8080-exec-1] DEBUG com.detection.platform.dao.UserMapper.selectList - ==>  Preparing: SELECT id,username,password,nickname,avatar,email,phone,status,create_time,update_time,last_login_time,deleted FROM t_user WHERE deleted=0 AND (username = ?)
2025-11-13 11:03:20 [http-nio-8080-exec-1] DEBUG com.detection.platform.dao.UserMapper.selectList - ==> Parameters: admin(String)
2025-11-13 11:03:20 [http-nio-8080-exec-1] DEBUG com.detection.platform.dao.UserMapper.selectList - <==      Total: 1
2025-11-13 11:03:21 [http-nio-8080-exec-1] DEBUG com.detection.platform.dao.UserMapper.updateById - ==>  Preparing: UPDATE t_user SET update_time=?, last_login_time=? WHERE id=? AND deleted=0
2025-11-13 11:03:21 [http-nio-8080-exec-1] DEBUG com.detection.platform.dao.UserMapper.updateById - ==> Parameters: 2025-11-13T11:03:21.070977337(LocalDateTime), 2025-11-13T11:03:21.063850317(LocalDateTime), 1(Long)
2025-11-13 11:03:21 [http-nio-8080-exec-1] DEBUG com.detection.platform.dao.UserMapper.updateById - <==    Updates: 1
2025-11-13 11:03:21 [http-nio-8080-exec-2] DEBUG c.d.p.c.SecurityConfig$JwtAuthenticationFilter - JWT Filter - URI: /data/base/page
2025-11-13 11:03:21 [http-nio-8080-exec-2] DEBUG c.d.p.c.SecurityConfig$JwtAuthenticationFilter - Token 有效
2025-11-13 11:03:21 [http-nio-8080-exec-2] DEBUG c.d.p.c.SecurityConfig$JwtAuthenticationFilter - 设置Authentication: admin
2025-11-13 11:03:21 [http-nio-8080-exec-2] DEBUG c.d.platform.dao.BaseDataMapper.selectList_mpCount - ==>  Preparing: SELECT COUNT(*) AS total FROM t_base_data WHERE deleted = 0
2025-11-13 11:03:21 [http-nio-8080-exec-2] DEBUG c.d.platform.dao.BaseDataMapper.selectList_mpCount - ==> Parameters: 
2025-11-13 11:03:21 [http-nio-8080-exec-2] DEBUG c.d.platform.dao.BaseDataMapper.selectList_mpCount - <==      Total: 1
2025-11-13 11:03:21 [http-nio-8080-exec-3] DEBUG c.d.p.c.SecurityConfig$JwtAuthenticationFilter - JWT Filter - URI: /data/result/page
2025-11-13 11:03:21 [http-nio-8080-exec-3] DEBUG c.d.p.c.SecurityConfig$JwtAuthenticationFilter - Token 有效
2025-11-13 11:03:21 [http-nio-8080-exec-3] DEBUG c.d.p.c.SecurityConfig$JwtAuthenticationFilter - 设置Authentication: admin
2025-11-13 11:03:21 [http-nio-8080-exec-3] DEBUG c.d.p.dao.DetectionResultMapper.selectList_mpCount - ==>  Preparing: SELECT COUNT(*) AS total FROM t_detection_result
2025-11-13 11:03:21 [http-nio-8080-exec-3] DEBUG c.d.p.dao.DetectionResultMapper.selectList_mpCount - ==> Parameters: 
2025-11-13 11:03:21 [http-nio-8080-exec-3] DEBUG c.d.p.dao.DetectionResultMapper.selectList_mpCount - <==      Total: 1
2025-11-13 11:03:21 [http-nio-8080-exec-4] DEBUG c.d.p.c.SecurityConfig$JwtAuthenticationFilter - JWT Filter - URI: /data/result/statistics
2025-11-13 11:03:21 [http-nio-8080-exec-4] DEBUG c.d.p.c.SecurityConfig$JwtAuthenticationFilter - Token 有效
2025-11-13 11:03:21 [http-nio-8080-exec-4] DEBUG c.d.p.c.SecurityConfig$JwtAuthenticationFilter - 设置Authentication: admin
2025-11-13 11:03:21 [http-nio-8080-exec-4] ERROR c.detection.platform.config.GlobalExceptionHandler - 未知异常
org.springframework.web.bind.MissingServletRequestParameterException: Required request parameter 'taskId' for method parameter type Long is not present
	at org.springframework.web.method.annotation.RequestParamMethodArgumentResolver.handleMissingValueInternal(RequestParamMethodArgumentResolver.java:218)
	at org.springframework.web.method.annotation.RequestParamMethodArgumentResolver.handleMissingValue(RequestParamMethodArgumentResolver.java:193)
	at org.springframework.web.method.annotation.AbstractNamedValueMethodArgumentResolver.resolveArgument(AbstractNamedValueMethodArgumentResolver.java:114)
	at org.springframework.web.method.support.HandlerMethodArgumentResolverComposite.resolveArgument(HandlerMethodArgumentResolverComposite.java:122)
	at org.springframework.web.method.support.InvocableHandlerMethod.getMethodArgumentValues(InvocableHandlerMethod.java:179)
	at org.springframework.web.method.support.InvocableHandlerMethod.invokeForRequest(InvocableHandlerMethod.java:146)
	at org.springframework.web.servlet.mvc.method.annotation.ServletInvocableHandlerMethod.invokeAndHandle(ServletInvocableHandlerMethod.java:118)
	at org.springframework.web.servlet.mvc.method.annotation.RequestMappingHandlerAdapter.invokeHandlerMethod(RequestMappingHandlerAdapter.java:884)
	at org.springframework.web.servlet.mvc.method.annotation.RequestMappingHandlerAdapter.handleInternal(RequestMappingHandlerAdapter.java:797)
	at org.springframework.web.servlet.mvc.method.AbstractHandlerMethodAdapter.handle(AbstractHandlerMethodAdapter.java:87)
	at org.springframework.web.servlet.DispatcherServlet.doDispatch(DispatcherServlet.java:1081)
	at org.springframework.web.servlet.DispatcherServlet.doService(DispatcherServlet.java:974)
	at org.springframework.web.servlet.FrameworkServlet.processRequest(FrameworkServlet.java:1011)
	at org.springframework.web.servlet.FrameworkServlet.doGet(FrameworkServlet.java:903)
	at jakarta.servlet.http.HttpServlet.service(HttpServlet.java:564)
	at org.springframework.web.servlet.FrameworkServlet.service(FrameworkServlet.java:885)
	at jakarta.servlet.http.HttpServlet.service(HttpServlet.java:658)
	at org.apache.catalina.core.ApplicationFilterChain.internalDoFilter(ApplicationFilterChain.java:205)
	at org.apache.catalina.core.ApplicationFilterChain.doFilter(ApplicationFilterChain.java:149)
	at org.apache.tomcat.websocket.server.WsFilter.doFilter(WsFilter.java:51)
	at org.apache.catalina.core.ApplicationFilterChain.internalDoFilter(ApplicationFilterChain.java:174)
	at org.apache.catalina.core.ApplicationFilterChain.doFilter(ApplicationFilterChain.java:149)
	at org.springframework.web.filter.CorsFilter.doFilterInternal(CorsFilter.java:91)
	at org.springframework.web.filter.OncePerRequestFilter.doFilter(OncePerRequestFilter.java:116)
	at org.apache.catalina.core.ApplicationFilterChain.internalDoFilter(ApplicationFilterChain.java:174)
	at org.apache.catalina.core.ApplicationFilterChain.doFilter(ApplicationFilterChain.java:149)
	at org.springframework.security.web.FilterChainProxy.lambda$doFilterInternal$3(FilterChainProxy.java:231)
	at org.springframework.security.web.FilterChainProxy$VirtualFilterChain.doFilter(FilterChainProxy.java:365)
	at org.springframework.security.web.access.intercept.AuthorizationFilter.doFilter(AuthorizationFilter.java:100)
	at org.springframework.security.web.FilterChainProxy$VirtualFilterChain.doFilter(FilterChainProxy.java:374)
	at org.springframework.security.web.access.ExceptionTranslationFilter.doFilter(ExceptionTranslationFilter.java:126)
	at org.springframework.security.web.access.ExceptionTranslationFilter.doFilter(ExceptionTranslationFilter.java:120)
	at org.springframework.security.web.FilterChainProxy$VirtualFilterChain.doFilter(FilterChainProxy.java:374)
	at org.springframework.security.web.session.SessionManagementFilter.doFilter(SessionManagementFilter.java:131)
	at org.springframework.security.web.session.SessionManagementFilter.doFilter(SessionManagementFilter.java:85)
	at org.springframework.security.web.FilterChainProxy$VirtualFilterChain.doFilter(FilterChainProxy.java:374)
	at org.springframework.security.web.authentication.AnonymousAuthenticationFilter.doFilter(AnonymousAuthenticationFilter.java:100)
	at org.springframework.security.web.FilterChainProxy$VirtualFilterChain.doFilter(FilterChainProxy.java:374)
	at org.springframework.security.web.servletapi.SecurityContextHolderAwareRequestFilter.doFilter(SecurityContextHolderAwareRequestFilter.java:179)
	at org.springframework.security.web.FilterChainProxy$VirtualFilterChain.doFilter(FilterChainProxy.java:374)
	at org.springframework.security.web.savedrequest.RequestCacheAwareFilter.doFilter(RequestCacheAwareFilter.java:63)
	at org.springframework.security.web.FilterChainProxy$VirtualFilterChain.doFilter(FilterChainProxy.java:374)
	at com.detection.platform.config.SecurityConfig$JwtAuthenticationFilter.doFilterInternal(SecurityConfig.java:142)
	at org.springframework.web.filter.OncePerRequestFilter.doFilter(OncePerRequestFilter.java:116)
	at org.springframework.security.web.FilterChainProxy$VirtualFilterChain.doFilter(FilterChainProxy.java:374)
	at org.springframework.security.web.authentication.logout.LogoutFilter.doFilter(LogoutFilter.java:107)
	at org.springframework.security.web.authentication.logout.LogoutFilter.doFilter(LogoutFilter.java:93)
	at org.springframework.security.web.FilterChainProxy$VirtualFilterChain.doFilter(FilterChainProxy.java:374)
	at org.springframework.security.web.header.HeaderWriterFilter.doHeadersAfter(HeaderWriterFilter.java:90)
	at org.springframework.security.web.header.HeaderWriterFilter.doFilterInternal(HeaderWriterFilter.java:75)
	at org.springframework.web.filter.OncePerRequestFilter.doFilter(OncePerRequestFilter.java:116)
	at org.springframework.security.web.FilterChainProxy$VirtualFilterChain.doFilter(FilterChainProxy.java:374)
	at org.springframework.security.web.context.SecurityContextHolderFilter.doFilter(SecurityContextHolderFilter.java:82)
	at org.springframework.security.web.context.SecurityContextHolderFilter.doFilter(SecurityContextHolderFilter.java:69)
	at org.springframework.security.web.FilterChainProxy$VirtualFilterChain.doFilter(FilterChainProxy.java:374)
	at org.springframework.security.web.context.request.async.WebAsyncManagerIntegrationFilter.doFilterInternal(WebAsyncManagerIntegrationFilter.java:62)
	at org.springframework.web.filter.OncePerRequestFilter.doFilter(OncePerRequestFilter.java:116)
	at org.springframework.security.web.FilterChainProxy$VirtualFilterChain.doFilter(FilterChainProxy.java:374)
	at org.springframework.security.web.session.DisableEncodeUrlFilter.doFilterInternal(DisableEncodeUrlFilter.java:42)
	at org.springframework.web.filter.OncePerRequestFilter.doFilter(OncePerRequestFilter.java:116)
	at org.springframework.security.web.FilterChainProxy$VirtualFilterChain.doFilter(FilterChainProxy.java:374)
	at org.springframework.security.web.FilterChainProxy.doFilterInternal(FilterChainProxy.java:233)
	at org.springframework.security.web.FilterChainProxy.doFilter(FilterChainProxy.java:191)
	at org.springframework.web.filter.DelegatingFilterProxy.invokeDelegate(DelegatingFilterProxy.java:352)
	at org.springframework.web.filter.DelegatingFilterProxy.doFilter(DelegatingFilterProxy.java:268)
	at org.apache.catalina.core.ApplicationFilterChain.internalDoFilter(ApplicationFilterChain.java:174)
	at org.apache.catalina.core.ApplicationFilterChain.doFilter(ApplicationFilterChain.java:149)
	at org.springframework.web.filter.RequestContextFilter.doFilterInternal(RequestContextFilter.java:100)
	at org.springframework.web.filter.OncePerRequestFilter.doFilter(OncePerRequestFilter.java:116)
	at org.apache.catalina.core.ApplicationFilterChain.internalDoFilter(ApplicationFilterChain.java:174)
	at org.apache.catalina.core.ApplicationFilterChain.doFilter(ApplicationFilterChain.java:149)
	at org.springframework.web.filter.FormContentFilter.doFilterInternal(FormContentFilter.java:93)
	at org.springframework.web.filter.OncePerRequestFilter.doFilter(OncePerRequestFilter.java:116)
	at org.apache.catalina.core.ApplicationFilterChain.internalDoFilter(ApplicationFilterChain.java:174)
	at org.apache.catalina.core.ApplicationFilterChain.doFilter(ApplicationFilterChain.java:149)
	at org.springframework.web.filter.CharacterEncodingFilter.doFilterInternal(CharacterEncodingFilter.java:201)
	at org.springframework.web.filter.OncePerRequestFilter.doFilter(OncePerRequestFilter.java:116)
	at org.apache.catalina.core.ApplicationFilterChain.internalDoFilter(ApplicationFilterChain.java:174)
	at org.apache.catalina.core.ApplicationFilterChain.doFilter(ApplicationFilterChain.java:149)
	at org.apache.catalina.core.StandardWrapperValve.invoke(StandardWrapperValve.java:167)
	at org.apache.catalina.core.StandardContextValve.invoke(StandardContextValve.java:90)
	at org.apache.catalina.authenticator.AuthenticatorBase.invoke(AuthenticatorBase.java:482)
	at org.apache.catalina.core.StandardHostValve.invoke(StandardHostValve.java:115)
	at org.apache.catalina.valves.ErrorReportValve.invoke(ErrorReportValve.java:93)
	at org.apache.catalina.core.StandardEngineValve.invoke(StandardEngineValve.java:74)
	at org.apache.catalina.connector.CoyoteAdapter.service(CoyoteAdapter.java:340)
	at org.apache.coyote.http11.Http11Processor.service(Http11Processor.java:391)
	at org.apache.coyote.AbstractProcessorLight.process(AbstractProcessorLight.java:63)
	at org.apache.coyote.AbstractProtocol$ConnectionHandler.process(AbstractProtocol.java:896)
	at org.apache.tomcat.util.net.NioEndpoint$SocketProcessor.doRun(NioEndpoint.java:1744)
	at org.apache.tomcat.util.net.SocketProcessorBase.run(SocketProcessorBase.java:52)
	at org.apache.tomcat.util.threads.ThreadPoolExecutor.runWorker(ThreadPoolExecutor.java:1191)
	at org.apache.tomcat.util.threads.ThreadPoolExecutor$Worker.run(ThreadPoolExecutor.java:659)
	at org.apache.tomcat.util.threads.TaskThread$WrappingRunnable.run(TaskThread.java:61)
	at java.base/java.lang.Thread.run(Thread.java:842)
2025-11-13 11:03:21 [http-nio-8080-exec-5] DEBUG c.d.p.c.SecurityConfig$JwtAuthenticationFilter - JWT Filter - URI: /data/result/page
2025-11-13 11:03:21 [http-nio-8080-exec-5] DEBUG c.d.p.c.SecurityConfig$JwtAuthenticationFilter - Token 有效
2025-11-13 11:03:21 [http-nio-8080-exec-5] DEBUG c.d.p.c.SecurityConfig$JwtAuthenticationFilter - 设置Authentication: admin
2025-11-13 11:03:21 [http-nio-8080-exec-5] DEBUG c.d.p.dao.DetectionResultMapper.selectList_mpCount - ==>  Preparing: SELECT COUNT(*) AS total FROM t_detection_result
2025-11-13 11:03:21 [http-nio-8080-exec-5] DEBUG c.d.p.dao.DetectionResultMapper.selectList_mpCount - ==> Parameters: 
2025-11-13 11:03:21 [http-nio-8080-exec-5] DEBUG c.d.p.dao.DetectionResultMapper.selectList_mpCount - <==      Total: 1
2025-11-13 11:03:21 [http-nio-8080-exec-6] DEBUG c.d.p.c.SecurityConfig$JwtAuthenticationFilter - JWT Filter - URI: /task/page
2025-11-13 11:03:21 [http-nio-8080-exec-6] DEBUG c.d.p.c.SecurityConfig$JwtAuthenticationFilter - Token 有效
2025-11-13 11:03:21 [http-nio-8080-exec-6] DEBUG c.d.p.c.SecurityConfig$JwtAuthenticationFilter - 设置Authentication: admin
2025-11-13 11:03:21 [http-nio-8080-exec-6] DEBUG c.d.p.dao.DetectionTaskMapper.selectList_mpCount - ==>  Preparing: SELECT COUNT(*) AS total FROM t_detection_task WHERE deleted = 0
2025-11-13 11:03:21 [http-nio-8080-exec-6] DEBUG c.d.p.dao.DetectionTaskMapper.selectList_mpCount - ==> Parameters: 
2025-11-13 11:03:21 [http-nio-8080-exec-6] DEBUG c.d.p.dao.DetectionTaskMapper.selectList_mpCount - <==      Total: 1
2025-11-13 11:03:21 [http-nio-8080-exec-7] DEBUG c.d.p.c.SecurityConfig$JwtAuthenticationFilter - JWT Filter - URI: /task/page
2025-11-13 11:03:21 [http-nio-8080-exec-7] DEBUG c.d.p.c.SecurityConfig$JwtAuthenticationFilter - Token 有效
2025-11-13 11:03:21 [http-nio-8080-exec-7] DEBUG c.d.p.c.SecurityConfig$JwtAuthenticationFilter - 设置Authentication: admin
2025-11-13 11:03:21 [http-nio-8080-exec-7] DEBUG c.d.p.dao.DetectionTaskMapper.selectList_mpCount - ==>  Preparing: SELECT COUNT(*) AS total FROM t_detection_task WHERE deleted = 0
2025-11-13 11:03:21 [http-nio-8080-exec-7] DEBUG c.d.p.dao.DetectionTaskMapper.selectList_mpCount - ==> Parameters: 
2025-11-13 11:03:21 [http-nio-8080-exec-7] DEBUG c.d.p.dao.DetectionTaskMapper.selectList_mpCount - <==      Total: 1
2025-11-13 11:03:21 [http-nio-8080-exec-8] DEBUG c.d.p.c.SecurityConfig$JwtAuthenticationFilter - JWT Filter - URI: /template/list
2025-11-13 11:03:21 [http-nio-8080-exec-8] DEBUG c.d.p.c.SecurityConfig$JwtAuthenticationFilter - Token 有效
2025-11-13 11:03:21 [http-nio-8080-exec-8] DEBUG c.d.p.c.SecurityConfig$JwtAuthenticationFilter - 设置Authentication: admin
2025-11-13 11:03:21 [http-nio-8080-exec-8] DEBUG c.d.platform.dao.PostTemplateMapper.selectList - ==>  Preparing: SELECT id,template_name,target_site,request_url,request_method,request_headers,request_body,success_rule,fail_rule,enable_proxy,timeout_seconds,retry_count,version,create_time,update_time,deleted FROM t_post_template WHERE deleted=0
2025-11-13 11:03:21 [http-nio-8080-exec-8] DEBUG c.d.platform.dao.PostTemplateMapper.selectList - ==> Parameters: 
2025-11-13 11:03:22 [http-nio-8080-exec-8] DEBUG c.d.platform.dao.PostTemplateMapper.selectList - <==      Total: 0
2025-11-13 11:03:22 [http-nio-8080-exec-9] DEBUG c.d.p.c.SecurityConfig$JwtAuthenticationFilter - JWT Filter - URI: /proxy/pool/list
2025-11-13 11:03:22 [http-nio-8080-exec-9] DEBUG c.d.p.c.SecurityConfig$JwtAuthenticationFilter - Token 有效
2025-11-13 11:03:22 [http-nio-8080-exec-9] DEBUG c.d.p.c.SecurityConfig$JwtAuthenticationFilter - 设置Authentication: admin
2025-11-13 11:03:22 [http-nio-8080-exec-9] DEBUG c.d.platform.dao.ProxyPoolMapper.selectList - ==>  Preparing: SELECT id,pool_name,proxy_type,description,total_nodes,available_nodes,health_score,create_time,deleted FROM t_proxy_pool WHERE deleted=0 ORDER BY create_time DESC
2025-11-13 11:03:22 [http-nio-8080-exec-9] DEBUG c.d.platform.dao.ProxyPoolMapper.selectList - ==> Parameters: 
2025-11-13 11:03:22 [http-nio-8080-exec-9] DEBUG c.d.platform.dao.ProxyPoolMapper.selectList - <==      Total: 0
2025-11-13 11:03:22 [http-nio-8080-exec-10] DEBUG c.d.p.c.SecurityConfig$JwtAuthenticationFilter - JWT Filter - URI: /server/list
2025-11-13 11:03:22 [http-nio-8080-exec-10] DEBUG c.d.p.c.SecurityConfig$JwtAuthenticationFilter - Token 有效
2025-11-13 11:03:22 [http-nio-8080-exec-10] DEBUG c.d.p.c.SecurityConfig$JwtAuthenticationFilter - 设置Authentication: admin
2025-11-13 11:03:22 [http-nio-8080-exec-10] DEBUG c.detection.platform.dao.ServerMapper.selectList - ==>  Preparing: SELECT id,server_name,ip_address,ssh_port,auth_type,auth_credential,docker_port,status,cpu_usage,memory_usage,max_concurrent,current_tasks,create_time,last_heartbeat_time,deleted FROM t_server WHERE deleted=0 ORDER BY create_time DESC
2025-11-13 11:03:22 [http-nio-8080-exec-10] DEBUG c.detection.platform.dao.ServerMapper.selectList - ==> Parameters: 
2025-11-13 11:03:22 [http-nio-8080-exec-10] DEBUG c.detection.platform.dao.ServerMapper.selectList - <==      Total: 0
2025-11-13 11:03:22 [http-nio-8080-exec-1] DEBUG c.d.p.c.SecurityConfig$JwtAuthenticationFilter - JWT Filter - URI: /template/page
2025-11-13 11:03:22 [http-nio-8080-exec-1] DEBUG c.d.p.c.SecurityConfig$JwtAuthenticationFilter - Token 有效
2025-11-13 11:03:22 [http-nio-8080-exec-1] DEBUG c.d.p.c.SecurityConfig$JwtAuthenticationFilter - 设置Authentication: admin
2025-11-13 11:03:22 [http-nio-8080-exec-1] DEBUG c.d.p.dao.PostTemplateMapper.selectList_mpCount - ==>  Preparing: SELECT COUNT(*) AS total FROM t_post_template WHERE deleted = 0
2025-11-13 11:03:22 [http-nio-8080-exec-1] DEBUG c.d.p.dao.PostTemplateMapper.selectList_mpCount - ==> Parameters: 
2025-11-13 11:03:22 [http-nio-8080-exec-1] DEBUG c.d.p.dao.PostTemplateMapper.selectList_mpCount - <==      Total: 1
2025-11-13 11:03:22 [http-nio-8080-exec-2] DEBUG c.d.p.c.SecurityConfig$JwtAuthenticationFilter - JWT Filter - URI: /business/register/list
2025-11-13 11:03:22 [http-nio-8080-exec-2] DEBUG c.d.p.c.SecurityConfig$JwtAuthenticationFilter - Token 有效
2025-11-13 11:03:22 [http-nio-8080-exec-2] DEBUG c.d.p.c.SecurityConfig$JwtAuthenticationFilter - 设置Authentication: admin
2025-11-13 11:03:22 [http-nio-8080-exec-2] DEBUG c.d.p.dao.RegisterTaskMapper.selectList_mpCount - ==>  Preparing: SELECT COUNT(*) AS total FROM t_register_task WHERE deleted = 0
2025-11-13 11:03:22 [http-nio-8080-exec-2] DEBUG c.d.p.dao.RegisterTaskMapper.selectList_mpCount - ==> Parameters: 
2025-11-13 11:03:22 [http-nio-8080-exec-2] DEBUG c.d.p.dao.RegisterTaskMapper.selectList_mpCount - <==      Total: 1
2025-11-13 11:03:22 [http-nio-8080-exec-3] DEBUG c.d.p.c.SecurityConfig$JwtAuthenticationFilter - JWT Filter - URI: /business/analysis/list
2025-11-13 11:03:22 [http-nio-8080-exec-3] DEBUG c.d.p.c.SecurityConfig$JwtAuthenticationFilter - Token 有效
2025-11-13 11:03:22 [http-nio-8080-exec-3] DEBUG c.d.p.c.SecurityConfig$JwtAuthenticationFilter - 设置Authentication: admin
2025-11-13 11:03:22 [http-nio-8080-exec-3] DEBUG c.d.p.dao.WebsiteAnalysisMapper.selectList_mpCount - ==>  Preparing: SELECT COUNT(*) AS total FROM t_website_analysis WHERE deleted = 0
2025-11-13 11:03:22 [http-nio-8080-exec-3] DEBUG c.d.p.dao.WebsiteAnalysisMapper.selectList_mpCount - ==> Parameters: 
2025-11-13 11:03:22 [http-nio-8080-exec-3] DEBUG c.d.p.dao.WebsiteAnalysisMapper.selectList_mpCount - <==      Total: 1
2025-11-13 11:03:22 [http-nio-8080-exec-4] DEBUG c.d.p.c.SecurityConfig$JwtAuthenticationFilter - JWT Filter - URI: /proxy/pool/page
2025-11-13 11:03:22 [http-nio-8080-exec-4] DEBUG c.d.p.c.SecurityConfig$JwtAuthenticationFilter - Token 有效
2025-11-13 11:03:22 [http-nio-8080-exec-4] DEBUG c.d.p.c.SecurityConfig$JwtAuthenticationFilter - 设置Authentication: admin
2025-11-13 11:03:22 [http-nio-8080-exec-4] DEBUG c.d.p.dao.ProxyPoolMapper.selectList_mpCount - ==>  Preparing: SELECT COUNT(*) AS total FROM t_proxy_pool WHERE deleted = 0
2025-11-13 11:03:22 [http-nio-8080-exec-4] DEBUG c.d.p.dao.ProxyPoolMapper.selectList_mpCount - ==> Parameters: 
2025-11-13 11:03:22 [http-nio-8080-exec-4] DEBUG c.d.p.dao.ProxyPoolMapper.selectList_mpCount - <==      Total: 1
2025-11-13 11:03:22 [http-nio-8080-exec-5] DEBUG c.d.p.c.SecurityConfig$JwtAuthenticationFilter - JWT Filter - URI: /server/page
2025-11-13 11:03:22 [http-nio-8080-exec-5] DEBUG c.d.p.c.SecurityConfig$JwtAuthenticationFilter - Token 有效
2025-11-13 11:03:22 [http-nio-8080-exec-5] DEBUG c.d.p.c.SecurityConfig$JwtAuthenticationFilter - 设置Authentication: admin
2025-11-13 11:03:22 [http-nio-8080-exec-5] DEBUG c.d.platform.dao.ServerMapper.selectList_mpCount - ==>  Preparing: SELECT COUNT(*) AS total FROM t_server WHERE deleted = 0
2025-11-13 11:03:22 [http-nio-8080-exec-5] DEBUG c.d.platform.dao.ServerMapper.selectList_mpCount - ==> Parameters: 
2025-11-13 11:03:22 [http-nio-8080-exec-5] DEBUG c.d.platform.dao.ServerMapper.selectList_mpCount - <==      Total: 1
2025-11-13 11:04:52 [MessageBroker-3] INFO  c.d.platform.scheduler.HealthCheckScheduler - 开始执行服务器健康检查定时任务
2025-11-13 11:04:52 [MessageBroker-3] DEBUG c.detection.platform.dao.ServerMapper.selectList - ==>  Preparing: SELECT id,server_name,ip_address,ssh_port,auth_type,auth_credential,docker_port,status,cpu_usage,memory_usage,max_concurrent,current_tasks,create_time,last_heartbeat_time,deleted FROM t_server WHERE deleted=0 ORDER BY create_time DESC
2025-11-13 11:04:52 [MessageBroker-3] DEBUG c.detection.platform.dao.ServerMapper.selectList - ==> Parameters: 
2025-11-13 11:04:52 [MessageBroker-3] DEBUG c.detection.platform.dao.ServerMapper.selectList - <==      Total: 0
2025-11-13 11:04:52 [MessageBroker-3] INFO  c.d.platform.scheduler.HealthCheckScheduler - 服务器健康检查定时任务执行完成
