
  .   ____          _            __ _ _
 /\\ / ___'_ __ _ _(_)_ __  __ _ \ \ \ \
( ( )\___ | '_ | '_| | '_ \/ _` | \ \ \ \
 \\/  ___)| |_)| | | | | || (_| |  ) ) ) )
  '  |____| .__|_| |_|_| |_\__, | / / / /
 =========|_|==============|___/=/_/_/_/
 :: Spring Boot ::                (v3.1.5)

2025-11-13 08:24:32 [main] INFO  c.detection.platform.DetectionPlatformApplication - Starting DetectionPlatformApplication v1.0.0 using Java 17.0.9 with PID 17913 (/root/jc-test/backend/target/detection-platform-1.0.0.jar started by root in /root/jc-test/backend)
2025-11-13 08:24:32 [main] DEBUG c.detection.platform.DetectionPlatformApplication - Running with Spring Boot v3.1.5, Spring v6.0.13
2025-11-13 08:24:32 [main] INFO  c.detection.platform.DetectionPlatformApplication - No active profile set, falling back to 1 default profile: "default"
2025-11-13 08:24:34 [main] INFO  o.s.d.r.config.RepositoryConfigurationDelegate - Multiple Spring Data modules found, entering strict repository configuration mode
2025-11-13 08:24:34 [main] INFO  o.s.d.r.config.RepositoryConfigurationDelegate - Bootstrapping Spring Data Redis repositories in DEFAULT mode.
2025-11-13 08:24:34 [main] INFO  o.s.d.r.config.RepositoryConfigurationDelegate - Finished Spring Data repository scanning in 40 ms. Found 0 Redis repository interfaces.
2025-11-13 08:24:36 [main] INFO  o.s.boot.web.embedded.tomcat.TomcatWebServer - Tomcat initialized with port(s): 8080 (http)
2025-11-13 08:24:36 [main] INFO  org.apache.catalina.core.StandardService - Starting service [Tomcat]
2025-11-13 08:24:36 [main] INFO  org.apache.catalina.core.StandardEngine - Starting Servlet engine: [Apache Tomcat/10.1.15]
2025-11-13 08:24:36 [main] INFO  o.a.c.core.ContainerBase.[Tomcat].[localhost].[/] - Initializing Spring embedded WebApplicationContext
2025-11-13 08:24:36 [main] INFO  o.s.b.w.s.c.ServletWebServerApplicationContext - Root WebApplicationContext: initialization completed in 3509 ms
2025-11-13 08:24:36 [main] DEBUG org.springframework.web.filter.CorsFilter - Filter 'corsFilter' configured for use
 _ _   |_  _ _|_. ___ _ |    _ 
| | |\/|_)(_| | |_\  |_)||_|_\ 
     /               |         
                        3.5.5 
2025-11-13 08:24:39 [main] WARN  o.s.b.a.s.s.UserDetailsServiceAutoConfiguration - 

Using generated security password: c057afd0-f713-403d-bac6-57b0a97907ae

This generated password is for development use only. Your security configuration must be updated before running your application in production.

2025-11-13 08:24:39 [main] DEBUG o.s.w.s.server.support.WebSocketHandlerMapping - Patterns [/ws/**] in 'stompWebSocketHandlerMapping'
2025-11-13 08:24:39 [main] DEBUG o.s.w.s.m.m.a.RequestMappingHandlerMapping - 71 mappings in 'requestMappingHandlerMapping'
2025-11-13 08:24:39 [main] DEBUG o.s.web.servlet.handler.SimpleUrlHandlerMapping - Patterns [/webjars/**, /**] in 'resourceHandlerMapping'
2025-11-13 08:24:40 [main] INFO  o.s.security.web.DefaultSecurityFilterChain - Will secure any request with [org.springframework.security.web.session.DisableEncodeUrlFilter@140d1230, org.springframework.security.web.context.request.async.WebAsyncManagerIntegrationFilter@3cbf1ba4, org.springframework.security.web.context.SecurityContextHolderFilter@3936df72, org.springframework.security.web.header.HeaderWriterFilter@396639b, org.springframework.security.web.authentication.logout.LogoutFilter@8f2098e, com.detection.platform.config.SecurityConfig$JwtAuthenticationFilter@10bea4, org.springframework.security.web.savedrequest.RequestCacheAwareFilter@12d1f1d4, org.springframework.security.web.servletapi.SecurityContextHolderAwareRequestFilter@7a389761, org.springframework.security.web.authentication.AnonymousAuthenticationFilter@7e2c64, org.springframework.security.web.session.SessionManagementFilter@7158daf2, org.springframework.security.web.access.ExceptionTranslationFilter@a18649a, org.springframework.security.web.access.intercept.AuthorizationFilter@19962194]
2025-11-13 08:24:40 [main] DEBUG o.s.w.s.m.WebSocketAnnotationMethodMessageHandler - 
	c.d.p.c.ServerController:
	
2025-11-13 08:24:40 [main] DEBUG o.s.w.s.m.WebSocketAnnotationMethodMessageHandler - 
	c.d.p.c.DetectionTaskController:
	
2025-11-13 08:24:40 [main] DEBUG o.s.w.s.m.WebSocketAnnotationMethodMessageHandler - 
	c.d.p.c.BusinessController:
	
2025-11-13 08:24:40 [main] DEBUG o.s.w.s.m.WebSocketAnnotationMethodMessageHandler - 
	c.d.p.c.PostTemplateController:
	
2025-11-13 08:24:40 [main] DEBUG o.s.w.s.m.WebSocketAnnotationMethodMessageHandler - 
	c.d.p.c.UserController:
	
2025-11-13 08:24:40 [main] DEBUG o.s.w.s.m.WebSocketAnnotationMethodMessageHandler - 
	c.d.p.c.ProxyController:
	
2025-11-13 08:24:40 [main] DEBUG o.s.w.s.m.WebSocketAnnotationMethodMessageHandler - 
	c.d.p.c.DataController:
	
2025-11-13 08:24:40 [main] DEBUG o.s.w.s.m.WebSocketAnnotationMethodMessageHandler - 
	o.s.b.a.w.s.e.BasicErrorController:
	
2025-11-13 08:24:40 [main] DEBUG o.s.w.s.m.m.a.RequestMappingHandlerAdapter - ControllerAdvice beans: 0 @ModelAttribute, 0 @InitBinder, 1 RequestBodyAdvice, 1 ResponseBodyAdvice
2025-11-13 08:24:40 [main] DEBUG o.s.w.s.m.m.a.ExceptionHandlerExceptionResolver - ControllerAdvice beans: 1 @ExceptionHandler, 1 ResponseBodyAdvice
2025-11-13 08:24:41 [main] INFO  org.quartz.impl.StdSchedulerFactory - Using default implementation for ThreadExecutor
2025-11-13 08:24:41 [main] INFO  org.quartz.core.SchedulerSignalerImpl - Initialized Scheduler Signaller of type: class org.quartz.core.SchedulerSignalerImpl
2025-11-13 08:24:41 [main] INFO  org.quartz.core.QuartzScheduler - Quartz Scheduler v.2.3.2 created.
2025-11-13 08:24:41 [main] INFO  org.quartz.simpl.RAMJobStore - RAMJobStore initialized.
2025-11-13 08:24:41 [main] INFO  org.quartz.core.QuartzScheduler - Scheduler meta-data: Quartz Scheduler (v2.3.2) 'quartzScheduler' with instanceId 'NON_CLUSTERED'
  Scheduler class: 'org.quartz.core.QuartzScheduler' - running locally.
  NOT STARTED.
  Currently in standby mode.
  Number of jobs executed: 0
  Using thread pool 'org.quartz.simpl.SimpleThreadPool' - with 10 threads.
  Using job-store 'org.quartz.simpl.RAMJobStore' - which does not support persistence. and is not clustered.

2025-11-13 08:24:41 [main] INFO  org.quartz.impl.StdSchedulerFactory - Quartz scheduler 'quartzScheduler' initialized from an externally provided properties instance.
2025-11-13 08:24:41 [main] INFO  org.quartz.impl.StdSchedulerFactory - Quartz scheduler version: 2.3.2
2025-11-13 08:24:41 [main] INFO  org.quartz.core.QuartzScheduler - JobFactory set to: org.springframework.scheduling.quartz.SpringBeanJobFactory@5981f4a6
2025-11-13 08:24:41 [main] WARN  o.s.b.w.s.c.AnnotationConfigServletWebServerApplicationContext - Exception encountered during context initialization - cancelling refresh attempt: org.springframework.context.ApplicationContextException: Failed to start bean 'webServerStartStop'
2025-11-13 08:24:41 [main] INFO  o.s.scheduling.quartz.SchedulerFactoryBean - Shutting down Quartz Scheduler
2025-11-13 08:24:41 [main] INFO  org.quartz.core.QuartzScheduler - Scheduler quartzScheduler_$_NON_CLUSTERED shutting down.
2025-11-13 08:24:41 [main] INFO  org.quartz.core.QuartzScheduler - Scheduler quartzScheduler_$_NON_CLUSTERED paused.
2025-11-13 08:24:41 [main] INFO  org.quartz.core.QuartzScheduler - Scheduler quartzScheduler_$_NON_CLUSTERED shutdown complete.
2025-11-13 08:24:41 [main] INFO  org.apache.catalina.core.StandardService - Stopping service [Tomcat]
2025-11-13 08:24:41 [main] INFO  o.s.b.a.logging.ConditionEvaluationReportLogger - 

Error starting ApplicationContext. To display the condition evaluation report re-run your application with 'debug' enabled.
2025-11-13 08:24:41 [main] ERROR o.s.b.diagnostics.LoggingFailureAnalysisReporter - 

***************************
APPLICATION FAILED TO START
***************************

Description:

Web server failed to start. Port 8080 was already in use.

Action:

Identify and stop the process that's listening on port 8080 or configure this application to listen on another port.

