
  .   ____          _            __ _ _
 /\\ / ___'_ __ _ _(_)_ __  __ _ \ \ \ \
( ( )\___ | '_ | '_| | '_ \/ _` | \ \ \ \
 \\/  ___)| |_)| | | | | || (_| |  ) ) ) )
  '  |____| .__|_| |_|_| |_\__, | / / / /
 =========|_|==============|___/=/_/_/_/
 :: Spring Boot ::                (v3.1.5)

2025-11-13 11:06:06 [main] INFO  c.detection.platform.DetectionPlatformApplication - Starting DetectionPlatformApplication v1.0.0 using Java 17.0.9 with PID 11584 (/root/jc-test/backend/target/detection-platform-1.0.0.jar started by root in /root/jc-test/backend)
2025-11-13 11:06:06 [main] DEBUG c.detection.platform.DetectionPlatformApplication - Running with Spring Boot v3.1.5, Spring v6.0.13
2025-11-13 11:06:06 [main] INFO  c.detection.platform.DetectionPlatformApplication - No active profile set, falling back to 1 default profile: "default"
2025-11-13 11:06:08 [main] INFO  o.s.d.r.config.RepositoryConfigurationDelegate - Multiple Spring Data modules found, entering strict repository configuration mode
2025-11-13 11:06:08 [main] INFO  o.s.d.r.config.RepositoryConfigurationDelegate - Bootstrapping Spring Data Redis repositories in DEFAULT mode.
2025-11-13 11:06:08 [main] INFO  o.s.d.r.config.RepositoryConfigurationDelegate - Finished Spring Data repository scanning in 34 ms. Found 0 Redis repository interfaces.
2025-11-13 11:06:09 [main] INFO  o.s.boot.web.embedded.tomcat.TomcatWebServer - Tomcat initialized with port(s): 8080 (http)
2025-11-13 11:06:09 [main] INFO  org.apache.catalina.core.StandardService - Starting service [Tomcat]
2025-11-13 11:06:09 [main] INFO  org.apache.catalina.core.StandardEngine - Starting Servlet engine: [Apache Tomcat/10.1.15]
2025-11-13 11:06:09 [main] INFO  o.a.c.core.ContainerBase.[Tomcat].[localhost].[/] - Initializing Spring embedded WebApplicationContext
2025-11-13 11:06:09 [main] INFO  o.s.b.w.s.c.ServletWebServerApplicationContext - Root WebApplicationContext: initialization completed in 2869 ms
 _ _   |_  _ _|_. ___ _ |    _ 
| | |\/|_)(_| | |_\  |_)||_|_\ 
     /               |         
                        3.5.5 
2025-11-13 11:06:13 [main] INFO  o.s.security.web.DefaultSecurityFilterChain - Will secure any request with [org.springframework.security.web.session.DisableEncodeUrlFilter@6d303498, org.springframework.security.web.context.request.async.WebAsyncManagerIntegrationFilter@6ba7383d, org.springframework.security.web.context.SecurityContextHolderFilter@150ede8b, org.springframework.security.web.header.HeaderWriterFilter@4b3fe06e, org.springframework.security.web.authentication.logout.LogoutFilter@84487f4, com.detection.platform.config.SecurityConfig$JwtAuthenticationFilter@3419e23b, org.springframework.security.web.savedrequest.RequestCacheAwareFilter@3e15bb06, org.springframework.security.web.servletapi.SecurityContextHolderAwareRequestFilter@4e1ce44, org.springframework.security.web.authentication.AnonymousAuthenticationFilter@710d89e2, org.springframework.security.web.session.SessionManagementFilter@3e17a0a1, org.springframework.security.web.access.ExceptionTranslationFilter@7139bd31, org.springframework.security.web.access.intercept.AuthorizationFilter@a518813]
2025-11-13 11:06:14 [main] INFO  org.quartz.impl.StdSchedulerFactory - Using default implementation for ThreadExecutor
2025-11-13 11:06:14 [main] INFO  org.quartz.core.SchedulerSignalerImpl - Initialized Scheduler Signaller of type: class org.quartz.core.SchedulerSignalerImpl
2025-11-13 11:06:14 [main] INFO  org.quartz.core.QuartzScheduler - Quartz Scheduler v.2.3.2 created.
2025-11-13 11:06:14 [main] INFO  org.quartz.simpl.RAMJobStore - RAMJobStore initialized.
2025-11-13 11:06:14 [main] INFO  org.quartz.core.QuartzScheduler - Scheduler meta-data: Quartz Scheduler (v2.3.2) 'quartzScheduler' with instanceId 'NON_CLUSTERED'
  Scheduler class: 'org.quartz.core.QuartzScheduler' - running locally.
  NOT STARTED.
  Currently in standby mode.
  Number of jobs executed: 0
  Using thread pool 'org.quartz.simpl.SimpleThreadPool' - with 10 threads.
  Using job-store 'org.quartz.simpl.RAMJobStore' - which does not support persistence. and is not clustered.

2025-11-13 11:06:14 [main] INFO  org.quartz.impl.StdSchedulerFactory - Quartz scheduler 'quartzScheduler' initialized from an externally provided properties instance.
2025-11-13 11:06:14 [main] INFO  org.quartz.impl.StdSchedulerFactory - Quartz scheduler version: 2.3.2
2025-11-13 11:06:14 [main] INFO  org.quartz.core.QuartzScheduler - JobFactory set to: org.springframework.scheduling.quartz.SpringBeanJobFactory@d7109be
2025-11-13 11:06:14 [main] INFO  o.s.boot.web.embedded.tomcat.TomcatWebServer - Tomcat started on port(s): 8080 (http) with context path ''
2025-11-13 11:06:14 [main] INFO  o.s.m.simp.broker.SimpleBrokerMessageHandler - Starting...
2025-11-13 11:06:14 [main] INFO  o.s.m.simp.broker.SimpleBrokerMessageHandler - BrokerAvailabilityEvent[available=true, SimpleBrokerMessageHandler [org.springframework.messaging.simp.broker.DefaultSubscriptionRegistry@5854a18]]
2025-11-13 11:06:14 [main] INFO  o.s.m.simp.broker.SimpleBrokerMessageHandler - Started.
2025-11-13 11:06:14 [main] INFO  o.s.a.rabbit.connection.CachingConnectionFactory - Attempting to connect to: [localhost:5672]
2025-11-13 11:06:14 [main] INFO  o.s.a.rabbit.connection.CachingConnectionFactory - Created new connection: rabbitConnectionFactory#ab20d7c:0/SimpleConnection@7b81616b [delegate=amqp://admin@127.0.0.1:5672/, localPort=46504]
2025-11-13 11:06:14 [main] INFO  o.s.scheduling.quartz.SchedulerFactoryBean - Starting Quartz Scheduler now
2025-11-13 11:06:14 [main] INFO  org.quartz.core.QuartzScheduler - Scheduler quartzScheduler_$_NON_CLUSTERED started.
2025-11-13 11:06:14 [MessageBroker-1] INFO  c.d.platform.scheduler.HealthCheckScheduler - 开始执行服务器健康检查定时任务
2025-11-13 11:06:14 [MessageBroker-2] INFO  c.d.platform.scheduler.HealthCheckScheduler - 开始执行代理健康检查定时任务
2025-11-13 11:06:14 [MessageBroker-2] INFO  c.d.platform.scheduler.HealthCheckScheduler - 代理健康检查定时任务执行完成
2025-11-13 11:06:14 [main] INFO  c.detection.platform.DetectionPlatformApplication - Started DetectionPlatformApplication in 9.059 seconds (process running for 9.927)

========================================
  自动化数据检测平台启动成功！
  API文档地址: http://localhost:8080/doc.html
========================================

2025-11-13 11:06:14 [MessageBroker-1] INFO  com.zaxxer.hikari.HikariDataSource - DetectionHikariPool - Starting...
2025-11-13 11:06:15 [MessageBroker-1] INFO  com.zaxxer.hikari.pool.HikariPool - DetectionHikariPool - Added connection com.mysql.cj.jdbc.ConnectionImpl@72a5a0f9
2025-11-13 11:06:15 [MessageBroker-1] INFO  com.zaxxer.hikari.HikariDataSource - DetectionHikariPool - Start completed.
2025-11-13 11:06:15 [MessageBroker-1] DEBUG c.detection.platform.dao.ServerMapper.selectList - ==>  Preparing: SELECT id,server_name,ip_address,ssh_port,auth_type,auth_credential,docker_port,status,cpu_usage,memory_usage,max_concurrent,current_tasks,create_time,last_heartbeat_time,deleted FROM t_server WHERE deleted=0 ORDER BY create_time DESC
2025-11-13 11:06:15 [MessageBroker-1] DEBUG c.detection.platform.dao.ServerMapper.selectList - ==> Parameters: 
2025-11-13 11:06:15 [MessageBroker-1] DEBUG c.detection.platform.dao.ServerMapper.selectList - <==      Total: 0
2025-11-13 11:06:15 [MessageBroker-1] INFO  c.d.platform.scheduler.HealthCheckScheduler - 服务器健康检查定时任务执行完成
2025-11-13 11:06:48 [http-nio-8080-exec-1] INFO  o.a.c.core.ContainerBase.[Tomcat].[localhost].[/] - Initializing Spring DispatcherServlet 'dispatcherServlet'
2025-11-13 11:06:48 [http-nio-8080-exec-1] INFO  org.springframework.web.servlet.DispatcherServlet - Initializing Servlet 'dispatcherServlet'
2025-11-13 11:06:48 [http-nio-8080-exec-1] INFO  org.springframework.web.servlet.DispatcherServlet - Completed initialization in 1 ms
2025-11-13 11:06:48 [http-nio-8080-exec-1] DEBUG c.d.p.c.SecurityConfig$JwtAuthenticationFilter - 公开路径，跳过JWT过滤器: /user/login
2025-11-13 11:06:48 [http-nio-8080-exec-1] DEBUG com.detection.platform.dao.UserMapper.selectList - ==>  Preparing: SELECT id,username,password,nickname,avatar,email,phone,status,create_time,update_time,last_login_time,deleted FROM t_user WHERE deleted=0 AND (username = ?)
2025-11-13 11:06:48 [http-nio-8080-exec-1] DEBUG com.detection.platform.dao.UserMapper.selectList - ==> Parameters: admin(String)
2025-11-13 11:06:48 [http-nio-8080-exec-1] DEBUG com.detection.platform.dao.UserMapper.selectList - <==      Total: 1
2025-11-13 11:06:48 [http-nio-8080-exec-1] DEBUG com.detection.platform.dao.UserMapper.updateById - ==>  Preparing: UPDATE t_user SET update_time=?, last_login_time=? WHERE id=? AND deleted=0
2025-11-13 11:06:48 [http-nio-8080-exec-1] DEBUG com.detection.platform.dao.UserMapper.updateById - ==> Parameters: 2025-11-13T11:06:48.608263476(LocalDateTime), 2025-11-13T11:06:48.601848844(LocalDateTime), 1(Long)
2025-11-13 11:06:48 [http-nio-8080-exec-1] DEBUG com.detection.platform.dao.UserMapper.updateById - <==    Updates: 1
2025-11-13 11:06:49 [http-nio-8080-exec-2] DEBUG c.d.p.c.SecurityConfig$JwtAuthenticationFilter - JWT Filter - URI: /data/base/page
2025-11-13 11:06:49 [http-nio-8080-exec-2] DEBUG c.d.p.c.SecurityConfig$JwtAuthenticationFilter - Token 有效
2025-11-13 11:06:49 [http-nio-8080-exec-2] DEBUG c.d.p.c.SecurityConfig$JwtAuthenticationFilter - 设置Authentication: admin
2025-11-13 11:06:49 [http-nio-8080-exec-2] DEBUG c.d.platform.dao.BaseDataMapper.selectList_mpCount - ==>  Preparing: SELECT COUNT(*) AS total FROM t_base_data WHERE deleted = 0
2025-11-13 11:06:49 [http-nio-8080-exec-2] DEBUG c.d.platform.dao.BaseDataMapper.selectList_mpCount - ==> Parameters: 
2025-11-13 11:06:49 [http-nio-8080-exec-2] DEBUG c.d.platform.dao.BaseDataMapper.selectList_mpCount - <==      Total: 1
2025-11-13 11:06:49 [http-nio-8080-exec-3] DEBUG c.d.p.c.SecurityConfig$JwtAuthenticationFilter - JWT Filter - URI: /data/result/page
2025-11-13 11:06:49 [http-nio-8080-exec-3] DEBUG c.d.p.c.SecurityConfig$JwtAuthenticationFilter - Token 有效
2025-11-13 11:06:49 [http-nio-8080-exec-3] DEBUG c.d.p.c.SecurityConfig$JwtAuthenticationFilter - 设置Authentication: admin
2025-11-13 11:06:49 [http-nio-8080-exec-3] DEBUG c.d.p.dao.DetectionResultMapper.selectList_mpCount - ==>  Preparing: SELECT COUNT(*) AS total FROM t_detection_result
2025-11-13 11:06:49 [http-nio-8080-exec-3] DEBUG c.d.p.dao.DetectionResultMapper.selectList_mpCount - ==> Parameters: 
2025-11-13 11:06:49 [http-nio-8080-exec-3] DEBUG c.d.p.dao.DetectionResultMapper.selectList_mpCount - <==      Total: 1
2025-11-13 11:06:49 [http-nio-8080-exec-4] DEBUG c.d.p.c.SecurityConfig$JwtAuthenticationFilter - JWT Filter - URI: /data/result/statistics
2025-11-13 11:06:49 [http-nio-8080-exec-4] DEBUG c.d.p.c.SecurityConfig$JwtAuthenticationFilter - Token 有效
2025-11-13 11:06:49 [http-nio-8080-exec-4] DEBUG c.d.p.c.SecurityConfig$JwtAuthenticationFilter - 设置Authentication: admin
2025-11-13 11:06:49 [http-nio-8080-exec-4] DEBUG c.d.platform.dao.DetectionResultMapper.selectCount - ==>  Preparing: SELECT COUNT( * ) AS total FROM t_detection_result
2025-11-13 11:06:49 [http-nio-8080-exec-4] DEBUG c.d.platform.dao.DetectionResultMapper.selectCount - ==> Parameters: 
2025-11-13 11:06:49 [http-nio-8080-exec-4] DEBUG c.d.platform.dao.DetectionResultMapper.selectCount - <==      Total: 1
2025-11-13 11:06:49 [http-nio-8080-exec-4] DEBUG c.d.platform.dao.DetectionResultMapper.selectCount - ==>  Preparing: SELECT COUNT( * ) AS total FROM t_detection_result WHERE (status = ?)
2025-11-13 11:06:49 [http-nio-8080-exec-4] DEBUG c.d.platform.dao.DetectionResultMapper.selectCount - ==> Parameters: 1(Integer)
2025-11-13 11:06:49 [http-nio-8080-exec-4] ERROR c.detection.platform.config.GlobalExceptionHandler - 运行时异常
org.springframework.jdbc.BadSqlGrammarException: 
### Error querying database.  Cause: java.sql.SQLSyntaxErrorException: Unknown column 'status' in 'where clause'
### The error may exist in com/detection/platform/dao/DetectionResultMapper.java (best guess)
### The error may involve defaultParameterMap
### The error occurred while setting parameters
### SQL: SELECT COUNT( * ) AS total FROM t_detection_result      WHERE  (status = ?)
### Cause: java.sql.SQLSyntaxErrorException: Unknown column 'status' in 'where clause'
; bad SQL grammar []
	at org.springframework.jdbc.support.SQLErrorCodeSQLExceptionTranslator.doTranslate(SQLErrorCodeSQLExceptionTranslator.java:246)
	at org.springframework.jdbc.support.AbstractFallbackSQLExceptionTranslator.translate(AbstractFallbackSQLExceptionTranslator.java:73)
	at org.mybatis.spring.MyBatisExceptionTranslator.translateExceptionIfPossible(MyBatisExceptionTranslator.java:92)
	at org.mybatis.spring.SqlSessionTemplate$SqlSessionInterceptor.invoke(SqlSessionTemplate.java:439)
	at jdk.proxy2/jdk.proxy2.$Proxy94.selectOne(Unknown Source)
	at org.mybatis.spring.SqlSessionTemplate.selectOne(SqlSessionTemplate.java:160)
	at com.baomidou.mybatisplus.core.override.MybatisMapperMethod.execute(MybatisMapperMethod.java:87)
	at com.baomidou.mybatisplus.core.override.MybatisMapperProxy$PlainMethodInvoker.invoke(MybatisMapperProxy.java:152)
	at com.baomidou.mybatisplus.core.override.MybatisMapperProxy.invoke(MybatisMapperProxy.java:89)
	at jdk.proxy2/jdk.proxy2.$Proxy104.selectCount(Unknown Source)
	at com.baomidou.mybatisplus.extension.service.IService.count(IService.java:397)
	at com.detection.platform.service.impl.DetectionResultServiceImpl.getTaskStatistics(DetectionResultServiceImpl.java:138)
	at java.base/jdk.internal.reflect.NativeMethodAccessorImpl.invoke0(Native Method)
	at java.base/jdk.internal.reflect.NativeMethodAccessorImpl.invoke(NativeMethodAccessorImpl.java:77)
	at java.base/jdk.internal.reflect.DelegatingMethodAccessorImpl.invoke(DelegatingMethodAccessorImpl.java:43)
	at java.base/java.lang.reflect.Method.invoke(Method.java:568)
	at org.springframework.aop.support.AopUtils.invokeJoinpointUsingReflection(AopUtils.java:343)
	at org.springframework.aop.framework.CglibAopProxy$DynamicAdvisedInterceptor.intercept(CglibAopProxy.java:699)
	at com.detection.platform.service.impl.DetectionResultServiceImpl$$SpringCGLIB$$0.getTaskStatistics(<generated>)
	at com.detection.platform.controller.DataController.getTaskStatistics(DataController.java:118)
	at java.base/jdk.internal.reflect.NativeMethodAccessorImpl.invoke0(Native Method)
	at java.base/jdk.internal.reflect.NativeMethodAccessorImpl.invoke(NativeMethodAccessorImpl.java:77)
	at java.base/jdk.internal.reflect.DelegatingMethodAccessorImpl.invoke(DelegatingMethodAccessorImpl.java:43)
	at java.base/java.lang.reflect.Method.invoke(Method.java:568)
	at org.springframework.web.method.support.InvocableHandlerMethod.doInvoke(InvocableHandlerMethod.java:205)
	at org.springframework.web.method.support.InvocableHandlerMethod.invokeForRequest(InvocableHandlerMethod.java:150)
	at org.springframework.web.servlet.mvc.method.annotation.ServletInvocableHandlerMethod.invokeAndHandle(ServletInvocableHandlerMethod.java:118)
	at org.springframework.web.servlet.mvc.method.annotation.RequestMappingHandlerAdapter.invokeHandlerMethod(RequestMappingHandlerAdapter.java:884)
	at org.springframework.web.servlet.mvc.method.annotation.RequestMappingHandlerAdapter.handleInternal(RequestMappingHandlerAdapter.java:797)
	at org.springframework.web.servlet.mvc.method.AbstractHandlerMethodAdapter.handle(AbstractHandlerMethodAdapter.java:87)
	at org.springframework.web.servlet.DispatcherServlet.doDispatch(DispatcherServlet.java:1081)
	at org.springframework.web.servlet.DispatcherServlet.doService(DispatcherServlet.java:974)
	at org.springframework.web.servlet.FrameworkServlet.processRequest(FrameworkServlet.java:1011)
	at org.springframework.web.servlet.FrameworkServlet.doGet(FrameworkServlet.java:903)
	at jakarta.servlet.http.HttpServlet.service(HttpServlet.java:564)
	at org.springframework.web.servlet.FrameworkServlet.service(FrameworkServlet.java:885)
	at jakarta.servlet.http.HttpServlet.service(HttpServlet.java:658)
	at org.apache.catalina.core.ApplicationFilterChain.internalDoFilter(ApplicationFilterChain.java:205)
	at org.apache.catalina.core.ApplicationFilterChain.doFilter(ApplicationFilterChain.java:149)
	at org.apache.tomcat.websocket.server.WsFilter.doFilter(WsFilter.java:51)
	at org.apache.catalina.core.ApplicationFilterChain.internalDoFilter(ApplicationFilterChain.java:174)
	at org.apache.catalina.core.ApplicationFilterChain.doFilter(ApplicationFilterChain.java:149)
	at org.springframework.web.filter.CorsFilter.doFilterInternal(CorsFilter.java:91)
	at org.springframework.web.filter.OncePerRequestFilter.doFilter(OncePerRequestFilter.java:116)
	at org.apache.catalina.core.ApplicationFilterChain.internalDoFilter(ApplicationFilterChain.java:174)
	at org.apache.catalina.core.ApplicationFilterChain.doFilter(ApplicationFilterChain.java:149)
	at org.springframework.security.web.FilterChainProxy.lambda$doFilterInternal$3(FilterChainProxy.java:231)
	at org.springframework.security.web.FilterChainProxy$VirtualFilterChain.doFilter(FilterChainProxy.java:365)
	at org.springframework.security.web.access.intercept.AuthorizationFilter.doFilter(AuthorizationFilter.java:100)
	at org.springframework.security.web.FilterChainProxy$VirtualFilterChain.doFilter(FilterChainProxy.java:374)
	at org.springframework.security.web.access.ExceptionTranslationFilter.doFilter(ExceptionTranslationFilter.java:126)
	at org.springframework.security.web.access.ExceptionTranslationFilter.doFilter(ExceptionTranslationFilter.java:120)
	at org.springframework.security.web.FilterChainProxy$VirtualFilterChain.doFilter(FilterChainProxy.java:374)
	at org.springframework.security.web.session.SessionManagementFilter.doFilter(SessionManagementFilter.java:131)
	at org.springframework.security.web.session.SessionManagementFilter.doFilter(SessionManagementFilter.java:85)
	at org.springframework.security.web.FilterChainProxy$VirtualFilterChain.doFilter(FilterChainProxy.java:374)
	at org.springframework.security.web.authentication.AnonymousAuthenticationFilter.doFilter(AnonymousAuthenticationFilter.java:100)
	at org.springframework.security.web.FilterChainProxy$VirtualFilterChain.doFilter(FilterChainProxy.java:374)
	at org.springframework.security.web.servletapi.SecurityContextHolderAwareRequestFilter.doFilter(SecurityContextHolderAwareRequestFilter.java:179)
	at org.springframework.security.web.FilterChainProxy$VirtualFilterChain.doFilter(FilterChainProxy.java:374)
	at org.springframework.security.web.savedrequest.RequestCacheAwareFilter.doFilter(RequestCacheAwareFilter.java:63)
	at org.springframework.security.web.FilterChainProxy$VirtualFilterChain.doFilter(FilterChainProxy.java:374)
	at com.detection.platform.config.SecurityConfig$JwtAuthenticationFilter.doFilterInternal(SecurityConfig.java:142)
	at org.springframework.web.filter.OncePerRequestFilter.doFilter(OncePerRequestFilter.java:116)
	at org.springframework.security.web.FilterChainProxy$VirtualFilterChain.doFilter(FilterChainProxy.java:374)
	at org.springframework.security.web.authentication.logout.LogoutFilter.doFilter(LogoutFilter.java:107)
	at org.springframework.security.web.authentication.logout.LogoutFilter.doFilter(LogoutFilter.java:93)
	at org.springframework.security.web.FilterChainProxy$VirtualFilterChain.doFilter(FilterChainProxy.java:374)
	at org.springframework.security.web.header.HeaderWriterFilter.doHeadersAfter(HeaderWriterFilter.java:90)
	at org.springframework.security.web.header.HeaderWriterFilter.doFilterInternal(HeaderWriterFilter.java:75)
	at org.springframework.web.filter.OncePerRequestFilter.doFilter(OncePerRequestFilter.java:116)
	at org.springframework.security.web.FilterChainProxy$VirtualFilterChain.doFilter(FilterChainProxy.java:374)
	at org.springframework.security.web.context.SecurityContextHolderFilter.doFilter(SecurityContextHolderFilter.java:82)
	at org.springframework.security.web.context.SecurityContextHolderFilter.doFilter(SecurityContextHolderFilter.java:69)
	at org.springframework.security.web.FilterChainProxy$VirtualFilterChain.doFilter(FilterChainProxy.java:374)
	at org.springframework.security.web.context.request.async.WebAsyncManagerIntegrationFilter.doFilterInternal(WebAsyncManagerIntegrationFilter.java:62)
	at org.springframework.web.filter.OncePerRequestFilter.doFilter(OncePerRequestFilter.java:116)
	at org.springframework.security.web.FilterChainProxy$VirtualFilterChain.doFilter(FilterChainProxy.java:374)
	at org.springframework.security.web.session.DisableEncodeUrlFilter.doFilterInternal(DisableEncodeUrlFilter.java:42)
	at org.springframework.web.filter.OncePerRequestFilter.doFilter(OncePerRequestFilter.java:116)
	at org.springframework.security.web.FilterChainProxy$VirtualFilterChain.doFilter(FilterChainProxy.java:374)
	at org.springframework.security.web.FilterChainProxy.doFilterInternal(FilterChainProxy.java:233)
	at org.springframework.security.web.FilterChainProxy.doFilter(FilterChainProxy.java:191)
	at org.springframework.web.filter.DelegatingFilterProxy.invokeDelegate(DelegatingFilterProxy.java:352)
	at org.springframework.web.filter.DelegatingFilterProxy.doFilter(DelegatingFilterProxy.java:268)
	at org.apache.catalina.core.ApplicationFilterChain.internalDoFilter(ApplicationFilterChain.java:174)
	at org.apache.catalina.core.ApplicationFilterChain.doFilter(ApplicationFilterChain.java:149)
	at org.springframework.web.filter.RequestContextFilter.doFilterInternal(RequestContextFilter.java:100)
	at org.springframework.web.filter.OncePerRequestFilter.doFilter(OncePerRequestFilter.java:116)
	at org.apache.catalina.core.ApplicationFilterChain.internalDoFilter(ApplicationFilterChain.java:174)
	at org.apache.catalina.core.ApplicationFilterChain.doFilter(ApplicationFilterChain.java:149)
	at org.springframework.web.filter.FormContentFilter.doFilterInternal(FormContentFilter.java:93)
	at org.springframework.web.filter.OncePerRequestFilter.doFilter(OncePerRequestFilter.java:116)
	at org.apache.catalina.core.ApplicationFilterChain.internalDoFilter(ApplicationFilterChain.java:174)
	at org.apache.catalina.core.ApplicationFilterChain.doFilter(ApplicationFilterChain.java:149)
	at org.springframework.web.filter.CharacterEncodingFilter.doFilterInternal(CharacterEncodingFilter.java:201)
	at org.springframework.web.filter.OncePerRequestFilter.doFilter(OncePerRequestFilter.java:116)
	at org.apache.catalina.core.ApplicationFilterChain.internalDoFilter(ApplicationFilterChain.java:174)
	at org.apache.catalina.core.ApplicationFilterChain.doFilter(ApplicationFilterChain.java:149)
	at org.apache.catalina.core.StandardWrapperValve.invoke(StandardWrapperValve.java:167)
	at org.apache.catalina.core.StandardContextValve.invoke(StandardContextValve.java:90)
	at org.apache.catalina.authenticator.AuthenticatorBase.invoke(AuthenticatorBase.java:482)
	at org.apache.catalina.core.StandardHostValve.invoke(StandardHostValve.java:115)
	at org.apache.catalina.valves.ErrorReportValve.invoke(ErrorReportValve.java:93)
	at org.apache.catalina.core.StandardEngineValve.invoke(StandardEngineValve.java:74)
	at org.apache.catalina.connector.CoyoteAdapter.service(CoyoteAdapter.java:340)
	at org.apache.coyote.http11.Http11Processor.service(Http11Processor.java:391)
	at org.apache.coyote.AbstractProcessorLight.process(AbstractProcessorLight.java:63)
	at org.apache.coyote.AbstractProtocol$ConnectionHandler.process(AbstractProtocol.java:896)
	at org.apache.tomcat.util.net.NioEndpoint$SocketProcessor.doRun(NioEndpoint.java:1744)
	at org.apache.tomcat.util.net.SocketProcessorBase.run(SocketProcessorBase.java:52)
	at org.apache.tomcat.util.threads.ThreadPoolExecutor.runWorker(ThreadPoolExecutor.java:1191)
	at org.apache.tomcat.util.threads.ThreadPoolExecutor$Worker.run(ThreadPoolExecutor.java:659)
	at org.apache.tomcat.util.threads.TaskThread$WrappingRunnable.run(TaskThread.java:61)
	at java.base/java.lang.Thread.run(Thread.java:842)
Caused by: java.sql.SQLSyntaxErrorException: Unknown column 'status' in 'where clause'
	at com.mysql.cj.jdbc.exceptions.SQLError.createSQLException(SQLError.java:121)
	at com.mysql.cj.jdbc.exceptions.SQLExceptionsMapping.translateException(SQLExceptionsMapping.java:122)
	at com.mysql.cj.jdbc.ClientPreparedStatement.executeInternal(ClientPreparedStatement.java:916)
	at com.mysql.cj.jdbc.ClientPreparedStatement.execute(ClientPreparedStatement.java:354)
	at com.zaxxer.hikari.pool.ProxyPreparedStatement.execute(ProxyPreparedStatement.java:44)
	at com.zaxxer.hikari.pool.HikariProxyPreparedStatement.execute(HikariProxyPreparedStatement.java)
	at java.base/jdk.internal.reflect.NativeMethodAccessorImpl.invoke0(Native Method)
	at java.base/jdk.internal.reflect.NativeMethodAccessorImpl.invoke(NativeMethodAccessorImpl.java:77)
	at java.base/jdk.internal.reflect.DelegatingMethodAccessorImpl.invoke(DelegatingMethodAccessorImpl.java:43)
	at java.base/java.lang.reflect.Method.invoke(Method.java:568)
	at org.apache.ibatis.logging.jdbc.PreparedStatementLogger.invoke(PreparedStatementLogger.java:58)
	at jdk.proxy3/jdk.proxy3.$Proxy123.execute(Unknown Source)
	at org.apache.ibatis.executor.statement.PreparedStatementHandler.query(PreparedStatementHandler.java:65)
	at org.apache.ibatis.executor.statement.RoutingStatementHandler.query(RoutingStatementHandler.java:80)
	at java.base/jdk.internal.reflect.NativeMethodAccessorImpl.invoke0(Native Method)
	at java.base/jdk.internal.reflect.NativeMethodAccessorImpl.invoke(NativeMethodAccessorImpl.java:77)
	at java.base/jdk.internal.reflect.DelegatingMethodAccessorImpl.invoke(DelegatingMethodAccessorImpl.java:43)
	at java.base/java.lang.reflect.Method.invoke(Method.java:568)
	at org.apache.ibatis.plugin.Plugin.invoke(Plugin.java:61)
	at jdk.proxy2/jdk.proxy2.$Proxy121.query(Unknown Source)
	at org.apache.ibatis.executor.SimpleExecutor.doQuery(SimpleExecutor.java:65)
	at org.apache.ibatis.executor.BaseExecutor.queryFromDatabase(BaseExecutor.java:336)
	at org.apache.ibatis.executor.BaseExecutor.query(BaseExecutor.java:158)
	at org.apache.ibatis.executor.CachingExecutor.query(CachingExecutor.java:110)
	at com.baomidou.mybatisplus.extension.plugins.MybatisPlusInterceptor.intercept(MybatisPlusInterceptor.java:81)
	at org.apache.ibatis.plugin.Plugin.invoke(Plugin.java:59)
	at jdk.proxy2/jdk.proxy2.$Proxy120.query(Unknown Source)
	at org.apache.ibatis.session.defaults.DefaultSqlSession.selectList(DefaultSqlSession.java:154)
	at org.apache.ibatis.session.defaults.DefaultSqlSession.selectList(DefaultSqlSession.java:147)
	at org.apache.ibatis.session.defaults.DefaultSqlSession.selectList(DefaultSqlSession.java:142)
	at org.apache.ibatis.session.defaults.DefaultSqlSession.selectOne(DefaultSqlSession.java:75)
	at java.base/jdk.internal.reflect.NativeMethodAccessorImpl.invoke0(Native Method)
	at java.base/jdk.internal.reflect.NativeMethodAccessorImpl.invoke(NativeMethodAccessorImpl.java:77)
	at java.base/jdk.internal.reflect.DelegatingMethodAccessorImpl.invoke(DelegatingMethodAccessorImpl.java:43)
	at java.base/java.lang.reflect.Method.invoke(Method.java:568)
	at org.mybatis.spring.SqlSessionTemplate$SqlSessionInterceptor.invoke(SqlSessionTemplate.java:425)
	... 111 common frames omitted
2025-11-13 11:06:49 [http-nio-8080-exec-5] DEBUG c.d.p.c.SecurityConfig$JwtAuthenticationFilter - JWT Filter - URI: /data/result/page
2025-11-13 11:06:49 [http-nio-8080-exec-5] DEBUG c.d.p.c.SecurityConfig$JwtAuthenticationFilter - Token 有效
2025-11-13 11:06:49 [http-nio-8080-exec-5] DEBUG c.d.p.c.SecurityConfig$JwtAuthenticationFilter - 设置Authentication: admin
2025-11-13 11:06:49 [http-nio-8080-exec-5] DEBUG c.d.p.dao.DetectionResultMapper.selectList_mpCount - ==>  Preparing: SELECT COUNT(*) AS total FROM t_detection_result
2025-11-13 11:06:49 [http-nio-8080-exec-5] DEBUG c.d.p.dao.DetectionResultMapper.selectList_mpCount - ==> Parameters: 
2025-11-13 11:06:49 [http-nio-8080-exec-5] DEBUG c.d.p.dao.DetectionResultMapper.selectList_mpCount - <==      Total: 1
2025-11-13 11:06:49 [http-nio-8080-exec-6] DEBUG c.d.p.c.SecurityConfig$JwtAuthenticationFilter - JWT Filter - URI: /task/page
2025-11-13 11:06:49 [http-nio-8080-exec-6] DEBUG c.d.p.c.SecurityConfig$JwtAuthenticationFilter - Token 有效
2025-11-13 11:06:49 [http-nio-8080-exec-6] DEBUG c.d.p.c.SecurityConfig$JwtAuthenticationFilter - 设置Authentication: admin
2025-11-13 11:06:49 [http-nio-8080-exec-6] DEBUG c.d.p.dao.DetectionTaskMapper.selectList_mpCount - ==>  Preparing: SELECT COUNT(*) AS total FROM t_detection_task WHERE deleted = 0
2025-11-13 11:06:49 [http-nio-8080-exec-6] DEBUG c.d.p.dao.DetectionTaskMapper.selectList_mpCount - ==> Parameters: 
2025-11-13 11:06:49 [http-nio-8080-exec-6] DEBUG c.d.p.dao.DetectionTaskMapper.selectList_mpCount - <==      Total: 1
2025-11-13 11:06:49 [http-nio-8080-exec-7] DEBUG c.d.p.c.SecurityConfig$JwtAuthenticationFilter - JWT Filter - URI: /task/page
2025-11-13 11:06:49 [http-nio-8080-exec-7] DEBUG c.d.p.c.SecurityConfig$JwtAuthenticationFilter - Token 有效
2025-11-13 11:06:49 [http-nio-8080-exec-7] DEBUG c.d.p.c.SecurityConfig$JwtAuthenticationFilter - 设置Authentication: admin
2025-11-13 11:06:49 [http-nio-8080-exec-7] DEBUG c.d.p.dao.DetectionTaskMapper.selectList_mpCount - ==>  Preparing: SELECT COUNT(*) AS total FROM t_detection_task WHERE deleted = 0
2025-11-13 11:06:49 [http-nio-8080-exec-7] DEBUG c.d.p.dao.DetectionTaskMapper.selectList_mpCount - ==> Parameters: 
2025-11-13 11:06:49 [http-nio-8080-exec-7] DEBUG c.d.p.dao.DetectionTaskMapper.selectList_mpCount - <==      Total: 1
2025-11-13 11:06:49 [http-nio-8080-exec-8] DEBUG c.d.p.c.SecurityConfig$JwtAuthenticationFilter - JWT Filter - URI: /template/list
2025-11-13 11:06:49 [http-nio-8080-exec-8] DEBUG c.d.p.c.SecurityConfig$JwtAuthenticationFilter - Token 有效
2025-11-13 11:06:49 [http-nio-8080-exec-8] DEBUG c.d.p.c.SecurityConfig$JwtAuthenticationFilter - 设置Authentication: admin
2025-11-13 11:06:49 [http-nio-8080-exec-8] DEBUG c.d.platform.dao.PostTemplateMapper.selectList - ==>  Preparing: SELECT id,template_name,target_site,request_url,request_method,request_headers,request_body,success_rule,fail_rule,enable_proxy,timeout_seconds,retry_count,version,create_time,update_time,deleted FROM t_post_template WHERE deleted=0
2025-11-13 11:06:49 [http-nio-8080-exec-8] DEBUG c.d.platform.dao.PostTemplateMapper.selectList - ==> Parameters: 
2025-11-13 11:06:49 [http-nio-8080-exec-8] DEBUG c.d.platform.dao.PostTemplateMapper.selectList - <==      Total: 0
2025-11-13 11:06:49 [http-nio-8080-exec-9] DEBUG c.d.p.c.SecurityConfig$JwtAuthenticationFilter - JWT Filter - URI: /proxy/pool/list
2025-11-13 11:06:49 [http-nio-8080-exec-9] DEBUG c.d.p.c.SecurityConfig$JwtAuthenticationFilter - Token 有效
2025-11-13 11:06:49 [http-nio-8080-exec-9] DEBUG c.d.p.c.SecurityConfig$JwtAuthenticationFilter - 设置Authentication: admin
2025-11-13 11:06:49 [http-nio-8080-exec-9] DEBUG c.d.platform.dao.ProxyPoolMapper.selectList - ==>  Preparing: SELECT id,pool_name,proxy_type,description,total_nodes,available_nodes,health_score,create_time,deleted FROM t_proxy_pool WHERE deleted=0 ORDER BY create_time DESC
2025-11-13 11:06:49 [http-nio-8080-exec-9] DEBUG c.d.platform.dao.ProxyPoolMapper.selectList - ==> Parameters: 
2025-11-13 11:06:49 [http-nio-8080-exec-9] DEBUG c.d.platform.dao.ProxyPoolMapper.selectList - <==      Total: 0
2025-11-13 11:06:49 [http-nio-8080-exec-10] DEBUG c.d.p.c.SecurityConfig$JwtAuthenticationFilter - JWT Filter - URI: /server/list
2025-11-13 11:06:49 [http-nio-8080-exec-10] DEBUG c.d.p.c.SecurityConfig$JwtAuthenticationFilter - Token 有效
2025-11-13 11:06:49 [http-nio-8080-exec-10] DEBUG c.d.p.c.SecurityConfig$JwtAuthenticationFilter - 设置Authentication: admin
2025-11-13 11:06:49 [http-nio-8080-exec-10] DEBUG c.detection.platform.dao.ServerMapper.selectList - ==>  Preparing: SELECT id,server_name,ip_address,ssh_port,auth_type,auth_credential,docker_port,status,cpu_usage,memory_usage,max_concurrent,current_tasks,create_time,last_heartbeat_time,deleted FROM t_server WHERE deleted=0 ORDER BY create_time DESC
2025-11-13 11:06:49 [http-nio-8080-exec-10] DEBUG c.detection.platform.dao.ServerMapper.selectList - ==> Parameters: 
2025-11-13 11:06:49 [http-nio-8080-exec-10] DEBUG c.detection.platform.dao.ServerMapper.selectList - <==      Total: 0
2025-11-13 11:06:50 [http-nio-8080-exec-1] DEBUG c.d.p.c.SecurityConfig$JwtAuthenticationFilter - JWT Filter - URI: /template/page
2025-11-13 11:06:50 [http-nio-8080-exec-1] DEBUG c.d.p.c.SecurityConfig$JwtAuthenticationFilter - Token 有效
2025-11-13 11:06:50 [http-nio-8080-exec-1] DEBUG c.d.p.c.SecurityConfig$JwtAuthenticationFilter - 设置Authentication: admin
2025-11-13 11:06:50 [http-nio-8080-exec-1] DEBUG c.d.p.dao.PostTemplateMapper.selectList_mpCount - ==>  Preparing: SELECT COUNT(*) AS total FROM t_post_template WHERE deleted = 0
2025-11-13 11:06:50 [http-nio-8080-exec-1] DEBUG c.d.p.dao.PostTemplateMapper.selectList_mpCount - ==> Parameters: 
2025-11-13 11:06:50 [http-nio-8080-exec-1] DEBUG c.d.p.dao.PostTemplateMapper.selectList_mpCount - <==      Total: 1
2025-11-13 11:06:50 [http-nio-8080-exec-2] DEBUG c.d.p.c.SecurityConfig$JwtAuthenticationFilter - JWT Filter - URI: /business/register/list
2025-11-13 11:06:50 [http-nio-8080-exec-2] DEBUG c.d.p.c.SecurityConfig$JwtAuthenticationFilter - Token 有效
2025-11-13 11:06:50 [http-nio-8080-exec-2] DEBUG c.d.p.c.SecurityConfig$JwtAuthenticationFilter - 设置Authentication: admin
2025-11-13 11:06:50 [http-nio-8080-exec-2] DEBUG c.d.p.dao.RegisterTaskMapper.selectList_mpCount - ==>  Preparing: SELECT COUNT(*) AS total FROM t_register_task WHERE deleted = 0
2025-11-13 11:06:50 [http-nio-8080-exec-2] DEBUG c.d.p.dao.RegisterTaskMapper.selectList_mpCount - ==> Parameters: 
2025-11-13 11:06:50 [http-nio-8080-exec-2] DEBUG c.d.p.dao.RegisterTaskMapper.selectList_mpCount - <==      Total: 1
2025-11-13 11:06:50 [http-nio-8080-exec-3] DEBUG c.d.p.c.SecurityConfig$JwtAuthenticationFilter - JWT Filter - URI: /business/analysis/list
2025-11-13 11:06:50 [http-nio-8080-exec-3] DEBUG c.d.p.c.SecurityConfig$JwtAuthenticationFilter - Token 有效
2025-11-13 11:06:50 [http-nio-8080-exec-3] DEBUG c.d.p.c.SecurityConfig$JwtAuthenticationFilter - 设置Authentication: admin
2025-11-13 11:06:50 [http-nio-8080-exec-3] DEBUG c.d.p.dao.WebsiteAnalysisMapper.selectList_mpCount - ==>  Preparing: SELECT COUNT(*) AS total FROM t_website_analysis WHERE deleted = 0
2025-11-13 11:06:50 [http-nio-8080-exec-3] DEBUG c.d.p.dao.WebsiteAnalysisMapper.selectList_mpCount - ==> Parameters: 
2025-11-13 11:06:50 [http-nio-8080-exec-3] DEBUG c.d.p.dao.WebsiteAnalysisMapper.selectList_mpCount - <==      Total: 1
2025-11-13 11:06:50 [http-nio-8080-exec-4] DEBUG c.d.p.c.SecurityConfig$JwtAuthenticationFilter - JWT Filter - URI: /proxy/pool/page
2025-11-13 11:06:50 [http-nio-8080-exec-4] DEBUG c.d.p.c.SecurityConfig$JwtAuthenticationFilter - Token 有效
2025-11-13 11:06:50 [http-nio-8080-exec-4] DEBUG c.d.p.c.SecurityConfig$JwtAuthenticationFilter - 设置Authentication: admin
2025-11-13 11:06:50 [http-nio-8080-exec-4] DEBUG c.d.p.dao.ProxyPoolMapper.selectList_mpCount - ==>  Preparing: SELECT COUNT(*) AS total FROM t_proxy_pool WHERE deleted = 0
2025-11-13 11:06:50 [http-nio-8080-exec-4] DEBUG c.d.p.dao.ProxyPoolMapper.selectList_mpCount - ==> Parameters: 
2025-11-13 11:06:50 [http-nio-8080-exec-4] DEBUG c.d.p.dao.ProxyPoolMapper.selectList_mpCount - <==      Total: 1
2025-11-13 11:06:50 [http-nio-8080-exec-5] DEBUG c.d.p.c.SecurityConfig$JwtAuthenticationFilter - JWT Filter - URI: /server/page
2025-11-13 11:06:50 [http-nio-8080-exec-5] DEBUG c.d.p.c.SecurityConfig$JwtAuthenticationFilter - Token 有效
2025-11-13 11:06:50 [http-nio-8080-exec-5] DEBUG c.d.p.c.SecurityConfig$JwtAuthenticationFilter - 设置Authentication: admin
2025-11-13 11:06:50 [http-nio-8080-exec-5] DEBUG c.d.platform.dao.ServerMapper.selectList_mpCount - ==>  Preparing: SELECT COUNT(*) AS total FROM t_server WHERE deleted = 0
2025-11-13 11:06:50 [http-nio-8080-exec-5] DEBUG c.d.platform.dao.ServerMapper.selectList_mpCount - ==> Parameters: 
2025-11-13 11:06:50 [http-nio-8080-exec-5] DEBUG c.d.platform.dao.ServerMapper.selectList_mpCount - <==      Total: 1
2025-11-13 11:07:13 [MessageBroker-3] INFO  o.s.web.socket.config.WebSocketMessageBrokerStats - WebSocketSession[0 current WS(0)-HttpStream(0)-HttpPoll(0), 0 total, 0 closed abnormally (0 connect failure, 0 send limit, 0 transport error)], stompSubProtocol[processed CONNECT(0)-CONNECTED(0)-DISCONNECT(0)], stompBrokerRelay[null], inboundChannel[pool size = 0, active threads = 0, queued tasks = 0, completed tasks = 0], outboundChannel[pool size = 0, active threads = 0, queued tasks = 0, completed tasks = 0], sockJsScheduler[pool size = 4, active threads = 1, queued tasks = 2, completed tasks = 2]
2025-11-13 11:11:14 [MessageBroker-2] INFO  c.d.platform.scheduler.HealthCheckScheduler - 开始执行服务器健康检查定时任务
2025-11-13 11:11:14 [MessageBroker-2] DEBUG c.detection.platform.dao.ServerMapper.selectList - ==>  Preparing: SELECT id,server_name,ip_address,ssh_port,auth_type,auth_credential,docker_port,status,cpu_usage,memory_usage,max_concurrent,current_tasks,create_time,last_heartbeat_time,deleted FROM t_server WHERE deleted=0 ORDER BY create_time DESC
2025-11-13 11:11:14 [MessageBroker-2] DEBUG c.detection.platform.dao.ServerMapper.selectList - ==> Parameters: 
2025-11-13 11:11:14 [MessageBroker-2] DEBUG c.detection.platform.dao.ServerMapper.selectList - <==      Total: 0
2025-11-13 11:11:14 [MessageBroker-2] INFO  c.d.platform.scheduler.HealthCheckScheduler - 服务器健康检查定时任务执行完成
