
  .   ____          _            __ _ _
 /\\ / ___'_ __ _ _(_)_ __  __ _ \ \ \ \
( ( )\___ | '_ | '_| | '_ \/ _` | \ \ \ \
 \\/  ___)| |_)| | | | | || (_| |  ) ) ) )
  '  |____| .__|_| |_|_| |_\__, | / / / /
 =========|_|==============|___/=/_/_/_/
 :: Spring Boot ::                (v3.1.5)

2025-11-13 10:55:16 [main] INFO  c.detection.platform.DetectionPlatformApplication - Starting DetectionPlatformApplication v1.0.0 using Java 17.0.9 with PID 8730 (/root/jc-test/backend/target/detection-platform-1.0.0.jar started by root in /root/jc-test/backend)
2025-11-13 10:55:16 [main] DEBUG c.detection.platform.DetectionPlatformApplication - Running with Spring Boot v3.1.5, Spring v6.0.13
2025-11-13 10:55:16 [main] INFO  c.detection.platform.DetectionPlatformApplication - No active profile set, falling back to 1 default profile: "default"
2025-11-13 10:55:18 [main] INFO  o.s.d.r.config.RepositoryConfigurationDelegate - Multiple Spring Data modules found, entering strict repository configuration mode
2025-11-13 10:55:18 [main] INFO  o.s.d.r.config.RepositoryConfigurationDelegate - Bootstrapping Spring Data Redis repositories in DEFAULT mode.
2025-11-13 10:55:18 [main] INFO  o.s.d.r.config.RepositoryConfigurationDelegate - Finished Spring Data repository scanning in 41 ms. Found 0 Redis repository interfaces.
2025-11-13 10:55:19 [main] INFO  o.s.boot.web.embedded.tomcat.TomcatWebServer - Tomcat initialized with port(s): 8080 (http)
2025-11-13 10:55:19 [main] INFO  org.apache.catalina.core.StandardService - Starting service [Tomcat]
2025-11-13 10:55:19 [main] INFO  org.apache.catalina.core.StandardEngine - Starting Servlet engine: [Apache Tomcat/10.1.15]
2025-11-13 10:55:20 [main] INFO  o.a.c.core.ContainerBase.[Tomcat].[localhost].[/] - Initializing Spring embedded WebApplicationContext
2025-11-13 10:55:20 [main] INFO  o.s.b.w.s.c.ServletWebServerApplicationContext - Root WebApplicationContext: initialization completed in 2938 ms
 _ _   |_  _ _|_. ___ _ |    _ 
| | |\/|_)(_| | |_\  |_)||_|_\ 
     /               |         
                        3.5.5 
2025-11-13 10:55:23 [main] INFO  o.s.security.web.DefaultSecurityFilterChain - Will secure any request with [org.springframework.security.web.session.DisableEncodeUrlFilter@6ba7383d, org.springframework.security.web.context.request.async.WebAsyncManagerIntegrationFilter@3419e23b, org.springframework.security.web.context.SecurityContextHolderFilter@161f6623, org.springframework.security.web.header.HeaderWriterFilter@27b45ea, org.springframework.security.web.authentication.logout.LogoutFilter@bfc14b9, com.detection.platform.config.SecurityConfig$JwtAuthenticationFilter@710d89e2, org.springframework.security.web.savedrequest.RequestCacheAwareFilter@6778aea6, org.springframework.security.web.servletapi.SecurityContextHolderAwareRequestFilter@69228e85, org.springframework.security.web.authentication.AnonymousAuthenticationFilter@1d75e7af, org.springframework.security.web.session.SessionManagementFilter@790a251b, org.springframework.security.web.access.ExceptionTranslationFilter@199bc830, org.springframework.security.web.access.intercept.AuthorizationFilter@43d38654]
2025-11-13 10:55:24 [main] INFO  org.quartz.impl.StdSchedulerFactory - Using default implementation for ThreadExecutor
2025-11-13 10:55:24 [main] INFO  org.quartz.core.SchedulerSignalerImpl - Initialized Scheduler Signaller of type: class org.quartz.core.SchedulerSignalerImpl
2025-11-13 10:55:24 [main] INFO  org.quartz.core.QuartzScheduler - Quartz Scheduler v.2.3.2 created.
2025-11-13 10:55:24 [main] INFO  org.quartz.simpl.RAMJobStore - RAMJobStore initialized.
2025-11-13 10:55:24 [main] INFO  org.quartz.core.QuartzScheduler - Scheduler meta-data: Quartz Scheduler (v2.3.2) 'quartzScheduler' with instanceId 'NON_CLUSTERED'
  Scheduler class: 'org.quartz.core.QuartzScheduler' - running locally.
  NOT STARTED.
  Currently in standby mode.
  Number of jobs executed: 0
  Using thread pool 'org.quartz.simpl.SimpleThreadPool' - with 10 threads.
  Using job-store 'org.quartz.simpl.RAMJobStore' - which does not support persistence. and is not clustered.

2025-11-13 10:55:24 [main] INFO  org.quartz.impl.StdSchedulerFactory - Quartz scheduler 'quartzScheduler' initialized from an externally provided properties instance.
2025-11-13 10:55:24 [main] INFO  org.quartz.impl.StdSchedulerFactory - Quartz scheduler version: 2.3.2
2025-11-13 10:55:24 [main] INFO  org.quartz.core.QuartzScheduler - JobFactory set to: org.springframework.scheduling.quartz.SpringBeanJobFactory@5e0ec41f
2025-11-13 10:55:24 [main] INFO  o.s.boot.web.embedded.tomcat.TomcatWebServer - Tomcat started on port(s): 8080 (http) with context path ''
2025-11-13 10:55:24 [main] INFO  o.s.m.simp.broker.SimpleBrokerMessageHandler - Starting...
2025-11-13 10:55:24 [main] INFO  o.s.m.simp.broker.SimpleBrokerMessageHandler - BrokerAvailabilityEvent[available=true, SimpleBrokerMessageHandler [org.springframework.messaging.simp.broker.DefaultSubscriptionRegistry@d5556bf]]
2025-11-13 10:55:24 [main] INFO  o.s.m.simp.broker.SimpleBrokerMessageHandler - Started.
2025-11-13 10:55:24 [main] INFO  o.s.a.rabbit.connection.CachingConnectionFactory - Attempting to connect to: [localhost:5672]
2025-11-13 10:55:24 [main] INFO  o.s.a.rabbit.connection.CachingConnectionFactory - Created new connection: rabbitConnectionFactory#474fae39:0/SimpleConnection@15d42ccb [delegate=amqp://admin@127.0.0.1:5672/, localPort=46196]
2025-11-13 10:55:24 [main] INFO  o.s.scheduling.quartz.SchedulerFactoryBean - Starting Quartz Scheduler now
2025-11-13 10:55:24 [main] INFO  org.quartz.core.QuartzScheduler - Scheduler quartzScheduler_$_NON_CLUSTERED started.
2025-11-13 10:55:24 [MessageBroker-1] INFO  c.d.platform.scheduler.HealthCheckScheduler - 开始执行服务器健康检查定时任务
2025-11-13 10:55:24 [MessageBroker-2] INFO  c.d.platform.scheduler.HealthCheckScheduler - 开始执行代理健康检查定时任务
2025-11-13 10:55:24 [MessageBroker-2] INFO  c.d.platform.scheduler.HealthCheckScheduler - 代理健康检查定时任务执行完成
2025-11-13 10:55:24 [main] INFO  c.detection.platform.DetectionPlatformApplication - Started DetectionPlatformApplication in 8.822 seconds (process running for 9.634)

========================================
  自动化数据检测平台启动成功！
  API文档地址: http://localhost:8080/doc.html
========================================

2025-11-13 10:55:24 [MessageBroker-1] INFO  com.zaxxer.hikari.HikariDataSource - DetectionHikariPool - Starting...
2025-11-13 10:55:25 [MessageBroker-1] INFO  com.zaxxer.hikari.pool.HikariPool - DetectionHikariPool - Added connection com.mysql.cj.jdbc.ConnectionImpl@3c3410a2
2025-11-13 10:55:25 [MessageBroker-1] INFO  com.zaxxer.hikari.HikariDataSource - DetectionHikariPool - Start completed.
2025-11-13 10:55:25 [MessageBroker-1] DEBUG c.detection.platform.dao.ServerMapper.selectList - ==>  Preparing: SELECT id,server_name,ip_address,ssh_port,auth_type,auth_credential,docker_port,status,cpu_usage,memory_usage,max_concurrent,current_tasks,create_time,last_heartbeat_time,deleted FROM t_server WHERE deleted=0 ORDER BY create_time DESC
2025-11-13 10:55:25 [MessageBroker-1] DEBUG c.detection.platform.dao.ServerMapper.selectList - ==> Parameters: 
2025-11-13 10:55:25 [MessageBroker-1] DEBUG c.detection.platform.dao.ServerMapper.selectList - <==      Total: 0
2025-11-13 10:55:25 [MessageBroker-1] INFO  c.d.platform.scheduler.HealthCheckScheduler - 服务器健康检查定时任务执行完成
