========================================
自动化数据检测平台 - 部署状态报告
时间: 2025-11-13 08:59
========================================

✅ 前端服务状态
----------------------------------------
- 端口: 3000
- 监听地址: 0.0.0.0 (允许外部访问)
- 访问地址: http://103.246.244.229:3000
- 进程PID: 26664
- 状态: 正常运行
- Vite版本: 4.5.5
- Node版本: 16.20.2

✅ 后端服务状态
----------------------------------------
- 端口: 8080
- 访问地址: http://103.246.244.229:8080
- 进程PID: 3832
- 状态: 正常运行
- 日志级别: DEBUG
- 日志文件: /root/jc-test/logs/detection-platform.log

✅ 网络配置
----------------------------------------
- 前端代理配置: /api -> http://103.246.244.229:8080
- CORS: 已启用，允许所有源
- 登录接口: /user/login (公开访问)

✅ 测试结果
----------------------------------------
1. 前端HTML加载: ✓ 正常
2. 登录API测试: ✓ 成功 (返回token)
3. 跨域访问: ✓ 正常

🌐 访问信息
----------------------------------------
前端地址: http://103.246.244.229:3000
后端API: http://103.246.244.229:8080

登录凭据:
- 用户名: admin
- 密码: admin123

📝 注意事项
----------------------------------------
1. 确保服务器防火墙已开放3000和8080端口
2. 如果使用云服务器，请在安全组中开放这两个端口
3. 前端端口固定为3000，不会改变

========================================
部署完成！可以通过浏览器访问系统
========================================
