[2025-11-13 11:06:48] ========================================
[2025-11-13 11:06:48] ========================================
[2025-11-13 11:06:48] 全局E2E测试开始
[2025-11-13 11:06:48] 全局E2E测试开始
[2025-11-13 11:06:48] ========================================
[2025-11-13 11:06:48] ========================================
[2025-11-13 11:06:48] 
[2025-11-13 11:06:48] 
[2025-11-13 11:06:48] 步骤1: 用户登录
[2025-11-13 11:06:48] 步骤1: 用户登录
[2025-11-13 11:06:48] ----------------------------------------
[2025-11-13 11:06:48] ----------------------------------------
[2025-11-13 11:06:48] ✓ 登录成功
[2025-11-13 11:06:48] ✓ 登录成功
[2025-11-13 11:06:48] Token: eyJhbGciOiJIUzI1NiJ9.eyJ1c2VybmFtZSI6ImFkbWluIiwid...
[2025-11-13 11:06:48] Token: eyJhbGciOiJIUzI1NiJ9.eyJ1c2VybmFtZSI6ImFkbWluIiwid...
[2025-11-13 11:06:49] 
[2025-11-13 11:06:49] 
[2025-11-13 11:06:49] 步骤2: 数据中心模块测试
[2025-11-13 11:06:49] 步骤2: 数据中心模块测试
[2025-11-13 11:06:49] ========================================
[2025-11-13 11:06:49] ========================================
[2025-11-13 11:06:49] 
[2025-11-13 11:06:49] 
[2025-11-13 11:06:49] 2.1 基础数据管理
[2025-11-13 11:06:49] 2.1 基础数据管理
[2025-11-13 11:06:49] 测试: 获取基础数据列表
[2025-11-13 11:06:49] 测试: 获取基础数据列表
[2025-11-13 11:06:49]   请求: GET http://103.246.244.229:3000/api/data/base/page?current=1&size=10
[2025-11-13 11:06:49]   请求: GET http://103.246.244.229:3000/api/data/base/page?current=1&size=10
[2025-11-13 11:06:49]   状态码: 200
[2025-11-13 11:06:49]   状态码: 200
[2025-11-13 11:06:49]   结果: ✓ 成功
[2025-11-13 11:06:49]   结果: ✓ 成功
[2025-11-13 11:06:49]     {"code":200,"message":"操作成功","data":{"records":[],"total":0,"size":10,"current":1,"pages":0},"timestamp":1763032009165}
[2025-11-13 11:06:49]     {"code":200,"message":"操作成功","data":{"records":[],"total":0,"size":10,"current":1,"pages":0},"timestamp":1763032009165}
[2025-11-13 11:06:49] 
[2025-11-13 11:06:49] 
[2025-11-13 11:06:49] 2.2 历史检测结果
[2025-11-13 11:06:49] 2.2 历史检测结果
[2025-11-13 11:06:49] 测试: 获取历史结果
[2025-11-13 11:06:49] 测试: 获取历史结果
[2025-11-13 11:06:49]   请求: GET http://103.246.244.229:3000/api/data/result/page?current=1&size=10
[2025-11-13 11:06:49]   请求: GET http://103.246.244.229:3000/api/data/result/page?current=1&size=10
[2025-11-13 11:06:49]   状态码: 200
[2025-11-13 11:06:49]   状态码: 200
[2025-11-13 11:06:49]   结果: ✓ 成功
[2025-11-13 11:06:49]   结果: ✓ 成功
[2025-11-13 11:06:49]     {"code":200,"message":"操作成功","data":{"records":[],"total":0,"size":10,"current":1,"pages":0},"timestamp":1763032009256}
[2025-11-13 11:06:49]     {"code":200,"message":"操作成功","data":{"records":[],"total":0,"size":10,"current":1,"pages":0},"timestamp":1763032009256}
[2025-11-13 11:06:49] 
[2025-11-13 11:06:49] 
[2025-11-13 11:06:49] 测试: 统计数据
[2025-11-13 11:06:49] 测试: 统计数据
[2025-11-13 11:06:49]   请求: GET http://103.246.244.229:3000/api/data/result/statistics
[2025-11-13 11:06:49]   请求: GET http://103.246.244.229:3000/api/data/result/statistics
[2025-11-13 11:06:49]   状态码: 500
[2025-11-13 11:06:49]   状态码: 500
[2025-11-13 11:06:49]   结果: ✗ 失败
[2025-11-13 11:06:49]   结果: ✗ 失败
[2025-11-13 11:06:49]   响应: {"code":500,"message":"系统错误: \n### Error querying database.  Cause: java.sql.SQLSyntaxErrorException: Unknown column 'status' in 'where clause'\n### The error may exist in com/detection/platform/dao/DetectionResultMapper.java (best guess)\n### The error may involve defaultParameterMap\n### The error occurred while setting parameters\n### SQL: SELECT COUNT( * ) AS total FROM t_detection_result      WHERE  (status = ?)\n### Cause: java.sql.SQLSyntaxErrorException: Unknown column 'status' in 'where clause'\n; bad SQL grammar []","data":null,"timestamp":1763032009442}
[2025-11-13 11:06:49]   响应: {"code":500,"message":"系统错误: \n### Error querying database.  Cause: java.sql.SQLSyntaxErrorException: Unknown column 'status' in 'where clause'\n### The error may exist in com/detection/platform/dao/DetectionResultMapper.java (best guess)\n### The error may involve defaultParameterMap\n### The error occurred while setting parameters\n### SQL: SELECT COUNT( * ) AS total FROM t_detection_result      WHERE  (status = ?)\n### Cause: java.sql.SQLSyntaxErrorException: Unknown column 'status' in 'where clause'\n; bad SQL grammar []","data":null,"timestamp":1763032009442}
[2025-11-13 11:06:49] 
[2025-11-13 11:06:49] 
[2025-11-13 11:06:49] 2.3 最新检测结果
[2025-11-13 11:06:49] 2.3 最新检测结果
[2025-11-13 11:06:49] 测试: 获取最新结果
[2025-11-13 11:06:49] 测试: 获取最新结果
[2025-11-13 11:06:49]   请求: GET http://103.246.244.229:3000/api/data/result/page?current=1&size=10&latest=true
[2025-11-13 11:06:49]   请求: GET http://103.246.244.229:3000/api/data/result/page?current=1&size=10&latest=true
[2025-11-13 11:06:49]   状态码: 200
[2025-11-13 11:06:49]   状态码: 200
[2025-11-13 11:06:49]   结果: ✓ 成功
[2025-11-13 11:06:49]   结果: ✓ 成功
[2025-11-13 11:06:49]     {"code":200,"message":"操作成功","data":{"records":[],"total":0,"size":10,"current":1,"pages":0},"timestamp":1763032009510}
[2025-11-13 11:06:49]     {"code":200,"message":"操作成功","data":{"records":[],"total":0,"size":10,"current":1,"pages":0},"timestamp":1763032009510}
[2025-11-13 11:06:49] 
[2025-11-13 11:06:49] 
[2025-11-13 11:06:49] 步骤3: 检测任务模块测试
[2025-11-13 11:06:49] 步骤3: 检测任务模块测试
[2025-11-13 11:06:49] ========================================
[2025-11-13 11:06:49] ========================================
[2025-11-13 11:06:49] 
[2025-11-13 11:06:49] 
[2025-11-13 11:06:49] 3.1 任务列表
[2025-11-13 11:06:49] 3.1 任务列表
[2025-11-13 11:06:49] 测试: 获取任务列表
[2025-11-13 11:06:49] 测试: 获取任务列表
[2025-11-13 11:06:49]   请求: GET http://103.246.244.229:3000/api/task/page?current=1&size=10
[2025-11-13 11:06:49]   请求: GET http://103.246.244.229:3000/api/task/page?current=1&size=10
[2025-11-13 11:06:49]   状态码: 200
[2025-11-13 11:06:49]   状态码: 200
[2025-11-13 11:06:49]   结果: ✓ 成功
[2025-11-13 11:06:49]   结果: ✓ 成功
[2025-11-13 11:06:49]     {"code":200,"message":"操作成功","data":{"records":[],"total":0,"size":10,"current":1,"pages":0},"timestamp":1763032009633}
[2025-11-13 11:06:49]     {"code":200,"message":"操作成功","data":{"records":[],"total":0,"size":10,"current":1,"pages":0},"timestamp":1763032009633}
[2025-11-13 11:06:49] 
[2025-11-13 11:06:49] 
[2025-11-13 11:06:49] 3.2 已完成任务
[2025-11-13 11:06:49] 3.2 已完成任务
[2025-11-13 11:06:49] 测试: 获取已完成任务
[2025-11-13 11:06:49] 测试: 获取已完成任务
[2025-11-13 11:06:49]   请求: GET http://103.246.244.229:3000/api/task/page?current=1&size=10&taskStatus=4
[2025-11-13 11:06:49]   请求: GET http://103.246.244.229:3000/api/task/page?current=1&size=10&taskStatus=4
[2025-11-13 11:06:49]   状态码: 200
[2025-11-13 11:06:49]   状态码: 200
[2025-11-13 11:06:49]   结果: ✓ 成功
[2025-11-13 11:06:49]   结果: ✓ 成功
[2025-11-13 11:06:49]     {"code":200,"message":"操作成功","data":{"records":[],"total":0,"size":10,"current":1,"pages":0},"timestamp":1763032009701}
[2025-11-13 11:06:49]     {"code":200,"message":"操作成功","data":{"records":[],"total":0,"size":10,"current":1,"pages":0},"timestamp":1763032009701}
[2025-11-13 11:06:49] 
[2025-11-13 11:06:49] 
[2025-11-13 11:06:49] 3.3 创建任务依赖数据
[2025-11-13 11:06:49] 3.3 创建任务依赖数据
[2025-11-13 11:06:49] 测试: 获取模板列表
[2025-11-13 11:06:49] 测试: 获取模板列表
[2025-11-13 11:06:49]   请求: GET http://103.246.244.229:3000/api/template/list
[2025-11-13 11:06:49]   请求: GET http://103.246.244.229:3000/api/template/list
[2025-11-13 11:06:49]   状态码: 200
[2025-11-13 11:06:49]   状态码: 200
[2025-11-13 11:06:49]   结果: ✓ 成功
[2025-11-13 11:06:49]   结果: ✓ 成功
[2025-11-13 11:06:49]     {"code":200,"message":"操作成功","data":[],"timestamp":1763032009762}
[2025-11-13 11:06:49]     {"code":200,"message":"操作成功","data":[],"timestamp":1763032009762}
[2025-11-13 11:06:49] 
[2025-11-13 11:06:49] 
[2025-11-13 11:06:49] 测试: 获取代理池列表
[2025-11-13 11:06:49] 测试: 获取代理池列表
[2025-11-13 11:06:49]   请求: GET http://103.246.244.229:3000/api/proxy/pool/list
[2025-11-13 11:06:49]   请求: GET http://103.246.244.229:3000/api/proxy/pool/list
[2025-11-13 11:06:49]   状态码: 200
[2025-11-13 11:06:49]   状态码: 200
[2025-11-13 11:06:49]   结果: ✓ 成功
[2025-11-13 11:06:49]   结果: ✓ 成功
[2025-11-13 11:06:49]     {"code":200,"message":"操作成功","data":[],"timestamp":1763032009905}
[2025-11-13 11:06:49]     {"code":200,"message":"操作成功","data":[],"timestamp":1763032009905}
[2025-11-13 11:06:49] 
[2025-11-13 11:06:49] 
[2025-11-13 11:06:49] 测试: 获取服务器列表
[2025-11-13 11:06:49] 测试: 获取服务器列表
[2025-11-13 11:06:49]   请求: GET http://103.246.244.229:3000/api/server/list
[2025-11-13 11:06:49]   请求: GET http://103.246.244.229:3000/api/server/list
[2025-11-13 11:06:49]   状态码: 200
[2025-11-13 11:06:49]   状态码: 200
[2025-11-13 11:06:49]   结果: ✓ 成功
[2025-11-13 11:06:49]   结果: ✓ 成功
[2025-11-13 11:06:49]     {"code":200,"message":"操作成功","data":[],"timestamp":1763032009971}
[2025-11-13 11:06:49]     {"code":200,"message":"操作成功","data":[],"timestamp":1763032009971}
[2025-11-13 11:06:50] 
[2025-11-13 11:06:50] 
[2025-11-13 11:06:50] 步骤4: 业务中心模块测试
[2025-11-13 11:06:50] 步骤4: 业务中心模块测试
[2025-11-13 11:06:50] ========================================
[2025-11-13 11:06:50] ========================================
[2025-11-13 11:06:50] 
[2025-11-13 11:06:50] 
[2025-11-13 11:06:50] 4.1 POST模板管理
[2025-11-13 11:06:50] 4.1 POST模板管理
[2025-11-13 11:06:50] 测试: 获取模板分页
[2025-11-13 11:06:50] 测试: 获取模板分页
[2025-11-13 11:06:50]   请求: GET http://103.246.244.229:3000/api/template/page?current=1&size=10
[2025-11-13 11:06:50]   请求: GET http://103.246.244.229:3000/api/template/page?current=1&size=10
[2025-11-13 11:06:50]   状态码: 200
[2025-11-13 11:06:50]   状态码: 200
[2025-11-13 11:06:50]   结果: ✓ 成功
[2025-11-13 11:06:50]   结果: ✓ 成功
[2025-11-13 11:06:50]     {"code":200,"message":"操作成功","data":{"records":[],"total":0,"size":10,"current":1,"pages":0},"timestamp":1763032010049}
[2025-11-13 11:06:50]     {"code":200,"message":"操作成功","data":{"records":[],"total":0,"size":10,"current":1,"pages":0},"timestamp":1763032010049}
[2025-11-13 11:06:50] 
[2025-11-13 11:06:50] 
[2025-11-13 11:06:50] 4.2 注册管理
[2025-11-13 11:06:50] 4.2 注册管理
[2025-11-13 11:06:50] 测试: 获取注册任务列表
[2025-11-13 11:06:50] 测试: 获取注册任务列表
[2025-11-13 11:06:50]   请求: GET http://103.246.244.229:3000/api/business/register/list
[2025-11-13 11:06:50]   请求: GET http://103.246.244.229:3000/api/business/register/list
[2025-11-13 11:06:50]   状态码: 200
[2025-11-13 11:06:50]   状态码: 200
[2025-11-13 11:06:50]   结果: ✓ 成功
[2025-11-13 11:06:50]   结果: ✓ 成功
[2025-11-13 11:06:50]     {"code":200,"message":"操作成功","data":{"records":[],"total":0,"size":10,"current":1,"pages":0},"timestamp":1763032010121}
[2025-11-13 11:06:50]     {"code":200,"message":"操作成功","data":{"records":[],"total":0,"size":10,"current":1,"pages":0},"timestamp":1763032010121}
[2025-11-13 11:06:50] 
[2025-11-13 11:06:50] 
[2025-11-13 11:06:50] 4.3 网站分析
[2025-11-13 11:06:50] 4.3 网站分析
[2025-11-13 11:06:50] 测试: 获取分析列表
[2025-11-13 11:06:50] 测试: 获取分析列表
[2025-11-13 11:06:50]   请求: GET http://103.246.244.229:3000/api/business/analysis/list
[2025-11-13 11:06:50]   请求: GET http://103.246.244.229:3000/api/business/analysis/list
[2025-11-13 11:06:50]   状态码: 200
[2025-11-13 11:06:50]   状态码: 200
[2025-11-13 11:06:50]   结果: ✓ 成功
[2025-11-13 11:06:50]   结果: ✓ 成功
[2025-11-13 11:06:50]     {"code":200,"message":"操作成功","data":{"records":[],"total":0,"size":10,"current":1,"pages":0},"timestamp":1763032010193}
[2025-11-13 11:06:50]     {"code":200,"message":"操作成功","data":{"records":[],"total":0,"size":10,"current":1,"pages":0},"timestamp":1763032010193}
[2025-11-13 11:06:50] 
[2025-11-13 11:06:50] 
[2025-11-13 11:06:50] 步骤5: 代理管理模块测试
[2025-11-13 11:06:50] 步骤5: 代理管理模块测试
[2025-11-13 11:06:50] ========================================
[2025-11-13 11:06:50] ========================================
[2025-11-13 11:06:50] 
[2025-11-13 11:06:50] 
[2025-11-13 11:06:50] 测试: 获取代理池分页
[2025-11-13 11:06:50] 测试: 获取代理池分页
[2025-11-13 11:06:50]   请求: GET http://103.246.244.229:3000/api/proxy/pool/page?current=1&size=10
[2025-11-13 11:06:50]   请求: GET http://103.246.244.229:3000/api/proxy/pool/page?current=1&size=10
[2025-11-13 11:06:50]   状态码: 200
[2025-11-13 11:06:50]   状态码: 200
[2025-11-13 11:06:50]   结果: ✓ 成功
[2025-11-13 11:06:50]   结果: ✓ 成功
[2025-11-13 11:06:50]     {"code":200,"message":"操作成功","data":{"records":[],"total":0,"size":10,"current":1,"pages":0},"timestamp":1763032010257}
[2025-11-13 11:06:50]     {"code":200,"message":"操作成功","data":{"records":[],"total":0,"size":10,"current":1,"pages":0},"timestamp":1763032010257}
[2025-11-13 11:06:50] 
[2025-11-13 11:06:50] 
[2025-11-13 11:06:50] 步骤6: 服务器管理模块测试
[2025-11-13 11:06:50] 步骤6: 服务器管理模块测试
[2025-11-13 11:06:50] ========================================
[2025-11-13 11:06:50] ========================================
[2025-11-13 11:06:50] 
[2025-11-13 11:06:50] 
[2025-11-13 11:06:50] 测试: 获取服务器分页
[2025-11-13 11:06:50] 测试: 获取服务器分页
[2025-11-13 11:06:50]   请求: GET http://103.246.244.229:3000/api/server/page?current=1&size=10
[2025-11-13 11:06:50]   请求: GET http://103.246.244.229:3000/api/server/page?current=1&size=10
[2025-11-13 11:06:50]   状态码: 200
[2025-11-13 11:06:50]   状态码: 200
[2025-11-13 11:06:50]   结果: ✓ 成功
[2025-11-13 11:06:50]   结果: ✓ 成功
[2025-11-13 11:06:50]     {"code":200,"message":"操作成功","data":{"records":[],"total":0,"size":10,"current":1,"pages":0},"timestamp":1763032010331}
[2025-11-13 11:06:50]     {"code":200,"message":"操作成功","data":{"records":[],"total":0,"size":10,"current":1,"pages":0},"timestamp":1763032010331}
[2025-11-13 11:06:50] 
[2025-11-13 11:06:50] 
[2025-11-13 11:06:50] ========================================
[2025-11-13 11:06:50] ========================================
[2025-11-13 11:06:50] 测试总结
[2025-11-13 11:06:50] 测试总结
[2025-11-13 11:06:50] ========================================
[2025-11-13 11:06:50] ========================================
[2025-11-13 11:06:50] 总测试数: 14
[2025-11-13 11:06:50] 总测试数: 14
[2025-11-13 11:06:50] 成功: 13 (92.9%)
[2025-11-13 11:06:50] 成功: 13 (92.9%)
[2025-11-13 11:06:50] 失败: 2 (14.3%)
[2025-11-13 11:06:50] 失败: 2 (14.3%)
[2025-11-13 11:06:50] 
[2025-11-13 11:06:50] 
[2025-11-13 11:06:50] ✗ 有 2 个测试失败，请检查日志
[2025-11-13 11:06:50] ✗ 有 2 个测试失败，请检查日志
