[2025-11-13 10:20:49] ========================================
[2025-11-13 10:20:49] ========================================
[2025-11-13 10:20:49] 全局E2E测试开始
[2025-11-13 10:20:49] 全局E2E测试开始
[2025-11-13 10:20:49] ========================================
[2025-11-13 10:20:49] ========================================
[2025-11-13 10:20:49] 
[2025-11-13 10:20:49] 
[2025-11-13 10:20:49] 步骤1: 用户登录
[2025-11-13 10:20:49] 步骤1: 用户登录
[2025-11-13 10:20:49] ----------------------------------------
[2025-11-13 10:20:49] ----------------------------------------
[2025-11-13 10:20:49] ✓ 登录成功
[2025-11-13 10:20:49] ✓ 登录成功
[2025-11-13 10:20:49] Token: eyJhbGciOiJIUzI1NiJ9.eyJ1c2VybmFtZSI6ImFkbWluIiwid...
[2025-11-13 10:20:49] Token: eyJhbGciOiJIUzI1NiJ9.eyJ1c2VybmFtZSI6ImFkbWluIiwid...
[2025-11-13 10:20:49] 
[2025-11-13 10:20:49] 
[2025-11-13 10:20:49] 步骤2: 数据中心模块测试
[2025-11-13 10:20:49] 步骤2: 数据中心模块测试
[2025-11-13 10:20:49] ========================================
[2025-11-13 10:20:49] ========================================
[2025-11-13 10:20:49] 
[2025-11-13 10:20:49] 
[2025-11-13 10:20:49] 2.1 基础数据管理
[2025-11-13 10:20:49] 2.1 基础数据管理
[2025-11-13 10:20:49] 测试: 获取基础数据列表
[2025-11-13 10:20:49] 测试: 获取基础数据列表
[2025-11-13 10:20:49]   请求: GET http://103.246.244.229:3000/api/data/base/page?current=1&size=10
[2025-11-13 10:20:49]   请求: GET http://103.246.244.229:3000/api/data/base/page?current=1&size=10
[2025-11-13 10:20:49]   状态码: 403
[2025-11-13 10:20:49]   状态码: 403
[2025-11-13 10:20:49]   结果: ✗ 失败
[2025-11-13 10:20:49]   结果: ✗ 失败
[2025-11-13 10:20:49]   响应: 
[2025-11-13 10:20:49]   响应: 
[2025-11-13 10:20:49] 
[2025-11-13 10:20:49] 
[2025-11-13 10:20:49] 2.2 历史检测结果
[2025-11-13 10:20:49] 2.2 历史检测结果
[2025-11-13 10:20:49] 测试: 获取历史结果
[2025-11-13 10:20:49] 测试: 获取历史结果
[2025-11-13 10:20:49]   请求: GET http://103.246.244.229:3000/api/data/result/page?current=1&size=10
[2025-11-13 10:20:49]   请求: GET http://103.246.244.229:3000/api/data/result/page?current=1&size=10
[2025-11-13 10:20:49]   状态码: 403
[2025-11-13 10:20:49]   状态码: 403
[2025-11-13 10:20:49]   结果: ✗ 失败
[2025-11-13 10:20:49]   结果: ✗ 失败
[2025-11-13 10:20:49]   响应: 
[2025-11-13 10:20:49]   响应: 
[2025-11-13 10:20:49] 
[2025-11-13 10:20:49] 
[2025-11-13 10:20:49] 测试: 统计数据
[2025-11-13 10:20:49] 测试: 统计数据
[2025-11-13 10:20:49]   请求: GET http://103.246.244.229:3000/api/data/result/statistics
[2025-11-13 10:20:49]   请求: GET http://103.246.244.229:3000/api/data/result/statistics
[2025-11-13 10:20:49]   状态码: 403
[2025-11-13 10:20:49]   状态码: 403
[2025-11-13 10:20:49]   结果: ✗ 失败
[2025-11-13 10:20:49]   结果: ✗ 失败
[2025-11-13 10:20:49]   响应: 
[2025-11-13 10:20:49]   响应: 
[2025-11-13 10:20:49] 
[2025-11-13 10:20:49] 
[2025-11-13 10:20:49] 2.3 最新检测结果
[2025-11-13 10:20:49] 2.3 最新检测结果
[2025-11-13 10:20:49] 测试: 获取最新结果
[2025-11-13 10:20:49] 测试: 获取最新结果
[2025-11-13 10:20:49]   请求: GET http://103.246.244.229:3000/api/data/result/page?current=1&size=10&latest=true
[2025-11-13 10:20:49]   请求: GET http://103.246.244.229:3000/api/data/result/page?current=1&size=10&latest=true
[2025-11-13 10:20:49]   状态码: 403
[2025-11-13 10:20:49]   状态码: 403
[2025-11-13 10:20:49]   结果: ✗ 失败
[2025-11-13 10:20:49]   结果: ✗ 失败
[2025-11-13 10:20:49]   响应: 
[2025-11-13 10:20:49]   响应: 
[2025-11-13 10:20:49] 
[2025-11-13 10:20:49] 
[2025-11-13 10:20:49] 步骤3: 检测任务模块测试
[2025-11-13 10:20:49] 步骤3: 检测任务模块测试
[2025-11-13 10:20:49] ========================================
[2025-11-13 10:20:49] ========================================
[2025-11-13 10:20:49] 
[2025-11-13 10:20:49] 
[2025-11-13 10:20:49] 3.1 任务列表
[2025-11-13 10:20:49] 3.1 任务列表
[2025-11-13 10:20:49] 测试: 获取任务列表
[2025-11-13 10:20:49] 测试: 获取任务列表
[2025-11-13 10:20:50]   请求: GET http://103.246.244.229:3000/api/task/page?current=1&size=10
[2025-11-13 10:20:50]   请求: GET http://103.246.244.229:3000/api/task/page?current=1&size=10
[2025-11-13 10:20:50]   状态码: 403
[2025-11-13 10:20:50]   状态码: 403
[2025-11-13 10:20:50]   结果: ✗ 失败
[2025-11-13 10:20:50]   结果: ✗ 失败
[2025-11-13 10:20:50]   响应: 
[2025-11-13 10:20:50]   响应: 
[2025-11-13 10:20:50] 
[2025-11-13 10:20:50] 
[2025-11-13 10:20:50] 3.2 已完成任务
[2025-11-13 10:20:50] 3.2 已完成任务
[2025-11-13 10:20:50] 测试: 获取已完成任务
[2025-11-13 10:20:50] 测试: 获取已完成任务
[2025-11-13 10:20:50]   请求: GET http://103.246.244.229:3000/api/task/page?current=1&size=10&status=COMPLETED
[2025-11-13 10:20:50]   请求: GET http://103.246.244.229:3000/api/task/page?current=1&size=10&status=COMPLETED
[2025-11-13 10:20:50]   状态码: 403
[2025-11-13 10:20:50]   状态码: 403
[2025-11-13 10:20:50]   结果: ✗ 失败
[2025-11-13 10:20:50]   结果: ✗ 失败
[2025-11-13 10:20:50]   响应: 
[2025-11-13 10:20:50]   响应: 
[2025-11-13 10:20:50] 
[2025-11-13 10:20:50] 
[2025-11-13 10:20:50] 3.3 创建任务依赖数据
[2025-11-13 10:20:50] 3.3 创建任务依赖数据
[2025-11-13 10:20:50] 测试: 获取模板列表
[2025-11-13 10:20:50] 测试: 获取模板列表
[2025-11-13 10:20:50]   请求: GET http://103.246.244.229:3000/api/template/list
[2025-11-13 10:20:50]   请求: GET http://103.246.244.229:3000/api/template/list
[2025-11-13 10:20:50]   状态码: 403
[2025-11-13 10:20:50]   状态码: 403
[2025-11-13 10:20:50]   结果: ✗ 失败
[2025-11-13 10:20:50]   结果: ✗ 失败
[2025-11-13 10:20:50]   响应: 
[2025-11-13 10:20:50]   响应: 
[2025-11-13 10:20:50] 
[2025-11-13 10:20:50] 
[2025-11-13 10:20:50] 测试: 获取代理池列表
[2025-11-13 10:20:50] 测试: 获取代理池列表
[2025-11-13 10:20:50]   请求: GET http://103.246.244.229:3000/api/proxy/pool/list
[2025-11-13 10:20:50]   请求: GET http://103.246.244.229:3000/api/proxy/pool/list
[2025-11-13 10:20:50]   状态码: 403
[2025-11-13 10:20:50]   状态码: 403
[2025-11-13 10:20:50]   结果: ✗ 失败
[2025-11-13 10:20:50]   结果: ✗ 失败
[2025-11-13 10:20:50]   响应: 
[2025-11-13 10:20:50]   响应: 
[2025-11-13 10:20:50] 
[2025-11-13 10:20:50] 
[2025-11-13 10:20:50] 测试: 获取服务器列表
[2025-11-13 10:20:50] 测试: 获取服务器列表
[2025-11-13 10:20:50]   请求: GET http://103.246.244.229:3000/api/server/list
[2025-11-13 10:20:50]   请求: GET http://103.246.244.229:3000/api/server/list
[2025-11-13 10:20:50]   状态码: 403
[2025-11-13 10:20:50]   状态码: 403
[2025-11-13 10:20:50]   结果: ✗ 失败
[2025-11-13 10:20:50]   结果: ✗ 失败
[2025-11-13 10:20:50]   响应: 
[2025-11-13 10:20:50]   响应: 
[2025-11-13 10:20:50] 
[2025-11-13 10:20:50] 
[2025-11-13 10:20:50] 步骤4: 业务中心模块测试
[2025-11-13 10:20:50] 步骤4: 业务中心模块测试
[2025-11-13 10:20:50] ========================================
[2025-11-13 10:20:50] ========================================
[2025-11-13 10:20:50] 
[2025-11-13 10:20:50] 
[2025-11-13 10:20:50] 4.1 POST模板管理
[2025-11-13 10:20:50] 4.1 POST模板管理
[2025-11-13 10:20:50] 测试: 获取模板分页
[2025-11-13 10:20:50] 测试: 获取模板分页
[2025-11-13 10:20:50]   请求: GET http://103.246.244.229:3000/api/template/page?current=1&size=10
[2025-11-13 10:20:50]   请求: GET http://103.246.244.229:3000/api/template/page?current=1&size=10
[2025-11-13 10:20:50]   状态码: 403
[2025-11-13 10:20:50]   状态码: 403
[2025-11-13 10:20:50]   结果: ✗ 失败
[2025-11-13 10:20:50]   结果: ✗ 失败
[2025-11-13 10:20:50]   响应: 
[2025-11-13 10:20:50]   响应: 
[2025-11-13 10:20:50] 
[2025-11-13 10:20:50] 
[2025-11-13 10:20:50] 4.2 注册管理
[2025-11-13 10:20:50] 4.2 注册管理
[2025-11-13 10:20:50] 测试: 获取注册任务列表
[2025-11-13 10:20:50] 测试: 获取注册任务列表
[2025-11-13 10:20:50]   请求: GET http://103.246.244.229:3000/api/business/register/list
[2025-11-13 10:20:50]   请求: GET http://103.246.244.229:3000/api/business/register/list
[2025-11-13 10:20:50]   状态码: 403
[2025-11-13 10:20:50]   状态码: 403
[2025-11-13 10:20:50]   结果: ✗ 失败
[2025-11-13 10:20:50]   结果: ✗ 失败
[2025-11-13 10:20:50]   响应: 
[2025-11-13 10:20:50]   响应: 
[2025-11-13 10:20:50] 
[2025-11-13 10:20:50] 
[2025-11-13 10:20:50] 4.3 网站分析
[2025-11-13 10:20:50] 4.3 网站分析
[2025-11-13 10:20:50] 测试: 获取分析列表
[2025-11-13 10:20:50] 测试: 获取分析列表
[2025-11-13 10:20:50]   请求: GET http://103.246.244.229:3000/api/business/analysis/list
[2025-11-13 10:20:50]   请求: GET http://103.246.244.229:3000/api/business/analysis/list
[2025-11-13 10:20:50]   状态码: 403
[2025-11-13 10:20:50]   状态码: 403
[2025-11-13 10:20:50]   结果: ✗ 失败
[2025-11-13 10:20:50]   结果: ✗ 失败
[2025-11-13 10:20:50]   响应: 
[2025-11-13 10:20:50]   响应: 
[2025-11-13 10:20:50] 
[2025-11-13 10:20:50] 
[2025-11-13 10:20:50] 步骤5: 代理管理模块测试
[2025-11-13 10:20:50] 步骤5: 代理管理模块测试
[2025-11-13 10:20:50] ========================================
[2025-11-13 10:20:50] ========================================
[2025-11-13 10:20:50] 
[2025-11-13 10:20:50] 
[2025-11-13 10:20:50] 测试: 获取代理池分页
[2025-11-13 10:20:50] 测试: 获取代理池分页
[2025-11-13 10:20:50]   请求: GET http://103.246.244.229:3000/api/proxy/pool/page?current=1&size=10
[2025-11-13 10:20:50]   请求: GET http://103.246.244.229:3000/api/proxy/pool/page?current=1&size=10
[2025-11-13 10:20:50]   状态码: 403
[2025-11-13 10:20:50]   状态码: 403
[2025-11-13 10:20:50]   结果: ✗ 失败
[2025-11-13 10:20:50]   结果: ✗ 失败
[2025-11-13 10:20:50]   响应: 
[2025-11-13 10:20:50]   响应: 
[2025-11-13 10:20:50] 
[2025-11-13 10:20:50] 
[2025-11-13 10:20:50] 步骤6: 服务器管理模块测试
[2025-11-13 10:20:50] 步骤6: 服务器管理模块测试
[2025-11-13 10:20:50] ========================================
[2025-11-13 10:20:50] ========================================
[2025-11-13 10:20:50] 
[2025-11-13 10:20:50] 
[2025-11-13 10:20:50] 测试: 获取服务器分页
[2025-11-13 10:20:50] 测试: 获取服务器分页
[2025-11-13 10:20:50]   请求: GET http://103.246.244.229:3000/api/server/page?current=1&size=10
[2025-11-13 10:20:50]   请求: GET http://103.246.244.229:3000/api/server/page?current=1&size=10
[2025-11-13 10:20:50]   状态码: 403
[2025-11-13 10:20:50]   状态码: 403
[2025-11-13 10:20:50]   结果: ✗ 失败
[2025-11-13 10:20:50]   结果: ✗ 失败
[2025-11-13 10:20:50]   响应: 
[2025-11-13 10:20:50]   响应: 
[2025-11-13 10:20:50] 
[2025-11-13 10:20:50] 
[2025-11-13 10:20:50] ========================================
[2025-11-13 10:20:50] ========================================
[2025-11-13 10:20:50] 测试总结
[2025-11-13 10:20:50] 测试总结
[2025-11-13 10:20:50] ========================================
[2025-11-13 10:20:50] ========================================
[2025-11-13 10:20:50] 总测试数: 14
[2025-11-13 10:20:50] 总测试数: 14
[2025-11-13 10:20:50] 成功: 0 (0.0%)
[2025-11-13 10:20:50] 成功: 0 (0.0%)
[2025-11-13 10:20:50] 失败: 14 (100.0%)
[2025-11-13 10:20:50] 失败: 14 (100.0%)
[2025-11-13 10:20:50] 
[2025-11-13 10:20:50] 
[2025-11-13 10:20:50] ✗ 有 14 个测试失败，请检查日志
[2025-11-13 10:20:50] ✗ 有 14 个测试失败，请检查日志
