[2025-11-13 11:12:16] ========================================
[2025-11-13 11:12:16] ========================================
[2025-11-13 11:12:16] 全局E2E测试开始
[2025-11-13 11:12:16] 全局E2E测试开始
[2025-11-13 11:12:16] ========================================
[2025-11-13 11:12:16] ========================================
[2025-11-13 11:12:16] 
[2025-11-13 11:12:16] 
[2025-11-13 11:12:16] 步骤1: 用户登录
[2025-11-13 11:12:16] 步骤1: 用户登录
[2025-11-13 11:12:16] ----------------------------------------
[2025-11-13 11:12:16] ----------------------------------------
[2025-11-13 11:12:17] ✓ 登录成功
[2025-11-13 11:12:17] ✓ 登录成功
[2025-11-13 11:12:17] Token: eyJhbGciOiJIUzI1NiJ9.eyJ1c2VySWQiOjEsInVzZXJuYW1lI...
[2025-11-13 11:12:17] Token: eyJhbGciOiJIUzI1NiJ9.eyJ1c2VySWQiOjEsInVzZXJuYW1lI...
[2025-11-13 11:12:17] 
[2025-11-13 11:12:17] 
[2025-11-13 11:12:17] 步骤2: 数据中心模块测试
[2025-11-13 11:12:17] 步骤2: 数据中心模块测试
[2025-11-13 11:12:17] ========================================
[2025-11-13 11:12:17] ========================================
[2025-11-13 11:12:17] 
[2025-11-13 11:12:17] 
[2025-11-13 11:12:17] 2.1 基础数据管理
[2025-11-13 11:12:17] 2.1 基础数据管理
[2025-11-13 11:12:17] 测试: 获取基础数据列表
[2025-11-13 11:12:17] 测试: 获取基础数据列表
[2025-11-13 11:12:17]   请求: GET http://103.246.244.229:3000/api/data/base/page?current=1&size=10
[2025-11-13 11:12:17]   请求: GET http://103.246.244.229:3000/api/data/base/page?current=1&size=10
[2025-11-13 11:12:17]   状态码: 200
[2025-11-13 11:12:17]   状态码: 200
[2025-11-13 11:12:17]   结果: ✓ 成功
[2025-11-13 11:12:17]   结果: ✓ 成功
[2025-11-13 11:12:17]     {"code":200,"message":"操作成功","data":{"records":[],"total":0,"size":10,"current":1,"pages":0},"timestamp":1763032337654}
[2025-11-13 11:12:17]     {"code":200,"message":"操作成功","data":{"records":[],"total":0,"size":10,"current":1,"pages":0},"timestamp":1763032337654}
[2025-11-13 11:12:17] 
[2025-11-13 11:12:17] 
[2025-11-13 11:12:17] 2.2 历史检测结果
[2025-11-13 11:12:17] 2.2 历史检测结果
[2025-11-13 11:12:17] 测试: 获取历史结果
[2025-11-13 11:12:17] 测试: 获取历史结果
[2025-11-13 11:12:17]   请求: GET http://103.246.244.229:3000/api/data/result/page?current=1&size=10
[2025-11-13 11:12:17]   请求: GET http://103.246.244.229:3000/api/data/result/page?current=1&size=10
[2025-11-13 11:12:17]   状态码: 200
[2025-11-13 11:12:17]   状态码: 200
[2025-11-13 11:12:17]   结果: ✓ 成功
[2025-11-13 11:12:17]   结果: ✓ 成功
[2025-11-13 11:12:17]     {"code":200,"message":"操作成功","data":{"records":[],"total":0,"size":10,"current":1,"pages":0},"timestamp":1763032337743}
[2025-11-13 11:12:17]     {"code":200,"message":"操作成功","data":{"records":[],"total":0,"size":10,"current":1,"pages":0},"timestamp":1763032337743}
[2025-11-13 11:12:17] 
[2025-11-13 11:12:17] 
[2025-11-13 11:12:17] 测试: 统计数据
[2025-11-13 11:12:17] 测试: 统计数据
[2025-11-13 11:12:17]   请求: GET http://103.246.244.229:3000/api/data/result/statistics
[2025-11-13 11:12:17]   请求: GET http://103.246.244.229:3000/api/data/result/statistics
[2025-11-13 11:12:17]   状态码: 200
[2025-11-13 11:12:17]   状态码: 200
[2025-11-13 11:12:17]   结果: ✓ 成功
[2025-11-13 11:12:17]   结果: ✓ 成功
[2025-11-13 11:12:17]     {"code":200,"message":"操作成功","data":{"id":null,"taskId":null,"taskName":null,"dataId":null,"dataValue":null,"status":null,"statusText":null,"responseData":null,"responseTime":null,"errorMsg":null,"detectTime":null,"totalCount":0,"successCount":0,"failCount":0},"timestamp":1763032337812}
[2025-11-13 11:12:17]     {"code":200,"message":"操作成功","data":{"id":null,"taskId":null,"taskName":null,"dataId":null,"dataValue":null,"status":null,"statusText":null,"responseData":null,"responseTime":null,"errorMsg":null,"detectTime":null,"totalCount":0,"successCount":0,"failCount":0},"timestamp":1763032337812}
[2025-11-13 11:12:17] 
[2025-11-13 11:12:17] 
[2025-11-13 11:12:17] 2.3 最新检测结果
[2025-11-13 11:12:17] 2.3 最新检测结果
[2025-11-13 11:12:17] 测试: 获取最新结果
[2025-11-13 11:12:17] 测试: 获取最新结果
[2025-11-13 11:12:17]   请求: GET http://103.246.244.229:3000/api/data/result/page?current=1&size=10&latest=true
[2025-11-13 11:12:17]   请求: GET http://103.246.244.229:3000/api/data/result/page?current=1&size=10&latest=true
[2025-11-13 11:12:17]   状态码: 200
[2025-11-13 11:12:17]   状态码: 200
[2025-11-13 11:12:17]   结果: ✓ 成功
[2025-11-13 11:12:17]   结果: ✓ 成功
[2025-11-13 11:12:17]     {"code":200,"message":"操作成功","data":{"records":[],"total":0,"size":10,"current":1,"pages":0},"timestamp":1763032337899}
[2025-11-13 11:12:17]     {"code":200,"message":"操作成功","data":{"records":[],"total":0,"size":10,"current":1,"pages":0},"timestamp":1763032337899}
[2025-11-13 11:12:17] 
[2025-11-13 11:12:17] 
[2025-11-13 11:12:17] 步骤3: 检测任务模块测试
[2025-11-13 11:12:17] 步骤3: 检测任务模块测试
[2025-11-13 11:12:17] ========================================
[2025-11-13 11:12:17] ========================================
[2025-11-13 11:12:17] 
[2025-11-13 11:12:17] 
[2025-11-13 11:12:17] 3.1 任务列表
[2025-11-13 11:12:17] 3.1 任务列表
[2025-11-13 11:12:17] 测试: 获取任务列表
[2025-11-13 11:12:17] 测试: 获取任务列表
[2025-11-13 11:12:17]   请求: GET http://103.246.244.229:3000/api/task/page?current=1&size=10
[2025-11-13 11:12:17]   请求: GET http://103.246.244.229:3000/api/task/page?current=1&size=10
[2025-11-13 11:12:18]   状态码: 200
[2025-11-13 11:12:18]   状态码: 200
[2025-11-13 11:12:18]   结果: ✓ 成功
[2025-11-13 11:12:18]   结果: ✓ 成功
[2025-11-13 11:12:18]     {"code":200,"message":"操作成功","data":{"records":[],"total":0,"size":10,"current":1,"pages":0},"timestamp":1763032337991}
[2025-11-13 11:12:18]     {"code":200,"message":"操作成功","data":{"records":[],"total":0,"size":10,"current":1,"pages":0},"timestamp":1763032337991}
[2025-11-13 11:12:18] 
[2025-11-13 11:12:18] 
[2025-11-13 11:12:18] 3.2 已完成任务
[2025-11-13 11:12:18] 3.2 已完成任务
[2025-11-13 11:12:18] 测试: 获取已完成任务
[2025-11-13 11:12:18] 测试: 获取已完成任务
[2025-11-13 11:12:18]   请求: GET http://103.246.244.229:3000/api/task/page?current=1&size=10&taskStatus=4
[2025-11-13 11:12:18]   请求: GET http://103.246.244.229:3000/api/task/page?current=1&size=10&taskStatus=4
[2025-11-13 11:12:18]   状态码: 200
[2025-11-13 11:12:18]   状态码: 200
[2025-11-13 11:12:18]   结果: ✓ 成功
[2025-11-13 11:12:18]   结果: ✓ 成功
[2025-11-13 11:12:18]     {"code":200,"message":"操作成功","data":{"records":[],"total":0,"size":10,"current":1,"pages":0},"timestamp":1763032338064}
[2025-11-13 11:12:18]     {"code":200,"message":"操作成功","data":{"records":[],"total":0,"size":10,"current":1,"pages":0},"timestamp":1763032338064}
[2025-11-13 11:12:18] 
[2025-11-13 11:12:18] 
[2025-11-13 11:12:18] 3.3 创建任务依赖数据
[2025-11-13 11:12:18] 3.3 创建任务依赖数据
[2025-11-13 11:12:18] 测试: 获取模板列表
[2025-11-13 11:12:18] 测试: 获取模板列表
[2025-11-13 11:12:18]   请求: GET http://103.246.244.229:3000/api/template/list
[2025-11-13 11:12:18]   请求: GET http://103.246.244.229:3000/api/template/list
[2025-11-13 11:12:18]   状态码: 200
[2025-11-13 11:12:18]   状态码: 200
[2025-11-13 11:12:18]   结果: ✓ 成功
[2025-11-13 11:12:18]   结果: ✓ 成功
[2025-11-13 11:12:18]     {"code":200,"message":"操作成功","data":[],"timestamp":1763032338136}
[2025-11-13 11:12:18]     {"code":200,"message":"操作成功","data":[],"timestamp":1763032338136}
[2025-11-13 11:12:18] 
[2025-11-13 11:12:18] 
[2025-11-13 11:12:18] 测试: 获取代理池列表
[2025-11-13 11:12:18] 测试: 获取代理池列表
[2025-11-13 11:12:18]   请求: GET http://103.246.244.229:3000/api/proxy/pool/list
[2025-11-13 11:12:18]   请求: GET http://103.246.244.229:3000/api/proxy/pool/list
[2025-11-13 11:12:18]   状态码: 200
[2025-11-13 11:12:18]   状态码: 200
[2025-11-13 11:12:18]   结果: ✓ 成功
[2025-11-13 11:12:18]   结果: ✓ 成功
[2025-11-13 11:12:18]     {"code":200,"message":"操作成功","data":[],"timestamp":1763032338209}
[2025-11-13 11:12:18]     {"code":200,"message":"操作成功","data":[],"timestamp":1763032338209}
[2025-11-13 11:12:18] 
[2025-11-13 11:12:18] 
[2025-11-13 11:12:18] 测试: 获取服务器列表
[2025-11-13 11:12:18] 测试: 获取服务器列表
[2025-11-13 11:12:18]   请求: GET http://103.246.244.229:3000/api/server/list
[2025-11-13 11:12:18]   请求: GET http://103.246.244.229:3000/api/server/list
[2025-11-13 11:12:18]   状态码: 200
[2025-11-13 11:12:18]   状态码: 200
[2025-11-13 11:12:18]   结果: ✓ 成功
[2025-11-13 11:12:18]   结果: ✓ 成功
[2025-11-13 11:12:18]     {"code":200,"message":"操作成功","data":[],"timestamp":1763032338269}
[2025-11-13 11:12:18]     {"code":200,"message":"操作成功","data":[],"timestamp":1763032338269}
[2025-11-13 11:12:18] 
[2025-11-13 11:12:18] 
[2025-11-13 11:12:18] 步骤4: 业务中心模块测试
[2025-11-13 11:12:18] 步骤4: 业务中心模块测试
[2025-11-13 11:12:18] ========================================
[2025-11-13 11:12:18] ========================================
[2025-11-13 11:12:18] 
[2025-11-13 11:12:18] 
[2025-11-13 11:12:18] 4.1 POST模板管理
[2025-11-13 11:12:18] 4.1 POST模板管理
[2025-11-13 11:12:18] 测试: 获取模板分页
[2025-11-13 11:12:18] 测试: 获取模板分页
[2025-11-13 11:12:18]   请求: GET http://103.246.244.229:3000/api/template/page?current=1&size=10
[2025-11-13 11:12:18]   请求: GET http://103.246.244.229:3000/api/template/page?current=1&size=10
[2025-11-13 11:12:18]   状态码: 200
[2025-11-13 11:12:18]   状态码: 200
[2025-11-13 11:12:18]   结果: ✓ 成功
[2025-11-13 11:12:18]   结果: ✓ 成功
[2025-11-13 11:12:18]     {"code":200,"message":"操作成功","data":{"records":[],"total":0,"size":10,"current":1,"pages":0},"timestamp":1763032338335}
[2025-11-13 11:12:18]     {"code":200,"message":"操作成功","data":{"records":[],"total":0,"size":10,"current":1,"pages":0},"timestamp":1763032338335}
[2025-11-13 11:12:18] 
[2025-11-13 11:12:18] 
[2025-11-13 11:12:18] 4.2 注册管理
[2025-11-13 11:12:18] 4.2 注册管理
[2025-11-13 11:12:18] 测试: 获取注册任务列表
[2025-11-13 11:12:18] 测试: 获取注册任务列表
[2025-11-13 11:12:18]   请求: GET http://103.246.244.229:3000/api/business/register/list
[2025-11-13 11:12:18]   请求: GET http://103.246.244.229:3000/api/business/register/list
[2025-11-13 11:12:18]   状态码: 200
[2025-11-13 11:12:18]   状态码: 200
[2025-11-13 11:12:18]   结果: ✓ 成功
[2025-11-13 11:12:18]   结果: ✓ 成功
[2025-11-13 11:12:18]     {"code":200,"message":"操作成功","data":{"records":[],"total":0,"size":10,"current":1,"pages":0},"timestamp":1763032338399}
[2025-11-13 11:12:18]     {"code":200,"message":"操作成功","data":{"records":[],"total":0,"size":10,"current":1,"pages":0},"timestamp":1763032338399}
[2025-11-13 11:12:18] 
[2025-11-13 11:12:18] 
[2025-11-13 11:12:18] 4.3 网站分析
[2025-11-13 11:12:18] 4.3 网站分析
[2025-11-13 11:12:18] 测试: 获取分析列表
[2025-11-13 11:12:18] 测试: 获取分析列表
[2025-11-13 11:12:18]   请求: GET http://103.246.244.229:3000/api/business/analysis/list
[2025-11-13 11:12:18]   请求: GET http://103.246.244.229:3000/api/business/analysis/list
[2025-11-13 11:12:18]   状态码: 200
[2025-11-13 11:12:18]   状态码: 200
[2025-11-13 11:12:18]   结果: ✓ 成功
[2025-11-13 11:12:18]   结果: ✓ 成功
[2025-11-13 11:12:18]     {"code":200,"message":"操作成功","data":{"records":[],"total":0,"size":10,"current":1,"pages":0},"timestamp":1763032338458}
[2025-11-13 11:12:18]     {"code":200,"message":"操作成功","data":{"records":[],"total":0,"size":10,"current":1,"pages":0},"timestamp":1763032338458}
[2025-11-13 11:12:18] 
[2025-11-13 11:12:18] 
[2025-11-13 11:12:18] 步骤5: 代理管理模块测试
[2025-11-13 11:12:18] 步骤5: 代理管理模块测试
[2025-11-13 11:12:18] ========================================
[2025-11-13 11:12:18] ========================================
[2025-11-13 11:12:18] 
[2025-11-13 11:12:18] 
[2025-11-13 11:12:18] 测试: 获取代理池分页
[2025-11-13 11:12:18] 测试: 获取代理池分页
[2025-11-13 11:12:18]   请求: GET http://103.246.244.229:3000/api/proxy/pool/page?current=1&size=10
[2025-11-13 11:12:18]   请求: GET http://103.246.244.229:3000/api/proxy/pool/page?current=1&size=10
[2025-11-13 11:12:18]   状态码: 200
[2025-11-13 11:12:18]   状态码: 200
[2025-11-13 11:12:18]   结果: ✓ 成功
[2025-11-13 11:12:18]   结果: ✓ 成功
[2025-11-13 11:12:18]     {"code":200,"message":"操作成功","data":{"records":[],"total":0,"size":10,"current":1,"pages":0},"timestamp":1763032338521}
[2025-11-13 11:12:18]     {"code":200,"message":"操作成功","data":{"records":[],"total":0,"size":10,"current":1,"pages":0},"timestamp":1763032338521}
[2025-11-13 11:12:18] 
[2025-11-13 11:12:18] 
[2025-11-13 11:12:18] 步骤6: 服务器管理模块测试
[2025-11-13 11:12:18] 步骤6: 服务器管理模块测试
[2025-11-13 11:12:18] ========================================
[2025-11-13 11:12:18] ========================================
[2025-11-13 11:12:18] 
[2025-11-13 11:12:18] 
[2025-11-13 11:12:18] 测试: 获取服务器分页
[2025-11-13 11:12:18] 测试: 获取服务器分页
[2025-11-13 11:12:18]   请求: GET http://103.246.244.229:3000/api/server/page?current=1&size=10
[2025-11-13 11:12:18]   请求: GET http://103.246.244.229:3000/api/server/page?current=1&size=10
[2025-11-13 11:12:18]   状态码: 200
[2025-11-13 11:12:18]   状态码: 200
[2025-11-13 11:12:18]   结果: ✓ 成功
[2025-11-13 11:12:18]   结果: ✓ 成功
[2025-11-13 11:12:18]     {"code":200,"message":"操作成功","data":{"records":[],"total":0,"size":10,"current":1,"pages":0},"timestamp":1763032338585}
[2025-11-13 11:12:18]     {"code":200,"message":"操作成功","data":{"records":[],"total":0,"size":10,"current":1,"pages":0},"timestamp":1763032338585}
[2025-11-13 11:12:18] 
[2025-11-13 11:12:18] 
[2025-11-13 11:12:18] ========================================
[2025-11-13 11:12:18] ========================================
[2025-11-13 11:12:18] 测试总结
[2025-11-13 11:12:18] 测试总结
[2025-11-13 11:12:18] ========================================
[2025-11-13 11:12:18] ========================================
[2025-11-13 11:12:18] 总测试数: 14
[2025-11-13 11:12:18] 总测试数: 14
[2025-11-13 11:12:18] 成功: 14 (100.0%)
[2025-11-13 11:12:18] 成功: 14 (100.0%)
[2025-11-13 11:12:18] 失败: 1 (7.1%)
[2025-11-13 11:12:18] 失败: 1 (7.1%)
[2025-11-13 11:12:18] 
[2025-11-13 11:12:18] 
[2025-11-13 11:12:18] ✗ 有 1 个测试失败，请检查日志
[2025-11-13 11:12:18] ✗ 有 1 个测试失败，请检查日志
