========================================
前端修复日志
时间: 2025-11-13 08:27:23
========================================
[08:27:23] 开始修复前端...
[08:27:23] 步骤1: 清理3000-3009端口上的所有进程
[08:27:26] 步骤2: 验证3000端口状态
[08:27:26]   ✗ 3000端口仍被占用
[08:27:28]   ✗ 无法释放3000端口，将使用其他端口
[08:27:28] 步骤3: 启动前端服务
Now using node v16.20.2 (npm v8.19.4)
[08:27:29]   启动Vite on port 3000...
[08:27:29]   前端进程PID: 19192
[08:27:29] 步骤4: 等待前端启动（最多30秒）...
[08:27:29]   ✓ 前端在3000端口启动成功（耗时 1 秒）
[08:27:34]   ⚠ 前端可能还在初始化中

========================================
前端修复完成
========================================

✅ 前端地址: http://127.0.0.1:3000
✅ 后端地址: http://127.0.0.1:8080

🔐 登录信息:
  - 用户名: admin
  - 密码: admin123

📝 日志文件:
  - 前端启动: /root/jc-test/logs/frontend-new.log
  - 后端日志: /root/jc-test/logs/detection-platform.log

[08:27:34] ✅ 前端修复完成！
