[2025-11-14 08:31:07] ========================================
[2025-11-14 08:31:07] 开始安全重启服务
[2025-11-14 08:31:07] ========================================
[2025-11-14 08:31:07] 
[2025-11-14 08:31:07] 步骤1: 停止所有服务
[2025-11-14 08:31:07] ----------------------------------------
[2025-11-14 08:31:07] 停止前端进程...
[2025-11-14 08:31:09] 停止后端进程...
[2025-11-14 08:31:11] 清理僵尸进程...
[2025-11-14 08:31:14] 
[2025-11-14 08:31:14] 步骤2: 验证进程清理
[2025-11-14 08:31:14] ----------------------------------------
[2025-11-14 08:31:14] 剩余node/npm进程: 10
[2025-11-14 08:31:14] 剩余java进程: 0
[2025-11-14 08:31:14] 剩余curl进程: 0
[2025-11-14 08:31:14] 警告: 仍有进程未清理，尝试强制清理...
[2025-11-14 08:31:19] 
[2025-11-14 08:31:19] 步骤3: 验证端口释放
[2025-11-14 08:31:19] ----------------------------------------
[2025-11-14 08:31:19] ✓ 端口 3000 已释放
[2025-11-14 08:31:19] ✓ 端口 3001 已释放
[2025-11-14 08:31:19] ✓ 端口 3002 已释放
[2025-11-14 08:31:19] ✓ 端口 3003 已释放
[2025-11-14 08:31:19] ✓ 端口 8080 已释放
[2025-11-14 08:31:22] 
[2025-11-14 08:31:22] 步骤4: 启动后端服务
[2025-11-14 08:31:22] ----------------------------------------
[2025-11-14 08:31:22] 后端已启动 (PID: 27754)
[2025-11-14 08:31:22] 等待后端启动...
