[2025-11-14 06:14:16] ========================================
[2025-11-14 06:14:16] 开始安全重启服务
[2025-11-14 06:14:16] ========================================
[2025-11-14 06:14:16] 
[2025-11-14 06:14:16] 步骤1: 停止所有服务
[2025-11-14 06:14:16] ----------------------------------------
[2025-11-14 06:14:16] 停止前端进程...
[2025-11-14 06:14:19] 停止后端进程...
[2025-11-14 06:14:21] 清理僵尸进程...
[2025-11-14 06:14:24] 
[2025-11-14 06:14:24] 步骤2: 验证进程清理
[2025-11-14 06:14:24] ----------------------------------------
[2025-11-14 06:14:24] 剩余node/npm进程: 10
[2025-11-14 06:14:24] 剩余java进程: 0
[2025-11-14 06:14:24] 剩余curl进程: 0
[2025-11-14 06:14:24] 警告: 仍有进程未清理，尝试强制清理...
[2025-11-14 06:14:29] 
[2025-11-14 06:14:29] 步骤3: 验证端口释放
[2025-11-14 06:14:29] ----------------------------------------
[2025-11-14 06:14:29] ✓ 端口 3000 已释放
[2025-11-14 06:14:29] ✓ 端口 3001 已释放
[2025-11-14 06:14:29] ✓ 端口 3002 已释放
[2025-11-14 06:14:29] ✓ 端口 3003 已释放
[2025-11-14 06:14:29] ✓ 端口 8080 已释放
[2025-11-14 06:14:32] 
[2025-11-14 06:14:32] 步骤4: 启动后端服务
[2025-11-14 06:14:32] ----------------------------------------
[2025-11-14 06:14:32] 后端已启动 (PID: 11581)
[2025-11-14 06:14:32] 等待后端启动...
[2025-11-14 06:14:41] ✓ 后端在8080端口启动成功 (耗时 10 秒)
[2025-11-14 06:14:41] 
[2025-11-14 06:14:41] 步骤5: 启动前端服务
[2025-11-14 06:14:41] ----------------------------------------
[2025-11-14 06:14:42] ✓ 使用 Node.js v16.20.2
[2025-11-14 06:14:42] 启动前端 (端口:3000, host:0.0.0.0)...
[2025-11-14 06:14:42] 前端已启动 (PID: 12106)
[2025-11-14 06:14:42] 等待前端启动...
[2025-11-14 06:14:44] ✓ 前端在3000端口启动成功 (耗时 3 秒)
[2025-11-14 06:14:44] 
[2025-11-14 06:14:44] 步骤6: 验证服务状态
[2025-11-14 06:14:44] ----------------------------------------
[2025-11-14 06:14:45] ✓ 后端API响应正常
[2025-11-14 06:14:45] ✓ 前端页面响应正常
[2025-11-14 06:14:45] 
[2025-11-14 06:14:45] ========================================
[2025-11-14 06:14:45] 服务重启完成
[2025-11-14 06:14:45] ========================================
[2025-11-14 06:14:45] 
[2025-11-14 06:14:45] 服务状态:
[2025-11-14 06:14:45]   后端: http://103.246.244.229:8080 (PID: 11581)
[2025-11-14 06:14:45]   前端: http://103.246.244.229:3000 (PID: 12106)
[2025-11-14 06:14:45] 
[2025-11-14 06:14:45] 端口监听:
tcp        0      0 0.0.0.0:3000            0.0.0.0:*               LISTEN      12137/node          
tcp6       0      0 :::8080                 :::*                    LISTEN      11581/java          
[2025-11-14 06:14:45] 
[2025-11-14 06:14:45] 日志文件:
[2025-11-14 06:14:45]   重启日志: /root/jc-test/logs/restart-20251114-061416.log
[2025-11-14 06:14:45]   后端日志: /root/jc-test/logs/backend.log
[2025-11-14 06:14:45]   前端日志: /root/jc-test/logs/frontend.log
[2025-11-14 06:14:45] 
[2025-11-14 06:14:45] 登录信息:
[2025-11-14 06:14:45]   用户名: admin
[2025-11-14 06:14:45]   密码: admin123
[2025-11-14 06:14:45] 
[2025-11-14 06:14:45] ========================================
