[2025-11-14 05:13:00] ========================================
[2025-11-14 05:13:00] 开始安全重启服务
[2025-11-14 05:13:00] ========================================
[2025-11-14 05:13:00] 
[2025-11-14 05:13:00] 步骤1: 停止所有服务
[2025-11-14 05:13:00] ----------------------------------------
[2025-11-14 05:13:00] 停止前端进程...
[2025-11-14 05:13:02] 停止后端进程...
[2025-11-14 05:13:04] 清理僵尸进程...
[2025-11-14 05:13:07] 
[2025-11-14 05:13:07] 步骤2: 验证进程清理
[2025-11-14 05:13:07] ----------------------------------------
[2025-11-14 05:13:08] 剩余node/npm进程: 11
[2025-11-14 05:13:08] 剩余java进程: 0
[2025-11-14 05:13:08] 剩余curl进程: 0
[2025-11-14 05:13:08] 警告: 仍有进程未清理，尝试强制清理...
[2025-11-14 05:13:13] 
[2025-11-14 05:13:13] 步骤3: 验证端口释放
[2025-11-14 05:13:13] ----------------------------------------
[2025-11-14 05:13:13] ✓ 端口 3000 已释放
[2025-11-14 05:13:13] ✓ 端口 3001 已释放
[2025-11-14 05:13:13] ✓ 端口 3002 已释放
[2025-11-14 05:13:13] ✓ 端口 3003 已释放
[2025-11-14 05:13:13] ✓ 端口 8080 已释放
[2025-11-14 05:13:16] 
[2025-11-14 05:13:16] 步骤4: 启动后端服务
[2025-11-14 05:13:16] ----------------------------------------
[2025-11-14 05:13:16] 后端已启动 (PID: 4242)
[2025-11-14 05:13:16] 等待后端启动...
[2025-11-14 05:13:26] ✓ 后端在8080端口启动成功 (耗时 11 秒)
[2025-11-14 05:13:26] 
[2025-11-14 05:13:26] 步骤5: 启动前端服务
[2025-11-14 05:13:26] ----------------------------------------
[2025-11-14 05:13:27] ✓ 使用 Node.js v16.20.2
[2025-11-14 05:13:27] 启动前端 (端口:3000, host:0.0.0.0)...
[2025-11-14 05:13:27] 前端已启动 (PID: 4767)
[2025-11-14 05:13:27] 等待前端启动...
[2025-11-14 05:13:29] ✓ 前端在3000端口启动成功 (耗时 3 秒)
[2025-11-14 05:13:29] 
[2025-11-14 05:13:29] 步骤6: 验证服务状态
[2025-11-14 05:13:29] ----------------------------------------
[2025-11-14 05:13:29] ✓ 后端API响应正常
[2025-11-14 05:13:29] ✓ 前端页面响应正常
[2025-11-14 05:13:29] 
[2025-11-14 05:13:29] ========================================
[2025-11-14 05:13:29] 服务重启完成
[2025-11-14 05:13:29] ========================================
[2025-11-14 05:13:29] 
[2025-11-14 05:13:29] 服务状态:
[2025-11-14 05:13:29]   后端: http://103.246.244.229:8080 (PID: 4242)
[2025-11-14 05:13:29]   前端: http://103.246.244.229:3000 (PID: 4767)
[2025-11-14 05:13:29] 
[2025-11-14 05:13:29] 端口监听:
tcp        0      0 0.0.0.0:3000            0.0.0.0:*               LISTEN      4796/node           
tcp6       0      0 :::8080                 :::*                    LISTEN      4242/java           
[2025-11-14 05:13:29] 
[2025-11-14 05:13:29] 日志文件:
[2025-11-14 05:13:29]   重启日志: /root/jc-test/logs/restart-20251114-051300.log
[2025-11-14 05:13:29]   后端日志: /root/jc-test/logs/backend.log
[2025-11-14 05:13:29]   前端日志: /root/jc-test/logs/frontend.log
[2025-11-14 05:13:29] 
[2025-11-14 05:13:29] 登录信息:
[2025-11-14 05:13:29]   用户名: admin
[2025-11-14 05:13:29]   密码: admin123
[2025-11-14 05:13:29] 
[2025-11-14 05:13:29] ========================================
