[2025-11-13 09:50:54] ========================================
[2025-11-13 09:50:54] 开始安全重启服务
[2025-11-13 09:50:54] ========================================
[2025-11-13 09:50:54] 
[2025-11-13 09:50:54] 步骤1: 停止所有服务
[2025-11-13 09:50:54] ----------------------------------------
[2025-11-13 09:50:54] 停止前端进程...
[2025-11-13 09:50:56] 停止后端进程...
[2025-11-13 09:50:58] 清理僵尸进程...
[2025-11-13 09:51:01] 
[2025-11-13 09:51:01] 步骤2: 验证进程清理
[2025-11-13 09:51:01] ----------------------------------------
[2025-11-13 09:51:01] 剩余node/npm进程: 43
[2025-11-13 09:51:01] 剩余java进程: 0
[2025-11-13 09:51:01] 剩余curl进程: 0
[2025-11-13 09:51:01] 警告: 仍有进程未清理，尝试强制清理...
[2025-11-13 09:51:06] 
[2025-11-13 09:51:06] 步骤3: 验证端口释放
[2025-11-13 09:51:06] ----------------------------------------
[2025-11-13 09:51:06] ✓ 端口 3000 已释放
[2025-11-13 09:51:06] ✓ 端口 3001 已释放
[2025-11-13 09:51:06] ✓ 端口 3002 已释放
[2025-11-13 09:51:06] ✓ 端口 3003 已释放
[2025-11-13 09:51:06] ✓ 端口 8080 已释放
[2025-11-13 09:51:09] 
[2025-11-13 09:51:09] 步骤4: 启动后端服务
[2025-11-13 09:51:09] ----------------------------------------
[2025-11-13 09:51:09] 后端已启动 (PID: 7278)
[2025-11-13 09:51:09] 等待后端启动...
[2025-11-13 09:51:21] ✓ 后端在8080端口启动成功 (耗时 12 秒)
[2025-11-13 09:51:21] 
[2025-11-13 09:51:21] 步骤5: 启动前端服务
[2025-11-13 09:51:21] ----------------------------------------
[2025-11-13 09:51:22] ✓ 使用 Node.js v16.20.2
[2025-11-13 09:51:22] 启动前端 (端口:3000, host:0.0.0.0)...
[2025-11-13 09:51:22] 前端已启动 (PID: 7920)
[2025-11-13 09:51:22] 等待前端启动...
[2025-11-13 09:51:24] ✓ 前端在3000端口启动成功 (耗时 3 秒)
[2025-11-13 09:51:24] 
[2025-11-13 09:51:24] 步骤6: 验证服务状态
[2025-11-13 09:51:24] ----------------------------------------
[2025-11-13 09:51:25] ✓ 后端API响应正常
[2025-11-13 09:51:25] ✓ 前端页面响应正常
[2025-11-13 09:51:25] 
[2025-11-13 09:51:25] ========================================
[2025-11-13 09:51:25] 服务重启完成
[2025-11-13 09:51:25] ========================================
[2025-11-13 09:51:25] 
[2025-11-13 09:51:25] 服务状态:
[2025-11-13 09:51:25]   后端: http://103.246.244.229:8080 (PID: 7278)
[2025-11-13 09:51:25]   前端: http://103.246.244.229:3000 (PID: 7920)
[2025-11-13 09:51:25] 
[2025-11-13 09:51:25] 端口监听:
tcp        0      0 0.0.0.0:3000            0.0.0.0:*               LISTEN      7944/node           
tcp6       0      0 :::8080                 :::*                    LISTEN      7278/java           
[2025-11-13 09:51:25] 
[2025-11-13 09:51:25] 日志文件:
[2025-11-13 09:51:25]   重启日志: /root/jc-test/logs/restart-20251113-095054.log
[2025-11-13 09:51:25]   后端日志: /root/jc-test/logs/backend.log
[2025-11-13 09:51:25]   前端日志: /root/jc-test/logs/frontend.log
[2025-11-13 09:51:25] 
[2025-11-13 09:51:25] 登录信息:
[2025-11-13 09:51:25]   用户名: admin
[2025-11-13 09:51:25]   密码: admin123
[2025-11-13 09:51:25] 
[2025-11-13 09:51:25] ========================================
