[2025-11-14 06:32:14] ========================================
[2025-11-14 06:32:14] 开始安全重启服务
[2025-11-14 06:32:14] ========================================
[2025-11-14 06:32:14] 
[2025-11-14 06:32:14] 步骤1: 停止所有服务
[2025-11-14 06:32:14] ----------------------------------------
[2025-11-14 06:32:14] 停止前端进程...
[2025-11-14 06:32:16] 停止后端进程...
[2025-11-14 06:32:18] 清理僵尸进程...
[2025-11-14 06:32:21] 
[2025-11-14 06:32:21] 步骤2: 验证进程清理
[2025-11-14 06:32:21] ----------------------------------------
[2025-11-14 06:32:21] 剩余node/npm进程: 10
[2025-11-14 06:32:21] 剩余java进程: 0
[2025-11-14 06:32:21] 剩余curl进程: 0
[2025-11-14 06:32:21] 警告: 仍有进程未清理，尝试强制清理...
[2025-11-14 06:32:26] 
[2025-11-14 06:32:26] 步骤3: 验证端口释放
[2025-11-14 06:32:26] ----------------------------------------
[2025-11-14 06:32:26] ✓ 端口 3000 已释放
[2025-11-14 06:32:26] ✓ 端口 3001 已释放
[2025-11-14 06:32:26] ✓ 端口 3002 已释放
[2025-11-14 06:32:26] ✓ 端口 3003 已释放
[2025-11-14 06:32:26] ✓ 端口 8080 已释放
[2025-11-14 06:32:29] 
[2025-11-14 06:32:29] 步骤4: 启动后端服务
[2025-11-14 06:32:29] ----------------------------------------
[2025-11-14 06:32:29] 后端已启动 (PID: 15144)
[2025-11-14 06:32:29] 等待后端启动...
[2025-11-14 06:32:39] ✓ 后端在8080端口启动成功 (耗时 10 秒)
[2025-11-14 06:32:39] 
[2025-11-14 06:32:39] 步骤5: 启动前端服务
[2025-11-14 06:32:39] ----------------------------------------
[2025-11-14 06:32:40] ✓ 使用 Node.js v16.20.2
[2025-11-14 06:32:40] 启动前端 (端口:3000, host:0.0.0.0)...
[2025-11-14 06:32:40] 前端已启动 (PID: 15671)
[2025-11-14 06:32:40] 等待前端启动...
[2025-11-14 06:32:42] ✓ 前端在3000端口启动成功 (耗时 3 秒)
[2025-11-14 06:32:42] 
[2025-11-14 06:32:42] 步骤6: 验证服务状态
[2025-11-14 06:32:42] ----------------------------------------
[2025-11-14 06:32:42] ✓ 后端API响应正常
[2025-11-14 06:32:42] ✓ 前端页面响应正常
[2025-11-14 06:32:42] 
[2025-11-14 06:32:42] ========================================
[2025-11-14 06:32:42] 服务重启完成
[2025-11-14 06:32:42] ========================================
[2025-11-14 06:32:42] 
[2025-11-14 06:32:42] 服务状态:
[2025-11-14 06:32:42]   后端: http://103.246.244.229:8080 (PID: 15144)
[2025-11-14 06:32:42]   前端: http://103.246.244.229:3000 (PID: 15671)
[2025-11-14 06:32:42] 
[2025-11-14 06:32:42] 端口监听:
tcp        0      0 0.0.0.0:3000            0.0.0.0:*               LISTEN      15702/node          
tcp6       0      0 :::8080                 :::*                    LISTEN      15144/java          
[2025-11-14 06:32:42] 
[2025-11-14 06:32:42] 日志文件:
[2025-11-14 06:32:42]   重启日志: /root/jc-test/logs/restart-20251114-063214.log
[2025-11-14 06:32:42]   后端日志: /root/jc-test/logs/backend.log
[2025-11-14 06:32:42]   前端日志: /root/jc-test/logs/frontend.log
[2025-11-14 06:32:42] 
[2025-11-14 06:32:42] 登录信息:
[2025-11-14 06:32:42]   用户名: admin
[2025-11-14 06:32:42]   密码: admin123
[2025-11-14 06:32:42] 
[2025-11-14 06:32:42] ========================================
