[2025-11-21 05:02:23] ========================================
[2025-11-21 05:02:23] 开始安全重启服务
[2025-11-21 05:02:23] ========================================
[2025-11-21 05:02:23] 
[2025-11-21 05:02:23] 步骤1: 停止所有服务
[2025-11-21 05:02:23] ----------------------------------------
[2025-11-21 05:02:23] 停止前端进程...
[2025-11-21 05:02:25] 停止后端进程...
[2025-11-21 05:02:27] 清理僵尸进程...
[2025-11-21 05:02:30] 
[2025-11-21 05:02:30] 步骤2: 验证进程清理
[2025-11-21 05:02:30] ----------------------------------------
[2025-11-21 05:02:30] 剩余node/npm进程: 12
[2025-11-21 05:02:30] 剩余java进程: 0
[2025-11-21 05:02:30] 剩余curl进程: 0
[2025-11-21 05:02:30] 警告: 仍有进程未清理，尝试强制清理...
[2025-11-21 05:02:35] 
[2025-11-21 05:02:35] 步骤3: 验证端口释放
[2025-11-21 05:02:35] ----------------------------------------
[2025-11-21 05:02:35] ✓ 端口 3000 已释放
[2025-11-21 05:02:35] ✓ 端口 3001 已释放
[2025-11-21 05:02:35] ✓ 端口 3002 已释放
[2025-11-21 05:02:35] ✓ 端口 3003 已释放
[2025-11-21 05:02:35] ✓ 端口 8080 已释放
[2025-11-21 05:02:38] 
[2025-11-21 05:02:38] 步骤4: 启动后端服务
[2025-11-21 05:02:38] ----------------------------------------
[2025-11-21 05:02:38] 错误: 后端jar文件不存在
