[2025-11-14 08:18:55] ========================================
[2025-11-14 08:18:55] 开始安全重启服务
[2025-11-14 08:18:55] ========================================
[2025-11-14 08:18:55] 
[2025-11-14 08:18:55] 步骤1: 停止所有服务
[2025-11-14 08:18:55] ----------------------------------------
[2025-11-14 08:18:55] 停止前端进程...
[2025-11-14 08:18:57] 停止后端进程...
[2025-11-14 08:18:59] 清理僵尸进程...
[2025-11-14 08:19:02] 
[2025-11-14 08:19:02] 步骤2: 验证进程清理
[2025-11-14 08:19:02] ----------------------------------------
[2025-11-14 08:19:02] 剩余node/npm进程: 10
[2025-11-14 08:19:02] 剩余java进程: 0
[2025-11-14 08:19:02] 剩余curl进程: 0
[2025-11-14 08:19:02] 警告: 仍有进程未清理，尝试强制清理...
[2025-11-14 08:19:07] 
[2025-11-14 08:19:07] 步骤3: 验证端口释放
[2025-11-14 08:19:07] ----------------------------------------
[2025-11-14 08:19:07] ✓ 端口 3000 已释放
[2025-11-14 08:19:08] ✓ 端口 3001 已释放
[2025-11-14 08:19:08] ✓ 端口 3002 已释放
[2025-11-14 08:19:08] ✓ 端口 3003 已释放
[2025-11-14 08:19:08] ✓ 端口 8080 已释放
[2025-11-14 08:19:11] 
[2025-11-14 08:19:11] 步骤4: 启动后端服务
[2025-11-14 08:19:11] ----------------------------------------
[2025-11-14 08:19:11] 后端已启动 (PID: 25465)
[2025-11-14 08:19:11] 等待后端启动...
[2025-11-14 08:19:21] ✓ 后端在8080端口启动成功 (耗时 11 秒)
[2025-11-14 08:19:21] 
[2025-11-14 08:19:21] 步骤5: 启动前端服务
[2025-11-14 08:19:21] ----------------------------------------
[2025-11-14 08:19:22] ✓ 使用 Node.js v16.20.2
[2025-11-14 08:19:22] 启动前端 (端口:3000, host:0.0.0.0)...
[2025-11-14 08:19:22] 前端已启动 (PID: 26006)
[2025-11-14 08:19:22] 等待前端启动...
[2025-11-14 08:19:24] ✓ 前端在3000端口启动成功 (耗时 3 秒)
[2025-11-14 08:19:24] 
[2025-11-14 08:19:24] 步骤6: 验证服务状态
[2025-11-14 08:19:24] ----------------------------------------
[2025-11-14 08:19:25] ✓ 后端API响应正常
[2025-11-14 08:19:25] ✓ 前端页面响应正常
[2025-11-14 08:19:25] 
[2025-11-14 08:19:25] ========================================
[2025-11-14 08:19:25] 服务重启完成
[2025-11-14 08:19:25] ========================================
[2025-11-14 08:19:25] 
[2025-11-14 08:19:25] 服务状态:
[2025-11-14 08:19:25]   后端: http://103.246.244.229:8080 (PID: 25465)
[2025-11-14 08:19:25]   前端: http://103.246.244.229:3000 (PID: 26006)
[2025-11-14 08:19:25] 
[2025-11-14 08:19:25] 端口监听:
tcp        0      0 0.0.0.0:3000            0.0.0.0:*               LISTEN      26028/node          
tcp6       0      0 :::8080                 :::*                    LISTEN      25465/java          
[2025-11-14 08:19:25] 
[2025-11-14 08:19:25] 日志文件:
[2025-11-14 08:19:25]   重启日志: /root/jc-test/logs/restart-20251114-081855.log
[2025-11-14 08:19:25]   后端日志: /root/jc-test/logs/backend.log
[2025-11-14 08:19:25]   前端日志: /root/jc-test/logs/frontend.log
[2025-11-14 08:19:25] 
[2025-11-14 08:19:25] 登录信息:
[2025-11-14 08:19:25]   用户名: admin
[2025-11-14 08:19:25]   密码: admin123
[2025-11-14 08:19:25] 
[2025-11-14 08:19:25] ========================================
