[2025-11-13 10:01:36] ========================================
[2025-11-13 10:01:36] 开始安全重启服务
[2025-11-13 10:01:36] ========================================
[2025-11-13 10:01:36] 
[2025-11-13 10:01:36] 步骤1: 停止所有服务
[2025-11-13 10:01:36] ----------------------------------------
[2025-11-13 10:01:36] 停止前端进程...
[2025-11-13 10:01:38] 停止后端进程...
[2025-11-13 10:01:40] 清理僵尸进程...
[2025-11-13 10:01:43] 
[2025-11-13 10:01:43] 步骤2: 验证进程清理
[2025-11-13 10:01:43] ----------------------------------------
[2025-11-13 10:01:44] 剩余node/npm进程: 9
[2025-11-13 10:01:44] 剩余java进程: 0
[2025-11-13 10:01:44] 剩余curl进程: 0
[2025-11-13 10:01:44] 警告: 仍有进程未清理，尝试强制清理...
[2025-11-13 10:01:49] 
[2025-11-13 10:01:49] 步骤3: 验证端口释放
[2025-11-13 10:01:49] ----------------------------------------
[2025-11-13 10:01:49] ✓ 端口 3000 已释放
[2025-11-13 10:01:49] ✓ 端口 3001 已释放
[2025-11-13 10:01:49] ✓ 端口 3002 已释放
[2025-11-13 10:01:49] ✓ 端口 3003 已释放
[2025-11-13 10:01:49] ✓ 端口 8080 已释放
[2025-11-13 10:01:52] 
[2025-11-13 10:01:52] 步骤4: 启动后端服务
[2025-11-13 10:01:52] ----------------------------------------
[2025-11-13 10:01:52] 后端已启动 (PID: 10345)
[2025-11-13 10:01:52] 等待后端启动...
[2025-11-13 10:02:02] ✓ 后端在8080端口启动成功 (耗时 11 秒)
[2025-11-13 10:02:02] 
[2025-11-13 10:02:02] 步骤5: 启动前端服务
[2025-11-13 10:02:02] ----------------------------------------
[2025-11-13 10:02:03] ✓ 使用 Node.js v16.20.2
[2025-11-13 10:02:03] 启动前端 (端口:3000, host:0.0.0.0)...
[2025-11-13 10:02:03] 前端已启动 (PID: 10889)
[2025-11-13 10:02:03] 等待前端启动...
[2025-11-13 10:02:05] ✓ 前端在3000端口启动成功 (耗时 3 秒)
[2025-11-13 10:02:05] 
[2025-11-13 10:02:05] 步骤6: 验证服务状态
[2025-11-13 10:02:05] ----------------------------------------
[2025-11-13 10:02:05] ✓ 后端API响应正常
[2025-11-13 10:02:05] ✓ 前端页面响应正常
[2025-11-13 10:02:05] 
[2025-11-13 10:02:05] ========================================
[2025-11-13 10:02:05] 服务重启完成
[2025-11-13 10:02:05] ========================================
[2025-11-13 10:02:05] 
[2025-11-13 10:02:05] 服务状态:
[2025-11-13 10:02:05]   后端: http://103.246.244.229:8080 (PID: 10345)
[2025-11-13 10:02:05]   前端: http://103.246.244.229:3000 (PID: 10889)
[2025-11-13 10:02:06] 
[2025-11-13 10:02:06] 端口监听:
tcp        0      0 0.0.0.0:3000            0.0.0.0:*               LISTEN      10919/node          
tcp6       0      0 :::8080                 :::*                    LISTEN      10345/java          
[2025-11-13 10:02:06] 
[2025-11-13 10:02:06] 日志文件:
[2025-11-13 10:02:06]   重启日志: /root/jc-test/logs/restart-20251113-100136.log
[2025-11-13 10:02:06]   后端日志: /root/jc-test/logs/backend.log
[2025-11-13 10:02:06]   前端日志: /root/jc-test/logs/frontend.log
[2025-11-13 10:02:06] 
[2025-11-13 10:02:06] 登录信息:
[2025-11-13 10:02:06]   用户名: admin
[2025-11-13 10:02:06]   密码: admin123
[2025-11-13 10:02:06] 
[2025-11-13 10:02:06] ========================================
