[2025-11-14 06:27:40] ========================================
[2025-11-14 06:27:40] 开始安全重启服务
[2025-11-14 06:27:40] ========================================
[2025-11-14 06:27:40] 
[2025-11-14 06:27:40] 步骤1: 停止所有服务
[2025-11-14 06:27:40] ----------------------------------------
[2025-11-14 06:27:40] 停止前端进程...
[2025-11-14 06:27:42] 停止后端进程...
[2025-11-14 06:27:44] 清理僵尸进程...
[2025-11-14 06:27:47] 
[2025-11-14 06:27:47] 步骤2: 验证进程清理
[2025-11-14 06:27:47] ----------------------------------------
[2025-11-14 06:27:47] 剩余node/npm进程: 10
[2025-11-14 06:27:47] 剩余java进程: 0
[2025-11-14 06:27:47] 剩余curl进程: 0
[2025-11-14 06:27:47] 警告: 仍有进程未清理，尝试强制清理...
[2025-11-14 06:27:52] 
[2025-11-14 06:27:52] 步骤3: 验证端口释放
[2025-11-14 06:27:52] ----------------------------------------
[2025-11-14 06:27:52] ✓ 端口 3000 已释放
[2025-11-14 06:27:52] ✓ 端口 3001 已释放
[2025-11-14 06:27:52] ✓ 端口 3002 已释放
[2025-11-14 06:27:52] ✓ 端口 3003 已释放
[2025-11-14 06:27:52] ✓ 端口 8080 已释放
[2025-11-14 06:27:55] 
[2025-11-14 06:27:55] 步骤4: 启动后端服务
[2025-11-14 06:27:55] ----------------------------------------
[2025-11-14 06:27:55] 后端已启动 (PID: 13783)
[2025-11-14 06:27:55] 等待后端启动...
[2025-11-14 06:28:05] ✓ 后端在8080端口启动成功 (耗时 11 秒)
[2025-11-14 06:28:05] 
[2025-11-14 06:28:05] 步骤5: 启动前端服务
[2025-11-14 06:28:05] ----------------------------------------
[2025-11-14 06:28:06] ✓ 使用 Node.js v16.20.2
[2025-11-14 06:28:06] 启动前端 (端口:3000, host:0.0.0.0)...
[2025-11-14 06:28:06] 前端已启动 (PID: 14326)
[2025-11-14 06:28:06] 等待前端启动...
[2025-11-14 06:28:08] ✓ 前端在3000端口启动成功 (耗时 3 秒)
[2025-11-14 06:28:08] 
[2025-11-14 06:28:08] 步骤6: 验证服务状态
[2025-11-14 06:28:08] ----------------------------------------
[2025-11-14 06:28:09] ✓ 后端API响应正常
[2025-11-14 06:28:09] ✓ 前端页面响应正常
[2025-11-14 06:28:09] 
[2025-11-14 06:28:09] ========================================
[2025-11-14 06:28:09] 服务重启完成
[2025-11-14 06:28:09] ========================================
[2025-11-14 06:28:09] 
[2025-11-14 06:28:09] 服务状态:
[2025-11-14 06:28:09]   后端: http://103.246.244.229:8080 (PID: 13783)
[2025-11-14 06:28:09]   前端: http://103.246.244.229:3000 (PID: 14326)
[2025-11-14 06:28:09] 
[2025-11-14 06:28:09] 端口监听:
tcp        0      0 0.0.0.0:3000            0.0.0.0:*               LISTEN      14346/node          
tcp6       0      0 :::8080                 :::*                    LISTEN      13783/java          
[2025-11-14 06:28:09] 
[2025-11-14 06:28:09] 日志文件:
[2025-11-14 06:28:09]   重启日志: /root/jc-test/logs/restart-20251114-062740.log
[2025-11-14 06:28:09]   后端日志: /root/jc-test/logs/backend.log
[2025-11-14 06:28:09]   前端日志: /root/jc-test/logs/frontend.log
[2025-11-14 06:28:09] 
[2025-11-14 06:28:09] 登录信息:
[2025-11-14 06:28:09]   用户名: admin
[2025-11-14 06:28:09]   密码: admin123
[2025-11-14 06:28:09] 
[2025-11-14 06:28:09] ========================================
